
::::::::::::::::::::::::::::::::::::::::::::::::::::::::::::::::::::::
  Multi-core Markov-chain Monte Carlo (mc3).
  Version 3.2.1.
  Copyright (c) 2015-2025 Patricio Cubillos and collaborators.
  mc3 is open-source software under the MIT license (see LICENSE).
::::::::::::::::::::::::::::::::::::::::::::::::::::::::::::::::::::::

Start MCMC chains  (Sat May 10 15:39:17 2025)

[:         ]  10.0% completed  (Sat May 10 15:39:18 2025)
Out-of-bound Trials:
[  22  727   73 3349 4220 4285]
Best Parameters: (chisq=0.0545)
[0.28468756 0.8943033  0.10432485 0.56765853 0.69012049 0.10675432]

[::        ]  20.0% completed  (Sat May 10 15:39:18 2025)
Out-of-bound Trials:
[  55 2312  347 7071 8974 8891]
Best Parameters: (chisq=0.0545)
[0.28468756 0.8943033  0.10432485 0.56765853 0.69012049 0.10675432]

[:::       ]  30.0% completed  (Sat May 10 15:39:19 2025)
Out-of-bound Trials:
[   69  5135  1324 10833 13772 13771]
Best Parameters: (chisq=0.0545)
[0.28468756 0.8943033  0.10432485 0.56765853 0.69012049 0.10675432]

[::::      ]  40.0% completed  (Sat May 10 15:39:19 2025)
Out-of-bound Trials:
[  142  6495  2885 14911 18220 18420]
Best Parameters: (chisq=0.0398)
[0.31693049 0.90111956 0.11816672 0.74348799 0.24979652 0.24081633]

[:::::     ]  50.0% completed  (Sat May 10 15:39:20 2025)
Out-of-bound Trials:
[  172  8393  4243 18925 22915 23055]
Best Parameters: (chisq=0.0317)
[0.28854608 0.90020853 0.09780294 0.6140284  0.5546679  0.53366929]

[::::::    ]  60.0% completed  (Sat May 10 15:39:20 2025)
Out-of-bound Trials:
[  197 10445  5593 22801 27755 27960]
Best Parameters: (chisq=0.0188)
[0.30473366 0.90765394 0.14235258 0.66386752 0.0238806  0.27304571]

[:::::::   ]  70.0% completed  (Sat May 10 15:39:20 2025)
Out-of-bound Trials:
[  224 14403  7852 26638 32278 32941]
Best Parameters: (chisq=0.0188)
[0.30473366 0.90765394 0.14235258 0.66386752 0.0238806  0.27304571]

[::::::::  ]  80.0% completed  (Sat May 10 15:39:21 2025)
Out-of-bound Trials:
[  281 17073  9934 30544 37140 37609]
Best Parameters: (chisq=0.0188)
[0.30473366 0.90765394 0.14235258 0.66386752 0.0238806  0.27304571]

[::::::::: ]  90.0% completed  (Sat May 10 15:39:21 2025)
Out-of-bound Trials:
[  309 19831 12189 34694 41740 42451]
Best Parameters: (chisq=0.0188)
[0.30473366 0.90765394 0.14235258 0.66386752 0.0238806  0.27304571]

[::::::::::] 100.0% completed  (Sat May 10 15:39:22 2025)
Out-of-bound Trials:
[  345 22048 14479 38621 46396 47144]
Best Parameters: (chisq=0.0188)
[0.30473366 0.90765394 0.14235258 0.66386752 0.0238806  0.27304571]

MCMC Summary:
-------------
  Number of evaluated samples:        200000
  Number of parallel chains:               5
  Average iterations per chain:        40000
  Burned-in iterations per chain:       2000
  Thinning factor:                         1
  MCMC sample size (thinned, burned): 190000
  Acceptance rate:   9.00%

Parameter name     best fit   median      1sigma_low   1sigma_hi        S/N
--------------- -----------  -----------------------------------  ---------
w                3.0473e-01   2.9677e-01 -6.4118e-02  5.5104e-02        5.1
b                9.0765e-01   9.2528e-01 -4.7953e-02  5.3649e-02       20.3
c                1.4235e-01   1.4560e-01 -4.5244e-02  1.8418e-01        0.8
dzeta            6.6387e-01   5.4749e-01 -3.3570e-01  2.8924e-01        2.4
B0               2.3881e-02   4.3155e-01 -3.0524e-01  3.8110e-01        0.1
h                2.7305e-01   4.6166e-01 -3.2916e-01  3.6194e-01        0.9

  Best-parameter's chi-squared:        0.0188
  Best-parameter's -2*log(posterior):  0.0188
  Bayesian Information Criterion:     13.8343
  Reduced chi-squared:                 0.0047
  Standard deviation of residuals:  0.00144198

For a detailed summary with all parameter posterior statistics see
/home/tenet/Documents/thesis/scripts/photometry/esa/data/inversion/inv-A2_A4-0.3_0.9_0.1_30_statistics.txt

Output sampler files:
  /home/tenet/Documents/thesis/scripts/photometry/esa/data/inversion/inv-A2_A4-0.3_0.9_0.1_30_statistics.txt
  /home/tenet/Documents/thesis/scripts/photometry/esa/data/inversion/inv-A2_A4-0.3_0.9_0.1_30.npz
  /home/tenet/Documents/thesis/scripts/photometry/esa/data/inversion/inv-A2_A4-0.3_0.9_0.1_30.log
