
::::::::::::::::::::::::::::::::::::::::::::::::::::::::::::::::::::::
  Multi-core Markov-chain Monte Carlo (mc3).
  Version 3.2.1.
  Copyright (c) 2015-2025 Patricio Cubillos and collaborators.
  mc3 is open-source software under the MIT license (see LICENSE).
::::::::::::::::::::::::::::::::::::::::::::::::::::::::::::::::::::::

Start MCMC chains  (Sat May 10 15:51:55 2025)

[:         ]  10.0% completed  (Sat May 10 15:51:55 2025)
Out-of-bound Trials:
[  50 1949 2698  365 4343 4446]
Best Parameters: (chisq=0.0279)
[0.90355388 0.90018473 0.0273328  0.68910497 0.78790052 0.49831013]

[::        ]  20.0% completed  (Sat May 10 15:51:56 2025)
Out-of-bound Trials:
[ 256 4628 5424  650 9080 8892]
Best Parameters: (chisq=0.0279)
[0.90355388 0.90018473 0.0273328  0.68910497 0.78790052 0.49831013]

[:::       ]  30.0% completed  (Sat May 10 15:51:56 2025)
Out-of-bound Trials:
[  484  7438  8410  1067 13634 13531]
Best Parameters: (chisq=0.0279)
[0.90355388 0.90018473 0.0273328  0.68910497 0.78790052 0.49831013]

[::::      ]  40.0% completed  (Sat May 10 15:51:57 2025)
Out-of-bound Trials:
[  669 10311 11410  1459 18227 18048]
Best Parameters: (chisq=0.0279)
[0.90355388 0.90018473 0.0273328  0.68910497 0.78790052 0.49831013]

[:::::     ]  50.0% completed  (Sat May 10 15:51:57 2025)
Out-of-bound Trials:
[  875 13046 14232  1790 22852 22441]
Best Parameters: (chisq=0.0279)
[0.90355388 0.90018473 0.0273328  0.68910497 0.78790052 0.49831013]

[::::::    ]  60.0% completed  (Sat May 10 15:51:58 2025)
Out-of-bound Trials:
[ 1136 15948 17207  2180 27376 26816]
Best Parameters: (chisq=0.0279)
[0.90355388 0.90018473 0.0273328  0.68910497 0.78790052 0.49831013]

[:::::::   ]  70.0% completed  (Sat May 10 15:51:58 2025)
Out-of-bound Trials:
[ 1394 18693 20279  2662 31945 31358]
Best Parameters: (chisq=0.0279)
[0.90355388 0.90018473 0.0273328  0.68910497 0.78790052 0.49831013]

[::::::::  ]  80.0% completed  (Sat May 10 15:51:59 2025)
Out-of-bound Trials:
[ 1660 21426 23140  3138 36391 35813]
Best Parameters: (chisq=0.0279)
[0.90355388 0.90018473 0.0273328  0.68910497 0.78790052 0.49831013]

[::::::::: ]  90.0% completed  (Sat May 10 15:51:59 2025)
Out-of-bound Trials:
[ 1923 24100 26069  3582 40778 40602]
Best Parameters: (chisq=0.0279)
[0.90355388 0.90018473 0.0273328  0.68910497 0.78790052 0.49831013]

[::::::::::] 100.0% completed  (Sat May 10 15:52:00 2025)
Out-of-bound Trials:
[ 2190 26878 29006  3996 45607 45192]
Best Parameters: (chisq=0.0279)
[0.90355388 0.90018473 0.0273328  0.68910497 0.78790052 0.49831013]

MCMC Summary:
-------------
  Number of evaluated samples:        200000
  Number of parallel chains:               5
  Average iterations per chain:        40000
  Burned-in iterations per chain:       2000
  Thinning factor:                         1
  MCMC sample size (thinned, burned): 190000
  Acceptance rate:   12.57%

Parameter name     best fit   median      1sigma_low   1sigma_hi        S/N
--------------- -----------  -----------------------------------  ---------
w                9.0355e-01   8.8033e-01 -4.5393e-02  2.1906e-02       19.6
b                9.0018e-01   8.2117e-01 -2.4960e-01  9.3682e-02        4.9
c                2.7333e-02   4.1048e-01 -2.6106e-01  2.6510e-01        0.1
dzeta            6.8910e-01   6.6392e-01 -1.0496e-01  1.2861e-01        6.3
B0               7.8790e-01   4.5628e-01 -3.1550e-01  3.6064e-01        2.7
h                4.9831e-01   4.5915e-01 -3.1827e-01  3.6069e-01        1.7

  Best-parameter's chi-squared:        0.0279
  Best-parameter's -2*log(posterior):  0.0279
  Bayesian Information Criterion:     16.2762
  Reduced chi-squared:                 0.0031
  Standard deviation of residuals:  0.000526499

For a detailed summary with all parameter posterior statistics see
/home/tenet/Documents/thesis/scripts/photometry/esa/data/inversion/inv-A1_A3_A5-0.9_0.9_0.1_30_statistics.txt

Output sampler files:
  /home/tenet/Documents/thesis/scripts/photometry/esa/data/inversion/inv-A1_A3_A5-0.9_0.9_0.1_30_statistics.txt
  /home/tenet/Documents/thesis/scripts/photometry/esa/data/inversion/inv-A1_A3_A5-0.9_0.9_0.1_30.npz
  /home/tenet/Documents/thesis/scripts/photometry/esa/data/inversion/inv-A1_A3_A5-0.9_0.9_0.1_30.log
