
::::::::::::::::::::::::::::::::::::::::::::::::::::::::::::::::::::::
  Multi-core Markov-chain Monte Carlo (mc3).
  Version 3.2.1.
  Copyright (c) 2015-2025 Patricio Cubillos and collaborators.
  mc3 is open-source software under the MIT license (see LICENSE).
::::::::::::::::::::::::::::::::::::::::::::::::::::::::::::::::::::::

Start MCMC chains  (Sat May 10 15:57:51 2025)

[:         ]  10.0% completed  (Sat May 10 15:57:51 2025)
Out-of-bound Trials:
[   5 1376 2338 2505 4120 4046]
Best Parameters: (chisq=0.1231)
[0.29105112 0.29073948 0.54044277 0.63690753 0.49009153 0.53627937]

[::        ]  20.0% completed  (Sat May 10 15:57:52 2025)
Out-of-bound Trials:
[  13 3067 5194 4920 8680 8656]
Best Parameters: (chisq=0.0160)
[0.33355807 0.32412461 0.52565661 0.66256173 0.64110671 0.03345362]

[:::       ]  30.0% completed  (Sat May 10 15:57:52 2025)
Out-of-bound Trials:
[   22  4721  7342  7295 13045 13417]
Best Parameters: (chisq=0.0160)
[0.33355807 0.32412461 0.52565661 0.66256173 0.64110671 0.03345362]

[::::      ]  40.0% completed  (Sat May 10 15:57:53 2025)
Out-of-bound Trials:
[   29  6369  9690  9908 17540 17841]
Best Parameters: (chisq=0.0160)
[0.33355807 0.32412461 0.52565661 0.66256173 0.64110671 0.03345362]

[:::::     ]  50.0% completed  (Sat May 10 15:57:53 2025)
Out-of-bound Trials:
[   57  9020 12406 12564 21862 22334]
Best Parameters: (chisq=0.0160)
[0.33355807 0.32412461 0.52565661 0.66256173 0.64110671 0.03345362]

[::::::    ]  60.0% completed  (Sat May 10 15:57:54 2025)
Out-of-bound Trials:
[   97 11738 15143 15086 26360 27024]
Best Parameters: (chisq=0.0160)
[0.33355807 0.32412461 0.52565661 0.66256173 0.64110671 0.03345362]

[:::::::   ]  70.0% completed  (Sat May 10 15:57:54 2025)
Out-of-bound Trials:
[  142 14618 17948 17270 30678 31473]
Best Parameters: (chisq=0.0160)
[0.33355807 0.32412461 0.52565661 0.66256173 0.64110671 0.03345362]

[::::::::  ]  80.0% completed  (Sat May 10 15:57:55 2025)
Out-of-bound Trials:
[  193 17919 20851 19774 35335 35990]
Best Parameters: (chisq=0.0142)
[0.32112649 0.31043715 0.52922377 0.67714119 0.21807369 0.59234482]

[::::::::: ]  90.0% completed  (Sat May 10 15:57:55 2025)
Out-of-bound Trials:
[  249 22430 24078 21910 39641 40439]
Best Parameters: (chisq=0.0142)
[0.32112649 0.31043715 0.52922377 0.67714119 0.21807369 0.59234482]

[::::::::::] 100.0% completed  (Sat May 10 15:57:56 2025)
Out-of-bound Trials:
[  314 25986 26840 24825 44474 45112]
Best Parameters: (chisq=0.0142)
[0.32112649 0.31043715 0.52922377 0.67714119 0.21807369 0.59234482]

MCMC Summary:
-------------
  Number of evaluated samples:        200000
  Number of parallel chains:               5
  Average iterations per chain:        40000
  Burned-in iterations per chain:       2000
  Thinning factor:                         1
  MCMC sample size (thinned, burned): 190000
  Acceptance rate:   11.24%

Parameter name     best fit   median      1sigma_low   1sigma_hi        S/N
--------------- -----------  -----------------------------------  ---------
w                3.2113e-01   3.3585e-01 -5.9216e-02  1.1563e-01        2.9
b                3.1044e-01   2.7609e-01 -1.5455e-01  1.9437e-01        1.3
c                5.2922e-01   4.7236e-01 -2.4843e-01  2.8168e-01        2.2
dzeta            6.7714e-01   7.8285e-01 -1.7148e-01  1.4187e-01        4.8
B0               2.1807e-01   4.9322e-01 -3.3623e-01  3.3609e-01        0.8
h                5.9234e-01   4.8483e-01 -3.3433e-01  3.4857e-01        2.1

  Best-parameter's chi-squared:        0.0142
  Best-parameter's -2*log(posterior):  0.0142
  Bayesian Information Criterion:     16.2625
  Reduced chi-squared:                 0.0016
  Standard deviation of residuals:  0.000306299

For a detailed summary with all parameter posterior statistics see
/home/tenet/Documents/thesis/scripts/photometry/esa/data/inversion/inv-A3_A4_A5-0.3_0.3_0.5_30_statistics.txt

Output sampler files:
  /home/tenet/Documents/thesis/scripts/photometry/esa/data/inversion/inv-A3_A4_A5-0.3_0.3_0.5_30_statistics.txt
  /home/tenet/Documents/thesis/scripts/photometry/esa/data/inversion/inv-A3_A4_A5-0.3_0.3_0.5_30.npz
  /home/tenet/Documents/thesis/scripts/photometry/esa/data/inversion/inv-A3_A4_A5-0.3_0.3_0.5_30.log
