
::::::::::::::::::::::::::::::::::::::::::::::::::::::::::::::::::::::
  Multi-core Markov-chain Monte Carlo (mc3).
  Version 3.2.1.
  Copyright (c) 2015-2025 Patricio Cubillos and collaborators.
  mc3 is open-source software under the MIT license (see LICENSE).
::::::::::::::::::::::::::::::::::::::::::::::::::::::::::::::::::::::

Start MCMC chains  (Sat May 10 16:01:13 2025)

[:         ]  10.0% completed  (Sat May 10 16:01:14 2025)
Out-of-bound Trials:
[ 688   18 2797   96 4217 3563]
Best Parameters: (chisq=0.0807)
[0.89256184 0.26442945 0.89118881 0.67298534 0.86571698 0.30861341]

[::        ]  20.0% completed  (Sat May 10 16:01:14 2025)
Out-of-bound Trials:
[1242   31 5613  228 8645 7834]
Best Parameters: (chisq=0.0807)
[0.89256184 0.26442945 0.89118881 0.67298534 0.86571698 0.30861341]

[:::       ]  30.0% completed  (Sat May 10 16:01:15 2025)
Out-of-bound Trials:
[ 1768    45  8663   314 13019 12303]
Best Parameters: (chisq=0.0103)
[0.89731567 0.29802521 0.89809526 0.66684923 0.49592019 0.60601864]

[::::      ]  40.0% completed  (Sat May 10 16:01:16 2025)
Out-of-bound Trials:
[ 2236    63 11765   398 17360 16499]
Best Parameters: (chisq=0.0103)
[0.89731567 0.29802521 0.89809526 0.66684923 0.49592019 0.60601864]

[:::::     ]  50.0% completed  (Sat May 10 16:01:16 2025)
Out-of-bound Trials:
[ 2817    74 14777   530 21911 20953]
Best Parameters: (chisq=0.0103)
[0.89731567 0.29802521 0.89809526 0.66684923 0.49592019 0.60601864]

[::::::    ]  60.0% completed  (Sat May 10 16:01:17 2025)
Out-of-bound Trials:
[ 3295    92 17874   616 26527 25241]
Best Parameters: (chisq=0.0103)
[0.89731567 0.29802521 0.89809526 0.66684923 0.49592019 0.60601864]

[:::::::   ]  70.0% completed  (Sat May 10 16:01:17 2025)
Out-of-bound Trials:
[ 4020   112 20672   801 30947 29537]
Best Parameters: (chisq=0.0103)
[0.89731567 0.29802521 0.89809526 0.66684923 0.49592019 0.60601864]

[::::::::  ]  80.0% completed  (Sat May 10 16:01:18 2025)
Out-of-bound Trials:
[ 4460   127 23825   909 35403 34042]
Best Parameters: (chisq=0.0103)
[0.89731567 0.29802521 0.89809526 0.66684923 0.49592019 0.60601864]

[::::::::: ]  90.0% completed  (Sat May 10 16:01:18 2025)
Out-of-bound Trials:
[ 4875   138 26719   997 39956 38436]
Best Parameters: (chisq=0.0103)
[0.89731567 0.29802521 0.89809526 0.66684923 0.49592019 0.60601864]

[::::::::::] 100.0% completed  (Sat May 10 16:01:19 2025)
Out-of-bound Trials:
[ 5425   159 29826  1107 44578 42769]
Best Parameters: (chisq=0.0103)
[0.89731567 0.29802521 0.89809526 0.66684923 0.49592019 0.60601864]

MCMC Summary:
-------------
  Number of evaluated samples:        200000
  Number of parallel chains:               5
  Average iterations per chain:        40000
  Burned-in iterations per chain:       2000
  Thinning factor:                         1
  MCMC sample size (thinned, burned): 190000
  Acceptance rate:   17.60%

Parameter name     best fit   median      1sigma_low   1sigma_hi        S/N
--------------- -----------  -----------------------------------  ---------
w                8.9732e-01   9.1596e-01 -3.1008e-02  3.0289e-02       29.3
b                2.9803e-01   3.1798e-01 -5.2143e-02  5.4654e-02        5.5
c                8.9810e-01   8.3253e-01 -1.6078e-01  1.1364e-01        6.7
dzeta            6.6685e-01   7.0399e-01 -5.7529e-02  8.1838e-02        9.6
B0               4.9592e-01   5.6790e-01 -3.6196e-01  3.0399e-01        1.7
h                6.0602e-01   5.4291e-01 -3.3470e-01  3.1130e-01        2.2

  Best-parameter's chi-squared:        0.0103
  Best-parameter's -2*log(posterior):  0.0103
  Bayesian Information Criterion:     17.9847
  Reduced chi-squared:                 0.0007
  Standard deviation of residuals:  0.00306009

For a detailed summary with all parameter posterior statistics see
/home/tenet/Documents/thesis/scripts/photometry/esa/data/inversion/inv-A1_A2_A3_A5-0.9_0.3_0.9_30_statistics.txt

Output sampler files:
  /home/tenet/Documents/thesis/scripts/photometry/esa/data/inversion/inv-A1_A2_A3_A5-0.9_0.3_0.9_30_statistics.txt
  /home/tenet/Documents/thesis/scripts/photometry/esa/data/inversion/inv-A1_A2_A3_A5-0.9_0.3_0.9_30.npz
  /home/tenet/Documents/thesis/scripts/photometry/esa/data/inversion/inv-A1_A2_A3_A5-0.9_0.3_0.9_30.log
