
::::::::::::::::::::::::::::::::::::::::::::::::::::::::::::::::::::::
  Multi-core Markov-chain Monte Carlo (mc3).
  Version 3.2.1.
  Copyright (c) 2015-2025 Patricio Cubillos and collaborators.
  mc3 is open-source software under the MIT license (see LICENSE).
::::::::::::::::::::::::::::::::::::::::::::::::::::::::::::::::::::::

Start MCMC chains  (Sat May 10 15:35:11 2025)

[:         ]  10.0% completed  (Sat May 10 15:35:12 2025)
Out-of-bound Trials:
[   1  188   19 2681 4087 4253]
Best Parameters: (chisq=0.0324)
[0.30005454 0.3054168  0.50996346 0.07657184 0.42146488 0.77041245]

[::        ]  20.0% completed  (Sat May 10 15:35:12 2025)
Out-of-bound Trials:
[   1  352   39 5038 8690 8538]
Best Parameters: (chisq=0.0300)
[0.29693138 0.30905619 0.50413236 0.08584798 0.40442294 0.94386781]

[:::       ]  30.0% completed  (Sat May 10 15:35:13 2025)
Out-of-bound Trials:
[    1   509    54  7767 13189 13113]
Best Parameters: (chisq=0.0300)
[0.29693138 0.30905619 0.50413236 0.08584798 0.40442294 0.94386781]

[::::      ]  40.0% completed  (Sat May 10 15:35:13 2025)
Out-of-bound Trials:
[    1   747    90 10336 17874 17817]
Best Parameters: (chisq=0.0296)
[0.3188567  0.30766273 0.52501554 0.04785365 0.4199909  0.19921698]

[:::::     ]  50.0% completed  (Sat May 10 15:35:14 2025)
Out-of-bound Trials:
[    1   947   139 13119 22524 22470]
Best Parameters: (chisq=0.0279)
[0.32737349 0.29853923 0.54767553 0.05802636 0.42909623 0.09214398]

[::::::    ]  60.0% completed  (Sat May 10 15:35:14 2025)
Out-of-bound Trials:
[    1  1112   165 15582 27270 27181]
Best Parameters: (chisq=0.0187)
[0.29504214 0.29962861 0.49239618 0.01643967 0.55303679 0.50596855]

[:::::::   ]  70.0% completed  (Sat May 10 15:35:15 2025)
Out-of-bound Trials:
[    1  1284   220 18003 31694 32013]
Best Parameters: (chisq=0.0187)
[0.29504214 0.29962861 0.49239618 0.01643967 0.55303679 0.50596855]

[::::::::  ]  80.0% completed  (Sat May 10 15:35:15 2025)
Out-of-bound Trials:
[    1  1539   252 20688 36482 36810]
Best Parameters: (chisq=0.0187)
[0.29504214 0.29962861 0.49239618 0.01643967 0.55303679 0.50596855]

[::::::::: ]  90.0% completed  (Sat May 10 15:35:16 2025)
Out-of-bound Trials:
[    2  1808   316 23209 41015 41560]
Best Parameters: (chisq=0.0187)
[0.29504214 0.29962861 0.49239618 0.01643967 0.55303679 0.50596855]

[::::::::::] 100.0% completed  (Sat May 10 15:35:16 2025)
Out-of-bound Trials:
[    3  2143   352 25838 45528 46268]
Best Parameters: (chisq=0.0187)
[0.29504214 0.29962861 0.49239618 0.01643967 0.55303679 0.50596855]

MCMC Summary:
-------------
  Number of evaluated samples:        200000
  Number of parallel chains:               5
  Average iterations per chain:        40000
  Burned-in iterations per chain:       2000
  Thinning factor:                         1
  MCMC sample size (thinned, burned): 190000
  Acceptance rate:   16.35%

Parameter name     best fit   median      1sigma_low   1sigma_hi        S/N
--------------- -----------  -----------------------------------  ---------
w                2.9504e-01   3.1512e-01 -2.8850e-02  2.3471e-02       11.5
b                2.9963e-01   2.7997e-01 -6.9402e-02  5.6432e-02        4.3
c                4.9240e-01   5.0080e-01 -7.3403e-02  7.0877e-02        6.0
dzeta            1.6440e-02   1.0230e-01 -6.9949e-02  7.7147e-02        0.2
B0               5.5304e-01   4.6704e-01 -3.1256e-01  3.5818e-01        1.9
h                5.0597e-01   4.7494e-01 -3.2941e-01  3.5119e-01        1.8

  Best-parameter's chi-squared:        0.0187
  Best-parameter's -2*log(posterior):  0.0187
  Bayesian Information Criterion:     13.8342
  Reduced chi-squared:                 0.0047
  Standard deviation of residuals:  8.02617e-05

For a detailed summary with all parameter posterior statistics see
/home/tenet/Documents/thesis/scripts/photometry/esa/data/inversion/inv-A1_A4-0.3_0.3_0.5_0_statistics.txt

Output sampler files:
  /home/tenet/Documents/thesis/scripts/photometry/esa/data/inversion/inv-A1_A4-0.3_0.3_0.5_0_statistics.txt
  /home/tenet/Documents/thesis/scripts/photometry/esa/data/inversion/inv-A1_A4-0.3_0.3_0.5_0.npz
  /home/tenet/Documents/thesis/scripts/photometry/esa/data/inversion/inv-A1_A4-0.3_0.3_0.5_0.log
