
::::::::::::::::::::::::::::::::::::::::::::::::::::::::::::::::::::::
  Multi-core Markov-chain Monte Carlo (mc3).
  Version 3.2.1.
  Copyright (c) 2015-2025 Patricio Cubillos and collaborators.
  mc3 is open-source software under the MIT license (see LICENSE).
::::::::::::::::::::::::::::::::::::::::::::::::::::::::::::::::::::::

Start MCMC chains  (Sat May 10 15:48:16 2025)

[:         ]  10.0% completed  (Sat May 10 15:48:17 2025)
Out-of-bound Trials:
[   2   37  191  504 4417 3967]
Best Parameters: (chisq=0.0195)
[0.28185652 0.30350694 0.49032764 0.66516664 0.57315617 0.93652159]

[::        ]  20.0% completed  (Sat May 10 15:48:17 2025)
Out-of-bound Trials:
[  10   76  418 1048 9089 8432]
Best Parameters: (chisq=0.0195)
[0.28185652 0.30350694 0.49032764 0.66516664 0.57315617 0.93652159]

[:::       ]  30.0% completed  (Sat May 10 15:48:18 2025)
Out-of-bound Trials:
[   17   119   617  1602 13793 12905]
Best Parameters: (chisq=0.0195)
[0.28185652 0.30350694 0.49032764 0.66516664 0.57315617 0.93652159]

[::::      ]  40.0% completed  (Sat May 10 15:48:18 2025)
Out-of-bound Trials:
[   25   150   852  2138 18431 17379]
Best Parameters: (chisq=0.0195)
[0.28185652 0.30350694 0.49032764 0.66516664 0.57315617 0.93652159]

[:::::     ]  50.0% completed  (Sat May 10 15:48:19 2025)
Out-of-bound Trials:
[   33   188  1144  2679 23182 21723]
Best Parameters: (chisq=0.0195)
[0.28185652 0.30350694 0.49032764 0.66516664 0.57315617 0.93652159]

[::::::    ]  60.0% completed  (Sat May 10 15:48:20 2025)
Out-of-bound Trials:
[   38   219  1385  3303 27898 26216]
Best Parameters: (chisq=0.0195)
[0.28185652 0.30350694 0.49032764 0.66516664 0.57315617 0.93652159]

[:::::::   ]  70.0% completed  (Sat May 10 15:48:20 2025)
Out-of-bound Trials:
[   43   263  1644  3973 32508 31074]
Best Parameters: (chisq=0.0195)
[0.28185652 0.30350694 0.49032764 0.66516664 0.57315617 0.93652159]

[::::::::  ]  80.0% completed  (Sat May 10 15:48:21 2025)
Out-of-bound Trials:
[   52   321  2013  4502 37066 35827]
Best Parameters: (chisq=0.0195)
[0.28185652 0.30350694 0.49032764 0.66516664 0.57315617 0.93652159]

[::::::::: ]  90.0% completed  (Sat May 10 15:48:21 2025)
Out-of-bound Trials:
[   59   372  2306  5097 41522 40770]
Best Parameters: (chisq=0.0195)
[0.28185652 0.30350694 0.49032764 0.66516664 0.57315617 0.93652159]

[::::::::::] 100.0% completed  (Sat May 10 15:48:22 2025)
Out-of-bound Trials:
[   65   412  2614  5684 46100 45405]
Best Parameters: (chisq=0.0195)
[0.28185652 0.30350694 0.49032764 0.66516664 0.57315617 0.93652159]

MCMC Summary:
-------------
  Number of evaluated samples:        200000
  Number of parallel chains:               5
  Average iterations per chain:        40000
  Burned-in iterations per chain:       2000
  Thinning factor:                         1
  MCMC sample size (thinned, burned): 190000
  Acceptance rate:   17.10%

Parameter name     best fit   median      1sigma_low   1sigma_hi        S/N
--------------- -----------  -----------------------------------  ---------
w                2.8186e-01   3.0808e-01 -4.5781e-02  5.4802e-02        5.5
b                3.0351e-01   2.9317e-01 -6.2433e-02  5.2269e-02        5.2
c                4.9033e-01   5.2108e-01 -1.1959e-01  1.4084e-01        3.7
dzeta            6.6517e-01   6.8120e-01 -1.0682e-01  1.2001e-01        5.9
B0               5.7316e-01   5.1396e-01 -3.5049e-01  3.3113e-01        2.0
h                9.3652e-01   4.6573e-01 -3.1959e-01  3.6507e-01        3.2

  Best-parameter's chi-squared:        0.0195
  Best-parameter's -2*log(posterior):  0.0195
  Bayesian Information Criterion:     16.2678
  Reduced chi-squared:                 0.0022
  Standard deviation of residuals:  0.000816987

For a detailed summary with all parameter posterior statistics see
/home/tenet/Documents/thesis/scripts/photometry/esa/data/inversion/inv-A1_A2_A5-0.3_0.3_0.5_30_statistics.txt

Output sampler files:
  /home/tenet/Documents/thesis/scripts/photometry/esa/data/inversion/inv-A1_A2_A5-0.3_0.3_0.5_30_statistics.txt
  /home/tenet/Documents/thesis/scripts/photometry/esa/data/inversion/inv-A1_A2_A5-0.3_0.3_0.5_30.npz
  /home/tenet/Documents/thesis/scripts/photometry/esa/data/inversion/inv-A1_A2_A5-0.3_0.3_0.5_30.log
