
::::::::::::::::::::::::::::::::::::::::::::::::::::::::::::::::::::::
  Multi-core Markov-chain Monte Carlo (mc3).
  Version 3.2.1.
  Copyright (c) 2015-2025 Patricio Cubillos and collaborators.
  mc3 is open-source software under the MIT license (see LICENSE).
::::::::::::::::::::::::::::::::::::::::::::::::::::::::::::::::::::::

Start MCMC chains  (Sat May 10 15:48:30 2025)

[:         ]  10.0% completed  (Sat May 10 15:48:31 2025)
Out-of-bound Trials:
[  47 1288  321 2006 4292 4313]
Best Parameters: (chisq=0.0138)
[0.30440606 0.90390008 0.10840748 0.65327591 0.36406536 0.38290224]

[::        ]  20.0% completed  (Sat May 10 15:48:31 2025)
Out-of-bound Trials:
[ 113 3183 1131 4303 9086 9079]
Best Parameters: (chisq=0.0138)
[0.30440606 0.90390008 0.10840748 0.65327591 0.36406536 0.38290224]

[:::       ]  30.0% completed  (Sat May 10 15:48:32 2025)
Out-of-bound Trials:
[  175  5564  2287  6739 13462 14050]
Best Parameters: (chisq=0.0138)
[0.30440606 0.90390008 0.10840748 0.65327591 0.36406536 0.38290224]

[::::      ]  40.0% completed  (Sat May 10 15:48:32 2025)
Out-of-bound Trials:
[  262  7898  3756  9499 18038 18867]
Best Parameters: (chisq=0.0138)
[0.30440606 0.90390008 0.10840748 0.65327591 0.36406536 0.38290224]

[:::::     ]  50.0% completed  (Sat May 10 15:48:33 2025)
Out-of-bound Trials:
[  289  9829  5358 12112 22768 23685]
Best Parameters: (chisq=0.0138)
[0.30440606 0.90390008 0.10840748 0.65327591 0.36406536 0.38290224]

[::::::    ]  60.0% completed  (Sat May 10 15:48:33 2025)
Out-of-bound Trials:
[  354 11515  6933 14976 27288 28342]
Best Parameters: (chisq=0.0138)
[0.30440606 0.90390008 0.10840748 0.65327591 0.36406536 0.38290224]

[:::::::   ]  70.0% completed  (Sat May 10 15:48:34 2025)
Out-of-bound Trials:
[  395 13452  8359 17576 31956 33066]
Best Parameters: (chisq=0.0138)
[0.30440606 0.90390008 0.10840748 0.65327591 0.36406536 0.38290224]

[::::::::  ]  80.0% completed  (Sat May 10 15:48:34 2025)
Out-of-bound Trials:
[  426 15212  9876 20184 36602 37853]
Best Parameters: (chisq=0.0138)
[0.30440606 0.90390008 0.10840748 0.65327591 0.36406536 0.38290224]

[::::::::: ]  90.0% completed  (Sat May 10 15:48:35 2025)
Out-of-bound Trials:
[  474 17467 11214 22747 41681 42531]
Best Parameters: (chisq=0.0138)
[0.30440606 0.90390008 0.10840748 0.65327591 0.36406536 0.38290224]

[::::::::::] 100.0% completed  (Sat May 10 15:48:35 2025)
Out-of-bound Trials:
[  512 19264 12758 25475 46329 47103]
Best Parameters: (chisq=0.0138)
[0.30440606 0.90390008 0.10840748 0.65327591 0.36406536 0.38290224]

MCMC Summary:
-------------
  Number of evaluated samples:        200000
  Number of parallel chains:               5
  Average iterations per chain:        40000
  Burned-in iterations per chain:       2000
  Thinning factor:                         1
  MCMC sample size (thinned, burned): 190000
  Acceptance rate:   9.06%

Parameter name     best fit   median      1sigma_low   1sigma_hi        S/N
--------------- -----------  -----------------------------------  ---------
w                3.0441e-01   2.9443e-01 -5.6791e-02  4.8554e-02        5.3
b                9.0390e-01   9.1530e-01 -4.5308e-02  5.5901e-02       20.3
c                1.0841e-01   1.3882e-01 -4.0617e-02  1.2324e-01        1.1
dzeta            6.5328e-01   6.0777e-01 -2.4095e-01  2.1921e-01        2.9
B0               3.6407e-01   4.3731e-01 -3.0458e-01  3.7583e-01        1.3
h                3.8290e-01   5.0519e-01 -3.4413e-01  3.4619e-01        1.3

  Best-parameter's chi-squared:        0.0138
  Best-parameter's -2*log(posterior):  0.0138
  Bayesian Information Criterion:     16.2621
  Reduced chi-squared:                 0.0015
  Standard deviation of residuals:  0.000411625

For a detailed summary with all parameter posterior statistics see
/home/tenet/Documents/thesis/scripts/photometry/esa/data/inversion/inv-A1_A2_A5-0.3_0.9_0.1_30_statistics.txt

Output sampler files:
  /home/tenet/Documents/thesis/scripts/photometry/esa/data/inversion/inv-A1_A2_A5-0.3_0.9_0.1_30_statistics.txt
  /home/tenet/Documents/thesis/scripts/photometry/esa/data/inversion/inv-A1_A2_A5-0.3_0.9_0.1_30.npz
  /home/tenet/Documents/thesis/scripts/photometry/esa/data/inversion/inv-A1_A2_A5-0.3_0.9_0.1_30.log
