
::::::::::::::::::::::::::::::::::::::::::::::::::::::::::::::::::::::
  Multi-core Markov-chain Monte Carlo (mc3).
  Version 3.2.1.
  Copyright (c) 2015-2025 Patricio Cubillos and collaborators.
  mc3 is open-source software under the MIT license (see LICENSE).
::::::::::::::::::::::::::::::::::::::::::::::::::::::::::::::::::::::

Start MCMC chains  (Sat May 10 15:51:28 2025)

[:         ]  10.0% completed  (Sat May 10 15:51:28 2025)
Out-of-bound Trials:
[1483 2154 3204  595 4109 4155]
Best Parameters: (chisq=0.1105)
[0.90687459 0.32793984 0.99377202 0.6225686  0.40245486 0.11320017]

[::        ]  20.0% completed  (Sat May 10 15:51:29 2025)
Out-of-bound Trials:
[2995 4394 6863 1426 8729 8543]
Best Parameters: (chisq=0.0683)
[0.87810424 0.25995797 0.84084727 0.69074999 0.86747598 0.70618358]

[:::       ]  30.0% completed  (Sat May 10 15:51:29 2025)
Out-of-bound Trials:
[ 4504  6959 10446  2062 13343 12818]
Best Parameters: (chisq=0.0564)
[0.91169236 0.3081102  0.94845359 0.65402632 0.67052497 0.07835772]

[::::      ]  40.0% completed  (Sat May 10 15:51:30 2025)
Out-of-bound Trials:
[ 5556  9422 14454  2618 17953 17449]
Best Parameters: (chisq=0.0564)
[0.91169236 0.3081102  0.94845359 0.65402632 0.67052497 0.07835772]

[:::::     ]  50.0% completed  (Sat May 10 15:51:30 2025)
Out-of-bound Trials:
[ 7162 12255 18655  3252 22265 22022]
Best Parameters: (chisq=0.0564)
[0.91169236 0.3081102  0.94845359 0.65402632 0.67052497 0.07835772]

[::::::    ]  60.0% completed  (Sat May 10 15:51:31 2025)
Out-of-bound Trials:
[ 8837 14716 22668  4013 26832 26391]
Best Parameters: (chisq=0.0477)
[0.8784797  0.27788023 0.88186425 0.6741298  0.68305634 0.96063001]

[:::::::   ]  70.0% completed  (Sat May 10 15:51:31 2025)
Out-of-bound Trials:
[10168 17237 26494  4728 31269 30858]
Best Parameters: (chisq=0.0471)
[0.89908358 0.30635012 0.8907308  0.66406547 0.59435607 0.43367008]

[::::::::  ]  80.0% completed  (Sat May 10 15:51:32 2025)
Out-of-bound Trials:
[11729 19496 30183  5473 35703 35413]
Best Parameters: (chisq=0.0345)
[0.90211533 0.31724189 0.89961682 0.66730797 0.46519481 0.59260743]

[::::::::: ]  90.0% completed  (Sat May 10 15:51:32 2025)
Out-of-bound Trials:
[13558 22405 34062  6043 40028 39910]
Best Parameters: (chisq=0.0345)
[0.90211533 0.31724189 0.89961682 0.66730797 0.46519481 0.59260743]

[::::::::::] 100.0% completed  (Sat May 10 15:51:33 2025)
Out-of-bound Trials:
[15129 24998 38297  6616 44503 44280]
Best Parameters: (chisq=0.0345)
[0.90211533 0.31724189 0.89961682 0.66730797 0.46519481 0.59260743]

MCMC Summary:
-------------
  Number of evaluated samples:        200000
  Number of parallel chains:               5
  Average iterations per chain:        40000
  Burned-in iterations per chain:       2000
  Thinning factor:                         1
  MCMC sample size (thinned, burned): 190000
  Acceptance rate:   11.63%

Parameter name     best fit   median      1sigma_low   1sigma_hi        S/N
--------------- -----------  -----------------------------------  ---------
w                9.0212e-01   9.3578e-01 -3.3762e-02  3.4956e-02       27.6
b                3.1724e-01   2.9864e-01 -1.6945e-01  2.2448e-01        1.5
c                8.9962e-01   7.1624e-01 -3.2974e-01  2.0369e-01        3.7
dzeta            6.6731e-01   7.6198e-01 -1.0351e-01  9.3297e-02        7.2
B0               4.6519e-01   5.2352e-01 -3.4389e-01  3.2699e-01        1.6
h                5.9261e-01   5.1853e-01 -3.4440e-01  3.2446e-01        2.1

  Best-parameter's chi-squared:        0.0345
  Best-parameter's -2*log(posterior):  0.0345
  Bayesian Information Criterion:     16.2828
  Reduced chi-squared:                 0.0038
  Standard deviation of residuals:  0.00160791

For a detailed summary with all parameter posterior statistics see
/home/tenet/Documents/thesis/scripts/photometry/esa/data/inversion/inv-A1_A3_A5-0.9_0.3_0.9_30_statistics.txt

Output sampler files:
  /home/tenet/Documents/thesis/scripts/photometry/esa/data/inversion/inv-A1_A3_A5-0.9_0.3_0.9_30_statistics.txt
  /home/tenet/Documents/thesis/scripts/photometry/esa/data/inversion/inv-A1_A3_A5-0.9_0.3_0.9_30.npz
  /home/tenet/Documents/thesis/scripts/photometry/esa/data/inversion/inv-A1_A3_A5-0.9_0.3_0.9_30.log
