
::::::::::::::::::::::::::::::::::::::::::::::::::::::::::::::::::::::
  Multi-core Markov-chain Monte Carlo (mc3).
  Version 3.2.1.
  Copyright (c) 2015-2025 Patricio Cubillos and collaborators.
  mc3 is open-source software under the MIT license (see LICENSE).
::::::::::::::::::::::::::::::::::::::::::::::::::::::::::::::::::::::

Start MCMC chains  (Sat May 10 15:39:04 2025)

[:         ]  10.0% completed  (Sat May 10 15:39:04 2025)
Out-of-bound Trials:
[   7  139 1818  492 4485 4213]
Best Parameters: (chisq=0.0684)
[0.2996226  0.3015482  0.52524196 0.66728213 0.47253262 0.4300686 ]

[::        ]  20.0% completed  (Sat May 10 15:39:05 2025)
Out-of-bound Trials:
[  13  385 3445 1089 9114 8757]
Best Parameters: (chisq=0.0230)
[0.29734972 0.30756491 0.47413899 0.67072047 0.55442885 0.60916873]

[:::       ]  30.0% completed  (Sat May 10 15:39:05 2025)
Out-of-bound Trials:
[   15   571  5119  1699 13758 13186]
Best Parameters: (chisq=0.0230)
[0.29734972 0.30756491 0.47413899 0.67072047 0.55442885 0.60916873]

[::::      ]  40.0% completed  (Sat May 10 15:39:06 2025)
Out-of-bound Trials:
[   19   751  6941  2174 18366 17610]
Best Parameters: (chisq=0.0230)
[0.29734972 0.30756491 0.47413899 0.67072047 0.55442885 0.60916873]

[:::::     ]  50.0% completed  (Sat May 10 15:39:06 2025)
Out-of-bound Trials:
[   23   909  8320  2768 22899 21944]
Best Parameters: (chisq=0.0230)
[0.29734972 0.30756491 0.47413899 0.67072047 0.55442885 0.60916873]

[::::::    ]  60.0% completed  (Sat May 10 15:39:07 2025)
Out-of-bound Trials:
[   29  1175 10085  3465 27659 26254]
Best Parameters: (chisq=0.0230)
[0.29734972 0.30756491 0.47413899 0.67072047 0.55442885 0.60916873]

[:::::::   ]  70.0% completed  (Sat May 10 15:39:07 2025)
Out-of-bound Trials:
[   31  1382 11780  4030 32229 30801]
Best Parameters: (chisq=0.0230)
[0.29734972 0.30756491 0.47413899 0.67072047 0.55442885 0.60916873]

[::::::::  ]  80.0% completed  (Sat May 10 15:39:08 2025)
Out-of-bound Trials:
[   35  1596 13404  4580 36763 35283]
Best Parameters: (chisq=0.0230)
[0.29734972 0.30756491 0.47413899 0.67072047 0.55442885 0.60916873]

[::::::::: ]  90.0% completed  (Sat May 10 15:39:08 2025)
Out-of-bound Trials:
[   39  1873 14983  5360 41340 39662]
Best Parameters: (chisq=0.0230)
[0.29734972 0.30756491 0.47413899 0.67072047 0.55442885 0.60916873]

[::::::::::] 100.0% completed  (Sat May 10 15:39:09 2025)
Out-of-bound Trials:
[   44  2074 16319  6047 45656 44127]
Best Parameters: (chisq=0.0230)
[0.29734972 0.30756491 0.47413899 0.67072047 0.55442885 0.60916873]

MCMC Summary:
-------------
  Number of evaluated samples:        200000
  Number of parallel chains:               5
  Average iterations per chain:        40000
  Burned-in iterations per chain:       2000
  Thinning factor:                         1
  MCMC sample size (thinned, burned): 190000
  Acceptance rate:   14.50%

Parameter name     best fit   median      1sigma_low   1sigma_hi        S/N
--------------- -----------  -----------------------------------  ---------
w                2.9735e-01   3.0808e-01 -4.4730e-02  5.4029e-02        5.8
b                3.0756e-01   2.7631e-01 -8.3918e-02  7.8131e-02        3.8
c                4.7414e-01   5.6015e-01 -1.8557e-01  2.3574e-01        2.4
dzeta            6.7072e-01   6.9848e-01 -1.1590e-01  1.1855e-01        5.9
B0               5.5443e-01   5.0906e-01 -3.3435e-01  3.3990e-01        1.9
h                6.0917e-01   4.7148e-01 -3.2442e-01  3.5516e-01        2.1

  Best-parameter's chi-squared:        0.0230
  Best-parameter's -2*log(posterior):  0.0230
  Bayesian Information Criterion:     13.8386
  Reduced chi-squared:                 0.0058
  Standard deviation of residuals:  0.000680711

For a detailed summary with all parameter posterior statistics see
/home/tenet/Documents/thesis/scripts/photometry/esa/data/inversion/inv-A2_A4-0.3_0.3_0.5_30_statistics.txt

Output sampler files:
  /home/tenet/Documents/thesis/scripts/photometry/esa/data/inversion/inv-A2_A4-0.3_0.3_0.5_30_statistics.txt
  /home/tenet/Documents/thesis/scripts/photometry/esa/data/inversion/inv-A2_A4-0.3_0.3_0.5_30.npz
  /home/tenet/Documents/thesis/scripts/photometry/esa/data/inversion/inv-A2_A4-0.3_0.3_0.5_30.log
