
::::::::::::::::::::::::::::::::::::::::::::::::::::::::::::::::::::::
  Multi-core Markov-chain Monte Carlo (mc3).
  Version 3.2.1.
  Copyright (c) 2015-2025 Patricio Cubillos and collaborators.
  mc3 is open-source software under the MIT license (see LICENSE).
::::::::::::::::::::::::::::::::::::::::::::::::::::::::::::::::::::::

Start MCMC chains  (Sat May 10 15:58:18 2025)

[:         ]  10.0% completed  (Sat May 10 15:58:18 2025)
Out-of-bound Trials:
[1305  478 2838  525 4014 4024]
Best Parameters: (chisq=0.0451)
[0.90701629 0.31138999 0.89572621 0.66146227 0.50385118 0.25114906]

[::        ]  20.0% completed  (Sat May 10 15:58:19 2025)
Out-of-bound Trials:
[2633  840 6130 1042 8073 8348]
Best Parameters: (chisq=0.0451)
[0.90701629 0.31138999 0.89572621 0.66146227 0.50385118 0.25114906]

[:::       ]  30.0% completed  (Sat May 10 15:58:20 2025)
Out-of-bound Trials:
[ 4540  1561  8987  1680 12800 12822]
Best Parameters: (chisq=0.0451)
[0.90701629 0.31138999 0.89572621 0.66146227 0.50385118 0.25114906]

[::::      ]  40.0% completed  (Sat May 10 15:58:20 2025)
Out-of-bound Trials:
[ 6069  2219 12294  2292 17095 17363]
Best Parameters: (chisq=0.0451)
[0.90701629 0.31138999 0.89572621 0.66146227 0.50385118 0.25114906]

[:::::     ]  50.0% completed  (Sat May 10 15:58:21 2025)
Out-of-bound Trials:
[ 7739  3163 15632  2827 21558 21711]
Best Parameters: (chisq=0.0451)
[0.90701629 0.31138999 0.89572621 0.66146227 0.50385118 0.25114906]

[::::::    ]  60.0% completed  (Sat May 10 15:58:21 2025)
Out-of-bound Trials:
[ 9294  3920 19026  3435 25978 26051]
Best Parameters: (chisq=0.0451)
[0.90701629 0.31138999 0.89572621 0.66146227 0.50385118 0.25114906]

[:::::::   ]  70.0% completed  (Sat May 10 15:58:22 2025)
Out-of-bound Trials:
[10886  4635 22479  4028 30407 30468]
Best Parameters: (chisq=0.0451)
[0.90701629 0.31138999 0.89572621 0.66146227 0.50385118 0.25114906]

[::::::::  ]  80.0% completed  (Sat May 10 15:58:22 2025)
Out-of-bound Trials:
[12414  5523 25976  4662 34829 34990]
Best Parameters: (chisq=0.0451)
[0.90701629 0.31138999 0.89572621 0.66146227 0.50385118 0.25114906]

[::::::::: ]  90.0% completed  (Sat May 10 15:58:23 2025)
Out-of-bound Trials:
[13818  6165 29345  5213 39215 39288]
Best Parameters: (chisq=0.0197)
[0.89368429 0.27751557 0.93337411 0.66397807 0.6609082  0.36973354]

[::::::::::] 100.0% completed  (Sat May 10 15:58:23 2025)
Out-of-bound Trials:
[15261  6795 32578  5793 43981 43698]
Best Parameters: (chisq=0.0037)
[0.89729782 0.29082414 0.89335426 0.67229064 0.61117341 0.45588364]

MCMC Summary:
-------------
  Number of evaluated samples:        200000
  Number of parallel chains:               5
  Average iterations per chain:        40000
  Burned-in iterations per chain:       2000
  Thinning factor:                         1
  MCMC sample size (thinned, burned): 190000
  Acceptance rate:   14.99%

Parameter name     best fit   median      1sigma_low   1sigma_hi        S/N
--------------- -----------  -----------------------------------  ---------
w                8.9730e-01   9.3050e-01 -3.6706e-02  3.6696e-02       25.7
b                2.9082e-01   3.3976e-01 -9.9834e-02  1.1833e-01        2.1
c                8.9335e-01   7.2665e-01 -2.8937e-01  1.8724e-01        4.1
dzeta            6.7229e-01   7.4248e-01 -1.1439e-01  9.7406e-02        6.7
B0               6.1117e-01   5.4171e-01 -3.4953e-01  3.1710e-01        2.2
h                4.5588e-01   5.2643e-01 -3.4406e-01  3.2403e-01        1.6

  Best-parameter's chi-squared:        0.0037
  Best-parameter's -2*log(posterior):  0.0037
  Bayesian Information Criterion:     16.2520
  Reduced chi-squared:                 0.0004
  Standard deviation of residuals:  0.000572855

For a detailed summary with all parameter posterior statistics see
/home/tenet/Documents/thesis/scripts/photometry/esa/data/inversion/inv-A3_A4_A5-0.9_0.3_0.9_30_statistics.txt

Output sampler files:
  /home/tenet/Documents/thesis/scripts/photometry/esa/data/inversion/inv-A3_A4_A5-0.9_0.3_0.9_30_statistics.txt
  /home/tenet/Documents/thesis/scripts/photometry/esa/data/inversion/inv-A3_A4_A5-0.9_0.3_0.9_30.npz
  /home/tenet/Documents/thesis/scripts/photometry/esa/data/inversion/inv-A3_A4_A5-0.9_0.3_0.9_30.log
