
::::::::::::::::::::::::::::::::::::::::::::::::::::::::::::::::::::::
  Multi-core Markov-chain Monte Carlo (mc3).
  Version 3.2.1.
  Copyright (c) 2015-2025 Patricio Cubillos and collaborators.
  mc3 is open-source software under the MIT license (see LICENSE).
::::::::::::::::::::::::::::::::::::::::::::::::::::::::::::::::::::::

Start MCMC chains  (Sat May 10 15:33:06 2025)

[:         ]  10.0% completed  (Sat May 10 15:33:07 2025)
Out-of-bound Trials:
[1579   34 2667 2734 3993 3473]
Best Parameters: (chisq=0.0420)
[0.90429129 0.29778148 0.90555594 0.09282504 0.53927086 0.40213216]

[::        ]  20.0% completed  (Sat May 10 15:33:07 2025)
Out-of-bound Trials:
[3418   79 5590 5522 8235 7404]
Best Parameters: (chisq=0.0234)
[0.88500993 0.30869346 0.85897812 0.05765962 0.55145842 0.73926352]

[:::       ]  30.0% completed  (Sat May 10 15:33:08 2025)
Out-of-bound Trials:
[ 5869   247  8455  8367 12458 11569]
Best Parameters: (chisq=0.0234)
[0.88500993 0.30869346 0.85897812 0.05765962 0.55145842 0.73926352]

[::::      ]  40.0% completed  (Sat May 10 15:33:08 2025)
Out-of-bound Trials:
[ 7484   297 11262 11451 16807 15561]
Best Parameters: (chisq=0.0234)
[0.88500993 0.30869346 0.85897812 0.05765962 0.55145842 0.73926352]

[:::::     ]  50.0% completed  (Sat May 10 15:33:09 2025)
Out-of-bound Trials:
[ 9429   340 13971 14339 20953 19594]
Best Parameters: (chisq=0.0159)
[0.88894149 0.28918315 0.88158134 0.08017216 0.60993875 0.56993354]

[::::::    ]  60.0% completed  (Sat May 10 15:33:09 2025)
Out-of-bound Trials:
[11320   392 17054 17367 25180 23594]
Best Parameters: (chisq=0.0159)
[0.88894149 0.28918315 0.88158134 0.08017216 0.60993875 0.56993354]

[:::::::   ]  70.0% completed  (Sat May 10 15:33:10 2025)
Out-of-bound Trials:
[13194   415 19956 20345 29365 27698]
Best Parameters: (chisq=0.0159)
[0.88894149 0.28918315 0.88158134 0.08017216 0.60993875 0.56993354]

[::::::::  ]  80.0% completed  (Sat May 10 15:33:10 2025)
Out-of-bound Trials:
[15041   537 22702 23229 33586 31671]
Best Parameters: (chisq=0.0159)
[0.88894149 0.28918315 0.88158134 0.08017216 0.60993875 0.56993354]

[::::::::: ]  90.0% completed  (Sat May 10 15:33:10 2025)
Out-of-bound Trials:
[16999   597 25406 25981 37841 35556]
Best Parameters: (chisq=0.0159)
[0.88894149 0.28918315 0.88158134 0.08017216 0.60993875 0.56993354]

[::::::::::] 100.0% completed  (Sat May 10 15:33:11 2025)
Out-of-bound Trials:
[18684   649 28434 28842 42015 39567]
Best Parameters: (chisq=0.0159)
[0.88894149 0.28918315 0.88158134 0.08017216 0.60993875 0.56993354]

MCMC Summary:
-------------
  Number of evaluated samples:        200000
  Number of parallel chains:               5
  Average iterations per chain:        40000
  Burned-in iterations per chain:       2000
  Thinning factor:                         1
  MCMC sample size (thinned, burned): 190000
  Acceptance rate:   13.21%

Parameter name     best fit   median      1sigma_low   1sigma_hi        S/N
--------------- -----------  -----------------------------------  ---------
w                8.8894e-01   9.1625e-01 -4.0923e-02  5.3887e-02       20.8
b                2.8918e-01   2.8517e-01 -6.1627e-02  5.5388e-02        4.8
c                8.8158e-01   8.8033e-01 -1.0621e-01  8.0888e-02        9.5
dzeta            8.0172e-02   1.3012e-01 -8.9575e-02  1.3445e-01        0.8
B0               6.0994e-01   6.3137e-01 -3.4933e-01  2.6374e-01        2.3
h                5.6993e-01   6.0045e-01 -3.3540e-01  2.6941e-01        2.2

  Best-parameter's chi-squared:        0.0159
  Best-parameter's -2*log(posterior):  0.0159
  Bayesian Information Criterion:     13.8314
  Reduced chi-squared:                 0.0040
  Standard deviation of residuals:  0.00462526

For a detailed summary with all parameter posterior statistics see
/home/tenet/Documents/thesis/scripts/photometry/esa/data/inversion/inv-A1_A2-0.9_0.3_0.9_0_statistics.txt

Output sampler files:
  /home/tenet/Documents/thesis/scripts/photometry/esa/data/inversion/inv-A1_A2-0.9_0.3_0.9_0_statistics.txt
  /home/tenet/Documents/thesis/scripts/photometry/esa/data/inversion/inv-A1_A2-0.9_0.3_0.9_0.npz
  /home/tenet/Documents/thesis/scripts/photometry/esa/data/inversion/inv-A1_A2-0.9_0.3_0.9_0.log
