
::::::::::::::::::::::::::::::::::::::::::::::::::::::::::::::::::::::
  Multi-core Markov-chain Monte Carlo (mc3).
  Version 3.2.1.
  Copyright (c) 2015-2025 Patricio Cubillos and collaborators.
  mc3 is open-source software under the MIT license (see LICENSE).
::::::::::::::::::::::::::::::::::::::::::::::::::::::::::::::::::::::

Start MCMC chains  (Sat May 10 15:46:10 2025)

[:         ]  10.0% completed  (Sat May 10 15:46:11 2025)
Out-of-bound Trials:
[1159  105 1566  150 4072 3672]
Best Parameters: (chisq=0.0610)
[0.88587118 0.28190793 0.51423857 0.65631674 0.6688043  0.49584621]

[::        ]  20.0% completed  (Sat May 10 15:46:11 2025)
Out-of-bound Trials:
[2435  259 3666  325 8625 7921]
Best Parameters: (chisq=0.0248)
[0.90743645 0.31312717 0.50605743 0.66581441 0.35469672 0.50506508]

[:::       ]  30.0% completed  (Sat May 10 15:46:12 2025)
Out-of-bound Trials:
[ 3649   452  5413   472 12998 12193]
Best Parameters: (chisq=0.0204)
[0.89819192 0.29576173 0.54955544 0.64695257 0.43198369 0.33270167]

[::::      ]  40.0% completed  (Sat May 10 15:46:12 2025)
Out-of-bound Trials:
[ 5004   598  7485   647 17425 16685]
Best Parameters: (chisq=0.0204)
[0.89819192 0.29576173 0.54955544 0.64695257 0.43198369 0.33270167]

[:::::     ]  50.0% completed  (Sat May 10 15:46:13 2025)
Out-of-bound Trials:
[ 6200   777  9454   778 21785 21015]
Best Parameters: (chisq=0.0204)
[0.89819192 0.29576173 0.54955544 0.64695257 0.43198369 0.33270167]

[::::::    ]  60.0% completed  (Sat May 10 15:46:13 2025)
Out-of-bound Trials:
[ 7674   916 11389   924 26433 25609]
Best Parameters: (chisq=0.0204)
[0.89819192 0.29576173 0.54955544 0.64695257 0.43198369 0.33270167]

[:::::::   ]  70.0% completed  (Sat May 10 15:46:14 2025)
Out-of-bound Trials:
[ 8895  1064 13257  1050 31188 30095]
Best Parameters: (chisq=0.0204)
[0.89819192 0.29576173 0.54955544 0.64695257 0.43198369 0.33270167]

[::::::::  ]  80.0% completed  (Sat May 10 15:46:15 2025)
Out-of-bound Trials:
[10474  1211 15032  1254 35687 34538]
Best Parameters: (chisq=0.0204)
[0.89819192 0.29576173 0.54955544 0.64695257 0.43198369 0.33270167]

[::::::::: ]  90.0% completed  (Sat May 10 15:46:15 2025)
Out-of-bound Trials:
[11730  1395 16929  1371 40298 38787]
Best Parameters: (chisq=0.0204)
[0.89819192 0.29576173 0.54955544 0.64695257 0.43198369 0.33270167]

[::::::::::] 100.0% completed  (Sat May 10 15:46:16 2025)
Out-of-bound Trials:
[13070  1561 18803  1549 44910 43228]
Best Parameters: (chisq=0.0204)
[0.89819192 0.29576173 0.54955544 0.64695257 0.43198369 0.33270167]

MCMC Summary:
-------------
  Number of evaluated samples:        200000
  Number of parallel chains:               5
  Average iterations per chain:        40000
  Burned-in iterations per chain:       2000
  Thinning factor:                         1
  MCMC sample size (thinned, burned): 190000
  Acceptance rate:   16.13%

Parameter name     best fit   median      1sigma_low   1sigma_hi        S/N
--------------- -----------  -----------------------------------  ---------
w                8.9819e-01   8.8955e-01 -5.9780e-02  5.4063e-02       16.4
b                2.9576e-01   2.8260e-01 -7.1212e-02  8.2806e-02        3.6
c                5.4956e-01   5.5410e-01 -2.1691e-01  2.2464e-01        2.7
dzeta            6.4695e-01   6.4456e-01 -9.6418e-02  1.0664e-01        6.6
B0               4.3198e-01   5.3916e-01 -3.4582e-01  3.2533e-01        1.5
h                3.3270e-01   4.8822e-01 -3.2544e-01  3.4139e-01        1.2

  Best-parameter's chi-squared:        0.0204
  Best-parameter's -2*log(posterior):  0.0204
  Bayesian Information Criterion:     16.2687
  Reduced chi-squared:                 0.0023
  Standard deviation of residuals:  0.00134145

For a detailed summary with all parameter posterior statistics see
/home/tenet/Documents/thesis/scripts/photometry/esa/data/inversion/inv-A1_A2_A3-0.9_0.3_0.5_30_statistics.txt

Output sampler files:
  /home/tenet/Documents/thesis/scripts/photometry/esa/data/inversion/inv-A1_A2_A3-0.9_0.3_0.5_30_statistics.txt
  /home/tenet/Documents/thesis/scripts/photometry/esa/data/inversion/inv-A1_A2_A3-0.9_0.3_0.5_30.npz
  /home/tenet/Documents/thesis/scripts/photometry/esa/data/inversion/inv-A1_A2_A3-0.9_0.3_0.5_30.log
