
::::::::::::::::::::::::::::::::::::::::::::::::::::::::::::::::::::::
  Multi-core Markov-chain Monte Carlo (mc3).
  Version 3.2.1.
  Copyright (c) 2015-2025 Patricio Cubillos and collaborators.
  mc3 is open-source software under the MIT license (see LICENSE).
::::::::::::::::::::::::::::::::::::::::::::::::::::::::::::::::::::::

Start MCMC chains  (Sat May 10 15:52:22 2025)

[:         ]  10.0% completed  (Sat May 10 15:52:23 2025)
Out-of-bound Trials:
[   8  326 2190 2329 4234 4497]
Best Parameters: (chisq=0.0200)
[0.28930151 0.27666495 0.56525309 0.61322112 0.78469197 0.17423446]

[::        ]  20.0% completed  (Sat May 10 15:52:23 2025)
Out-of-bound Trials:
[  25  723 4225 4550 8684 9312]
Best Parameters: (chisq=0.0200)
[0.28930151 0.27666495 0.56525309 0.61322112 0.78469197 0.17423446]

[:::       ]  30.0% completed  (Sat May 10 15:52:24 2025)
Out-of-bound Trials:
[   34  1099  6241  6818 13298 14000]
Best Parameters: (chisq=0.0200)
[0.28930151 0.27666495 0.56525309 0.61322112 0.78469197 0.17423446]

[::::      ]  40.0% completed  (Sat May 10 15:52:24 2025)
Out-of-bound Trials:
[   43  1457  8269  9128 17939 18422]
Best Parameters: (chisq=0.0200)
[0.28930151 0.27666495 0.56525309 0.61322112 0.78469197 0.17423446]

[:::::     ]  50.0% completed  (Sat May 10 15:52:25 2025)
Out-of-bound Trials:
[   62  1891 10388 11598 22214 22832]
Best Parameters: (chisq=0.0200)
[0.28930151 0.27666495 0.56525309 0.61322112 0.78469197 0.17423446]

[::::::    ]  60.0% completed  (Sat May 10 15:52:25 2025)
Out-of-bound Trials:
[   65  2210 12416 13967 26771 27319]
Best Parameters: (chisq=0.0200)
[0.28930151 0.27666495 0.56525309 0.61322112 0.78469197 0.17423446]

[:::::::   ]  70.0% completed  (Sat May 10 15:52:26 2025)
Out-of-bound Trials:
[   79  2581 14348 16276 31393 31950]
Best Parameters: (chisq=0.0200)
[0.28930151 0.27666495 0.56525309 0.61322112 0.78469197 0.17423446]

[::::::::  ]  80.0% completed  (Sat May 10 15:52:26 2025)
Out-of-bound Trials:
[   87  2912 16370 18938 36134 36644]
Best Parameters: (chisq=0.0200)
[0.28930151 0.27666495 0.56525309 0.61322112 0.78469197 0.17423446]

[::::::::: ]  90.0% completed  (Sat May 10 15:52:27 2025)
Out-of-bound Trials:
[  106  3251 18307 21385 40784 41311]
Best Parameters: (chisq=0.0200)
[0.28930151 0.27666495 0.56525309 0.61322112 0.78469197 0.17423446]

[::::::::::] 100.0% completed  (Sat May 10 15:52:27 2025)
Out-of-bound Trials:
[  120  3647 20394 23570 45412 45831]
Best Parameters: (chisq=0.0169)
[0.3317909  0.31417164 0.52050249 0.68744228 0.22253432 0.28237403]

MCMC Summary:
-------------
  Number of evaluated samples:        200000
  Number of parallel chains:               5
  Average iterations per chain:        40000
  Burned-in iterations per chain:       2000
  Thinning factor:                         1
  MCMC sample size (thinned, burned): 190000
  Acceptance rate:   15.16%

Parameter name     best fit   median      1sigma_low   1sigma_hi        S/N
--------------- -----------  -----------------------------------  ---------
w                3.3179e-01   3.2026e-01 -6.0505e-02  7.8494e-02        5.1
b                3.1417e-01   2.8805e-01 -9.6489e-02  7.9801e-02        3.4
c                5.2050e-01   4.7159e-01 -2.0030e-01  2.7540e-01        2.4
dzeta            6.8744e-01   7.2423e-01 -1.9183e-01  1.8686e-01        4.1
B0               2.2253e-01   4.8936e-01 -3.3451e-01  3.4159e-01        0.8
h                2.8237e-01   4.6880e-01 -3.2309e-01  3.5617e-01        1.0

  Best-parameter's chi-squared:        0.0169
  Best-parameter's -2*log(posterior):  0.0169
  Bayesian Information Criterion:     16.2652
  Reduced chi-squared:                 0.0019
  Standard deviation of residuals:  0.000303291

For a detailed summary with all parameter posterior statistics see
/home/tenet/Documents/thesis/scripts/photometry/esa/data/inversion/inv-A1_A4_A5-0.3_0.3_0.5_30_statistics.txt

Output sampler files:
  /home/tenet/Documents/thesis/scripts/photometry/esa/data/inversion/inv-A1_A4_A5-0.3_0.3_0.5_30_statistics.txt
  /home/tenet/Documents/thesis/scripts/photometry/esa/data/inversion/inv-A1_A4_A5-0.3_0.3_0.5_30.npz
  /home/tenet/Documents/thesis/scripts/photometry/esa/data/inversion/inv-A1_A4_A5-0.3_0.3_0.5_30.log
