
::::::::::::::::::::::::::::::::::::::::::::::::::::::::::::::::::::::
  Multi-core Markov-chain Monte Carlo (mc3).
  Version 3.2.1.
  Copyright (c) 2015-2025 Patricio Cubillos and collaborators.
  mc3 is open-source software under the MIT license (see LICENSE).
::::::::::::::::::::::::::::::::::::::::::::::::::::::::::::::::::::::

Start MCMC chains  (Sat May 10 16:06:22 2025)

[:         ]  10.0% completed  (Sat May 10 16:06:22 2025)
Out-of-bound Trials:
[   1    1 2558  143 4213 3677]
Best Parameters: (chisq=0.0777)
[0.27590433 0.2928285  0.86497924 0.68358059 0.76939029 0.71353546]

[::        ]  20.0% completed  (Sat May 10 16:06:23 2025)
Out-of-bound Trials:
[   2    3 5016  370 8880 7922]
Best Parameters: (chisq=0.0339)
[0.32420548 0.31574575 0.91101212 0.67400009 0.26314506 0.43556419]

[:::       ]  30.0% completed  (Sat May 10 16:06:23 2025)
Out-of-bound Trials:
[    2     7  7681   533 13551 12143]
Best Parameters: (chisq=0.0278)
[0.27150705 0.28928875 0.88754043 0.66075862 0.74447415 0.69114145]

[::::      ]  40.0% completed  (Sat May 10 16:06:24 2025)
Out-of-bound Trials:
[    7     9 10450   668 18163 16473]
Best Parameters: (chisq=0.0278)
[0.27150705 0.28928875 0.88754043 0.66075862 0.74447415 0.69114145]

[:::::     ]  50.0% completed  (Sat May 10 16:06:25 2025)
Out-of-bound Trials:
[    7    10 13228   824 22699 20855]
Best Parameters: (chisq=0.0278)
[0.27150705 0.28928875 0.88754043 0.66075862 0.74447415 0.69114145]

[::::::    ]  60.0% completed  (Sat May 10 16:06:25 2025)
Out-of-bound Trials:
[    7    13 15796   998 27184 25332]
Best Parameters: (chisq=0.0278)
[0.27150705 0.28928875 0.88754043 0.66075862 0.74447415 0.69114145]

[:::::::   ]  70.0% completed  (Sat May 10 16:06:26 2025)
Out-of-bound Trials:
[    8    19 18335  1193 31766 29621]
Best Parameters: (chisq=0.0278)
[0.27150705 0.28928875 0.88754043 0.66075862 0.74447415 0.69114145]

[::::::::  ]  80.0% completed  (Sat May 10 16:06:27 2025)
Out-of-bound Trials:
[    9    24 20852  1365 36270 34046]
Best Parameters: (chisq=0.0278)
[0.27150705 0.28928875 0.88754043 0.66075862 0.74447415 0.69114145]

[::::::::: ]  90.0% completed  (Sat May 10 16:06:27 2025)
Out-of-bound Trials:
[    9    26 23734  1532 40863 38441]
Best Parameters: (chisq=0.0198)
[0.26099119 0.29077869 0.84536305 0.67444553 0.91108115 0.78790755]

[::::::::::] 100.0% completed  (Sat May 10 16:06:28 2025)
Out-of-bound Trials:
[   10    30 26349  1709 45504 42905]
Best Parameters: (chisq=0.0198)
[0.26099119 0.29077869 0.84536305 0.67444553 0.91108115 0.78790755]

MCMC Summary:
-------------
  Number of evaluated samples:        200000
  Number of parallel chains:               5
  Average iterations per chain:        40000
  Burned-in iterations per chain:       2000
  Thinning factor:                         1
  MCMC sample size (thinned, burned): 190000
  Acceptance rate:   17.52%

Parameter name     best fit   median      1sigma_low   1sigma_hi        S/N
--------------- -----------  -----------------------------------  ---------
w                2.6099e-01   3.1623e-01 -3.7211e-02  3.8772e-02        7.0
b                2.9078e-01   3.0931e-01 -3.5911e-02  3.4415e-02        8.5
c                8.4536e-01   8.7390e-01 -1.0374e-01  8.1953e-02        9.6
dzeta            6.7445e-01   6.9858e-01 -7.8717e-02  8.4505e-02        8.3
B0               9.1108e-01   5.0936e-01 -3.3563e-01  3.3522e-01        3.2
h                7.8791e-01   5.1294e-01 -3.3018e-01  3.3227e-01        2.8

  Best-parameter's chi-squared:        0.0198
  Best-parameter's -2*log(posterior):  0.0198
  Bayesian Information Criterion:     19.3330
  Reduced chi-squared:                 0.0010
  Standard deviation of residuals:  0.000466527

For a detailed summary with all parameter posterior statistics see
/home/tenet/Documents/thesis/scripts/photometry/esa/data/inversion/inv-A1_A2_A3_A4_A5-0.3_0.3_0.9_30_statistics.txt

Output sampler files:
  /home/tenet/Documents/thesis/scripts/photometry/esa/data/inversion/inv-A1_A2_A3_A4_A5-0.3_0.3_0.9_30_statistics.txt
  /home/tenet/Documents/thesis/scripts/photometry/esa/data/inversion/inv-A1_A2_A3_A4_A5-0.3_0.3_0.9_30.npz
  /home/tenet/Documents/thesis/scripts/photometry/esa/data/inversion/inv-A1_A2_A3_A4_A5-0.3_0.3_0.9_30.log
