
::::::::::::::::::::::::::::::::::::::::::::::::::::::::::::::::::::::
  Multi-core Markov-chain Monte Carlo (mc3).
  Version 3.2.1.
  Copyright (c) 2015-2025 Patricio Cubillos and collaborators.
  mc3 is open-source software under the MIT license (see LICENSE).
::::::::::::::::::::::::::::::::::::::::::::::::::::::::::::::::::::::

Start MCMC chains  (Sat May 10 15:35:49 2025)

[:         ]  10.0% completed  (Sat May 10 15:35:50 2025)
Out-of-bound Trials:
[  94 1715  463 2274 3993 4139]
Best Parameters: (chisq=0.0745)
[0.90826799 0.30660438 0.51326608 0.09397863 0.34287675 0.57371246]

[::        ]  20.0% completed  (Sat May 10 15:35:50 2025)
Out-of-bound Trials:
[ 134 3647 1183 4873 8566 8662]
Best Parameters: (chisq=0.0104)
[0.89743992 0.30250045 0.50807034 0.07282755 0.45928337 0.73492614]

[:::       ]  30.0% completed  (Sat May 10 15:35:51 2025)
Out-of-bound Trials:
[  157  5265  1659  7423 13075 13077]
Best Parameters: (chisq=0.0104)
[0.89743992 0.30250045 0.50807034 0.07282755 0.45928337 0.73492614]

[::::      ]  40.0% completed  (Sat May 10 15:35:51 2025)
Out-of-bound Trials:
[  178  7328  2402 10015 17632 17474]
Best Parameters: (chisq=0.0041)
[0.897643   0.29227126 0.49191641 0.00979378 0.61992488 0.40197886]

[:::::     ]  50.0% completed  (Sat May 10 15:35:52 2025)
Out-of-bound Trials:
[  202  9122  3122 12613 22157 21914]
Best Parameters: (chisq=0.0041)
[0.897643   0.29227126 0.49191641 0.00979378 0.61992488 0.40197886]

[::::::    ]  60.0% completed  (Sat May 10 15:35:52 2025)
Out-of-bound Trials:
[  222 10958  3745 15115 26757 26407]
Best Parameters: (chisq=0.0041)
[0.897643   0.29227126 0.49191641 0.00979378 0.61992488 0.40197886]

[:::::::   ]  70.0% completed  (Sat May 10 15:35:53 2025)
Out-of-bound Trials:
[  247 12981  4477 17695 31181 31105]
Best Parameters: (chisq=0.0041)
[0.897643   0.29227126 0.49191641 0.00979378 0.61992488 0.40197886]

[::::::::  ]  80.0% completed  (Sat May 10 15:35:53 2025)
Out-of-bound Trials:
[  267 14833  5018 20320 35847 35808]
Best Parameters: (chisq=0.0041)
[0.897643   0.29227126 0.49191641 0.00979378 0.61992488 0.40197886]

[::::::::: ]  90.0% completed  (Sat May 10 15:35:54 2025)
Out-of-bound Trials:
[  285 16576  5678 22716 40317 40282]
Best Parameters: (chisq=0.0041)
[0.897643   0.29227126 0.49191641 0.00979378 0.61992488 0.40197886]

[::::::::::] 100.0% completed  (Sat May 10 15:35:54 2025)
Out-of-bound Trials:
[  305 18617  6402 25247 44765 44677]
Best Parameters: (chisq=0.0041)
[0.897643   0.29227126 0.49191641 0.00979378 0.61992488 0.40197886]

MCMC Summary:
-------------
  Number of evaluated samples:        200000
  Number of parallel chains:               5
  Average iterations per chain:        40000
  Burned-in iterations per chain:       2000
  Thinning factor:                         1
  MCMC sample size (thinned, burned): 190000
  Acceptance rate:   16.26%

Parameter name     best fit   median      1sigma_low   1sigma_hi        S/N
--------------- -----------  -----------------------------------  ---------
w                8.9764e-01   9.0677e-01 -2.1422e-02  1.5355e-02       49.1
b                2.9227e-01   2.3993e-01 -1.5919e-01  1.0491e-01        2.5
c                4.9192e-01   4.8249e-01 -1.2245e-01  1.2237e-01        3.2
dzeta            9.7938e-03   9.4071e-02 -6.4887e-02  6.7798e-02        0.2
B0               6.1992e-01   5.1789e-01 -3.4002e-01  3.3243e-01        2.2
h                4.0198e-01   5.0671e-01 -3.3499e-01  3.3569e-01        1.4

  Best-parameter's chi-squared:        0.0041
  Best-parameter's -2*log(posterior):  0.0041
  Bayesian Information Criterion:     13.8196
  Reduced chi-squared:                 0.0010
  Standard deviation of residuals:  0.00127517

For a detailed summary with all parameter posterior statistics see
/home/tenet/Documents/thesis/scripts/photometry/esa/data/inversion/inv-A1_A4-0.9_0.3_0.5_0_statistics.txt

Output sampler files:
  /home/tenet/Documents/thesis/scripts/photometry/esa/data/inversion/inv-A1_A4-0.9_0.3_0.5_0_statistics.txt
  /home/tenet/Documents/thesis/scripts/photometry/esa/data/inversion/inv-A1_A4-0.9_0.3_0.5_0.npz
  /home/tenet/Documents/thesis/scripts/photometry/esa/data/inversion/inv-A1_A4-0.9_0.3_0.5_0.log
