
::::::::::::::::::::::::::::::::::::::::::::::::::::::::::::::::::::::
  Multi-core Markov-chain Monte Carlo (mc3).
  Version 3.2.1.
  Copyright (c) 2015-2025 Patricio Cubillos and collaborators.
  mc3 is open-source software under the MIT license (see LICENSE).
::::::::::::::::::::::::::::::::::::::::::::::::::::::::::::::::::::::

Start MCMC chains  (Sat May 10 15:37:35 2025)

[:         ]  10.0% completed  (Sat May 10 15:37:36 2025)
Out-of-bound Trials:
[   6    3 2586 1670 4050 4049]
Best Parameters: (chisq=0.0301)
[0.2899014  0.29920876 0.86283642 0.68320049 0.62705764 0.64706446]

[::        ]  20.0% completed  (Sat May 10 15:37:36 2025)
Out-of-bound Trials:
[  10    6 5473 3359 8399 8513]
Best Parameters: (chisq=0.0301)
[0.2899014  0.29920876 0.86283642 0.68320049 0.62705764 0.64706446]

[:::       ]  30.0% completed  (Sat May 10 15:37:37 2025)
Out-of-bound Trials:
[   17    11  8132  4983 12701 12708]
Best Parameters: (chisq=0.0301)
[0.2899014  0.29920876 0.86283642 0.68320049 0.62705764 0.64706446]

[::::      ]  40.0% completed  (Sat May 10 15:37:37 2025)
Out-of-bound Trials:
[   28    14 11123  6535 17082 16980]
Best Parameters: (chisq=0.0207)
[0.31978602 0.31377194 0.90878973 0.6727603  0.30258819 0.42016632]

[:::::     ]  50.0% completed  (Sat May 10 15:37:38 2025)
Out-of-bound Trials:
[   35    22 13754  8123 21509 21407]
Best Parameters: (chisq=0.0207)
[0.31978602 0.31377194 0.90878973 0.6727603  0.30258819 0.42016632]

[::::::    ]  60.0% completed  (Sat May 10 15:37:38 2025)
Out-of-bound Trials:
[   44    24 16366  9734 26008 25766]
Best Parameters: (chisq=0.0145)
[0.28980925 0.28625813 0.90203771 0.66558377 0.65032375 0.47522848]

[:::::::   ]  70.0% completed  (Sat May 10 15:37:39 2025)
Out-of-bound Trials:
[   49    27 19157 11304 30361 30189]
Best Parameters: (chisq=0.0145)
[0.28980925 0.28625813 0.90203771 0.66558377 0.65032375 0.47522848]

[::::::::  ]  80.0% completed  (Sat May 10 15:37:39 2025)
Out-of-bound Trials:
[   56    33 21756 12985 34891 34579]
Best Parameters: (chisq=0.0145)
[0.28980925 0.28625813 0.90203771 0.66558377 0.65032375 0.47522848]

[::::::::: ]  90.0% completed  (Sat May 10 15:37:40 2025)
Out-of-bound Trials:
[   63    36 24489 14571 39272 39119]
Best Parameters: (chisq=0.0145)
[0.28980925 0.28625813 0.90203771 0.66558377 0.65032375 0.47522848]

[::::::::::] 100.0% completed  (Sat May 10 15:37:40 2025)
Out-of-bound Trials:
[   73    37 27194 16079 43640 43642]
Best Parameters: (chisq=0.0145)
[0.28980925 0.28625813 0.90203771 0.66558377 0.65032375 0.47522848]

MCMC Summary:
-------------
  Number of evaluated samples:        200000
  Number of parallel chains:               5
  Average iterations per chain:        40000
  Burned-in iterations per chain:       2000
  Thinning factor:                         1
  MCMC sample size (thinned, burned): 190000
  Acceptance rate:   17.82%

Parameter name     best fit   median      1sigma_low   1sigma_hi        S/N
--------------- -----------  -----------------------------------  ---------
w                2.8981e-01   3.3142e-01 -6.0707e-02  6.3398e-02        4.8
b                2.8626e-01   3.2869e-01 -4.9147e-02  5.2158e-02        5.7
c                9.0204e-01   7.9628e-01 -1.7522e-01  1.3747e-01        6.2
dzeta            6.6558e-01   6.9754e-01 -1.6733e-01  1.6213e-01        4.3
B0               6.5032e-01   4.8494e-01 -3.3213e-01  3.3511e-01        2.3
h                4.7523e-01   5.2842e-01 -3.3717e-01  3.2109e-01        1.7

  Best-parameter's chi-squared:        0.0145
  Best-parameter's -2*log(posterior):  0.0145
  Bayesian Information Criterion:     13.8300
  Reduced chi-squared:                 0.0036
  Standard deviation of residuals:  0.000411496

For a detailed summary with all parameter posterior statistics see
/home/tenet/Documents/thesis/scripts/photometry/esa/data/inversion/inv-A2_A3-0.3_0.3_0.9_30_statistics.txt

Output sampler files:
  /home/tenet/Documents/thesis/scripts/photometry/esa/data/inversion/inv-A2_A3-0.3_0.3_0.9_30_statistics.txt
  /home/tenet/Documents/thesis/scripts/photometry/esa/data/inversion/inv-A2_A3-0.3_0.3_0.9_30.npz
  /home/tenet/Documents/thesis/scripts/photometry/esa/data/inversion/inv-A2_A3-0.3_0.3_0.9_30.log
