
::::::::::::::::::::::::::::::::::::::::::::::::::::::::::::::::::::::
  Multi-core Markov-chain Monte Carlo (mc3).
  Version 3.2.1.
  Copyright (c) 2015-2025 Patricio Cubillos and collaborators.
  mc3 is open-source software under the MIT license (see LICENSE).
::::::::::::::::::::::::::::::::::::::::::::::::::::::::::::::::::::::

Start MCMC chains  (Sat May 10 16:02:04 2025)

[:         ]  10.0% completed  (Sat May 10 16:02:05 2025)
Out-of-bound Trials:
[   0   12    6 2596 4226 4419]
Best Parameters: (chisq=0.0567)
[0.26477834 0.30078902 0.45948679 0.10065974 0.82661981 0.88700525]

[::        ]  20.0% completed  (Sat May 10 16:02:06 2025)
Out-of-bound Trials:
[   0   25   16 4942 8813 9066]
Best Parameters: (chisq=0.0439)
[0.31607978 0.30445456 0.52107223 0.05484183 0.38534172 0.27601621]

[:::       ]  30.0% completed  (Sat May 10 16:02:06 2025)
Out-of-bound Trials:
[    2    37    24  7566 13672 13740]
Best Parameters: (chisq=0.0439)
[0.31607978 0.30445456 0.52107223 0.05484183 0.38534172 0.27601621]

[::::      ]  40.0% completed  (Sat May 10 16:02:07 2025)
Out-of-bound Trials:
[    2    45    33 10263 18238 18339]
Best Parameters: (chisq=0.0357)
[0.30638527 0.30929429 0.51193442 0.04997106 0.3741016  0.57798828]

[:::::     ]  50.0% completed  (Sat May 10 16:02:07 2025)
Out-of-bound Trials:
[    2    58    41 12893 22686 22973]
Best Parameters: (chisq=0.0357)
[0.30638527 0.30929429 0.51193442 0.04997106 0.3741016  0.57798828]

[::::::    ]  60.0% completed  (Sat May 10 16:02:08 2025)
Out-of-bound Trials:
[    2    67    53 15669 27412 27883]
Best Parameters: (chisq=0.0258)
[0.30174203 0.29400884 0.50112111 0.03729743 0.51402349 0.43284072]

[:::::::   ]  70.0% completed  (Sat May 10 16:02:09 2025)
Out-of-bound Trials:
[    2    74    65 18287 32044 32628]
Best Parameters: (chisq=0.0258)
[0.30174203 0.29400884 0.50112111 0.03729743 0.51402349 0.43284072]

[::::::::  ]  80.0% completed  (Sat May 10 16:02:09 2025)
Out-of-bound Trials:
[    2    87    70 20880 36636 37249]
Best Parameters: (chisq=0.0258)
[0.30174203 0.29400884 0.50112111 0.03729743 0.51402349 0.43284072]

[::::::::: ]  90.0% completed  (Sat May 10 16:02:10 2025)
Out-of-bound Trials:
[    2   100    74 23592 41169 41906]
Best Parameters: (chisq=0.0258)
[0.30174203 0.29400884 0.50112111 0.03729743 0.51402349 0.43284072]

[::::::::::] 100.0% completed  (Sat May 10 16:02:10 2025)
Out-of-bound Trials:
[    3   116    81 26438 45960 46448]
Best Parameters: (chisq=0.0258)
[0.30174203 0.29400884 0.50112111 0.03729743 0.51402349 0.43284072]

MCMC Summary:
-------------
  Number of evaluated samples:        200000
  Number of parallel chains:               5
  Average iterations per chain:        40000
  Burned-in iterations per chain:       2000
  Thinning factor:                         1
  MCMC sample size (thinned, burned): 190000
  Acceptance rate:   15.88%

Parameter name     best fit   median      1sigma_low   1sigma_hi        S/N
--------------- -----------  -----------------------------------  ---------
w                3.0174e-01   3.0950e-01 -2.9143e-02  2.3364e-02       12.5
b                2.9401e-01   2.9769e-01 -3.4072e-02  3.1187e-02        8.9
c                5.0112e-01   5.1065e-01 -5.2425e-02  5.4133e-02        9.8
dzeta            3.7297e-02   7.7618e-02 -5.3832e-02  5.9269e-02        0.7
B0               5.1402e-01   5.0011e-01 -3.3826e-01  3.3652e-01        1.8
h                4.3284e-01   5.0421e-01 -3.3527e-01  3.3725e-01        1.5

  Best-parameter's chi-squared:        0.0258
  Best-parameter's -2*log(posterior):  0.0258
  Bayesian Information Criterion:     18.0002
  Reduced chi-squared:                 0.0018
  Standard deviation of residuals:  0.000734023

For a detailed summary with all parameter posterior statistics see
/home/tenet/Documents/thesis/scripts/photometry/esa/data/inversion/inv-A1_A2_A4_A5-0.3_0.3_0.5_0_statistics.txt

Output sampler files:
  /home/tenet/Documents/thesis/scripts/photometry/esa/data/inversion/inv-A1_A2_A4_A5-0.3_0.3_0.5_0_statistics.txt
  /home/tenet/Documents/thesis/scripts/photometry/esa/data/inversion/inv-A1_A2_A4_A5-0.3_0.3_0.5_0.npz
  /home/tenet/Documents/thesis/scripts/photometry/esa/data/inversion/inv-A1_A2_A4_A5-0.3_0.3_0.5_0.log
