
::::::::::::::::::::::::::::::::::::::::::::::::::::::::::::::::::::::
  Multi-core Markov-chain Monte Carlo (mc3).
  Version 3.2.1.
  Copyright (c) 2015-2025 Patricio Cubillos and collaborators.
  mc3 is open-source software under the MIT license (see LICENSE).
::::::::::::::::::::::::::::::::::::::::::::::::::::::::::::::::::::::

Start MCMC chains  (Sat May 10 15:29:25 2025)

[:         ]  10.0% completed  (Sat May 10 15:29:26 2025)
Out-of-bound Trials:
[ 945 3403 3794 3989 4635 4626]
Best Parameters: (chisq=0.0024)
[0.2889025  0.8893807  0.15631974 0.0730472  0.58803477 0.57889732]

[::        ]  20.0% completed  (Sat May 10 15:29:26 2025)
Out-of-bound Trials:
[2015 7588 7936 8077 9116 9129]
Best Parameters: (chisq=0.0024)
[0.2889025  0.8893807  0.15631974 0.0730472  0.58803477 0.57889732]

[:::       ]  30.0% completed  (Sat May 10 15:29:27 2025)
Out-of-bound Trials:
[ 3392 12003 12386 12007 13403 13616]
Best Parameters: (chisq=0.0024)
[0.2889025  0.8893807  0.15631974 0.0730472  0.58803477 0.57889732]

[::::      ]  40.0% completed  (Sat May 10 15:29:27 2025)
Out-of-bound Trials:
[ 4795 16327 16575 15719 17993 18190]
Best Parameters: (chisq=0.0024)
[0.2889025  0.8893807  0.15631974 0.0730472  0.58803477 0.57889732]

[:::::     ]  50.0% completed  (Sat May 10 15:29:28 2025)
Out-of-bound Trials:
[ 6241 20664 20911 19624 22467 22633]
Best Parameters: (chisq=0.0024)
[0.2889025  0.8893807  0.15631974 0.0730472  0.58803477 0.57889732]

[::::::    ]  60.0% completed  (Sat May 10 15:29:28 2025)
Out-of-bound Trials:
[ 7506 25153 25322 23501 27133 27027]
Best Parameters: (chisq=0.0024)
[0.2889025  0.8893807  0.15631974 0.0730472  0.58803477 0.57889732]

[:::::::   ]  70.0% completed  (Sat May 10 15:29:28 2025)
Out-of-bound Trials:
[ 8909 29633 29646 27751 31618 31513]
Best Parameters: (chisq=0.0024)
[0.2889025  0.8893807  0.15631974 0.0730472  0.58803477 0.57889732]

[::::::::  ]  80.0% completed  (Sat May 10 15:29:29 2025)
Out-of-bound Trials:
[10329 34047 33914 31556 36310 35693]
Best Parameters: (chisq=0.0024)
[0.2889025  0.8893807  0.15631974 0.0730472  0.58803477 0.57889732]

[::::::::: ]  90.0% completed  (Sat May 10 15:29:29 2025)
Out-of-bound Trials:
[11664 38368 38142 35702 40593 40299]
Best Parameters: (chisq=0.0024)
[0.2889025  0.8893807  0.15631974 0.0730472  0.58803477 0.57889732]

[::::::::::] 100.0% completed  (Sat May 10 15:29:30 2025)
Out-of-bound Trials:
[13103 42804 42514 39879 45349 45090]
Best Parameters: (chisq=0.0024)
[0.2889025  0.8893807  0.15631974 0.0730472  0.58803477 0.57889732]

MCMC Summary:
-------------
  Number of evaluated samples:        200000
  Number of parallel chains:               5
  Average iterations per chain:        40000
  Burned-in iterations per chain:       2000
  Thinning factor:                         1
  MCMC sample size (thinned, burned): 190000
  Acceptance rate:   13.40%

Parameter name     best fit   median      1sigma_low   1sigma_hi        S/N
--------------- -----------  -----------------------------------  ---------
w                2.8890e-01   2.0115e-01 -9.7465e-02  1.4009e-01        2.6
b                8.8938e-01   5.7771e-01 -3.7349e-01  2.8706e-01        3.1
c                1.5632e-01   3.7372e-01 -2.6893e-01  3.5712e-01        0.6
dzeta            7.3047e-02   3.7887e-01 -2.6033e-01  3.4812e-01        0.3
B0               5.8803e-01   4.8402e-01 -3.4120e-01  3.4730e-01        2.0
h                5.7890e-01   4.8559e-01 -3.4317e-01  3.4271e-01        2.0

  Best-parameter's chi-squared:       0.0024
  Best-parameter's -2*log(posterior): 0.0024
  Bayesian Information Criterion:     9.6591
  Reduced chi-squared:                   nan
  Standard deviation of residuals:  0.00021222

For a detailed summary with all parameter posterior statistics see
/home/tenet/Documents/thesis/scripts/photometry/esa/data/inversion/inv-A3-0.3_0.9_0.1_0_statistics.txt

Output sampler files:
  /home/tenet/Documents/thesis/scripts/photometry/esa/data/inversion/inv-A3-0.3_0.9_0.1_0_statistics.txt
  /home/tenet/Documents/thesis/scripts/photometry/esa/data/inversion/inv-A3-0.3_0.9_0.1_0.npz
  /home/tenet/Documents/thesis/scripts/photometry/esa/data/inversion/inv-A3-0.3_0.9_0.1_0.log
