
::::::::::::::::::::::::::::::::::::::::::::::::::::::::::::::::::::::
  Multi-core Markov-chain Monte Carlo (mc3).
  Version 3.2.1.
  Copyright (c) 2015-2025 Patricio Cubillos and collaborators.
  mc3 is open-source software under the MIT license (see LICENSE).
::::::::::::::::::::::::::::::::::::::::::::::::::::::::::::::::::::::

Start MCMC chains  (Sat May 10 15:38:01 2025)

[:         ]  10.0% completed  (Sat May 10 15:38:01 2025)
Out-of-bound Trials:
[  57  966  292 4452 4628 4078]
Best Parameters: (chisq=0.0363)
[0.27647762 0.90595301 0.11192216 0.5297088  0.38047077 0.73008411]

[::        ]  20.0% completed  (Sat May 10 15:38:02 2025)
Out-of-bound Trials:
[ 119 2066  908 9076 9300 8789]
Best Parameters: (chisq=0.0236)
[0.30969697 0.89990312 0.10325867 0.70933769 0.42573436 0.5774474 ]

[:::       ]  30.0% completed  (Sat May 10 15:38:02 2025)
Out-of-bound Trials:
[  171  3219  1483 13325 13890 13352]
Best Parameters: (chisq=0.0236)
[0.30969697 0.89990312 0.10325867 0.70933769 0.42573436 0.5774474 ]

[::::      ]  40.0% completed  (Sat May 10 15:38:03 2025)
Out-of-bound Trials:
[  228  4384  2107 17733 18604 17952]
Best Parameters: (chisq=0.0236)
[0.30969697 0.89990312 0.10325867 0.70933769 0.42573436 0.5774474 ]

[:::::     ]  50.0% completed  (Sat May 10 15:38:03 2025)
Out-of-bound Trials:
[  293  5539  2666 21987 23215 22570]
Best Parameters: (chisq=0.0236)
[0.30969697 0.89990312 0.10325867 0.70933769 0.42573436 0.5774474 ]

[::::::    ]  60.0% completed  (Sat May 10 15:38:04 2025)
Out-of-bound Trials:
[  358  7257  3250 26356 27786 27330]
Best Parameters: (chisq=0.0236)
[0.30969697 0.89990312 0.10325867 0.70933769 0.42573436 0.5774474 ]

[:::::::   ]  70.0% completed  (Sat May 10 15:38:04 2025)
Out-of-bound Trials:
[  423  8615  4023 30885 32314 31904]
Best Parameters: (chisq=0.0236)
[0.30969697 0.89990312 0.10325867 0.70933769 0.42573436 0.5774474 ]

[::::::::  ]  80.0% completed  (Sat May 10 15:38:05 2025)
Out-of-bound Trials:
[  501 10697  4860 35283 37050 36620]
Best Parameters: (chisq=0.0236)
[0.30969697 0.89990312 0.10325867 0.70933769 0.42573436 0.5774474 ]

[::::::::: ]  90.0% completed  (Sat May 10 15:38:05 2025)
Out-of-bound Trials:
[  575 12463  5830 39597 41769 41201]
Best Parameters: (chisq=0.0236)
[0.30969697 0.89990312 0.10325867 0.70933769 0.42573436 0.5774474 ]

[::::::::::] 100.0% completed  (Sat May 10 15:38:06 2025)
Out-of-bound Trials:
[  637 14857  6930 44105 46634 46110]
Best Parameters: (chisq=0.0236)
[0.30969697 0.89990312 0.10325867 0.70933769 0.42573436 0.5774474 ]

MCMC Summary:
-------------
  Number of evaluated samples:        200000
  Number of parallel chains:               5
  Average iterations per chain:        40000
  Burned-in iterations per chain:       2000
  Thinning factor:                         1
  MCMC sample size (thinned, burned): 190000
  Acceptance rate:   10.17%

Parameter name     best fit   median      1sigma_low   1sigma_hi        S/N
--------------- -----------  -----------------------------------  ---------
w                3.0970e-01   2.8072e-01 -7.4395e-02  7.0367e-02        4.5
b                8.9990e-01   9.1456e-01 -4.0144e-02  5.2432e-02       21.9
c                1.0326e-01   1.4287e-01 -4.2913e-02  9.3692e-02        1.0
dzeta            7.0934e-01   5.6113e-01 -3.4942e-01  3.0851e-01        2.5
B0               4.2573e-01   4.2752e-01 -3.0529e-01  3.7095e-01        1.5
h                5.7745e-01   5.1542e-01 -3.5540e-01  3.4114e-01        2.0

  Best-parameter's chi-squared:        0.0236
  Best-parameter's -2*log(posterior):  0.0236
  Bayesian Information Criterion:     13.8391
  Reduced chi-squared:                 0.0059
  Standard deviation of residuals:  0.00104828

For a detailed summary with all parameter posterior statistics see
/home/tenet/Documents/thesis/scripts/photometry/esa/data/inversion/inv-A2_A3-0.3_0.9_0.1_30_statistics.txt

Output sampler files:
  /home/tenet/Documents/thesis/scripts/photometry/esa/data/inversion/inv-A2_A3-0.3_0.9_0.1_30_statistics.txt
  /home/tenet/Documents/thesis/scripts/photometry/esa/data/inversion/inv-A2_A3-0.3_0.9_0.1_30.npz
  /home/tenet/Documents/thesis/scripts/photometry/esa/data/inversion/inv-A2_A3-0.3_0.9_0.1_30.log
