
::::::::::::::::::::::::::::::::::::::::::::::::::::::::::::::::::::::
  Multi-core Markov-chain Monte Carlo (mc3).
  Version 3.2.1.
  Copyright (c) 2015-2025 Patricio Cubillos and collaborators.
  mc3 is open-source software under the MIT license (see LICENSE).
::::::::::::::::::::::::::::::::::::::::::::::::::::::::::::::::::::::

Start MCMC chains  (Sat May 10 15:57:23 2025)

[:         ]  10.0% completed  (Sat May 10 15:57:23 2025)
Out-of-bound Trials:
[  58 1260  179  112 3676 4684]
Best Parameters: (chisq=0.0057)
[0.89975079 0.90410924 0.13526473 0.65434951 0.08790311 0.26085172]

[::        ]  20.0% completed  (Sat May 10 15:57:24 2025)
Out-of-bound Trials:
[  82 3771  611  171 7995 9314]
Best Parameters: (chisq=0.0023)
[0.90009748 0.9018063  0.09088441 0.67184049 0.63525736 0.78891405]

[:::       ]  30.0% completed  (Sat May 10 15:57:24 2025)
Out-of-bound Trials:
[   94  6567  2069   226 12448 14112]
Best Parameters: (chisq=0.0023)
[0.90009748 0.9018063  0.09088441 0.67184049 0.63525736 0.78891405]

[::::      ]  40.0% completed  (Sat May 10 15:57:25 2025)
Out-of-bound Trials:
[  104 10236  3954   276 17011 18929]
Best Parameters: (chisq=0.0023)
[0.90009748 0.9018063  0.09088441 0.67184049 0.63525736 0.78891405]

[:::::     ]  50.0% completed  (Sat May 10 15:57:26 2025)
Out-of-bound Trials:
[  127 12933  6246   341 21828 23729]
Best Parameters: (chisq=0.0023)
[0.90009748 0.9018063  0.09088441 0.67184049 0.63525736 0.78891405]

[::::::    ]  60.0% completed  (Sat May 10 15:57:26 2025)
Out-of-bound Trials:
[  144 15696  8559   400 26006 28507]
Best Parameters: (chisq=0.0023)
[0.90009748 0.9018063  0.09088441 0.67184049 0.63525736 0.78891405]

[:::::::   ]  70.0% completed  (Sat May 10 15:57:27 2025)
Out-of-bound Trials:
[  152 18811 10813   465 30572 33371]
Best Parameters: (chisq=0.0023)
[0.90009748 0.9018063  0.09088441 0.67184049 0.63525736 0.78891405]

[::::::::  ]  80.0% completed  (Sat May 10 15:57:27 2025)
Out-of-bound Trials:
[  160 22732 13591   520 35067 37924]
Best Parameters: (chisq=0.0023)
[0.90009748 0.9018063  0.09088441 0.67184049 0.63525736 0.78891405]

[::::::::: ]  90.0% completed  (Sat May 10 15:57:28 2025)
Out-of-bound Trials:
[  168 26239 16223   571 39524 42459]
Best Parameters: (chisq=0.0023)
[0.90009748 0.9018063  0.09088441 0.67184049 0.63525736 0.78891405]

[::::::::::] 100.0% completed  (Sat May 10 15:57:28 2025)
Out-of-bound Trials:
[  179 29950 19088   628 44303 47383]
Best Parameters: (chisq=0.0023)
[0.90009748 0.9018063  0.09088441 0.67184049 0.63525736 0.78891405]

MCMC Summary:
-------------
  Number of evaluated samples:        200000
  Number of parallel chains:               5
  Average iterations per chain:        40000
  Burned-in iterations per chain:       2000
  Thinning factor:                         1
  MCMC sample size (thinned, burned): 190000
  Acceptance rate:   9.49%

Parameter name     best fit   median      1sigma_low   1sigma_hi        S/N
--------------- -----------  -----------------------------------  ---------
w                9.0010e-01   8.9940e-01 -1.4571e-02  1.2481e-02       66.0
b                9.0181e-01   9.3691e-01 -6.6198e-02  4.6051e-02       17.7
c                9.0884e-02   1.4495e-01 -4.7903e-02  2.7125e-01        0.4
dzeta            6.7184e-01   6.4145e-01 -8.9343e-02  7.1977e-02        8.2
B0               6.3526e-01   4.4880e-01 -3.1204e-01  3.6718e-01        2.2
h                7.8891e-01   5.0139e-01 -3.4509e-01  3.4914e-01        2.7

  Best-parameter's chi-squared:        0.0023
  Best-parameter's -2*log(posterior):  0.0023
  Bayesian Information Criterion:     16.2506
  Reduced chi-squared:                 0.0003
  Standard deviation of residuals:  0.00121623

For a detailed summary with all parameter posterior statistics see
/home/tenet/Documents/thesis/scripts/photometry/esa/data/inversion/inv-A2_A4_A5-0.9_0.9_0.1_30_statistics.txt

Output sampler files:
  /home/tenet/Documents/thesis/scripts/photometry/esa/data/inversion/inv-A2_A4_A5-0.9_0.9_0.1_30_statistics.txt
  /home/tenet/Documents/thesis/scripts/photometry/esa/data/inversion/inv-A2_A4_A5-0.9_0.9_0.1_30.npz
  /home/tenet/Documents/thesis/scripts/photometry/esa/data/inversion/inv-A2_A4_A5-0.9_0.9_0.1_30.log
