
::::::::::::::::::::::::::::::::::::::::::::::::::::::::::::::::::::::
  Multi-core Markov-chain Monte Carlo (mc3).
  Version 3.2.1.
  Copyright (c) 2015-2025 Patricio Cubillos and collaborators.
  mc3 is open-source software under the MIT license (see LICENSE).
::::::::::::::::::::::::::::::::::::::::::::::::::::::::::::::::::::::

Start MCMC chains  (Sat May 10 15:55:34 2025)

[:         ]  10.0% completed  (Sat May 10 15:55:34 2025)
Out-of-bound Trials:
[ 779   14 2709  440 4255 3844]
Best Parameters: (chisq=0.0373)
[0.91082212 0.31942853 0.98798839 0.64799105 0.21764065 0.23006043]

[::        ]  20.0% completed  (Sat May 10 15:55:35 2025)
Out-of-bound Trials:
[1521   29 5487  948 8811 8039]
Best Parameters: (chisq=0.0217)
[0.88514968 0.29256922 0.81378894 0.69243851 0.74322605 0.9315459 ]

[:::       ]  30.0% completed  (Sat May 10 15:55:36 2025)
Out-of-bound Trials:
[ 2147    49  8186  1371 13427 12355]
Best Parameters: (chisq=0.0217)
[0.88514968 0.29256922 0.81378894 0.69243851 0.74322605 0.9315459 ]

[::::      ]  40.0% completed  (Sat May 10 15:55:36 2025)
Out-of-bound Trials:
[ 2916    57 11165  1870 17815 16642]
Best Parameters: (chisq=0.0217)
[0.88514968 0.29256922 0.81378894 0.69243851 0.74322605 0.9315459 ]

[:::::     ]  50.0% completed  (Sat May 10 15:55:37 2025)
Out-of-bound Trials:
[ 3518    61 14107  2213 22423 21209]
Best Parameters: (chisq=0.0217)
[0.88514968 0.29256922 0.81378894 0.69243851 0.74322605 0.9315459 ]

[::::::    ]  60.0% completed  (Sat May 10 15:55:37 2025)
Out-of-bound Trials:
[ 4260    80 17081  2708 27075 25382]
Best Parameters: (chisq=0.0217)
[0.88514968 0.29256922 0.81378894 0.69243851 0.74322605 0.9315459 ]

[:::::::   ]  70.0% completed  (Sat May 10 15:55:38 2025)
Out-of-bound Trials:
[ 4887    97 20146  3092 31589 29905]
Best Parameters: (chisq=0.0217)
[0.88514968 0.29256922 0.81378894 0.69243851 0.74322605 0.9315459 ]

[::::::::  ]  80.0% completed  (Sat May 10 15:55:38 2025)
Out-of-bound Trials:
[ 5384   114 23041  3365 36104 34268]
Best Parameters: (chisq=0.0217)
[0.88514968 0.29256922 0.81378894 0.69243851 0.74322605 0.9315459 ]

[::::::::: ]  90.0% completed  (Sat May 10 15:55:39 2025)
Out-of-bound Trials:
[ 6013   135 26026  3780 40728 38699]
Best Parameters: (chisq=0.0217)
[0.88514968 0.29256922 0.81378894 0.69243851 0.74322605 0.9315459 ]

[::::::::::] 100.0% completed  (Sat May 10 15:55:39 2025)
Out-of-bound Trials:
[ 6698   145 28771  4239 45147 43298]
Best Parameters: (chisq=0.0217)
[0.88514968 0.29256922 0.81378894 0.69243851 0.74322605 0.9315459 ]

MCMC Summary:
-------------
  Number of evaluated samples:        200000
  Number of parallel chains:               5
  Average iterations per chain:        40000
  Burned-in iterations per chain:       2000
  Thinning factor:                         1
  MCMC sample size (thinned, burned): 190000
  Acceptance rate:   17.50%

Parameter name     best fit   median      1sigma_low   1sigma_hi        S/N
--------------- -----------  -----------------------------------  ---------
w                8.8515e-01   9.1575e-01 -3.3394e-02  3.2073e-02       27.3
b                2.9257e-01   3.2914e-01 -5.9120e-02  6.4952e-02        4.7
c                8.1379e-01   8.0202e-01 -1.8437e-01  1.3516e-01        5.3
dzeta            6.9244e-01   6.9058e-01 -9.2400e-02  1.1324e-01        7.0
B0               7.4323e-01   5.6066e-01 -3.6396e-01  3.1072e-01        2.6
h                9.3155e-01   5.5817e-01 -3.5702e-01  3.0489e-01        3.3

  Best-parameter's chi-squared:        0.0217
  Best-parameter's -2*log(posterior):  0.0217
  Bayesian Information Criterion:     16.2700
  Reduced chi-squared:                 0.0024
  Standard deviation of residuals:  0.00110733

For a detailed summary with all parameter posterior statistics see
/home/tenet/Documents/thesis/scripts/photometry/esa/data/inversion/inv-A2_A3_A5-0.9_0.3_0.9_30_statistics.txt

Output sampler files:
  /home/tenet/Documents/thesis/scripts/photometry/esa/data/inversion/inv-A2_A3_A5-0.9_0.3_0.9_30_statistics.txt
  /home/tenet/Documents/thesis/scripts/photometry/esa/data/inversion/inv-A2_A3_A5-0.9_0.3_0.9_30.npz
  /home/tenet/Documents/thesis/scripts/photometry/esa/data/inversion/inv-A2_A3_A5-0.9_0.3_0.9_30.log
