
::::::::::::::::::::::::::::::::::::::::::::::::::::::::::::::::::::::
  Multi-core Markov-chain Monte Carlo (mc3).
  Version 3.2.1.
  Copyright (c) 2015-2025 Patricio Cubillos and collaborators.
  mc3 is open-source software under the MIT license (see LICENSE).
::::::::::::::::::::::::::::::::::::::::::::::::::::::::::::::::::::::

Start MCMC chains  (Sat May 10 15:42:16 2025)

[:         ]  10.0% completed  (Sat May 10 15:42:16 2025)
Out-of-bound Trials:
[ 955 1880 2825  308 4163 4587]
Best Parameters: (chisq=0.0634)
[0.89006623 0.26438337 0.50724089 0.68962185 0.70838837 0.59729799]

[::        ]  20.0% completed  (Sat May 10 15:42:17 2025)
Out-of-bound Trials:
[1786 4346 5842  580 8570 9093]
Best Parameters: (chisq=0.0634)
[0.89006623 0.26438337 0.50724089 0.68962185 0.70838837 0.59729799]

[:::       ]  30.0% completed  (Sat May 10 15:42:17 2025)
Out-of-bound Trials:
[ 2703  6608  8978   847 13097 13689]
Best Parameters: (chisq=0.0299)
[0.90590738 0.32145265 0.49918693 0.65748753 0.27811156 0.85625467]

[::::      ]  40.0% completed  (Sat May 10 15:42:18 2025)
Out-of-bound Trials:
[ 3648  9126 12384  1166 17723 18326]
Best Parameters: (chisq=0.0299)
[0.90590738 0.32145265 0.49918693 0.65748753 0.27811156 0.85625467]

[:::::     ]  50.0% completed  (Sat May 10 15:42:18 2025)
Out-of-bound Trials:
[ 4583 11876 15556  1483 22158 22861]
Best Parameters: (chisq=0.0181)
[0.9046859  0.31390853 0.5028291  0.65351506 0.53060664 0.24459621]

[::::::    ]  60.0% completed  (Sat May 10 15:42:19 2025)
Out-of-bound Trials:
[ 5708 14723 18906  1825 26739 27286]
Best Parameters: (chisq=0.0181)
[0.9046859  0.31390853 0.5028291  0.65351506 0.53060664 0.24459621]

[:::::::   ]  70.0% completed  (Sat May 10 15:42:19 2025)
Out-of-bound Trials:
[ 6764 17420 22510  2193 31493 32048]
Best Parameters: (chisq=0.0181)
[0.9046859  0.31390853 0.5028291  0.65351506 0.53060664 0.24459621]

[::::::::  ]  80.0% completed  (Sat May 10 15:42:19 2025)
Out-of-bound Trials:
[ 7727 20190 25792  2527 36167 36570]
Best Parameters: (chisq=0.0181)
[0.9046859  0.31390853 0.5028291  0.65351506 0.53060664 0.24459621]

[::::::::: ]  90.0% completed  (Sat May 10 15:42:20 2025)
Out-of-bound Trials:
[ 9037 23193 29053  2900 40494 41101]
Best Parameters: (chisq=0.0181)
[0.9046859  0.31390853 0.5028291  0.65351506 0.53060664 0.24459621]

[::::::::::] 100.0% completed  (Sat May 10 15:42:20 2025)
Out-of-bound Trials:
[10007 25930 32248  3256 45085 45633]
Best Parameters: (chisq=0.0181)
[0.9046859  0.31390853 0.5028291  0.65351506 0.53060664 0.24459621]

MCMC Summary:
-------------
  Number of evaluated samples:        200000
  Number of parallel chains:               5
  Average iterations per chain:        40000
  Burned-in iterations per chain:       2000
  Thinning factor:                         1
  MCMC sample size (thinned, burned): 190000
  Acceptance rate:   14.09%

Parameter name     best fit   median      1sigma_low   1sigma_hi        S/N
--------------- -----------  -----------------------------------  ---------
w                9.0469e-01   9.1332e-01 -4.1957e-02  3.9316e-02       23.3
b                3.1391e-01   2.6545e-01 -1.5408e-01  2.0024e-01        1.6
c                5.0283e-01   4.8430e-01 -2.7619e-01  2.9349e-01        2.0
dzeta            6.5352e-01   6.9810e-01 -1.1877e-01  1.0238e-01        6.2
B0               5.3061e-01   5.1438e-01 -3.4660e-01  3.3069e-01        1.8
h                2.4460e-01   4.9359e-01 -3.3918e-01  3.4522e-01        0.8

  Best-parameter's chi-squared:        0.0181
  Best-parameter's -2*log(posterior):  0.0181
  Bayesian Information Criterion:     13.8336
  Reduced chi-squared:                 0.0045
  Standard deviation of residuals:  0.0015879

For a detailed summary with all parameter posterior statistics see
/home/tenet/Documents/thesis/scripts/photometry/esa/data/inversion/inv-A3_A4-0.9_0.3_0.5_30_statistics.txt

Output sampler files:
  /home/tenet/Documents/thesis/scripts/photometry/esa/data/inversion/inv-A3_A4-0.9_0.3_0.5_30_statistics.txt
  /home/tenet/Documents/thesis/scripts/photometry/esa/data/inversion/inv-A3_A4-0.9_0.3_0.5_30.npz
  /home/tenet/Documents/thesis/scripts/photometry/esa/data/inversion/inv-A3_A4-0.9_0.3_0.5_30.log
