
::::::::::::::::::::::::::::::::::::::::::::::::::::::::::::::::::::::
  Multi-core Markov-chain Monte Carlo (mc3).
  Version 3.2.1.
  Copyright (c) 2015-2025 Patricio Cubillos and collaborators.
  mc3 is open-source software under the MIT license (see LICENSE).
::::::::::::::::::::::::::::::::::::::::::::::::::::::::::::::::::::::

Start MCMC chains  (Sat May 10 15:28:51 2025)

[:         ]  10.0% completed  (Sat May 10 15:28:52 2025)
Out-of-bound Trials:
[ 290 1346  280 3944 4453 4232]
Best Parameters: (chisq=0.0575)
[0.9052138  0.90928422 0.12538963 0.09646636 0.20280087 0.86096369]

[::        ]  20.0% completed  (Sat May 10 15:28:52 2025)
Out-of-bound Trials:
[ 529 3040  649 8304 8892 8704]
Best Parameters: (chisq=0.0480)
[0.89450246 0.89274347 0.08385745 0.10993226 0.89220309 0.36827859]

[:::       ]  30.0% completed  (Sat May 10 15:28:52 2025)
Out-of-bound Trials:
[  669  5636  1558 12395 13750 13464]
Best Parameters: (chisq=0.0293)
[0.90184173 0.90589639 0.1233261  0.06553498 0.19755173 0.46925589]

[::::      ]  40.0% completed  (Sat May 10 15:28:53 2025)
Out-of-bound Trials:
[  846  8041  2702 16400 18826 18092]
Best Parameters: (chisq=0.0293)
[0.90184173 0.90589639 0.1233261  0.06553498 0.19755173 0.46925589]

[:::::     ]  50.0% completed  (Sat May 10 15:28:53 2025)
Out-of-bound Trials:
[ 1072 11678  4866 20365 23054 22746]
Best Parameters: (chisq=0.0293)
[0.90184173 0.90589639 0.1233261  0.06553498 0.19755173 0.46925589]

[::::::    ]  60.0% completed  (Sat May 10 15:28:54 2025)
Out-of-bound Trials:
[ 1359 15824  7086 24508 27424 27868]
Best Parameters: (chisq=0.0293)
[0.90184173 0.90589639 0.1233261  0.06553498 0.19755173 0.46925589]

[:::::::   ]  70.0% completed  (Sat May 10 15:28:54 2025)
Out-of-bound Trials:
[ 1603 19636  9250 28616 32058 32744]
Best Parameters: (chisq=0.0293)
[0.90184173 0.90589639 0.1233261  0.06553498 0.19755173 0.46925589]

[::::::::  ]  80.0% completed  (Sat May 10 15:28:55 2025)
Out-of-bound Trials:
[ 1767 23836 12029 32680 36690 37179]
Best Parameters: (chisq=0.0293)
[0.90184173 0.90589639 0.1233261  0.06553498 0.19755173 0.46925589]

[::::::::: ]  90.0% completed  (Sat May 10 15:28:55 2025)
Out-of-bound Trials:
[ 1913 27171 14949 36672 41052 41684]
Best Parameters: (chisq=0.0293)
[0.90184173 0.90589639 0.1233261  0.06553498 0.19755173 0.46925589]

[::::::::::] 100.0% completed  (Sat May 10 15:28:55 2025)
Out-of-bound Trials:
[ 2184 30979 17804 40575 45736 46431]
Best Parameters: (chisq=0.0293)
[0.90184173 0.90589639 0.1233261  0.06553498 0.19755173 0.46925589]

MCMC Summary:
-------------
  Number of evaluated samples:        200000
  Number of parallel chains:               5
  Average iterations per chain:        40000
  Burned-in iterations per chain:       2000
  Thinning factor:                         1
  MCMC sample size (thinned, burned): 190000
  Acceptance rate:   8.06%

Parameter name     best fit   median      1sigma_low   1sigma_hi        S/N
--------------- -----------  -----------------------------------  ---------
w                9.0184e-01   9.1901e-01 -2.4868e-02  2.0930e-02       35.1
b                9.0590e-01   9.4586e-01 -6.3857e-02  3.8412e-02       19.4
c                1.2333e-01   1.5900e-01 -5.6731e-02  2.9704e-01        0.6
dzeta            6.5535e-02   2.9660e-01 -2.0829e-01  3.6096e-01        0.3
B0               1.9755e-01   4.5199e-01 -3.1889e-01  3.6255e-01        0.7
h                4.6926e-01   5.0499e-01 -3.4897e-01  3.4549e-01        1.6

  Best-parameter's chi-squared:       0.0293
  Best-parameter's -2*log(posterior): 0.0293
  Bayesian Information Criterion:     9.6859
  Reduced chi-squared:                   nan
  Standard deviation of residuals:  0.00337439

For a detailed summary with all parameter posterior statistics see
/home/tenet/Documents/thesis/scripts/photometry/esa/data/inversion/inv-A2-0.9_0.9_0.1_0_statistics.txt

Output sampler files:
  /home/tenet/Documents/thesis/scripts/photometry/esa/data/inversion/inv-A2-0.9_0.9_0.1_0_statistics.txt
  /home/tenet/Documents/thesis/scripts/photometry/esa/data/inversion/inv-A2-0.9_0.9_0.1_0.npz
  /home/tenet/Documents/thesis/scripts/photometry/esa/data/inversion/inv-A2-0.9_0.9_0.1_0.log
