
::::::::::::::::::::::::::::::::::::::::::::::::::::::::::::::::::::::
  Multi-core Markov-chain Monte Carlo (mc3).
  Version 3.2.1.
  Copyright (c) 2015-2025 Patricio Cubillos and collaborators.
  mc3 is open-source software under the MIT license (see LICENSE).
::::::::::::::::::::::::::::::::::::::::::::::::::::::::::::::::::::::

Start MCMC chains  (Sat May 10 15:39:55 2025)

[:         ]  10.0% completed  (Sat May 10 15:39:56 2025)
Out-of-bound Trials:
[  46 1875  829  100 3956 3926]
Best Parameters: (chisq=0.1344)
[0.90429716 0.92417092 0.13388749 0.67306718 0.21278079 0.67057133]

[::        ]  20.0% completed  (Sat May 10 15:39:56 2025)
Out-of-bound Trials:
[  77 3821 1620  264 8788 8578]
Best Parameters: (chisq=0.0681)
[0.89621614 0.88562426 0.09610993 0.65933523 0.53856396 0.4183979 ]

[:::       ]  30.0% completed  (Sat May 10 15:39:57 2025)
Out-of-bound Trials:
[   97  6551  2676   370 13439 13204]
Best Parameters: (chisq=0.0454)
[0.89842746 0.87933586 0.10610999 0.66950525 0.77977399 0.05835763]

[::::      ]  40.0% completed  (Sat May 10 15:39:57 2025)
Out-of-bound Trials:
[  115  9932  4098   461 18146 17813]
Best Parameters: (chisq=0.0454)
[0.89842746 0.87933586 0.10610999 0.66950525 0.77977399 0.05835763]

[:::::     ]  50.0% completed  (Sat May 10 15:39:58 2025)
Out-of-bound Trials:
[  133 13516  6103   566 22899 22565]
Best Parameters: (chisq=0.0454)
[0.89842746 0.87933586 0.10610999 0.66950525 0.77977399 0.05835763]

[::::::    ]  60.0% completed  (Sat May 10 15:39:58 2025)
Out-of-bound Trials:
[  148 17241  8577   663 27569 26914]
Best Parameters: (chisq=0.0454)
[0.89842746 0.87933586 0.10610999 0.66950525 0.77977399 0.05835763]

[:::::::   ]  70.0% completed  (Sat May 10 15:39:59 2025)
Out-of-bound Trials:
[  170 20146 11396   782 32403 31639]
Best Parameters: (chisq=0.0454)
[0.89842746 0.87933586 0.10610999 0.66950525 0.77977399 0.05835763]

[::::::::  ]  80.0% completed  (Sat May 10 15:39:59 2025)
Out-of-bound Trials:
[  195 23889 14001   911 37254 36300]
Best Parameters: (chisq=0.0454)
[0.89842746 0.87933586 0.10610999 0.66950525 0.77977399 0.05835763]

[::::::::: ]  90.0% completed  (Sat May 10 15:40:00 2025)
Out-of-bound Trials:
[  218 27044 16818  1037 41836 40706]
Best Parameters: (chisq=0.0454)
[0.89842746 0.87933586 0.10610999 0.66950525 0.77977399 0.05835763]

[::::::::::] 100.0% completed  (Sat May 10 15:40:00 2025)
Out-of-bound Trials:
[  232 29873 19534  1264 46445 45348]
Best Parameters: (chisq=0.0192)
[0.89924073 0.89795296 0.10208813 0.65777916 0.48206408 0.38653484]

MCMC Summary:
-------------
  Number of evaluated samples:        200000
  Number of parallel chains:               5
  Average iterations per chain:        40000
  Burned-in iterations per chain:       2000
  Thinning factor:                         1
  MCMC sample size (thinned, burned): 190000
  Acceptance rate:   9.06%

Parameter name     best fit   median      1sigma_low   1sigma_hi        S/N
--------------- -----------  -----------------------------------  ---------
w                8.9924e-01   8.9774e-01 -2.0561e-02  1.5976e-02       47.2
b                8.9795e-01   9.3116e-01 -6.8456e-02  5.0436e-02       16.7
c                1.0209e-01   1.4231e-01 -4.3990e-02  2.5267e-01        0.5
dzeta            6.5778e-01   6.3282e-01 -1.1341e-01  8.5760e-02        6.3
B0               4.8206e-01   4.3054e-01 -3.1352e-01  3.6776e-01        1.7
h                3.8653e-01   4.7706e-01 -3.3138e-01  3.4346e-01        1.3

  Best-parameter's chi-squared:        0.0192
  Best-parameter's -2*log(posterior):  0.0192
  Bayesian Information Criterion:     13.8347
  Reduced chi-squared:                 0.0048
  Standard deviation of residuals:  0.0014354

For a detailed summary with all parameter posterior statistics see
/home/tenet/Documents/thesis/scripts/photometry/esa/data/inversion/inv-A2_A4-0.9_0.9_0.1_30_statistics.txt

Output sampler files:
  /home/tenet/Documents/thesis/scripts/photometry/esa/data/inversion/inv-A2_A4-0.9_0.9_0.1_30_statistics.txt
  /home/tenet/Documents/thesis/scripts/photometry/esa/data/inversion/inv-A2_A4-0.9_0.9_0.1_30.npz
  /home/tenet/Documents/thesis/scripts/photometry/esa/data/inversion/inv-A2_A4-0.9_0.9_0.1_30.log
