
::::::::::::::::::::::::::::::::::::::::::::::::::::::::::::::::::::::
  Multi-core Markov-chain Monte Carlo (mc3).
  Version 3.2.1.
  Copyright (c) 2015-2025 Patricio Cubillos and collaborators.
  mc3 is open-source software under the MIT license (see LICENSE).
::::::::::::::::::::::::::::::::::::::::::::::::::::::::::::::::::::::

Start MCMC chains  (Sat May 10 15:52:36 2025)

[:         ]  10.0% completed  (Sat May 10 15:52:37 2025)
Out-of-bound Trials:
[2072 4296 2802 2807 4008 4449]
Best Parameters: (chisq=0.0583)
[0.29993382 0.94464182 0.16712179 0.53168694 0.82966258 0.87438344]

[::        ]  20.0% completed  (Sat May 10 15:52:37 2025)
Out-of-bound Trials:
[4586 9158 6455 5910 8047 9068]
Best Parameters: (chisq=0.0583)
[0.29993382 0.94464182 0.16712179 0.53168694 0.82966258 0.87438344]

[:::       ]  30.0% completed  (Sat May 10 15:52:38 2025)
Out-of-bound Trials:
[ 6710 14332 10572  8951 12215 13634]
Best Parameters: (chisq=0.0583)
[0.29993382 0.94464182 0.16712179 0.53168694 0.82966258 0.87438344]

[::::      ]  40.0% completed  (Sat May 10 15:52:38 2025)
Out-of-bound Trials:
[ 8740 19202 14610 12424 16308 18320]
Best Parameters: (chisq=0.0583)
[0.29993382 0.94464182 0.16712179 0.53168694 0.82966258 0.87438344]

[:::::     ]  50.0% completed  (Sat May 10 15:52:39 2025)
Out-of-bound Trials:
[11113 23993 18585 15555 20787 22935]
Best Parameters: (chisq=0.0555)
[0.30415391 0.93835783 0.15523848 0.49528264 0.86344175 0.07060148]

[::::::    ]  60.0% completed  (Sat May 10 15:52:39 2025)
Out-of-bound Trials:
[13210 28870 22573 18726 25201 27563]
Best Parameters: (chisq=0.0555)
[0.30415391 0.93835783 0.15523848 0.49528264 0.86344175 0.07060148]

[:::::::   ]  70.0% completed  (Sat May 10 15:52:40 2025)
Out-of-bound Trials:
[15380 33755 26751 22025 29740 31977]
Best Parameters: (chisq=0.0555)
[0.30415391 0.93835783 0.15523848 0.49528264 0.86344175 0.07060148]

[::::::::  ]  80.0% completed  (Sat May 10 15:52:40 2025)
Out-of-bound Trials:
[17569 38767 30476 25106 34317 36563]
Best Parameters: (chisq=0.0555)
[0.30415391 0.93835783 0.15523848 0.49528264 0.86344175 0.07060148]

[::::::::: ]  90.0% completed  (Sat May 10 15:52:41 2025)
Out-of-bound Trials:
[19430 43736 34284 28412 38852 40946]
Best Parameters: (chisq=0.0555)
[0.30415391 0.93835783 0.15523848 0.49528264 0.86344175 0.07060148]

[::::::::::] 100.0% completed  (Sat May 10 15:52:41 2025)
Out-of-bound Trials:
[21524 48975 38173 31643 43601 45595]
Best Parameters: (chisq=0.0555)
[0.30415391 0.93835783 0.15523848 0.49528264 0.86344175 0.07060148]

MCMC Summary:
-------------
  Number of evaluated samples:        200000
  Number of parallel chains:               5
  Average iterations per chain:        40000
  Burned-in iterations per chain:       2000
  Thinning factor:                         1
  MCMC sample size (thinned, burned): 190000
  Acceptance rate:   9.13%

Parameter name     best fit   median      1sigma_low   1sigma_hi        S/N
--------------- -----------  -----------------------------------  ---------
w                3.0415e-01   1.2332e-01 -5.4127e-02  1.5802e-01        3.2
b                9.3836e-01   5.0281e-01 -3.1491e-01  4.1531e-01        3.1
c                1.5524e-01   2.7019e-01 -1.8088e-01  3.5170e-01        0.6
dzeta            4.9528e-01   6.0649e-01 -2.9090e-01  2.5437e-01        2.0
B0               8.6344e-01   4.6676e-01 -3.2378e-01  3.4435e-01        3.0
h                7.0601e-02   4.6854e-01 -3.2867e-01  3.5100e-01        0.2

  Best-parameter's chi-squared:        0.0555
  Best-parameter's -2*log(posterior):  0.0555
  Bayesian Information Criterion:     16.3038
  Reduced chi-squared:                 0.0062
  Standard deviation of residuals:  0.000575783

For a detailed summary with all parameter posterior statistics see
/home/tenet/Documents/thesis/scripts/photometry/esa/data/inversion/inv-A1_A4_A5-0.3_0.9_0.1_30_statistics.txt

Output sampler files:
  /home/tenet/Documents/thesis/scripts/photometry/esa/data/inversion/inv-A1_A4_A5-0.3_0.9_0.1_30_statistics.txt
  /home/tenet/Documents/thesis/scripts/photometry/esa/data/inversion/inv-A1_A4_A5-0.3_0.9_0.1_30.npz
  /home/tenet/Documents/thesis/scripts/photometry/esa/data/inversion/inv-A1_A4_A5-0.3_0.9_0.1_30.log
