
::::::::::::::::::::::::::::::::::::::::::::::::::::::::::::::::::::::
  Multi-core Markov-chain Monte Carlo (mc3).
  Version 3.2.1.
  Copyright (c) 2015-2025 Patricio Cubillos and collaborators.
  mc3 is open-source software under the MIT license (see LICENSE).
::::::::::::::::::::::::::::::::::::::::::::::::::::::::::::::::::::::

Start MCMC chains  (Sat May 10 16:07:34 2025)

[:         ]  10.0% completed  (Sat May 10 16:07:35 2025)
Out-of-bound Trials:
[  63  206   57 2599 4037 4214]
Best Parameters: (chisq=0.0336)
[0.90073367 0.90109764 0.09445009 0.0536599  0.59321298 0.55200605]

[::        ]  20.0% completed  (Sat May 10 16:07:36 2025)
Out-of-bound Trials:
[  74  272  101 5492 8383 8992]
Best Parameters: (chisq=0.0336)
[0.90073367 0.90109764 0.09445009 0.0536599  0.59321298 0.55200605]

[:::       ]  30.0% completed  (Sat May 10 16:07:36 2025)
Out-of-bound Trials:
[   83   339   153  8282 12772 14037]
Best Parameters: (chisq=0.0167)
[0.90050339 0.89853175 0.09557822 0.02182642 0.62975902 0.26501855]

[::::      ]  40.0% completed  (Sat May 10 16:07:37 2025)
Out-of-bound Trials:
[   91   395   189 11091 17546 19026]
Best Parameters: (chisq=0.0167)
[0.90050339 0.89853175 0.09557822 0.02182642 0.62975902 0.26501855]

[:::::     ]  50.0% completed  (Sat May 10 16:07:37 2025)
Out-of-bound Trials:
[  100   462   222 13754 22188 24088]
Best Parameters: (chisq=0.0167)
[0.90050339 0.89853175 0.09557822 0.02182642 0.62975902 0.26501855]

[::::::    ]  60.0% completed  (Sat May 10 16:07:38 2025)
Out-of-bound Trials:
[  108   517   273 16461 26885 29013]
Best Parameters: (chisq=0.0167)
[0.90050339 0.89853175 0.09557822 0.02182642 0.62975902 0.26501855]

[:::::::   ]  70.0% completed  (Sat May 10 16:07:39 2025)
Out-of-bound Trials:
[  113   569   306 19046 31418 33983]
Best Parameters: (chisq=0.0167)
[0.90050339 0.89853175 0.09557822 0.02182642 0.62975902 0.26501855]

[::::::::  ]  80.0% completed  (Sat May 10 16:07:39 2025)
Out-of-bound Trials:
[  119   628   347 21666 36171 39030]
Best Parameters: (chisq=0.0167)
[0.90003715 0.90268236 0.09251424 0.06556459 0.63937091 0.55646942]

[::::::::: ]  90.0% completed  (Sat May 10 16:07:40 2025)
Out-of-bound Trials:
[  128   698   390 24391 40691 44070]
Best Parameters: (chisq=0.0167)
[0.90003715 0.90268236 0.09251424 0.06556459 0.63937091 0.55646942]

[::::::::::] 100.0% completed  (Sat May 10 16:07:41 2025)
Out-of-bound Trials:
[  129   754   432 27062 45272 49182]
Best Parameters: (chisq=0.0167)
[0.90003715 0.90268236 0.09251424 0.06556459 0.63937091 0.55646942]

MCMC Summary:
-------------
  Number of evaluated samples:        200000
  Number of parallel chains:               5
  Average iterations per chain:        40000
  Burned-in iterations per chain:       2000
  Thinning factor:                         1
  MCMC sample size (thinned, burned): 190000
  Acceptance rate:   18.40%

Parameter name     best fit   median      1sigma_low   1sigma_hi        S/N
--------------- -----------  -----------------------------------  ---------
w                9.0004e-01   9.0036e-01 -6.7144e-03  6.3385e-03      137.0
b                9.0268e-01   8.9442e-01 -1.8619e-02  1.7983e-02       47.9
c                9.2514e-02   1.0652e-01 -2.0606e-02  2.3561e-02        4.4
dzeta            6.5565e-02   7.8744e-02 -5.3984e-02  6.0986e-02        1.3
B0               6.3937e-01   4.5932e-01 -3.1591e-01  3.4852e-01        2.2
h                5.5647e-01   4.7041e-01 -3.4732e-01  3.5770e-01        1.9

  Best-parameter's chi-squared:        0.0167
  Best-parameter's -2*log(posterior):  0.0167
  Bayesian Information Criterion:     19.3299
  Reduced chi-squared:                 0.0009
  Standard deviation of residuals:  0.00134811

For a detailed summary with all parameter posterior statistics see
/home/tenet/Documents/thesis/scripts/photometry/esa/data/inversion/inv-A1_A2_A3_A4_A5-0.9_0.9_0.1_0_statistics.txt

Output sampler files:
  /home/tenet/Documents/thesis/scripts/photometry/esa/data/inversion/inv-A1_A2_A3_A4_A5-0.9_0.9_0.1_0_statistics.txt
  /home/tenet/Documents/thesis/scripts/photometry/esa/data/inversion/inv-A1_A2_A3_A4_A5-0.9_0.9_0.1_0.npz
  /home/tenet/Documents/thesis/scripts/photometry/esa/data/inversion/inv-A1_A2_A3_A4_A5-0.9_0.9_0.1_0.log
