
::::::::::::::::::::::::::::::::::::::::::::::::::::::::::::::::::::::
  Multi-core Markov-chain Monte Carlo (mc3).
  Version 3.2.1.
  Copyright (c) 2015-2025 Patricio Cubillos and collaborators.
  mc3 is open-source software under the MIT license (see LICENSE).
::::::::::::::::::::::::::::::::::::::::::::::::::::::::::::::::::::::

Start MCMC chains  (Sat May 10 15:48:58 2025)

[:         ]  10.0% completed  (Sat May 10 15:48:58 2025)
Out-of-bound Trials:
[ 507  382 1326   35 3967 4000]
Best Parameters: (chisq=0.0919)
[0.89812505 0.27406208 0.53195844 0.65156653 0.55954256 0.32263745]

[::        ]  20.0% completed  (Sat May 10 15:48:59 2025)
Out-of-bound Trials:
[ 977  838 2959   80 8478 8326]
Best Parameters: (chisq=0.0919)
[0.89812505 0.27406208 0.53195844 0.65156653 0.55954256 0.32263745]

[:::       ]  30.0% completed  (Sat May 10 15:48:59 2025)
Out-of-bound Trials:
[ 1457  1286  4728   114 13072 12957]
Best Parameters: (chisq=0.0831)
[0.91192145 0.32015244 0.5406473  0.65493601 0.36752258 0.16066854]

[::::      ]  40.0% completed  (Sat May 10 15:49:00 2025)
Out-of-bound Trials:
[ 1905  1755  6440   152 17647 17347]
Best Parameters: (chisq=0.0831)
[0.91192145 0.32015244 0.5406473  0.65493601 0.36752258 0.16066854]

[:::::     ]  50.0% completed  (Sat May 10 15:49:00 2025)
Out-of-bound Trials:
[ 2470  2239  8209   219 22068 21651]
Best Parameters: (chisq=0.0542)
[0.90323286 0.30352286 0.46938781 0.68231567 0.57851677 0.46236586]

[::::::    ]  60.0% completed  (Sat May 10 15:49:01 2025)
Out-of-bound Trials:
[ 3046  2657  9899   292 26687 26022]
Best Parameters: (chisq=0.0432)
[0.8969618  0.29586485 0.52272398 0.66353724 0.43733203 0.74474718]

[:::::::   ]  70.0% completed  (Sat May 10 15:49:01 2025)
Out-of-bound Trials:
[ 3497  3143 11614   335 31213 30357]
Best Parameters: (chisq=0.0432)
[0.8969618  0.29586485 0.52272398 0.66353724 0.43733203 0.74474718]

[::::::::  ]  80.0% completed  (Sat May 10 15:49:02 2025)
Out-of-bound Trials:
[ 4025  3606 13299   386 35876 35038]
Best Parameters: (chisq=0.0432)
[0.8969618  0.29586485 0.52272398 0.66353724 0.43733203 0.74474718]

[::::::::: ]  90.0% completed  (Sat May 10 15:49:03 2025)
Out-of-bound Trials:
[ 4466  4014 14737   436 40522 39452]
Best Parameters: (chisq=0.0432)
[0.8969618  0.29586485 0.52272398 0.66353724 0.43733203 0.74474718]

[::::::::::] 100.0% completed  (Sat May 10 15:49:03 2025)
Out-of-bound Trials:
[ 4931  4420 16543   490 45095 43878]
Best Parameters: (chisq=0.0432)
[0.8969618  0.29586485 0.52272398 0.66353724 0.43733203 0.74474718]

MCMC Summary:
-------------
  Number of evaluated samples:        200000
  Number of parallel chains:               5
  Average iterations per chain:        40000
  Burned-in iterations per chain:       2000
  Thinning factor:                         1
  MCMC sample size (thinned, burned): 190000
  Acceptance rate:   16.72%

Parameter name     best fit   median      1sigma_low   1sigma_hi        S/N
--------------- -----------  -----------------------------------  ---------
w                8.9696e-01   8.9262e-01 -3.6855e-02  4.1031e-02       23.6
b                2.9586e-01   2.7456e-01 -9.7633e-02  9.3048e-02        3.1
c                5.2272e-01   5.5825e-01 -2.0090e-01  2.2253e-01        2.6
dzeta            6.6354e-01   6.4664e-01 -6.8383e-02  9.1235e-02        8.5
B0               4.3733e-01   5.4911e-01 -3.6176e-01  3.1666e-01        1.5
h                7.4475e-01   4.9173e-01 -3.2309e-01  3.4031e-01        2.6

  Best-parameter's chi-squared:        0.0432
  Best-parameter's -2*log(posterior):  0.0432
  Bayesian Information Criterion:     16.2915
  Reduced chi-squared:                 0.0048
  Standard deviation of residuals:  0.00374444

For a detailed summary with all parameter posterior statistics see
/home/tenet/Documents/thesis/scripts/photometry/esa/data/inversion/inv-A1_A2_A5-0.9_0.3_0.5_30_statistics.txt

Output sampler files:
  /home/tenet/Documents/thesis/scripts/photometry/esa/data/inversion/inv-A1_A2_A5-0.9_0.3_0.5_30_statistics.txt
  /home/tenet/Documents/thesis/scripts/photometry/esa/data/inversion/inv-A1_A2_A5-0.9_0.3_0.5_30.npz
  /home/tenet/Documents/thesis/scripts/photometry/esa/data/inversion/inv-A1_A2_A5-0.9_0.3_0.5_30.log
