
::::::::::::::::::::::::::::::::::::::::::::::::::::::::::::::::::::::
  Multi-core Markov-chain Monte Carlo (mc3).
  Version 3.2.1.
  Copyright (c) 2015-2025 Patricio Cubillos and collaborators.
  mc3 is open-source software under the MIT license (see LICENSE).
::::::::::::::::::::::::::::::::::::::::::::::::::::::::::::::::::::::

Start MCMC chains  (Sat May 10 15:51:21 2025)

[:         ]  10.0% completed  (Sat May 10 15:51:21 2025)
Out-of-bound Trials:
[  99  317 2113 2243 3930 3839]
Best Parameters: (chisq=0.0243)
[0.90482026 0.29853817 0.90763669 0.07231377 0.44940403 0.41148567]

[::        ]  20.0% completed  (Sat May 10 15:51:22 2025)
Out-of-bound Trials:
[ 149  839 4468 4703 8174 8167]
Best Parameters: (chisq=0.0243)
[0.90482026 0.29853817 0.90763669 0.07231377 0.44940403 0.41148567]

[:::       ]  30.0% completed  (Sat May 10 15:51:22 2025)
Out-of-bound Trials:
[  201  1480  6884  6763 12454 12467]
Best Parameters: (chisq=0.0243)
[0.90482026 0.29853817 0.90763669 0.07231377 0.44940403 0.41148567]

[::::      ]  40.0% completed  (Sat May 10 15:51:23 2025)
Out-of-bound Trials:
[  246  2129  9323  9338 16807 16646]
Best Parameters: (chisq=0.0243)
[0.90482026 0.29853817 0.90763669 0.07231377 0.44940403 0.41148567]

[:::::     ]  50.0% completed  (Sat May 10 15:51:23 2025)
Out-of-bound Trials:
[  292  2818 11751 11896 21008 20779]
Best Parameters: (chisq=0.0243)
[0.90482026 0.29853817 0.90763669 0.07231377 0.44940403 0.41148567]

[::::::    ]  60.0% completed  (Sat May 10 15:51:24 2025)
Out-of-bound Trials:
[  338  3537 14360 14391 25208 24921]
Best Parameters: (chisq=0.0243)
[0.90482026 0.29853817 0.90763669 0.07231377 0.44940403 0.41148567]

[:::::::   ]  70.0% completed  (Sat May 10 15:51:24 2025)
Out-of-bound Trials:
[  377  4243 16921 16889 29616 29190]
Best Parameters: (chisq=0.0243)
[0.90482026 0.29853817 0.90763669 0.07231377 0.44940403 0.41148567]

[::::::::  ]  80.0% completed  (Sat May 10 15:51:25 2025)
Out-of-bound Trials:
[  429  4730 19571 19771 34006 33380]
Best Parameters: (chisq=0.0218)
[8.99003743e-01 3.07232032e-01 8.85711139e-01 2.87841811e-04
 6.60787943e-01 3.83982366e-01]

[::::::::: ]  90.0% completed  (Sat May 10 15:51:25 2025)
Out-of-bound Trials:
[  494  5284 21946 22302 38255 37640]
Best Parameters: (chisq=0.0218)
[8.99003743e-01 3.07232032e-01 8.85711139e-01 2.87841811e-04
 6.60787943e-01 3.83982366e-01]

[::::::::::] 100.0% completed  (Sat May 10 15:51:26 2025)
Out-of-bound Trials:
[  538  6029 24650 24709 42469 41852]
Best Parameters: (chisq=0.0218)
[8.99003743e-01 3.07232032e-01 8.85711139e-01 2.87841811e-04
 6.60787943e-01 3.83982366e-01]

MCMC Summary:
-------------
  Number of evaluated samples:        200000
  Number of parallel chains:               5
  Average iterations per chain:        40000
  Burned-in iterations per chain:       2000
  Thinning factor:                         1
  MCMC sample size (thinned, burned): 190000
  Acceptance rate:   16.92%

Parameter name     best fit   median      1sigma_low   1sigma_hi        S/N
--------------- -----------  -----------------------------------  ---------
w                8.9900e-01   9.0103e-01 -2.5201e-02  2.1065e-02       39.3
b                3.0723e-01   2.6856e-01 -9.6933e-02  1.0088e-01        3.0
c                8.8571e-01   8.8719e-01 -8.5857e-02  6.9859e-02       10.5
dzeta            2.8784e-04   1.0241e-01 -7.0690e-02  7.7470e-02        0.0
B0               6.6079e-01   5.9517e-01 -3.5365e-01  2.8201e-01        2.4
h                3.8398e-01   5.4500e-01 -3.2826e-01  3.1485e-01        1.4

  Best-parameter's chi-squared:        0.0218
  Best-parameter's -2*log(posterior):  0.0218
  Bayesian Information Criterion:     16.2701
  Reduced chi-squared:                 0.0024
  Standard deviation of residuals:  0.00177909

For a detailed summary with all parameter posterior statistics see
/home/tenet/Documents/thesis/scripts/photometry/esa/data/inversion/inv-A1_A3_A5-0.9_0.3_0.9_0_statistics.txt

Output sampler files:
  /home/tenet/Documents/thesis/scripts/photometry/esa/data/inversion/inv-A1_A3_A5-0.9_0.3_0.9_0_statistics.txt
  /home/tenet/Documents/thesis/scripts/photometry/esa/data/inversion/inv-A1_A3_A5-0.9_0.3_0.9_0.npz
  /home/tenet/Documents/thesis/scripts/photometry/esa/data/inversion/inv-A1_A3_A5-0.9_0.3_0.9_0.log
