
::::::::::::::::::::::::::::::::::::::::::::::::::::::::::::::::::::::
  Multi-core Markov-chain Monte Carlo (mc3).
  Version 3.2.1.
  Copyright (c) 2015-2025 Patricio Cubillos and collaborators.
  mc3 is open-source software under the MIT license (see LICENSE).
::::::::::::::::::::::::::::::::::::::::::::::::::::::::::::::::::::::

Start MCMC chains  (Sat May 10 16:06:07 2025)

[:         ]  10.0% completed  (Sat May 10 16:06:07 2025)
Out-of-bound Trials:
[  44 1403  421   32 4267 4461]
Best Parameters: (chisq=0.0186)
[0.89949395 0.89877239 0.12645444 0.65904466 0.14229668 0.27659048]

[::        ]  20.0% completed  (Sat May 10 16:06:08 2025)
Out-of-bound Trials:
[  65 3621 1323   67 8848 9212]
Best Parameters: (chisq=0.0186)
[0.89949395 0.89877239 0.12645444 0.65904466 0.14229668 0.27659048]

[:::       ]  30.0% completed  (Sat May 10 16:06:09 2025)
Out-of-bound Trials:
[   86  6406  2529   105 13417 14114]
Best Parameters: (chisq=0.0186)
[0.89949395 0.89877239 0.12645444 0.65904466 0.14229668 0.27659048]

[::::      ]  40.0% completed  (Sat May 10 16:06:09 2025)
Out-of-bound Trials:
[  108  8928  4222   152 17957 18939]
Best Parameters: (chisq=0.0186)
[0.89949395 0.89877239 0.12645444 0.65904466 0.14229668 0.27659048]

[:::::     ]  50.0% completed  (Sat May 10 16:06:10 2025)
Out-of-bound Trials:
[  115 11099  5978   180 22437 23706]
Best Parameters: (chisq=0.0179)
[0.89883413 0.89158576 0.08174669 0.67006586 0.97444394 0.25537198]

[::::::    ]  60.0% completed  (Sat May 10 16:06:10 2025)
Out-of-bound Trials:
[  123 14052  7834   206 27136 28539]
Best Parameters: (chisq=0.0179)
[0.89883413 0.89158576 0.08174669 0.67006586 0.97444394 0.25537198]

[:::::::   ]  70.0% completed  (Sat May 10 16:06:11 2025)
Out-of-bound Trials:
[  135 17611 10016   238 31575 33165]
Best Parameters: (chisq=0.0179)
[0.89883413 0.89158576 0.08174669 0.67006586 0.97444394 0.25537198]

[::::::::  ]  80.0% completed  (Sat May 10 16:06:11 2025)
Out-of-bound Trials:
[  144 20891 12376   270 36329 37907]
Best Parameters: (chisq=0.0179)
[0.89883413 0.89158576 0.08174669 0.67006586 0.97444394 0.25537198]

[::::::::: ]  90.0% completed  (Sat May 10 16:06:12 2025)
Out-of-bound Trials:
[  152 24561 15137   296 40799 42743]
Best Parameters: (chisq=0.0179)
[0.89883413 0.89158576 0.08174669 0.67006586 0.97444394 0.25537198]

[::::::::::] 100.0% completed  (Sat May 10 16:06:12 2025)
Out-of-bound Trials:
[  159 27928 18396   325 45766 47338]
Best Parameters: (chisq=0.0179)
[0.89883413 0.89158576 0.08174669 0.67006586 0.97444394 0.25537198]

MCMC Summary:
-------------
  Number of evaluated samples:        200000
  Number of parallel chains:               5
  Average iterations per chain:        40000
  Burned-in iterations per chain:       2000
  Thinning factor:                         1
  MCMC sample size (thinned, burned): 190000
  Acceptance rate:   9.91%

Parameter name     best fit   median      1sigma_low   1sigma_hi        S/N
--------------- -----------  -----------------------------------  ---------
w                8.9883e-01   9.0041e-01 -1.2405e-02  1.1795e-02       73.9
b                8.9159e-01   9.3393e-01 -6.3273e-02  4.6740e-02       17.8
c                8.1747e-02   1.4223e-01 -4.6290e-02  2.3849e-01        0.4
dzeta            6.7007e-01   6.4957e-01 -6.7339e-02  6.2985e-02       10.4
B0               9.7444e-01   4.4336e-01 -3.0758e-01  3.7437e-01        3.4
h                2.5537e-01   4.8924e-01 -3.4184e-01  3.5122e-01        0.9

  Best-parameter's chi-squared:        0.0179
  Best-parameter's -2*log(posterior):  0.0179
  Bayesian Information Criterion:     17.9923
  Reduced chi-squared:                 0.0013
  Standard deviation of residuals:  0.00120711

For a detailed summary with all parameter posterior statistics see
/home/tenet/Documents/thesis/scripts/photometry/esa/data/inversion/inv-A2_A3_A4_A5-0.9_0.9_0.1_30_statistics.txt

Output sampler files:
  /home/tenet/Documents/thesis/scripts/photometry/esa/data/inversion/inv-A2_A3_A4_A5-0.9_0.9_0.1_30_statistics.txt
  /home/tenet/Documents/thesis/scripts/photometry/esa/data/inversion/inv-A2_A3_A4_A5-0.9_0.9_0.1_30.npz
  /home/tenet/Documents/thesis/scripts/photometry/esa/data/inversion/inv-A2_A3_A4_A5-0.9_0.9_0.1_30.log
