
::::::::::::::::::::::::::::::::::::::::::::::::::::::::::::::::::::::
  Multi-core Markov-chain Monte Carlo (mc3).
  Version 3.2.1.
  Copyright (c) 2015-2025 Patricio Cubillos and collaborators.
  mc3 is open-source software under the MIT license (see LICENSE).
::::::::::::::::::::::::::::::::::::::::::::::::::::::::::::::::::::::

Start MCMC chains  (Sat May 10 16:04:03 2025)

[:         ]  10.0% completed  (Sat May 10 16:04:04 2025)
Out-of-bound Trials:
[  63   39 2441 2619 4417 4082]
Best Parameters: (chisq=0.0607)
[0.90416432 0.31457332 0.90467847 0.04191396 0.39300452 0.6678448 ]

[::        ]  20.0% completed  (Sat May 10 16:04:04 2025)
Out-of-bound Trials:
[  94   78 4493 5132 8635 8487]
Best Parameters: (chisq=0.0472)
[0.89801554 0.3050845  0.88724568 0.03650392 0.44001812 0.79918871]

[:::       ]  30.0% completed  (Sat May 10 16:04:05 2025)
Out-of-bound Trials:
[  118   117  6676  7844 12948 12744]
Best Parameters: (chisq=0.0252)
[0.9020592  0.30985351 0.9066767  0.01264955 0.35105982 0.83668318]

[::::      ]  40.0% completed  (Sat May 10 16:04:06 2025)
Out-of-bound Trials:
[  140   149  8996 10354 17314 16898]
Best Parameters: (chisq=0.0252)
[0.9020592  0.30985351 0.9066767  0.01264955 0.35105982 0.83668318]

[:::::     ]  50.0% completed  (Sat May 10 16:04:06 2025)
Out-of-bound Trials:
[  158   181 11344 12869 21592 21165]
Best Parameters: (chisq=0.0252)
[0.9020592  0.30985351 0.9066767  0.01264955 0.35105982 0.83668318]

[::::::    ]  60.0% completed  (Sat May 10 16:04:07 2025)
Out-of-bound Trials:
[  179   209 13559 15466 25734 25337]
Best Parameters: (chisq=0.0252)
[0.9020592  0.30985351 0.9066767  0.01264955 0.35105982 0.83668318]

[:::::::   ]  70.0% completed  (Sat May 10 16:04:07 2025)
Out-of-bound Trials:
[  194   249 15860 17789 30373 29721]
Best Parameters: (chisq=0.0252)
[0.9020592  0.30985351 0.9066767  0.01264955 0.35105982 0.83668318]

[::::::::  ]  80.0% completed  (Sat May 10 16:04:08 2025)
Out-of-bound Trials:
[  212   285 17967 20299 34611 34107]
Best Parameters: (chisq=0.0252)
[0.9020592  0.30985351 0.9066767  0.01264955 0.35105982 0.83668318]

[::::::::: ]  90.0% completed  (Sat May 10 16:04:08 2025)
Out-of-bound Trials:
[  237   318 20290 22906 38888 38242]
Best Parameters: (chisq=0.0217)
[0.9016765  0.28981794 0.91002504 0.06548023 0.60439756 0.33552568]

[::::::::::] 100.0% completed  (Sat May 10 16:04:09 2025)
Out-of-bound Trials:
[  256   359 22637 25521 43092 42380]
Best Parameters: (chisq=0.0217)
[0.9016765  0.28981794 0.91002504 0.06548023 0.60439756 0.33552568]

MCMC Summary:
-------------
  Number of evaluated samples:        200000
  Number of parallel chains:               5
  Average iterations per chain:        40000
  Burned-in iterations per chain:       2000
  Thinning factor:                         1
  MCMC sample size (thinned, burned): 190000
  Acceptance rate:   17.52%

Parameter name     best fit   median      1sigma_low   1sigma_hi        S/N
--------------- -----------  -----------------------------------  ---------
w                9.0168e-01   9.0189e-01 -2.1311e-02  1.7495e-02       48.9
b                2.8982e-01   2.9061e-01 -5.1276e-02  5.0702e-02        5.6
c                9.1003e-01   8.8912e-01 -7.4179e-02  6.6758e-02       13.2
dzeta            6.5480e-02   9.0761e-02 -6.1679e-02  6.5678e-02        1.2
B0               6.0440e-01   5.8355e-01 -3.4751e-01  2.8235e-01        2.2
h                3.3553e-01   5.4335e-01 -3.3176e-01  3.0841e-01        1.2

  Best-parameter's chi-squared:        0.0217
  Best-parameter's -2*log(posterior):  0.0217
  Bayesian Information Criterion:     17.9961
  Reduced chi-squared:                 0.0015
  Standard deviation of residuals:  0.00141929

For a detailed summary with all parameter posterior statistics see
/home/tenet/Documents/thesis/scripts/photometry/esa/data/inversion/inv-A1_A3_A4_A5-0.9_0.3_0.9_0_statistics.txt

Output sampler files:
  /home/tenet/Documents/thesis/scripts/photometry/esa/data/inversion/inv-A1_A3_A4_A5-0.9_0.3_0.9_0_statistics.txt
  /home/tenet/Documents/thesis/scripts/photometry/esa/data/inversion/inv-A1_A3_A4_A5-0.9_0.3_0.9_0.npz
  /home/tenet/Documents/thesis/scripts/photometry/esa/data/inversion/inv-A1_A3_A4_A5-0.9_0.3_0.9_0.log
