
::::::::::::::::::::::::::::::::::::::::::::::::::::::::::::::::::::::
  Multi-core Markov-chain Monte Carlo (mc3).
  Version 3.2.1.
  Copyright (c) 2015-2025 Patricio Cubillos and collaborators.
  mc3 is open-source software under the MIT license (see LICENSE).
::::::::::::::::::::::::::::::::::::::::::::::::::::::::::::::::::::::

Start MCMC chains  (Sat May 10 15:44:12 2025)

[:         ]  10.0% completed  (Sat May 10 15:44:12 2025)
Out-of-bound Trials:
[  76 1343 2762 4252 4068 3599]
Best Parameters: (chisq=0.0252)
[0.35078123 0.33468037 0.48953538 0.70664985 0.08413857 0.26043831]

[::        ]  20.0% completed  (Sat May 10 15:44:13 2025)
Out-of-bound Trials:
[ 196 4462 5491 8602 8293 8044]
Best Parameters: (chisq=0.0252)
[0.35078123 0.33468037 0.48953538 0.70664985 0.08413857 0.26043831]

[:::       ]  30.0% completed  (Sat May 10 15:44:13 2025)
Out-of-bound Trials:
[  410  6682  8141 13047 12702 12647]
Best Parameters: (chisq=0.0252)
[0.35078123 0.33468037 0.48953538 0.70664985 0.08413857 0.26043831]

[::::      ]  40.0% completed  (Sat May 10 15:44:14 2025)
Out-of-bound Trials:
[  611  9341 10998 17439 17373 17187]
Best Parameters: (chisq=0.0252)
[0.35078123 0.33468037 0.48953538 0.70664985 0.08413857 0.26043831]

[:::::     ]  50.0% completed  (Sat May 10 15:44:14 2025)
Out-of-bound Trials:
[  807 11921 13679 21570 22218 21604]
Best Parameters: (chisq=0.0252)
[0.35078123 0.33468037 0.48953538 0.70664985 0.08413857 0.26043831]

[::::::    ]  60.0% completed  (Sat May 10 15:44:15 2025)
Out-of-bound Trials:
[  983 14511 16309 26012 26820 25907]
Best Parameters: (chisq=0.0252)
[0.35078123 0.33468037 0.48953538 0.70664985 0.08413857 0.26043831]

[:::::::   ]  70.0% completed  (Sat May 10 15:44:15 2025)
Out-of-bound Trials:
[ 1134 18182 19046 29972 31628 30636]
Best Parameters: (chisq=0.0252)
[0.35078123 0.33468037 0.48953538 0.70664985 0.08413857 0.26043831]

[::::::::  ]  80.0% completed  (Sat May 10 15:44:16 2025)
Out-of-bound Trials:
[ 1340 21829 22143 34208 36104 35201]
Best Parameters: (chisq=0.0252)
[0.35078123 0.33468037 0.48953538 0.70664985 0.08413857 0.26043831]

[::::::::: ]  90.0% completed  (Sat May 10 15:44:16 2025)
Out-of-bound Trials:
[ 1563 24959 24801 38440 40828 39944]
Best Parameters: (chisq=0.0252)
[0.35078123 0.33468037 0.48953538 0.70664985 0.08413857 0.26043831]

[::::::::::] 100.0% completed  (Sat May 10 15:44:17 2025)
Out-of-bound Trials:
[ 1787 28727 27637 42706 45644 44486]
Best Parameters: (chisq=0.0252)
[0.35078123 0.33468037 0.48953538 0.70664985 0.08413857 0.26043831]

MCMC Summary:
-------------
  Number of evaluated samples:        200000
  Number of parallel chains:               5
  Average iterations per chain:        40000
  Burned-in iterations per chain:       2000
  Thinning factor:                         1
  MCMC sample size (thinned, burned): 190000
  Acceptance rate:   9.63%

Parameter name     best fit   median      1sigma_low   1sigma_hi        S/N
--------------- -----------  -----------------------------------  ---------
w                3.5078e-01   3.1569e-01 -6.5293e-02  1.8188e-01        2.8
b                3.3468e-01   3.0846e-01 -1.4299e-01  2.3457e-01        1.3
c                4.8954e-01   5.0639e-01 -2.6994e-01  2.5892e-01        2.1
dzeta            7.0665e-01   7.0087e-01 -3.8077e-01  2.0689e-01        2.7
B0               8.4139e-02   4.8987e-01 -3.4516e-01  3.5156e-01        0.3
h                2.6044e-01   4.8911e-01 -3.3595e-01  3.4681e-01        0.9

  Best-parameter's chi-squared:        0.0252
  Best-parameter's -2*log(posterior):  0.0252
  Bayesian Information Criterion:     13.8408
  Reduced chi-squared:                 0.0063
  Standard deviation of residuals:  0.000404371

For a detailed summary with all parameter posterior statistics see
/home/tenet/Documents/thesis/scripts/photometry/esa/data/inversion/inv-A4_A5-0.3_0.3_0.5_30_statistics.txt

Output sampler files:
  /home/tenet/Documents/thesis/scripts/photometry/esa/data/inversion/inv-A4_A5-0.3_0.3_0.5_30_statistics.txt
  /home/tenet/Documents/thesis/scripts/photometry/esa/data/inversion/inv-A4_A5-0.3_0.3_0.5_30.npz
  /home/tenet/Documents/thesis/scripts/photometry/esa/data/inversion/inv-A4_A5-0.3_0.3_0.5_30.log
