
::::::::::::::::::::::::::::::::::::::::::::::::::::::::::::::::::::::
  Multi-core Markov-chain Monte Carlo (mc3).
  Version 3.2.1.
  Copyright (c) 2015-2025 Patricio Cubillos and collaborators.
  mc3 is open-source software under the MIT license (see LICENSE).
::::::::::::::::::::::::::::::::::::::::::::::::::::::::::::::::::::::

Start MCMC chains  (Sat May 10 15:44:50 2025)

[:         ]  10.0% completed  (Sat May 10 15:44:51 2025)
Out-of-bound Trials:
[ 886 1235 3781 2351 3974 4101]
Best Parameters: (chisq=0.0278)
[0.9170667  0.33641076 0.435894   0.69259018 0.52143401 0.29934044]

[::        ]  20.0% completed  (Sat May 10 15:44:51 2025)
Out-of-bound Trials:
[1992 2911 7479 4669 8303 8301]
Best Parameters: (chisq=0.0278)
[0.9170667  0.33641076 0.435894   0.69259018 0.52143401 0.29934044]

[:::       ]  30.0% completed  (Sat May 10 15:44:52 2025)
Out-of-bound Trials:
[ 3285  4497 11567  7046 12828 12774]
Best Parameters: (chisq=0.0278)
[0.9170667  0.33641076 0.435894   0.69259018 0.52143401 0.29934044]

[::::      ]  40.0% completed  (Sat May 10 15:44:52 2025)
Out-of-bound Trials:
[ 4547  6140 15311  9521 17124 17454]
Best Parameters: (chisq=0.0278)
[0.9170667  0.33641076 0.435894   0.69259018 0.52143401 0.29934044]

[:::::     ]  50.0% completed  (Sat May 10 15:44:53 2025)
Out-of-bound Trials:
[ 6105  8145 18801 11938 21454 21781]
Best Parameters: (chisq=0.0278)
[0.9170667  0.33641076 0.435894   0.69259018 0.52143401 0.29934044]

[::::::    ]  60.0% completed  (Sat May 10 15:44:53 2025)
Out-of-bound Trials:
[ 7579 10170 22498 14362 25842 26298]
Best Parameters: (chisq=0.0188)
[0.88917493 0.28520009 0.53354394 0.6387661  0.62358245 0.41650257]

[:::::::   ]  70.0% completed  (Sat May 10 15:44:53 2025)
Out-of-bound Trials:
[ 8721 12127 26414 16853 30416 30788]
Best Parameters: (chisq=0.0179)
[0.9232502  0.34479542 0.4009705  0.71037581 0.36668856 0.55546246]

[::::::::  ]  80.0% completed  (Sat May 10 15:44:54 2025)
Out-of-bound Trials:
[10606 14290 30430 19168 34817 35239]
Best Parameters: (chisq=0.0179)
[0.9232502  0.34479542 0.4009705  0.71037581 0.36668856 0.55546246]

[::::::::: ]  90.0% completed  (Sat May 10 15:44:54 2025)
Out-of-bound Trials:
[11844 16341 34520 21830 39214 39650]
Best Parameters: (chisq=0.0179)
[0.9232502  0.34479542 0.4009705  0.71037581 0.36668856 0.55546246]

[::::::::::] 100.0% completed  (Sat May 10 15:44:55 2025)
Out-of-bound Trials:
[13076 18382 38317 24209 43837 44093]
Best Parameters: (chisq=0.0178)
[0.89552505 0.29150793 0.49768649 0.65688092 0.62619948 0.4187944 ]

MCMC Summary:
-------------
  Number of evaluated samples:        200000
  Number of parallel chains:               5
  Average iterations per chain:        40000
  Burned-in iterations per chain:       2000
  Thinning factor:                         1
  MCMC sample size (thinned, burned): 190000
  Acceptance rate:   12.19%

Parameter name     best fit   median      1sigma_low   1sigma_hi        S/N
--------------- -----------  -----------------------------------  ---------
w                8.9553e-01   8.7735e-01 -6.6591e-02  6.5254e-02       15.0
b                2.9151e-01   2.8170e-01 -1.1871e-01  1.4947e-01        1.6
c                4.9769e-01   6.4152e-01 -3.6453e-01  2.3189e-01        1.9
dzeta            6.5688e-01   5.8964e-01 -3.4307e-01  1.6654e-01        2.9
B0               6.2620e-01   5.3725e-01 -3.4873e-01  3.1513e-01        2.2
h                4.1879e-01   5.0348e-01 -3.3698e-01  3.3845e-01        1.5

  Best-parameter's chi-squared:        0.0178
  Best-parameter's -2*log(posterior):  0.0178
  Bayesian Information Criterion:     13.8333
  Reduced chi-squared:                 0.0045
  Standard deviation of residuals:  0.000748988

For a detailed summary with all parameter posterior statistics see
/home/tenet/Documents/thesis/scripts/photometry/esa/data/inversion/inv-A4_A5-0.9_0.3_0.5_30_statistics.txt

Output sampler files:
  /home/tenet/Documents/thesis/scripts/photometry/esa/data/inversion/inv-A4_A5-0.9_0.3_0.5_30_statistics.txt
  /home/tenet/Documents/thesis/scripts/photometry/esa/data/inversion/inv-A4_A5-0.9_0.3_0.5_30.npz
  /home/tenet/Documents/thesis/scripts/photometry/esa/data/inversion/inv-A4_A5-0.9_0.3_0.5_30.log
