
::::::::::::::::::::::::::::::::::::::::::::::::::::::::::::::::::::::
  Multi-core Markov-chain Monte Carlo (mc3).
  Version 3.2.1.
  Copyright (c) 2015-2025 Patricio Cubillos and collaborators.
  mc3 is open-source software under the MIT license (see LICENSE).
::::::::::::::::::::::::::::::::::::::::::::::::::::::::::::::::::::::

Start MCMC chains  (Sat May 10 15:39:49 2025)

[:         ]  10.0% completed  (Sat May 10 15:39:50 2025)
Out-of-bound Trials:
[  66 1399  509 2144 4156 4338]
Best Parameters: (chisq=0.0622)
[0.8988284  0.89327596 0.09443389 0.0165978  0.58547127 0.52915854]

[::        ]  20.0% completed  (Sat May 10 15:39:50 2025)
Out-of-bound Trials:
[  90 2822 1567 5102 8859 8706]
Best Parameters: (chisq=0.0483)
[0.89805606 0.89727372 0.0858897  0.03909546 0.81654938 0.45508236]

[:::       ]  30.0% completed  (Sat May 10 15:39:50 2025)
Out-of-bound Trials:
[  106  4547  2612  8111 13711 13441]
Best Parameters: (chisq=0.0483)
[0.89805606 0.89727372 0.0858897  0.03909546 0.81654938 0.45508236]

[::::      ]  40.0% completed  (Sat May 10 15:39:51 2025)
Out-of-bound Trials:
[  122  6514  3752 10569 18548 18130]
Best Parameters: (chisq=0.0359)
[0.90200334 0.90525532 0.10000203 0.04123476 0.49392998 0.76890041]

[:::::     ]  50.0% completed  (Sat May 10 15:39:51 2025)
Out-of-bound Trials:
[  131  8426  5078 13355 23248 22704]
Best Parameters: (chisq=0.0341)
[0.90303045 0.90634178 0.13380274 0.05186671 0.09086711 0.71173212]

[::::::    ]  60.0% completed  (Sat May 10 15:39:52 2025)
Out-of-bound Trials:
[  142 10557  6297 16311 28013 27332]
Best Parameters: (chisq=0.0179)
[0.90005507 0.89888457 0.08561569 0.08651111 0.75736223 0.51598406]

[:::::::   ]  70.0% completed  (Sat May 10 15:39:52 2025)
Out-of-bound Trials:
[  149 12613  7691 18786 32629 31997]
Best Parameters: (chisq=0.0179)
[0.90005507 0.89888457 0.08561569 0.08651111 0.75736223 0.51598406]

[::::::::  ]  80.0% completed  (Sat May 10 15:39:53 2025)
Out-of-bound Trials:
[  157 15512  9024 21787 37617 36956]
Best Parameters: (chisq=0.0179)
[0.90005507 0.89888457 0.08561569 0.08651111 0.75736223 0.51598406]

[::::::::: ]  90.0% completed  (Sat May 10 15:39:53 2025)
Out-of-bound Trials:
[  171 18604 10691 24690 42318 41575]
Best Parameters: (chisq=0.0179)
[0.90005507 0.89888457 0.08561569 0.08651111 0.75736223 0.51598406]

[::::::::::] 100.0% completed  (Sat May 10 15:39:54 2025)
Out-of-bound Trials:
[  176 21280 12505 27477 47014 46198]
Best Parameters: (chisq=0.0179)
[0.90005507 0.89888457 0.08561569 0.08651111 0.75736223 0.51598406]

MCMC Summary:
-------------
  Number of evaluated samples:        200000
  Number of parallel chains:               5
  Average iterations per chain:        40000
  Burned-in iterations per chain:       2000
  Thinning factor:                         1
  MCMC sample size (thinned, burned): 190000
  Acceptance rate:   10.47%

Parameter name     best fit   median      1sigma_low   1sigma_hi        S/N
--------------- -----------  -----------------------------------  ---------
w                9.0006e-01   9.0738e-01 -1.2344e-02  9.7765e-03       80.6
b                8.9888e-01   9.3005e-01 -5.0603e-02  4.5150e-02       21.1
c                8.5616e-02   1.3645e-01 -4.1802e-02  1.6838e-01        0.6
dzeta            8.6511e-02   1.6764e-01 -1.1830e-01  1.4806e-01        0.7
B0               7.5736e-01   4.3250e-01 -3.0576e-01  3.7525e-01        2.6
h                5.1598e-01   5.1312e-01 -3.5526e-01  3.3861e-01        1.8

  Best-parameter's chi-squared:        0.0179
  Best-parameter's -2*log(posterior):  0.0179
  Bayesian Information Criterion:     13.8335
  Reduced chi-squared:                 0.0045
  Standard deviation of residuals:  0.00413812

For a detailed summary with all parameter posterior statistics see
/home/tenet/Documents/thesis/scripts/photometry/esa/data/inversion/inv-A2_A4-0.9_0.9_0.1_0_statistics.txt

Output sampler files:
  /home/tenet/Documents/thesis/scripts/photometry/esa/data/inversion/inv-A2_A4-0.9_0.9_0.1_0_statistics.txt
  /home/tenet/Documents/thesis/scripts/photometry/esa/data/inversion/inv-A2_A4-0.9_0.9_0.1_0.npz
  /home/tenet/Documents/thesis/scripts/photometry/esa/data/inversion/inv-A2_A4-0.9_0.9_0.1_0.log
