
::::::::::::::::::::::::::::::::::::::::::::::::::::::::::::::::::::::
  Multi-core Markov-chain Monte Carlo (mc3).
  Version 3.2.1.
  Copyright (c) 2015-2025 Patricio Cubillos and collaborators.
  mc3 is open-source software under the MIT license (see LICENSE).
::::::::::::::::::::::::::::::::::::::::::::::::::::::::::::::::::::::

Start MCMC chains  (Sat May 10 15:55:55 2025)

[:         ]  10.0% completed  (Sat May 10 15:55:56 2025)
Out-of-bound Trials:
[  45  948  508 2478 4110 4244]
Best Parameters: (chisq=0.0449)
[0.89892079 0.90410566 0.10208366 0.02567264 0.45953368 0.89334906]

[::        ]  20.0% completed  (Sat May 10 15:55:56 2025)
Out-of-bound Trials:
[  62 1935  889 5065 8644 8947]
Best Parameters: (chisq=0.0203)
[0.8984109  0.88643502 0.08958633 0.01704562 0.90555723 0.13618922]

[:::       ]  30.0% completed  (Sat May 10 15:55:57 2025)
Out-of-bound Trials:
[   75  2985  1524  7614 13143 13841]
Best Parameters: (chisq=0.0203)
[0.8984109  0.88643502 0.08958633 0.01704562 0.90555723 0.13618922]

[::::      ]  40.0% completed  (Sat May 10 15:55:57 2025)
Out-of-bound Trials:
[   82  3881  2178 10439 17825 18697]
Best Parameters: (chisq=0.0203)
[0.8984109  0.88643502 0.08958633 0.01704562 0.90555723 0.13618922]

[:::::     ]  50.0% completed  (Sat May 10 15:55:58 2025)
Out-of-bound Trials:
[   88  5695  2801 13326 22399 23617]
Best Parameters: (chisq=0.0200)
[0.90071194 0.89176073 0.12155316 0.02346599 0.51691496 0.03535176]

[::::::    ]  60.0% completed  (Sat May 10 15:55:58 2025)
Out-of-bound Trials:
[  104  7690  3788 15780 27114 28434]
Best Parameters: (chisq=0.0200)
[0.90071194 0.89176073 0.12155316 0.02346599 0.51691496 0.03535176]

[:::::::   ]  70.0% completed  (Sat May 10 15:55:59 2025)
Out-of-bound Trials:
[  110  9557  4985 18583 31856 33220]
Best Parameters: (chisq=0.0200)
[0.90071194 0.89176073 0.12155316 0.02346599 0.51691496 0.03535176]

[::::::::  ]  80.0% completed  (Sat May 10 15:55:59 2025)
Out-of-bound Trials:
[  119 10975  6310 21362 36714 38001]
Best Parameters: (chisq=0.0200)
[0.90071194 0.89176073 0.12155316 0.02346599 0.51691496 0.03535176]

[::::::::: ]  90.0% completed  (Sat May 10 15:56:00 2025)
Out-of-bound Trials:
[  127 12638  7624 24206 41284 42565]
Best Parameters: (chisq=0.0200)
[0.90071194 0.89176073 0.12155316 0.02346599 0.51691496 0.03535176]

[::::::::::] 100.0% completed  (Sat May 10 15:56:00 2025)
Out-of-bound Trials:
[  132 14278  9050 26763 45789 47263]
Best Parameters: (chisq=0.0200)
[0.90071194 0.89176073 0.12155316 0.02346599 0.51691496 0.03535176]

MCMC Summary:
-------------
  Number of evaluated samples:        200000
  Number of parallel chains:               5
  Average iterations per chain:        40000
  Burned-in iterations per chain:       2000
  Thinning factor:                         1
  MCMC sample size (thinned, burned): 190000
  Acceptance rate:   12.09%

Parameter name     best fit   median      1sigma_low   1sigma_hi        S/N
--------------- -----------  -----------------------------------  ---------
w                9.0071e-01   9.0439e-01 -9.8565e-03  8.9619e-03       94.9
b                8.9176e-01   9.1740e-01 -4.0791e-02  4.7493e-02       22.5
c                1.2155e-01   1.2429e-01 -3.2686e-02  9.6879e-02        1.3
dzeta            2.3466e-02   9.1204e-02 -6.3912e-02  6.8881e-02        0.4
B0               5.1691e-01   4.5298e-01 -3.1443e-01  3.6228e-01        1.8
h                3.5352e-02   4.8802e-01 -3.4435e-01  3.5034e-01        0.1

  Best-parameter's chi-squared:        0.0200
  Best-parameter's -2*log(posterior):  0.0200
  Bayesian Information Criterion:     16.2683
  Reduced chi-squared:                 0.0022
  Standard deviation of residuals:  0.00339272

For a detailed summary with all parameter posterior statistics see
/home/tenet/Documents/thesis/scripts/photometry/esa/data/inversion/inv-A2_A3_A5-0.9_0.9_0.1_0_statistics.txt

Output sampler files:
  /home/tenet/Documents/thesis/scripts/photometry/esa/data/inversion/inv-A2_A3_A5-0.9_0.9_0.1_0_statistics.txt
  /home/tenet/Documents/thesis/scripts/photometry/esa/data/inversion/inv-A2_A3_A5-0.9_0.9_0.1_0.npz
  /home/tenet/Documents/thesis/scripts/photometry/esa/data/inversion/inv-A2_A3_A5-0.9_0.9_0.1_0.log
