
::::::::::::::::::::::::::::::::::::::::::::::::::::::::::::::::::::::
  Multi-core Markov-chain Monte Carlo (mc3).
  Version 3.2.1.
  Copyright (c) 2015-2025 Patricio Cubillos and collaborators.
  mc3 is open-source software under the MIT license (see LICENSE).
::::::::::::::::::::::::::::::::::::::::::::::::::::::::::::::::::::::

Start MCMC chains  (Sat May 10 16:05:52 2025)

[:         ]  10.0% completed  (Sat May 10 16:05:53 2025)
Out-of-bound Trials:
[ 202  382 1581   48 4146 3669]
Best Parameters: (chisq=0.0399)
[0.897934   0.30163893 0.46260916 0.69462174 0.59199438 0.83951875]

[::        ]  20.0% completed  (Sat May 10 16:05:54 2025)
Out-of-bound Trials:
[ 364  765 3458   96 8905 8051]
Best Parameters: (chisq=0.0399)
[0.897934   0.30163893 0.46260916 0.69462174 0.59199438 0.83951875]

[:::       ]  30.0% completed  (Sat May 10 16:05:54 2025)
Out-of-bound Trials:
[  544  1283  5473   165 13443 12550]
Best Parameters: (chisq=0.0054)
[0.90134869 0.29808594 0.49034333 0.67165681 0.53016195 0.47179721]

[::::      ]  40.0% completed  (Sat May 10 16:05:55 2025)
Out-of-bound Trials:
[  814  1691  7395   234 17938 17017]
Best Parameters: (chisq=0.0054)
[0.90134869 0.29808594 0.49034333 0.67165681 0.53016195 0.47179721]

[:::::     ]  50.0% completed  (Sat May 10 16:05:55 2025)
Out-of-bound Trials:
[  989  2153  8995   278 22567 21407]
Best Parameters: (chisq=0.0054)
[0.90134869 0.29808594 0.49034333 0.67165681 0.53016195 0.47179721]

[::::::    ]  60.0% completed  (Sat May 10 16:05:56 2025)
Out-of-bound Trials:
[ 1192  2636 10681   326 27283 25800]
Best Parameters: (chisq=0.0054)
[0.90134869 0.29808594 0.49034333 0.67165681 0.53016195 0.47179721]

[:::::::   ]  70.0% completed  (Sat May 10 16:05:57 2025)
Out-of-bound Trials:
[ 1390  3086 12395   387 32051 30319]
Best Parameters: (chisq=0.0054)
[0.90134869 0.29808594 0.49034333 0.67165681 0.53016195 0.47179721]

[::::::::  ]  80.0% completed  (Sat May 10 16:05:57 2025)
Out-of-bound Trials:
[ 1654  3519 14110   448 36707 34795]
Best Parameters: (chisq=0.0054)
[0.90134869 0.29808594 0.49034333 0.67165681 0.53016195 0.47179721]

[::::::::: ]  90.0% completed  (Sat May 10 16:05:58 2025)
Out-of-bound Trials:
[ 1826  3982 15779   507 41258 39249]
Best Parameters: (chisq=0.0054)
[0.90134869 0.29808594 0.49034333 0.67165681 0.53016195 0.47179721]

[::::::::::] 100.0% completed  (Sat May 10 16:05:59 2025)
Out-of-bound Trials:
[ 2023  4438 17626   562 45848 43813]
Best Parameters: (chisq=0.0054)
[0.90134869 0.29808594 0.49034333 0.67165681 0.53016195 0.47179721]

MCMC Summary:
-------------
  Number of evaluated samples:        200000
  Number of parallel chains:               5
  Average iterations per chain:        40000
  Burned-in iterations per chain:       2000
  Thinning factor:                         1
  MCMC sample size (thinned, burned): 190000
  Acceptance rate:   15.98%

Parameter name     best fit   median      1sigma_low   1sigma_hi        S/N
--------------- -----------  -----------------------------------  ---------
w                9.0135e-01   9.0000e-01 -3.0250e-02  2.9920e-02       30.0
b                2.9809e-01   2.6999e-01 -9.6203e-02  9.5107e-02        3.1
c                4.9034e-01   5.6642e-01 -1.9617e-01  2.3553e-01        2.5
dzeta            6.7166e-01   6.7731e-01 -7.4328e-02  8.0213e-02        9.0
B0               5.3016e-01   5.5311e-01 -3.6470e-01  3.1218e-01        1.8
h                4.7180e-01   4.8119e-01 -3.2782e-01  3.4458e-01        1.7

  Best-parameter's chi-squared:        0.0054
  Best-parameter's -2*log(posterior):  0.0054
  Bayesian Information Criterion:     17.9798
  Reduced chi-squared:                 0.0004
  Standard deviation of residuals:  0.000949078

For a detailed summary with all parameter posterior statistics see
/home/tenet/Documents/thesis/scripts/photometry/esa/data/inversion/inv-A2_A3_A4_A5-0.9_0.3_0.5_30_statistics.txt

Output sampler files:
  /home/tenet/Documents/thesis/scripts/photometry/esa/data/inversion/inv-A2_A3_A4_A5-0.9_0.3_0.5_30_statistics.txt
  /home/tenet/Documents/thesis/scripts/photometry/esa/data/inversion/inv-A2_A3_A4_A5-0.9_0.3_0.5_30.npz
  /home/tenet/Documents/thesis/scripts/photometry/esa/data/inversion/inv-A2_A3_A4_A5-0.9_0.3_0.5_30.log
