
::::::::::::::::::::::::::::::::::::::::::::::::::::::::::::::::::::::
  Multi-core Markov-chain Monte Carlo (mc3).
  Version 3.2.1.
  Copyright (c) 2015-2025 Patricio Cubillos and collaborators.
  mc3 is open-source software under the MIT license (see LICENSE).
::::::::::::::::::::::::::::::::::::::::::::::::::::::::::::::::::::::

Start MCMC chains  (Sat May 10 15:40:14 2025)

[:         ]  10.0% completed  (Sat May 10 15:40:15 2025)
Out-of-bound Trials:
[   0   53 1216 2766 4045 3802]
Best Parameters: (chisq=0.0535)
[0.30741508 0.31130736 0.52882364 0.02288594 0.32870366 0.6961418 ]

[::        ]  20.0% completed  (Sat May 10 15:40:15 2025)
Out-of-bound Trials:
[   1  108 2686 5523 8575 8094]
Best Parameters: (chisq=0.0502)
[0.29980016 0.30855367 0.47835403 0.06407291 0.49857337 0.57632009]

[:::       ]  30.0% completed  (Sat May 10 15:40:16 2025)
Out-of-bound Trials:
[    2   159  4175  8089 13027 12462]
Best Parameters: (chisq=0.0381)
[0.28520807 0.29677743 0.49354534 0.04573134 0.62214431 0.58176284]

[::::      ]  40.0% completed  (Sat May 10 15:40:16 2025)
Out-of-bound Trials:
[    2   217  5725 10520 17617 16888]
Best Parameters: (chisq=0.0381)
[0.28520807 0.29677743 0.49354534 0.04573134 0.62214431 0.58176284]

[:::::     ]  50.0% completed  (Sat May 10 15:40:17 2025)
Out-of-bound Trials:
[    4   274  7129 13303 22078 21366]
Best Parameters: (chisq=0.0164)
[0.28357904 0.28313777 0.49147026 0.04457291 0.73206222 0.44450527]

[::::::    ]  60.0% completed  (Sat May 10 15:40:17 2025)
Out-of-bound Trials:
[    6   323  8724 15980 26510 25585]
Best Parameters: (chisq=0.0164)
[0.28357904 0.28313777 0.49147026 0.04457291 0.73206222 0.44450527]

[:::::::   ]  70.0% completed  (Sat May 10 15:40:18 2025)
Out-of-bound Trials:
[    6   402 10576 18583 30892 30156]
Best Parameters: (chisq=0.0147)
[0.29626494 0.28309392 0.52360538 0.02988858 0.56595871 0.37171981]

[::::::::  ]  80.0% completed  (Sat May 10 15:40:18 2025)
Out-of-bound Trials:
[    6   478 12054 21099 35355 34861]
Best Parameters: (chisq=0.0147)
[0.29626494 0.28309392 0.52360538 0.02988858 0.56595871 0.37171981]

[::::::::: ]  90.0% completed  (Sat May 10 15:40:19 2025)
Out-of-bound Trials:
[    7   545 13705 23692 39931 39427]
Best Parameters: (chisq=0.0147)
[0.29626494 0.28309392 0.52360538 0.02988858 0.56595871 0.37171981]

[::::::::::] 100.0% completed  (Sat May 10 15:40:19 2025)
Out-of-bound Trials:
[   10   599 15357 26294 44571 43910]
Best Parameters: (chisq=0.0147)
[0.29626494 0.28309392 0.52360538 0.02988858 0.56595871 0.37171981]

MCMC Summary:
-------------
  Number of evaluated samples:        200000
  Number of parallel chains:               5
  Average iterations per chain:        40000
  Burned-in iterations per chain:       2000
  Thinning factor:                         1
  MCMC sample size (thinned, burned): 190000
  Acceptance rate:   15.08%

Parameter name     best fit   median      1sigma_low   1sigma_hi        S/N
--------------- -----------  -----------------------------------  ---------
w                2.9626e-01   2.9498e-01 -3.5374e-02  3.8282e-02        8.1
b                2.8309e-01   2.6568e-01 -6.5398e-02  6.7036e-02        4.4
c                5.2361e-01   6.1524e-01 -1.7655e-01  2.1477e-01        3.0
dzeta            2.9889e-02   9.8038e-02 -6.7966e-02  7.6910e-02        0.4
B0               5.6596e-01   5.2915e-01 -3.5305e-01  3.2319e-01        2.0
h                3.7172e-01   4.9085e-01 -3.2148e-01  3.4679e-01        1.3

  Best-parameter's chi-squared:        0.0147
  Best-parameter's -2*log(posterior):  0.0147
  Bayesian Information Criterion:     13.8302
  Reduced chi-squared:                 0.0037
  Standard deviation of residuals:  0.00080977

For a detailed summary with all parameter posterior statistics see
/home/tenet/Documents/thesis/scripts/photometry/esa/data/inversion/inv-A2_A5-0.3_0.3_0.5_0_statistics.txt

Output sampler files:
  /home/tenet/Documents/thesis/scripts/photometry/esa/data/inversion/inv-A2_A5-0.3_0.3_0.5_0_statistics.txt
  /home/tenet/Documents/thesis/scripts/photometry/esa/data/inversion/inv-A2_A5-0.3_0.3_0.5_0.npz
  /home/tenet/Documents/thesis/scripts/photometry/esa/data/inversion/inv-A2_A5-0.3_0.3_0.5_0.log
