
::::::::::::::::::::::::::::::::::::::::::::::::::::::::::::::::::::::
  Multi-core Markov-chain Monte Carlo (mc3).
  Version 3.2.1.
  Copyright (c) 2015-2025 Patricio Cubillos and collaborators.
  mc3 is open-source software under the MIT license (see LICENSE).
::::::::::::::::::::::::::::::::::::::::::::::::::::::::::::::::::::::

Start MCMC chains  (Sat May 10 15:27:13 2025)

[:         ]  10.0% completed  (Sat May 10 15:27:14 2025)
Out-of-bound Trials:
[2123 3840 3844 3535 4312 4270]
Best Parameters: (chisq=0.0022)
[0.28941412 0.88706948 0.17184804 0.65316652 0.50749603 0.34037312]

[::        ]  20.0% completed  (Sat May 10 15:27:14 2025)
Out-of-bound Trials:
[4279 8232 7903 7310 8888 8856]
Best Parameters: (chisq=0.0014)
[0.16959363 0.75843552 0.73194241 0.39651112 0.49338219 0.79699723]

[:::       ]  30.0% completed  (Sat May 10 15:27:15 2025)
Out-of-bound Trials:
[ 6416 12778 12072 11195 13361 13232]
Best Parameters: (chisq=0.0014)
[0.16959363 0.75843552 0.73194241 0.39651112 0.49338219 0.79699723]

[::::      ]  40.0% completed  (Sat May 10 15:27:15 2025)
Out-of-bound Trials:
[ 8874 17082 16325 14818 17618 17716]
Best Parameters: (chisq=0.0004)
[0.29836836 0.90155815 0.22798959 0.60553948 0.1731097  0.71900389]

[:::::     ]  50.0% completed  (Sat May 10 15:27:15 2025)
Out-of-bound Trials:
[11389 21313 20624 18582 22283 22475]
Best Parameters: (chisq=0.0004)
[0.29836836 0.90155815 0.22798959 0.60553948 0.1731097  0.71900389]

[::::::    ]  60.0% completed  (Sat May 10 15:27:16 2025)
Out-of-bound Trials:
[14026 25540 24914 22588 27067 26809]
Best Parameters: (chisq=0.0004)
[0.29836836 0.90155815 0.22798959 0.60553948 0.1731097  0.71900389]

[:::::::   ]  70.0% completed  (Sat May 10 15:27:16 2025)
Out-of-bound Trials:
[16072 29710 29083 26455 31336 31391]
Best Parameters: (chisq=0.0004)
[0.29836836 0.90155815 0.22798959 0.60553948 0.1731097  0.71900389]

[::::::::  ]  80.0% completed  (Sat May 10 15:27:17 2025)
Out-of-bound Trials:
[18440 34213 33272 30086 36074 36015]
Best Parameters: (chisq=0.0004)
[0.29836836 0.90155815 0.22798959 0.60553948 0.1731097  0.71900389]

[::::::::: ]  90.0% completed  (Sat May 10 15:27:17 2025)
Out-of-bound Trials:
[20464 38357 37514 34253 40519 40589]
Best Parameters: (chisq=0.0004)
[0.29836836 0.90155815 0.22798959 0.60553948 0.1731097  0.71900389]

[::::::::::] 100.0% completed  (Sat May 10 15:27:17 2025)
Out-of-bound Trials:
[22636 42556 41905 38555 45093 45069]
Best Parameters: (chisq=0.0004)
[0.29836836 0.90155815 0.22798959 0.60553948 0.1731097  0.71900389]

MCMC Summary:
-------------
  Number of evaluated samples:        200000
  Number of parallel chains:               5
  Average iterations per chain:        40000
  Burned-in iterations per chain:       2000
  Thinning factor:                         1
  MCMC sample size (thinned, burned): 190000
  Acceptance rate:   13.50%

Parameter name     best fit   median      1sigma_low   1sigma_hi        S/N
--------------- -----------  -----------------------------------  ---------
w                2.9837e-01   1.8682e-01 -1.0734e-01  1.7220e-01        2.2
b                9.0156e-01   6.5456e-01 -3.8492e-01  2.4472e-01        3.3
c                2.2799e-01   5.1018e-01 -3.3676e-01  3.2191e-01        0.8
dzeta            6.0554e-01   6.3348e-01 -3.3145e-01  2.5136e-01        2.3
B0               1.7311e-01   4.8197e-01 -3.3586e-01  3.4365e-01        0.6
h                7.1900e-01   4.9699e-01 -3.4106e-01  3.4468e-01        2.5

  Best-parameter's chi-squared:       0.0004
  Best-parameter's -2*log(posterior): 0.0004
  Bayesian Information Criterion:     9.6570
  Reduced chi-squared:                   nan
  Standard deviation of residuals:  7.28412e-05

For a detailed summary with all parameter posterior statistics see
/home/tenet/Documents/thesis/scripts/photometry/esa/data/inversion/inv-A1-0.3_0.9_0.1_30_statistics.txt

Output sampler files:
  /home/tenet/Documents/thesis/scripts/photometry/esa/data/inversion/inv-A1-0.3_0.9_0.1_30_statistics.txt
  /home/tenet/Documents/thesis/scripts/photometry/esa/data/inversion/inv-A1-0.3_0.9_0.1_30.npz
  /home/tenet/Documents/thesis/scripts/photometry/esa/data/inversion/inv-A1-0.3_0.9_0.1_30.log
