
::::::::::::::::::::::::::::::::::::::::::::::::::::::::::::::::::::::
  Multi-core Markov-chain Monte Carlo (mc3).
  Version 3.2.1.
  Copyright (c) 2015-2025 Patricio Cubillos and collaborators.
  mc3 is open-source software under the MIT license (see LICENSE).
::::::::::::::::::::::::::::::::::::::::::::::::::::::::::::::::::::::

Start MCMC chains  (Sat May 10 15:54:05 2025)

[:         ]  10.0% completed  (Sat May 10 15:54:06 2025)
Out-of-bound Trials:
[  76   14 2998 2661 3956 3295]
Best Parameters: (chisq=0.0343)
[0.90425444 0.30387158 0.89297165 0.06356502 0.47430316 0.47717319]

[::        ]  20.0% completed  (Sat May 10 15:54:06 2025)
Out-of-bound Trials:
[ 101   24 5802 5268 7587 6855]
Best Parameters: (chisq=0.0343)
[0.90425444 0.30387158 0.89297165 0.06356502 0.47430316 0.47717319]

[:::       ]  30.0% completed  (Sat May 10 15:54:07 2025)
Out-of-bound Trials:
[  123    39  8858  7718 11352 10592]
Best Parameters: (chisq=0.0343)
[0.90425444 0.30387158 0.89297165 0.06356502 0.47430316 0.47717319]

[::::      ]  40.0% completed  (Sat May 10 15:54:08 2025)
Out-of-bound Trials:
[  146    44 11798 10589 15151 14325]
Best Parameters: (chisq=0.0343)
[0.90425444 0.30387158 0.89297165 0.06356502 0.47430316 0.47717319]

[:::::     ]  50.0% completed  (Sat May 10 15:54:08 2025)
Out-of-bound Trials:
[  167    54 14713 13051 18706 18133]
Best Parameters: (chisq=0.0343)
[0.90425444 0.30387158 0.89297165 0.06356502 0.47430316 0.47717319]

[::::::    ]  60.0% completed  (Sat May 10 15:54:09 2025)
Out-of-bound Trials:
[  194    62 17675 15726 22309 22097]
Best Parameters: (chisq=0.0084)
[0.8984524  0.29563942 0.89538603 0.03581626 0.56119298 0.43917889]

[:::::::   ]  70.0% completed  (Sat May 10 15:54:09 2025)
Out-of-bound Trials:
[  225    71 20956 18402 25859 25868]
Best Parameters: (chisq=0.0084)
[0.8984524  0.29563942 0.89538603 0.03581626 0.56119298 0.43917889]

[::::::::  ]  80.0% completed  (Sat May 10 15:54:10 2025)
Out-of-bound Trials:
[  247    80 23912 21091 29537 29667]
Best Parameters: (chisq=0.0084)
[0.8984524  0.29563942 0.89538603 0.03581626 0.56119298 0.43917889]

[::::::::: ]  90.0% completed  (Sat May 10 15:54:10 2025)
Out-of-bound Trials:
[  271    90 26879 23853 33231 33492]
Best Parameters: (chisq=0.0084)
[0.8984524  0.29563942 0.89538603 0.03581626 0.56119298 0.43917889]

[::::::::::] 100.0% completed  (Sat May 10 15:54:11 2025)
Out-of-bound Trials:
[  289    98 29950 26533 37097 37430]
Best Parameters: (chisq=0.0084)
[0.8984524  0.29563942 0.89538603 0.03581626 0.56119298 0.43917889]

MCMC Summary:
-------------
  Number of evaluated samples:        200000
  Number of parallel chains:               5
  Average iterations per chain:        40000
  Burned-in iterations per chain:       2000
  Thinning factor:                         1
  MCMC sample size (thinned, burned): 190000
  Acceptance rate:   18.85%

Parameter name     best fit   median      1sigma_low   1sigma_hi        S/N
--------------- -----------  -----------------------------------  ---------
w                8.9845e-01   8.9965e-01 -2.1949e-02  1.9410e-02       44.9
b                2.9564e-01   3.0382e-01 -4.2648e-02  4.4903e-02        6.8
c                8.9539e-01   8.5605e-01 -1.3408e-01  9.9445e-02        8.2
dzeta            3.5816e-02   8.3141e-02 -5.7827e-02  6.4314e-02        0.6
B0               5.6119e-01   6.5523e-01 -3.0633e-01  2.3401e-01        2.3
h                4.3918e-01   5.9630e-01 -3.0752e-01  2.7888e-01        1.7

  Best-parameter's chi-squared:        0.0084
  Best-parameter's -2*log(posterior):  0.0084
  Bayesian Information Criterion:     16.2567
  Reduced chi-squared:                 0.0009
  Standard deviation of residuals:  0.00294999

For a detailed summary with all parameter posterior statistics see
/home/tenet/Documents/thesis/scripts/photometry/esa/data/inversion/inv-A2_A3_A4-0.9_0.3_0.9_0_statistics.txt

Output sampler files:
  /home/tenet/Documents/thesis/scripts/photometry/esa/data/inversion/inv-A2_A3_A4-0.9_0.3_0.9_0_statistics.txt
  /home/tenet/Documents/thesis/scripts/photometry/esa/data/inversion/inv-A2_A3_A4-0.9_0.3_0.9_0.npz
  /home/tenet/Documents/thesis/scripts/photometry/esa/data/inversion/inv-A2_A3_A4-0.9_0.3_0.9_0.log
