
::::::::::::::::::::::::::::::::::::::::::::::::::::::::::::::::::::::
  Multi-core Markov-chain Monte Carlo (mc3).
  Version 3.2.1.
  Copyright (c) 2015-2025 Patricio Cubillos and collaborators.
  mc3 is open-source software under the MIT license (see LICENSE).
::::::::::::::::::::::::::::::::::::::::::::::::::::::::::::::::::::::

Start MCMC chains  (Sat May 10 15:35:05 2025)

[:         ]  10.0% completed  (Sat May 10 15:35:06 2025)
Out-of-bound Trials:
[   6   89 2995 3271 3678 4427]
Best Parameters: (chisq=0.0034)
[0.33419585 0.32861248 0.92768614 0.6663402  0.13361298 0.28134417]

[::        ]  20.0% completed  (Sat May 10 15:35:06 2025)
Out-of-bound Trials:
[   8  204 5699 6753 8286 8839]
Best Parameters: (chisq=0.0034)
[0.33419585 0.32861248 0.92768614 0.6663402  0.13361298 0.28134417]

[:::       ]  30.0% completed  (Sat May 10 15:35:07 2025)
Out-of-bound Trials:
[   11   316  8073 10224 12794 13284]
Best Parameters: (chisq=0.0034)
[0.33419585 0.32861248 0.92768614 0.6663402  0.13361298 0.28134417]

[::::      ]  40.0% completed  (Sat May 10 15:35:07 2025)
Out-of-bound Trials:
[   19   438 10524 13918 17314 17757]
Best Parameters: (chisq=0.0034)
[0.33419585 0.32861248 0.92768614 0.6663402  0.13361298 0.28134417]

[:::::     ]  50.0% completed  (Sat May 10 15:35:07 2025)
Out-of-bound Trials:
[   23   540 13054 17241 21817 22214]
Best Parameters: (chisq=0.0034)
[0.33419585 0.32861248 0.92768614 0.6663402  0.13361298 0.28134417]

[::::::    ]  60.0% completed  (Sat May 10 15:35:08 2025)
Out-of-bound Trials:
[   24   688 15670 20561 26300 26804]
Best Parameters: (chisq=0.0034)
[0.33419585 0.32861248 0.92768614 0.6663402  0.13361298 0.28134417]

[:::::::   ]  70.0% completed  (Sat May 10 15:35:08 2025)
Out-of-bound Trials:
[   27   820 18305 23695 30978 31406]
Best Parameters: (chisq=0.0034)
[0.33419585 0.32861248 0.92768614 0.6663402  0.13361298 0.28134417]

[::::::::  ]  80.0% completed  (Sat May 10 15:35:09 2025)
Out-of-bound Trials:
[   31   920 21164 26693 35590 35894]
Best Parameters: (chisq=0.0034)
[0.33419585 0.32861248 0.92768614 0.6663402  0.13361298 0.28134417]

[::::::::: ]  90.0% completed  (Sat May 10 15:35:09 2025)
Out-of-bound Trials:
[   35  1047 23933 29831 40330 40271]
Best Parameters: (chisq=0.0034)
[0.33419585 0.32861248 0.92768614 0.6663402  0.13361298 0.28134417]

[::::::::::] 100.0% completed  (Sat May 10 15:35:10 2025)
Out-of-bound Trials:
[   36  1194 26441 33141 44891 44766]
Best Parameters: (chisq=0.0034)
[0.33419585 0.32861248 0.92768614 0.6663402  0.13361298 0.28134417]

MCMC Summary:
-------------
  Number of evaluated samples:        200000
  Number of parallel chains:               5
  Average iterations per chain:        40000
  Burned-in iterations per chain:       2000
  Thinning factor:                         1
  MCMC sample size (thinned, burned): 190000
  Acceptance rate:   16.97%

Parameter name     best fit   median      1sigma_low   1sigma_hi        S/N
--------------- -----------  -----------------------------------  ---------
w                3.3420e-01   3.5178e-01 -5.6695e-02  5.3416e-02        6.4
b                3.2861e-01   2.9442e-01 -8.1884e-02  7.3243e-02        4.3
c                9.2769e-01   7.9495e-01 -1.6438e-01  1.3786e-01        6.7
dzeta            6.6634e-01   8.4279e-01 -1.8123e-01  1.1077e-01        4.8
B0               1.3361e-01   5.2394e-01 -3.5727e-01  3.3019e-01        0.5
h                2.8134e-01   4.9912e-01 -3.3149e-01  3.4286e-01        1.0

  Best-parameter's chi-squared:        0.0034
  Best-parameter's -2*log(posterior):  0.0034
  Bayesian Information Criterion:     13.8189
  Reduced chi-squared:                 0.0009
  Standard deviation of residuals:  0.000200568

For a detailed summary with all parameter posterior statistics see
/home/tenet/Documents/thesis/scripts/photometry/esa/data/inversion/inv-A1_A4-0.3_0.3_0.9_30_statistics.txt

Output sampler files:
  /home/tenet/Documents/thesis/scripts/photometry/esa/data/inversion/inv-A1_A4-0.3_0.3_0.9_30_statistics.txt
  /home/tenet/Documents/thesis/scripts/photometry/esa/data/inversion/inv-A1_A4-0.3_0.3_0.9_30.npz
  /home/tenet/Documents/thesis/scripts/photometry/esa/data/inversion/inv-A1_A4-0.3_0.3_0.9_30.log
