
::::::::::::::::::::::::::::::::::::::::::::::::::::::::::::::::::::::
  Multi-core Markov-chain Monte Carlo (mc3).
  Version 3.2.1.
  Copyright (c) 2015-2025 Patricio Cubillos and collaborators.
  mc3 is open-source software under the MIT license (see LICENSE).
::::::::::::::::::::::::::::::::::::::::::::::::::::::::::::::::::::::

Start MCMC chains  (Sat May 10 15:29:54 2025)

[:         ]  10.0% completed  (Sat May 10 15:29:55 2025)
Out-of-bound Trials:
[2171 3900 3923 1286 4198 4294]
Best Parameters: (chisq=0.0047)
[0.8948353  0.12978884 0.63492716 0.686246   0.19645736 0.61062986]

[::        ]  20.0% completed  (Sat May 10 15:29:55 2025)
Out-of-bound Trials:
[4402 8045 8387 2546 8687 8718]
Best Parameters: (chisq=0.0047)
[0.8948353  0.12978884 0.63492716 0.686246   0.19645736 0.61062986]

[:::       ]  30.0% completed  (Sat May 10 15:29:56 2025)
Out-of-bound Trials:
[ 6288 12230 12823  3617 13012 13301]
Best Parameters: (chisq=0.0047)
[0.8948353  0.12978884 0.63492716 0.686246   0.19645736 0.61062986]

[::::      ]  40.0% completed  (Sat May 10 15:29:56 2025)
Out-of-bound Trials:
[ 8064 16477 17267  4610 17495 17774]
Best Parameters: (chisq=0.0047)
[0.8948353  0.12978884 0.63492716 0.686246   0.19645736 0.61062986]

[:::::     ]  50.0% completed  (Sat May 10 15:29:56 2025)
Out-of-bound Trials:
[ 9868 20525 21335  5589 22004 22372]
Best Parameters: (chisq=0.0047)
[0.8948353  0.12978884 0.63492716 0.686246   0.19645736 0.61062986]

[::::::    ]  60.0% completed  (Sat May 10 15:29:57 2025)
Out-of-bound Trials:
[11787 24646 25436  6851 26584 27045]
Best Parameters: (chisq=0.0047)
[0.8948353  0.12978884 0.63492716 0.686246   0.19645736 0.61062986]

[:::::::   ]  70.0% completed  (Sat May 10 15:29:57 2025)
Out-of-bound Trials:
[13380 28863 29721  7802 31232 31488]
Best Parameters: (chisq=0.0047)
[0.8948353  0.12978884 0.63492716 0.686246   0.19645736 0.61062986]

[::::::::  ]  80.0% completed  (Sat May 10 15:29:58 2025)
Out-of-bound Trials:
[15269 33113 33799  9114 35730 35870]
Best Parameters: (chisq=0.0043)
[0.89460656 0.05679426 0.80713132 0.70941146 0.22350335 0.83770613]

[::::::::: ]  90.0% completed  (Sat May 10 15:29:58 2025)
Out-of-bound Trials:
[17007 37243 37872 10095 40123 40379]
Best Parameters: (chisq=0.0043)
[0.89460656 0.05679426 0.80713132 0.70941146 0.22350335 0.83770613]

[::::::::::] 100.0% completed  (Sat May 10 15:29:59 2025)
Out-of-bound Trials:
[18944 41523 42063 11223 44645 44872]
Best Parameters: (chisq=0.0043)
[0.89460656 0.05679426 0.80713132 0.70941146 0.22350335 0.83770613]

MCMC Summary:
-------------
  Number of evaluated samples:        200000
  Number of parallel chains:               5
  Average iterations per chain:        40000
  Burned-in iterations per chain:       2000
  Thinning factor:                         1
  MCMC sample size (thinned, burned): 190000
  Acceptance rate:   14.63%

Parameter name     best fit   median      1sigma_low   1sigma_hi        S/N
--------------- -----------  -----------------------------------  ---------
w                8.9461e-01   9.1843e-01 -6.2263e-02  4.1751e-02       17.2
b                5.6794e-02   3.4826e-01 -2.4890e-01  3.6321e-01        0.2
c                8.0713e-01   5.1746e-01 -3.3034e-01  3.2144e-01        2.9
dzeta            7.0941e-01   6.4484e-01 -1.5753e-01  1.6970e-01        4.6
B0               2.2350e-01   5.3367e-01 -3.5684e-01  3.2260e-01        0.8
h                8.3771e-01   5.0132e-01 -3.4093e-01  3.3781e-01        2.9

  Best-parameter's chi-squared:       0.0043
  Best-parameter's -2*log(posterior): 0.0043
  Bayesian Information Criterion:     9.6609
  Reduced chi-squared:                   nan
  Standard deviation of residuals:  0.00102143

For a detailed summary with all parameter posterior statistics see
/home/tenet/Documents/thesis/scripts/photometry/esa/data/inversion/inv-A3-0.9_0.3_0.5_30_statistics.txt

Output sampler files:
  /home/tenet/Documents/thesis/scripts/photometry/esa/data/inversion/inv-A3-0.9_0.3_0.5_30_statistics.txt
  /home/tenet/Documents/thesis/scripts/photometry/esa/data/inversion/inv-A3-0.9_0.3_0.5_30.npz
  /home/tenet/Documents/thesis/scripts/photometry/esa/data/inversion/inv-A3-0.9_0.3_0.5_30.log
