
::::::::::::::::::::::::::::::::::::::::::::::::::::::::::::::::::::::
  Multi-core Markov-chain Monte Carlo (mc3).
  Version 3.2.1.
  Copyright (c) 2015-2025 Patricio Cubillos and collaborators.
  mc3 is open-source software under the MIT license (see LICENSE).
::::::::::::::::::::::::::::::::::::::::::::::::::::::::::::::::::::::

Start MCMC chains  (Sat May 10 15:36:46 2025)

[:         ]  10.0% completed  (Sat May 10 15:36:47 2025)
Out-of-bound Trials:
[1706 3636 3571 3736 4286 4413]
Best Parameters: (chisq=0.0144)
[0.29405883 0.84863423 0.07131468 0.79028652 0.15308353 0.58000337]

[::        ]  20.0% completed  (Sat May 10 15:36:47 2025)
Out-of-bound Trials:
[3782 8080 7322 7251 8446 9040]
Best Parameters: (chisq=0.0144)
[0.29405883 0.84863423 0.07131468 0.79028652 0.15308353 0.58000337]

[:::       ]  30.0% completed  (Sat May 10 15:36:47 2025)
Out-of-bound Trials:
[ 5760 12660 11165 10495 13007 13578]
Best Parameters: (chisq=0.0144)
[0.29405883 0.84863423 0.07131468 0.79028652 0.15308353 0.58000337]

[::::      ]  40.0% completed  (Sat May 10 15:36:48 2025)
Out-of-bound Trials:
[ 7577 17334 14911 13947 17564 18241]
Best Parameters: (chisq=0.0144)
[0.29405883 0.84863423 0.07131468 0.79028652 0.15308353 0.58000337]

[:::::     ]  50.0% completed  (Sat May 10 15:36:48 2025)
Out-of-bound Trials:
[ 9533 22057 18623 17471 22247 22608]
Best Parameters: (chisq=0.0144)
[0.29405883 0.84863423 0.07131468 0.79028652 0.15308353 0.58000337]

[::::::    ]  60.0% completed  (Sat May 10 15:36:49 2025)
Out-of-bound Trials:
[11546 26613 22335 21020 26867 27107]
Best Parameters: (chisq=0.0144)
[0.29405883 0.84863423 0.07131468 0.79028652 0.15308353 0.58000337]

[:::::::   ]  70.0% completed  (Sat May 10 15:36:49 2025)
Out-of-bound Trials:
[13403 30871 25770 24429 31429 31678]
Best Parameters: (chisq=0.0144)
[0.29405883 0.84863423 0.07131468 0.79028652 0.15308353 0.58000337]

[::::::::  ]  80.0% completed  (Sat May 10 15:36:50 2025)
Out-of-bound Trials:
[15239 35482 29366 27904 35915 36194]
Best Parameters: (chisq=0.0144)
[0.29405883 0.84863423 0.07131468 0.79028652 0.15308353 0.58000337]

[::::::::: ]  90.0% completed  (Sat May 10 15:36:50 2025)
Out-of-bound Trials:
[17046 40222 33311 31406 40544 40688]
Best Parameters: (chisq=0.0144)
[0.29405883 0.84863423 0.07131468 0.79028652 0.15308353 0.58000337]

[::::::::::] 100.0% completed  (Sat May 10 15:36:51 2025)
Out-of-bound Trials:
[18875 45124 36926 34715 44904 45291]
Best Parameters: (chisq=0.0144)
[0.29405883 0.84863423 0.07131468 0.79028652 0.15308353 0.58000337]

MCMC Summary:
-------------
  Number of evaluated samples:        200000
  Number of parallel chains:               5
  Average iterations per chain:        40000
  Burned-in iterations per chain:       2000
  Thinning factor:                         1
  MCMC sample size (thinned, burned): 190000
  Acceptance rate:   11.93%

Parameter name     best fit   median      1sigma_low   1sigma_hi        S/N
--------------- -----------  -----------------------------------  ---------
w                2.9406e-01   1.4222e-01 -7.4853e-02  1.2903e-01        3.2
b                8.4863e-01   6.4021e-01 -3.9198e-01  2.6042e-01        3.0
c                7.1315e-02   4.0124e-01 -2.6529e-01  3.2843e-01        0.3
dzeta            7.9029e-01   5.4903e-01 -2.9217e-01  2.7931e-01        3.1
B0               1.5308e-01   4.8313e-01 -3.3524e-01  3.5027e-01        0.5
h                5.8000e-01   4.8912e-01 -3.3868e-01  3.4386e-01        2.0

  Best-parameter's chi-squared:        0.0144
  Best-parameter's -2*log(posterior):  0.0144
  Bayesian Information Criterion:     13.8299
  Reduced chi-squared:                 0.0036
  Standard deviation of residuals:  0.000319468

For a detailed summary with all parameter posterior statistics see
/home/tenet/Documents/thesis/scripts/photometry/esa/data/inversion/inv-A1_A5-0.3_0.9_0.1_30_statistics.txt

Output sampler files:
  /home/tenet/Documents/thesis/scripts/photometry/esa/data/inversion/inv-A1_A5-0.3_0.9_0.1_30_statistics.txt
  /home/tenet/Documents/thesis/scripts/photometry/esa/data/inversion/inv-A1_A5-0.3_0.9_0.1_30.npz
  /home/tenet/Documents/thesis/scripts/photometry/esa/data/inversion/inv-A1_A5-0.3_0.9_0.1_30.log
