
::::::::::::::::::::::::::::::::::::::::::::::::::::::::::::::::::::::
  Multi-core Markov-chain Monte Carlo (mc3).
  Version 3.2.1.
  Copyright (c) 2015-2025 Patricio Cubillos and collaborators.
  mc3 is open-source software under the MIT license (see LICENSE).
::::::::::::::::::::::::::::::::::::::::::::::::::::::::::::::::::::::

Start MCMC chains  (Sat May 10 15:52:56 2025)

[:         ]  10.0% completed  (Sat May 10 15:52:57 2025)
Out-of-bound Trials:
[  72  665  196 2600 4353 3971]
Best Parameters: (chisq=0.0231)
[0.90175369 0.31410211 0.50849871 0.00812888 0.39855348 0.70918526]

[::        ]  20.0% completed  (Sat May 10 15:52:58 2025)
Out-of-bound Trials:
[  90 1744  480 5121 9095 8468]
Best Parameters: (chisq=0.0231)
[0.90175369 0.31410211 0.50849871 0.00812888 0.39855348 0.70918526]

[:::       ]  30.0% completed  (Sat May 10 15:52:58 2025)
Out-of-bound Trials:
[  109  2518   732  7708 13597 12975]
Best Parameters: (chisq=0.0231)
[0.90175369 0.31410211 0.50849871 0.00812888 0.39855348 0.70918526]

[::::      ]  40.0% completed  (Sat May 10 15:52:59 2025)
Out-of-bound Trials:
[  123  3336   928 10363 18271 17470]
Best Parameters: (chisq=0.0231)
[0.90175369 0.31410211 0.50849871 0.00812888 0.39855348 0.70918526]

[:::::     ]  50.0% completed  (Sat May 10 15:52:59 2025)
Out-of-bound Trials:
[  150  4231  1181 12909 22800 21827]
Best Parameters: (chisq=0.0231)
[0.90175369 0.31410211 0.50849871 0.00812888 0.39855348 0.70918526]

[::::::    ]  60.0% completed  (Sat May 10 15:53:00 2025)
Out-of-bound Trials:
[  167  5257  1420 15392 27307 26445]
Best Parameters: (chisq=0.0205)
[0.89737698 0.2967828  0.50084698 0.01712814 0.45868028 0.686661  ]

[:::::::   ]  70.0% completed  (Sat May 10 15:53:00 2025)
Out-of-bound Trials:
[  184  6189  1605 18065 32065 30794]
Best Parameters: (chisq=0.0205)
[0.89737698 0.2967828  0.50084698 0.01712814 0.45868028 0.686661  ]

[::::::::  ]  80.0% completed  (Sat May 10 15:53:01 2025)
Out-of-bound Trials:
[  207  7430  2021 20706 36485 35347]
Best Parameters: (chisq=0.0205)
[0.89737698 0.2967828  0.50084698 0.01712814 0.45868028 0.686661  ]

[::::::::: ]  90.0% completed  (Sat May 10 15:53:01 2025)
Out-of-bound Trials:
[  223  8254  2168 23258 41110 39862]
Best Parameters: (chisq=0.0205)
[0.89737698 0.2967828  0.50084698 0.01712814 0.45868028 0.686661  ]

[::::::::::] 100.0% completed  (Sat May 10 15:53:02 2025)
Out-of-bound Trials:
[  241  9584  2501 25978 45425 44221]
Best Parameters: (chisq=0.0205)
[0.89737698 0.2967828  0.50084698 0.01712814 0.45868028 0.686661  ]

MCMC Summary:
-------------
  Number of evaluated samples:        200000
  Number of parallel chains:               5
  Average iterations per chain:        40000
  Burned-in iterations per chain:       2000
  Thinning factor:                         1
  MCMC sample size (thinned, burned): 190000
  Acceptance rate:   16.79%

Parameter name     best fit   median      1sigma_low   1sigma_hi        S/N
--------------- -----------  -----------------------------------  ---------
w                8.9738e-01   9.0440e-01 -1.9725e-02  1.5486e-02       51.1
b                2.9678e-01   2.6894e-01 -1.2267e-01  7.8877e-02        2.9
c                5.0085e-01   4.7857e-01 -1.0462e-01  8.9746e-02        4.1
dzeta            1.7128e-02   9.2485e-02 -6.2367e-02  6.9336e-02        0.3
B0               4.5868e-01   5.2916e-01 -3.5244e-01  3.2383e-01        1.6
h                6.8666e-01   5.0233e-01 -3.2836e-01  3.3828e-01        2.4

  Best-parameter's chi-squared:        0.0205
  Best-parameter's -2*log(posterior):  0.0205
  Bayesian Information Criterion:     16.2688
  Reduced chi-squared:                 0.0023
  Standard deviation of residuals:  0.00182536

For a detailed summary with all parameter posterior statistics see
/home/tenet/Documents/thesis/scripts/photometry/esa/data/inversion/inv-A1_A4_A5-0.9_0.3_0.5_0_statistics.txt

Output sampler files:
  /home/tenet/Documents/thesis/scripts/photometry/esa/data/inversion/inv-A1_A4_A5-0.9_0.3_0.5_0_statistics.txt
  /home/tenet/Documents/thesis/scripts/photometry/esa/data/inversion/inv-A1_A4_A5-0.9_0.3_0.5_0.npz
  /home/tenet/Documents/thesis/scripts/photometry/esa/data/inversion/inv-A1_A4_A5-0.9_0.3_0.5_0.log
