
::::::::::::::::::::::::::::::::::::::::::::::::::::::::::::::::::::::
  Multi-core Markov-chain Monte Carlo (mc3).
  Version 3.2.1.
  Copyright (c) 2015-2025 Patricio Cubillos and collaborators.
  mc3 is open-source software under the MIT license (see LICENSE).
::::::::::::::::::::::::::::::::::::::::::::::::::::::::::::::::::::::

Start MCMC chains  (Sat May 10 15:49:05 2025)

[:         ]  10.0% completed  (Sat May 10 15:49:05 2025)
Out-of-bound Trials:
[  47   80   30 2399 4346 4453]
Best Parameters: (chisq=0.0701)
[0.9022043  0.90004612 0.09378303 0.07309855 0.67048636 0.34789361]

[::        ]  20.0% completed  (Sat May 10 15:49:06 2025)
Out-of-bound Trials:
[  65  144   63 4822 8768 9302]
Best Parameters: (chisq=0.0373)
[0.90009445 0.89634133 0.11269638 0.04619798 0.2663181  0.84142992]

[:::       ]  30.0% completed  (Sat May 10 15:49:06 2025)
Out-of-bound Trials:
[   84   191   111  7463 13431 14187]
Best Parameters: (chisq=0.0373)
[0.90009445 0.89634133 0.11269638 0.04619798 0.2663181  0.84142992]

[::::      ]  40.0% completed  (Sat May 10 15:49:07 2025)
Out-of-bound Trials:
[  100   258   159 10138 18195 19014]
Best Parameters: (chisq=0.0143)
[0.90004852 0.89799933 0.10962707 0.01012499 0.32509456 0.654261  ]

[:::::     ]  50.0% completed  (Sat May 10 15:49:07 2025)
Out-of-bound Trials:
[  114   325   212 12649 22971 23960]
Best Parameters: (chisq=0.0143)
[0.90004852 0.89799933 0.10962707 0.01012499 0.32509456 0.654261  ]

[::::::    ]  60.0% completed  (Sat May 10 15:49:08 2025)
Out-of-bound Trials:
[  135   391   259 15320 27646 28724]
Best Parameters: (chisq=0.0143)
[0.90004852 0.89799933 0.10962707 0.01012499 0.32509456 0.654261  ]

[:::::::   ]  70.0% completed  (Sat May 10 15:49:08 2025)
Out-of-bound Trials:
[  156   460   299 18046 32219 33554]
Best Parameters: (chisq=0.0143)
[0.90004852 0.89799933 0.10962707 0.01012499 0.32509456 0.654261  ]

[::::::::  ]  80.0% completed  (Sat May 10 15:49:09 2025)
Out-of-bound Trials:
[  169   519   336 20708 36904 38433]
Best Parameters: (chisq=0.0143)
[0.90004852 0.89799933 0.10962707 0.01012499 0.32509456 0.654261  ]

[::::::::: ]  90.0% completed  (Sat May 10 15:49:09 2025)
Out-of-bound Trials:
[  179   575   390 23127 41599 43524]
Best Parameters: (chisq=0.0143)
[0.90004852 0.89799933 0.10962707 0.01012499 0.32509456 0.654261  ]

[::::::::::] 100.0% completed  (Sat May 10 15:49:10 2025)
Out-of-bound Trials:
[  193   624   439 25742 46344 48380]
Best Parameters: (chisq=0.0143)
[0.90004852 0.89799933 0.10962707 0.01012499 0.32509456 0.654261  ]

MCMC Summary:
-------------
  Number of evaluated samples:        200000
  Number of parallel chains:               5
  Average iterations per chain:        40000
  Burned-in iterations per chain:       2000
  Thinning factor:                         1
  MCMC sample size (thinned, burned): 190000
  Acceptance rate:   18.43%

Parameter name     best fit   median      1sigma_low   1sigma_hi        S/N
--------------- -----------  -----------------------------------  ---------
w                9.0005e-01   8.9987e-01 -9.9892e-03  9.3031e-03       94.1
b                8.9800e-01   8.9400e-01 -2.0658e-02  1.9588e-02       43.6
c                1.0963e-01   1.0696e-01 -2.0822e-02  2.3087e-02        5.1
dzeta            1.0125e-02   8.4583e-02 -5.6596e-02  6.5040e-02        0.2
B0               3.2509e-01   4.5624e-01 -3.2121e-01  3.5626e-01        1.1
h                6.5426e-01   4.7923e-01 -3.4125e-01  3.5187e-01        2.3

  Best-parameter's chi-squared:        0.0143
  Best-parameter's -2*log(posterior):  0.0143
  Bayesian Information Criterion:     16.2626
  Reduced chi-squared:                 0.0016
  Standard deviation of residuals:  0.00395838

For a detailed summary with all parameter posterior statistics see
/home/tenet/Documents/thesis/scripts/photometry/esa/data/inversion/inv-A1_A2_A5-0.9_0.9_0.1_0_statistics.txt

Output sampler files:
  /home/tenet/Documents/thesis/scripts/photometry/esa/data/inversion/inv-A1_A2_A5-0.9_0.9_0.1_0_statistics.txt
  /home/tenet/Documents/thesis/scripts/photometry/esa/data/inversion/inv-A1_A2_A5-0.9_0.9_0.1_0.npz
  /home/tenet/Documents/thesis/scripts/photometry/esa/data/inversion/inv-A1_A2_A5-0.9_0.9_0.1_0.log
