
::::::::::::::::::::::::::::::::::::::::::::::::::::::::::::::::::::::
  Multi-core Markov-chain Monte Carlo (mc3).
  Version 3.2.1.
  Copyright (c) 2015-2025 Patricio Cubillos and collaborators.
  mc3 is open-source software under the MIT license (see LICENSE).
::::::::::::::::::::::::::::::::::::::::::::::::::::::::::::::::::::::

Start MCMC chains  (Sat May 10 15:35:18 2025)

[:         ]  10.0% completed  (Sat May 10 15:35:18 2025)
Out-of-bound Trials:
[   7 1186 2126 2314 4539 4167]
Best Parameters: (chisq=0.0295)
[0.24933049 0.28012426 0.4901732  0.63882504 0.94160122 0.80755536]

[::        ]  20.0% completed  (Sat May 10 15:35:19 2025)
Out-of-bound Trials:
[  13 2460 4590 4540 9105 8699]
Best Parameters: (chisq=0.0295)
[0.24933049 0.28012426 0.4901732  0.63882504 0.94160122 0.80755536]

[:::       ]  30.0% completed  (Sat May 10 15:35:19 2025)
Out-of-bound Trials:
[   20  3517  7097  7022 13575 13175]
Best Parameters: (chisq=0.0295)
[0.24933049 0.28012426 0.4901732  0.63882504 0.94160122 0.80755536]

[::::      ]  40.0% completed  (Sat May 10 15:35:20 2025)
Out-of-bound Trials:
[   30  4660  9510  9411 18165 17807]
Best Parameters: (chisq=0.0287)
[0.33803325 0.30518264 0.52640445 0.69136681 0.3903425  0.07562769]

[:::::     ]  50.0% completed  (Sat May 10 15:35:20 2025)
Out-of-bound Trials:
[   40  5910 11913 11740 22788 22444]
Best Parameters: (chisq=0.0071)
[0.30638339 0.30809068 0.50219491 0.67047324 0.38234409 0.65690652]

[::::::    ]  60.0% completed  (Sat May 10 15:35:21 2025)
Out-of-bound Trials:
[   56  6937 14290 14275 27152 27233]
Best Parameters: (chisq=0.0071)
[0.30638339 0.30809068 0.50219491 0.67047324 0.38234409 0.65690652]

[:::::::   ]  70.0% completed  (Sat May 10 15:35:21 2025)
Out-of-bound Trials:
[   60  8159 16803 16538 31433 31833]
Best Parameters: (chisq=0.0071)
[0.30638339 0.30809068 0.50219491 0.67047324 0.38234409 0.65690652]

[::::::::  ]  80.0% completed  (Sat May 10 15:35:22 2025)
Out-of-bound Trials:
[   70  9355 19351 19105 36072 36537]
Best Parameters: (chisq=0.0071)
[0.30638339 0.30809068 0.50219491 0.67047324 0.38234409 0.65690652]

[::::::::: ]  90.0% completed  (Sat May 10 15:35:22 2025)
Out-of-bound Trials:
[   79 10594 21801 21415 40630 41132]
Best Parameters: (chisq=0.0071)
[0.30638339 0.30809068 0.50219491 0.67047324 0.38234409 0.65690652]

[::::::::::] 100.0% completed  (Sat May 10 15:35:23 2025)
Out-of-bound Trials:
[   82 11543 24332 23588 45481 45770]
Best Parameters: (chisq=0.0071)
[0.30638339 0.30809068 0.50219491 0.67047324 0.38234409 0.65690652]

MCMC Summary:
-------------
  Number of evaluated samples:        200000
  Number of parallel chains:               5
  Average iterations per chain:        40000
  Burned-in iterations per chain:       2000
  Thinning factor:                         1
  MCMC sample size (thinned, burned): 190000
  Acceptance rate:   15.10%

Parameter name     best fit   median      1sigma_low   1sigma_hi        S/N
--------------- -----------  -----------------------------------  ---------
w                3.0638e-01   3.2619e-01 -6.3686e-02  7.5018e-02        4.7
b                3.0809e-01   2.6624e-01 -1.2961e-01  1.0378e-01        2.7
c                5.0219e-01   4.7117e-01 -2.1736e-01  2.8991e-01        2.2
dzeta            6.7047e-01   7.3580e-01 -1.9050e-01  1.7153e-01        4.1
B0               3.8234e-01   4.8469e-01 -3.2815e-01  3.4623e-01        1.3
h                6.5691e-01   4.7149e-01 -3.2938e-01  3.5597e-01        2.3

  Best-parameter's chi-squared:        0.0071
  Best-parameter's -2*log(posterior):  0.0071
  Bayesian Information Criterion:     13.8226
  Reduced chi-squared:                 0.0018
  Standard deviation of residuals:  0.000165275

For a detailed summary with all parameter posterior statistics see
/home/tenet/Documents/thesis/scripts/photometry/esa/data/inversion/inv-A1_A4-0.3_0.3_0.5_30_statistics.txt

Output sampler files:
  /home/tenet/Documents/thesis/scripts/photometry/esa/data/inversion/inv-A1_A4-0.3_0.3_0.5_30_statistics.txt
  /home/tenet/Documents/thesis/scripts/photometry/esa/data/inversion/inv-A1_A4-0.3_0.3_0.5_30.npz
  /home/tenet/Documents/thesis/scripts/photometry/esa/data/inversion/inv-A1_A4-0.3_0.3_0.5_30.log
