
::::::::::::::::::::::::::::::::::::::::::::::::::::::::::::::::::::::
  Multi-core Markov-chain Monte Carlo (mc3).
  Version 3.2.1.
  Copyright (c) 2015-2025 Patricio Cubillos and collaborators.
  mc3 is open-source software under the MIT license (see LICENSE).
::::::::::::::::::::::::::::::::::::::::::::::::::::::::::::::::::::::

Start MCMC chains  (Sat May 10 15:33:38 2025)

[:         ]  10.0% completed  (Sat May 10 15:33:38 2025)
Out-of-bound Trials:
[ 135 1243  348   48 4333 4037]
Best Parameters: (chisq=0.0578)
[0.9015105  0.89923296 0.08700613 0.68117306 0.72763371 0.52521375]

[::        ]  20.0% completed  (Sat May 10 15:33:39 2025)
Out-of-bound Trials:
[ 184 2989  929  101 9060 8797]
Best Parameters: (chisq=0.0578)
[0.9015105  0.89923296 0.08700613 0.68117306 0.72763371 0.52521375]

[:::       ]  30.0% completed  (Sat May 10 15:33:39 2025)
Out-of-bound Trials:
[  224  4443  1784   157 13782 13481]
Best Parameters: (chisq=0.0578)
[0.9015105  0.89923296 0.08700613 0.68117306 0.72763371 0.52521375]

[::::      ]  40.0% completed  (Sat May 10 15:33:40 2025)
Out-of-bound Trials:
[  260  5825  2599   215 18570 18266]
Best Parameters: (chisq=0.0412)
[0.89761575 0.89247813 0.13179242 0.65807044 0.08773495 0.23292788]

[:::::     ]  50.0% completed  (Sat May 10 15:33:40 2025)
Out-of-bound Trials:
[  287  7150  3349   291 23347 23093]
Best Parameters: (chisq=0.0375)
[0.89817074 0.89890013 0.08770738 0.67283795 0.750863   0.48607873]

[::::::    ]  60.0% completed  (Sat May 10 15:33:41 2025)
Out-of-bound Trials:
[  309  8341  4067   345 28160 27895]
Best Parameters: (chisq=0.0375)
[0.89817074 0.89890013 0.08770738 0.67283795 0.750863   0.48607873]

[:::::::   ]  70.0% completed  (Sat May 10 15:33:41 2025)
Out-of-bound Trials:
[  337  9741  4751   404 32799 32652]
Best Parameters: (chisq=0.0375)
[0.89817074 0.89890013 0.08770738 0.67283795 0.750863   0.48607873]

[::::::::  ]  80.0% completed  (Sat May 10 15:33:42 2025)
Out-of-bound Trials:
[  360 10945  5438   470 37439 37482]
Best Parameters: (chisq=0.0170)
[0.90007927 0.8990946  0.08622313 0.67734631 0.7788539  0.58296654]

[::::::::: ]  90.0% completed  (Sat May 10 15:33:42 2025)
Out-of-bound Trials:
[  376 12594  6040   509 42034 42261]
Best Parameters: (chisq=0.0170)
[0.90007927 0.8990946  0.08622313 0.67734631 0.7788539  0.58296654]

[::::::::::] 100.0% completed  (Sat May 10 15:33:43 2025)
Out-of-bound Trials:
[  405 13989  6780   588 46719 46940]
Best Parameters: (chisq=0.0170)
[0.90007927 0.8990946  0.08622313 0.67734631 0.7788539  0.58296654]

MCMC Summary:
-------------
  Number of evaluated samples:        200000
  Number of parallel chains:               5
  Average iterations per chain:        40000
  Burned-in iterations per chain:       2000
  Thinning factor:                         1
  MCMC sample size (thinned, burned): 190000
  Acceptance rate:   13.23%

Parameter name     best fit   median      1sigma_low   1sigma_hi        S/N
--------------- -----------  -----------------------------------  ---------
w                9.0008e-01   8.9679e-01 -1.4987e-02  1.3937e-02       61.2
b                8.9909e-01   9.0124e-01 -5.2904e-02  5.1420e-02       18.4
c                8.6223e-02   1.2101e-01 -2.9402e-02  5.2521e-02        1.3
dzeta            6.7735e-01   6.5777e-01 -7.9026e-02  7.5735e-02        9.3
B0               7.7885e-01   4.5830e-01 -3.2023e-01  3.5434e-01        2.7
h                5.8297e-01   4.7319e-01 -3.3707e-01  3.5570e-01        2.0

  Best-parameter's chi-squared:        0.0170
  Best-parameter's -2*log(posterior):  0.0170
  Bayesian Information Criterion:     13.8325
  Reduced chi-squared:                 0.0043
  Standard deviation of residuals:  0.0057653

For a detailed summary with all parameter posterior statistics see
/home/tenet/Documents/thesis/scripts/photometry/esa/data/inversion/inv-A1_A2-0.9_0.9_0.1_30_statistics.txt

Output sampler files:
  /home/tenet/Documents/thesis/scripts/photometry/esa/data/inversion/inv-A1_A2-0.9_0.9_0.1_30_statistics.txt
  /home/tenet/Documents/thesis/scripts/photometry/esa/data/inversion/inv-A1_A2-0.9_0.9_0.1_30.npz
  /home/tenet/Documents/thesis/scripts/photometry/esa/data/inversion/inv-A1_A2-0.9_0.9_0.1_30.log
