
::::::::::::::::::::::::::::::::::::::::::::::::::::::::::::::::::::::
  Multi-core Markov-chain Monte Carlo (mc3).
  Version 3.2.1.
  Copyright (c) 2015-2025 Patricio Cubillos and collaborators.
  mc3 is open-source software under the MIT license (see LICENSE).
::::::::::::::::::::::::::::::::::::::::::::::::::::::::::::::::::::::

Start MCMC chains  (Sat May 10 15:31:15 2025)

[:         ]  10.0% completed  (Sat May 10 15:31:15 2025)
Out-of-bound Trials:
[ 363 4399 2601 1296 4371 3968]
Best Parameters: (chisq=0.0691)
[0.8998039  0.93708153 0.14937076 0.65459748 0.44980116 0.78489578]

[::        ]  20.0% completed  (Sat May 10 15:31:16 2025)
Out-of-bound Trials:
[ 728 8578 5683 3556 8774 8478]
Best Parameters: (chisq=0.0691)
[0.8998039  0.93708153 0.14937076 0.65459748 0.44980116 0.78489578]

[:::       ]  30.0% completed  (Sat May 10 15:31:16 2025)
Out-of-bound Trials:
[ 1024 12371  8977  5787 13522 12706]
Best Parameters: (chisq=0.0411)
[0.90164407 0.86996121 0.07759437 0.68180295 0.27469056 0.52575803]

[::::      ]  40.0% completed  (Sat May 10 15:31:16 2025)
Out-of-bound Trials:
[ 1399 16519 12700  8148 18065 17142]
Best Parameters: (chisq=0.0411)
[0.90164407 0.86996121 0.07759437 0.68180295 0.27469056 0.52575803]

[:::::     ]  50.0% completed  (Sat May 10 15:31:17 2025)
Out-of-bound Trials:
[ 1669 20093 16168 10804 22734 21552]
Best Parameters: (chisq=0.0411)
[0.90164407 0.86996121 0.07759437 0.68180295 0.27469056 0.52575803]

[::::::    ]  60.0% completed  (Sat May 10 15:31:17 2025)
Out-of-bound Trials:
[ 2014 23910 19648 12948 27115 26171]
Best Parameters: (chisq=0.0411)
[0.90164407 0.86996121 0.07759437 0.68180295 0.27469056 0.52575803]

[:::::::   ]  70.0% completed  (Sat May 10 15:31:18 2025)
Out-of-bound Trials:
[ 2274 27481 23175 15498 31928 30692]
Best Parameters: (chisq=0.0411)
[0.90164407 0.86996121 0.07759437 0.68180295 0.27469056 0.52575803]

[::::::::  ]  80.0% completed  (Sat May 10 15:31:18 2025)
Out-of-bound Trials:
[ 2593 31102 26711 17925 36429 35142]
Best Parameters: (chisq=0.0411)
[0.90164407 0.86996121 0.07759437 0.68180295 0.27469056 0.52575803]

[::::::::: ]  90.0% completed  (Sat May 10 15:31:19 2025)
Out-of-bound Trials:
[ 2931 34879 30443 20145 40959 39593]
Best Parameters: (chisq=0.0411)
[0.90164407 0.86996121 0.07759437 0.68180295 0.27469056 0.52575803]

[::::::::::] 100.0% completed  (Sat May 10 15:31:19 2025)
Out-of-bound Trials:
[ 3227 38183 34070 22679 45340 43862]
Best Parameters: (chisq=0.0411)
[0.90164407 0.86996121 0.07759437 0.68180295 0.27469056 0.52575803]

MCMC Summary:
-------------
  Number of evaluated samples:        200000
  Number of parallel chains:               5
  Average iterations per chain:        40000
  Burned-in iterations per chain:       2000
  Thinning factor:                         1
  MCMC sample size (thinned, burned): 190000
  Acceptance rate:   11.01%

Parameter name     best fit   median      1sigma_low   1sigma_hi        S/N
--------------- -----------  -----------------------------------  ---------
w                9.0164e-01   7.1876e-01 -7.8367e-02  1.0973e-01       10.3
b                8.6996e-01   2.5063e-01 -1.5306e-01  2.3118e-01        3.8
c                7.7594e-02   4.7344e-01 -3.0350e-01  2.9004e-01        0.3
dzeta            6.8180e-01   5.9497e-01 -3.1704e-01  1.7851e-01        3.0
B0               2.7469e-01   5.0901e-01 -3.4614e-01  3.3956e-01        0.9
h                5.2576e-01   5.0954e-01 -3.4607e-01  3.2853e-01        1.8

  Best-parameter's chi-squared:       0.0411
  Best-parameter's -2*log(posterior): 0.0411
  Bayesian Information Criterion:     9.6977
  Reduced chi-squared:                   nan
  Standard deviation of residuals:  0.00207801

For a detailed summary with all parameter posterior statistics see
/home/tenet/Documents/thesis/scripts/photometry/esa/data/inversion/inv-A4-0.9_0.9_0.1_30_statistics.txt

Output sampler files:
  /home/tenet/Documents/thesis/scripts/photometry/esa/data/inversion/inv-A4-0.9_0.9_0.1_30_statistics.txt
  /home/tenet/Documents/thesis/scripts/photometry/esa/data/inversion/inv-A4-0.9_0.9_0.1_30.npz
  /home/tenet/Documents/thesis/scripts/photometry/esa/data/inversion/inv-A4-0.9_0.9_0.1_30.log
