
::::::::::::::::::::::::::::::::::::::::::::::::::::::::::::::::::::::
  Multi-core Markov-chain Monte Carlo (mc3).
  Version 3.2.1.
  Copyright (c) 2015-2025 Patricio Cubillos and collaborators.
  mc3 is open-source software under the MIT license (see LICENSE).
::::::::::::::::::::::::::::::::::::::::::::::::::::::::::::::::::::::

Start MCMC chains  (Sat May 10 15:34:40 2025)

[:         ]  10.0% completed  (Sat May 10 15:34:40 2025)
Out-of-bound Trials:
[1534 3722 3777  130 4275 4108]
Best Parameters: (chisq=0.0176)
[0.91564718 0.29537206 0.5092778  0.66043811 0.58200138 0.00378835]

[::        ]  20.0% completed  (Sat May 10 15:34:41 2025)
Out-of-bound Trials:
[2772 7267 7856  227 8724 8307]
Best Parameters: (chisq=0.0176)
[0.91564718 0.29537206 0.5092778  0.66043811 0.58200138 0.00378835]

[:::       ]  30.0% completed  (Sat May 10 15:34:41 2025)
Out-of-bound Trials:
[ 3997 11217 11754   296 13571 12929]
Best Parameters: (chisq=0.0176)
[0.91564718 0.29537206 0.5092778  0.66043811 0.58200138 0.00378835]

[::::      ]  40.0% completed  (Sat May 10 15:34:42 2025)
Out-of-bound Trials:
[ 5364 14907 15691   408 18083 17569]
Best Parameters: (chisq=0.0078)
[0.89153345 0.30905334 0.52070707 0.66630614 0.56377216 0.79500297]

[:::::     ]  50.0% completed  (Sat May 10 15:34:42 2025)
Out-of-bound Trials:
[ 6752 18082 19700   497 22591 22096]
Best Parameters: (chisq=0.0078)
[0.89153345 0.30905334 0.52070707 0.66630614 0.56377216 0.79500297]

[::::::    ]  60.0% completed  (Sat May 10 15:34:43 2025)
Out-of-bound Trials:
[ 8147 21795 23627   583 27043 26508]
Best Parameters: (chisq=0.0078)
[0.89153345 0.30905334 0.52070707 0.66630614 0.56377216 0.79500297]

[:::::::   ]  70.0% completed  (Sat May 10 15:34:43 2025)
Out-of-bound Trials:
[ 9615 25576 27863   720 31520 31093]
Best Parameters: (chisq=0.0078)
[0.89153345 0.30905334 0.52070707 0.66630614 0.56377216 0.79500297]

[::::::::  ]  80.0% completed  (Sat May 10 15:34:43 2025)
Out-of-bound Trials:
[11174 29003 31760   890 36009 35622]
Best Parameters: (chisq=0.0078)
[0.89153345 0.30905334 0.52070707 0.66630614 0.56377216 0.79500297]

[::::::::: ]  90.0% completed  (Sat May 10 15:34:44 2025)
Out-of-bound Trials:
[12735 32574 36143  1086 40627 40052]
Best Parameters: (chisq=0.0078)
[0.89153345 0.30905334 0.52070707 0.66630614 0.56377216 0.79500297]

[::::::::::] 100.0% completed  (Sat May 10 15:34:44 2025)
Out-of-bound Trials:
[14167 36214 40119  1208 45211 44569]
Best Parameters: (chisq=0.0078)
[0.89153345 0.30905334 0.52070707 0.66630614 0.56377216 0.79500297]

MCMC Summary:
-------------
  Number of evaluated samples:        200000
  Number of parallel chains:               5
  Average iterations per chain:        40000
  Burned-in iterations per chain:       2000
  Thinning factor:                         1
  MCMC sample size (thinned, burned): 190000
  Acceptance rate:   10.75%

Parameter name     best fit   median      1sigma_low   1sigma_hi        S/N
--------------- -----------  -----------------------------------  ---------
w                8.9153e-01   8.8739e-01 -5.7573e-02  6.0563e-02       15.9
b                3.0905e-01   2.6305e-01 -1.8286e-01  2.6840e-01        1.3
c                5.2071e-01   5.6628e-01 -3.4052e-01  2.9266e-01        1.9
dzeta            6.6631e-01   6.1926e-01 -9.7909e-02  1.0748e-01        6.5
B0               5.6377e-01   5.0550e-01 -3.4107e-01  3.4716e-01        1.9
h                7.9500e-01   5.1599e-01 -3.4372e-01  3.3268e-01        2.8

  Best-parameter's chi-squared:        0.0078
  Best-parameter's -2*log(posterior):  0.0078
  Bayesian Information Criterion:     13.8233
  Reduced chi-squared:                 0.0019
  Standard deviation of residuals:  0.000828404

For a detailed summary with all parameter posterior statistics see
/home/tenet/Documents/thesis/scripts/photometry/esa/data/inversion/inv-A1_A3-0.9_0.3_0.5_30_statistics.txt

Output sampler files:
  /home/tenet/Documents/thesis/scripts/photometry/esa/data/inversion/inv-A1_A3-0.9_0.3_0.5_30_statistics.txt
  /home/tenet/Documents/thesis/scripts/photometry/esa/data/inversion/inv-A1_A3-0.9_0.3_0.5_30.npz
  /home/tenet/Documents/thesis/scripts/photometry/esa/data/inversion/inv-A1_A3-0.9_0.3_0.5_30.log
