
::::::::::::::::::::::::::::::::::::::::::::::::::::::::::::::::::::::
  Multi-core Markov-chain Monte Carlo (mc3).
  Version 3.2.1.
  Copyright (c) 2015-2025 Patricio Cubillos and collaborators.
  mc3 is open-source software under the MIT license (see LICENSE).
::::::::::::::::::::::::::::::::::::::::::::::::::::::::::::::::::::::

Start MCMC chains  (Sat May 10 16:05:30 2025)

[:         ]  10.0% completed  (Sat May 10 16:05:31 2025)
Out-of-bound Trials:
[  97   11 2756 2515 3596 3735]
Best Parameters: (chisq=0.0373)
[0.89808019 0.31179087 0.87456505 0.04414618 0.44957565 0.87347365]

[::        ]  20.0% completed  (Sat May 10 16:05:31 2025)
Out-of-bound Trials:
[ 129   19 5816 5060 7208 7504]
Best Parameters: (chisq=0.0311)
[0.89730211 0.29436347 0.87267038 0.09955939 0.56640132 0.56225491]

[:::       ]  30.0% completed  (Sat May 10 16:05:32 2025)
Out-of-bound Trials:
[  153    23  8657  7501 10749 11336]
Best Parameters: (chisq=0.0311)
[0.89730211 0.29436347 0.87267038 0.09955939 0.56640132 0.56225491]

[::::      ]  40.0% completed  (Sat May 10 16:05:33 2025)
Out-of-bound Trials:
[  177    29 11731 10018 14180 15152]
Best Parameters: (chisq=0.0303)
[0.89845171 0.30655715 0.8839376  0.05814938 0.45494263 0.7928346 ]

[:::::     ]  50.0% completed  (Sat May 10 16:05:33 2025)
Out-of-bound Trials:
[  193    38 14757 12661 17716 19078]
Best Parameters: (chisq=0.0276)
[0.89664973 0.30325705 0.87165553 0.04454573 0.52053477 0.65494658]

[::::::    ]  60.0% completed  (Sat May 10 16:05:34 2025)
Out-of-bound Trials:
[  222    49 17703 15399 21394 23106]
Best Parameters: (chisq=0.0246)
[0.9020657  0.31338686 0.87246236 0.05110809 0.42521006 0.75172568]

[:::::::   ]  70.0% completed  (Sat May 10 16:05:34 2025)
Out-of-bound Trials:
[  240    57 20707 18068 25120 26830]
Best Parameters: (chisq=0.0246)
[0.9020657  0.31338686 0.87246236 0.05110809 0.42521006 0.75172568]

[::::::::  ]  80.0% completed  (Sat May 10 16:05:35 2025)
Out-of-bound Trials:
[  255    64 23540 20645 28764 30473]
Best Parameters: (chisq=0.0199)
[0.89899377 0.29931568 0.91107717 0.08593556 0.47618235 0.59089109]

[::::::::: ]  90.0% completed  (Sat May 10 16:05:35 2025)
Out-of-bound Trials:
[  278    72 26349 23277 32330 34207]
Best Parameters: (chisq=0.0199)
[0.89899377 0.29931568 0.91107717 0.08593556 0.47618235 0.59089109]

[::::::::::] 100.0% completed  (Sat May 10 16:05:36 2025)
Out-of-bound Trials:
[  303    80 29055 25907 36098 37998]
Best Parameters: (chisq=0.0199)
[0.89899377 0.29931568 0.91107717 0.08593556 0.47618235 0.59089109]

MCMC Summary:
-------------
  Number of evaluated samples:        200000
  Number of parallel chains:               5
  Average iterations per chain:        40000
  Burned-in iterations per chain:       2000
  Thinning factor:                         1
  MCMC sample size (thinned, burned): 190000
  Acceptance rate:   18.60%

Parameter name     best fit   median      1sigma_low   1sigma_hi        S/N
--------------- -----------  -----------------------------------  ---------
w                8.9899e-01   8.9953e-01 -1.9724e-02  1.8243e-02       48.7
b                2.9932e-01   3.0456e-01 -4.2950e-02  4.4149e-02        7.0
c                9.1108e-01   8.5891e-01 -1.2844e-01  9.7678e-02        8.6
dzeta            8.5936e-02   8.3358e-02 -5.7551e-02  6.2323e-02        1.6
B0               4.7618e-01   6.4812e-01 -2.9955e-01  2.4342e-01        1.9
h                5.9089e-01   5.9541e-01 -3.1498e-01  2.7779e-01        2.3

  Best-parameter's chi-squared:        0.0199
  Best-parameter's -2*log(posterior):  0.0199
  Bayesian Information Criterion:     17.9943
  Reduced chi-squared:                 0.0014
  Standard deviation of residuals:  0.00293119

For a detailed summary with all parameter posterior statistics see
/home/tenet/Documents/thesis/scripts/photometry/esa/data/inversion/inv-A2_A3_A4_A5-0.9_0.3_0.9_0_statistics.txt

Output sampler files:
  /home/tenet/Documents/thesis/scripts/photometry/esa/data/inversion/inv-A2_A3_A4_A5-0.9_0.3_0.9_0_statistics.txt
  /home/tenet/Documents/thesis/scripts/photometry/esa/data/inversion/inv-A2_A3_A4_A5-0.9_0.3_0.9_0.npz
  /home/tenet/Documents/thesis/scripts/photometry/esa/data/inversion/inv-A2_A3_A4_A5-0.9_0.3_0.9_0.log
