
::::::::::::::::::::::::::::::::::::::::::::::::::::::::::::::::::::::
  Multi-core Markov-chain Monte Carlo (mc3).
  Version 3.2.1.
  Copyright (c) 2015-2025 Patricio Cubillos and collaborators.
  mc3 is open-source software under the MIT license (see LICENSE).
::::::::::::::::::::::::::::::::::::::::::::::::::::::::::::::::::::::

Start MCMC chains  (Sat May 10 15:47:28 2025)

[:         ]  10.0% completed  (Sat May 10 15:47:28 2025)
Out-of-bound Trials:
[  83  194   79 2486 3428 3980]
Best Parameters: (chisq=0.0338)
[0.89971078 0.30216204 0.51508214 0.01642981 0.42210897 0.66946455]

[::        ]  20.0% completed  (Sat May 10 15:47:29 2025)
Out-of-bound Trials:
[ 104  565  203 5037 7189 7874]
Best Parameters: (chisq=0.0338)
[0.89971078 0.30216204 0.51508214 0.01642981 0.42210897 0.66946455]

[:::       ]  30.0% completed  (Sat May 10 15:47:30 2025)
Out-of-bound Trials:
[  125   757   258  7645 10935 11935]
Best Parameters: (chisq=0.0338)
[0.89971078 0.30216204 0.51508214 0.01642981 0.42210897 0.66946455]

[::::      ]  40.0% completed  (Sat May 10 15:47:30 2025)
Out-of-bound Trials:
[  148   974   333 10279 14864 16038]
Best Parameters: (chisq=0.0338)
[0.89971078 0.30216204 0.51508214 0.01642981 0.42210897 0.66946455]

[:::::     ]  50.0% completed  (Sat May 10 15:47:31 2025)
Out-of-bound Trials:
[  172  1172   384 12679 18761 19871]
Best Parameters: (chisq=0.0338)
[0.89971078 0.30216204 0.51508214 0.01642981 0.42210897 0.66946455]

[::::::    ]  60.0% completed  (Sat May 10 15:47:31 2025)
Out-of-bound Trials:
[  194  1370   439 15140 22699 23824]
Best Parameters: (chisq=0.0338)
[0.89971078 0.30216204 0.51508214 0.01642981 0.42210897 0.66946455]

[:::::::   ]  70.0% completed  (Sat May 10 15:47:32 2025)
Out-of-bound Trials:
[  217  1579   476 17942 26782 27921]
Best Parameters: (chisq=0.0338)
[0.89971078 0.30216204 0.51508214 0.01642981 0.42210897 0.66946455]

[::::::::  ]  80.0% completed  (Sat May 10 15:47:32 2025)
Out-of-bound Trials:
[  227  1794   543 20706 30727 32006]
Best Parameters: (chisq=0.0338)
[0.89971078 0.30216204 0.51508214 0.01642981 0.42210897 0.66946455]

[::::::::: ]  90.0% completed  (Sat May 10 15:47:33 2025)
Out-of-bound Trials:
[  252  2045   597 23168 34703 36146]
Best Parameters: (chisq=0.0338)
[0.89971078 0.30216204 0.51508214 0.01642981 0.42210897 0.66946455]

[::::::::::] 100.0% completed  (Sat May 10 15:47:33 2025)
Out-of-bound Trials:
[  280  2346   681 25706 38672 40298]
Best Parameters: (chisq=0.0338)
[0.89971078 0.30216204 0.51508214 0.01642981 0.42210897 0.66946455]

MCMC Summary:
-------------
  Number of evaluated samples:        200000
  Number of parallel chains:               5
  Average iterations per chain:        40000
  Burned-in iterations per chain:       2000
  Thinning factor:                         1
  MCMC sample size (thinned, burned): 190000
  Acceptance rate:   18.74%

Parameter name     best fit   median      1sigma_low   1sigma_hi        S/N
--------------- -----------  -----------------------------------  ---------
w                8.9971e-01   9.0266e-01 -1.9992e-02  1.6493e-02       50.3
b                3.0216e-01   2.7859e-01 -7.4420e-02  5.7430e-02        4.2
c                5.1508e-01   5.0765e-01 -7.0612e-02  8.5038e-02        5.8
dzeta            1.6430e-02   8.1727e-02 -5.5285e-02  6.2189e-02        0.3
B0               4.2211e-01   6.0058e-01 -3.2528e-01  2.7366e-01        1.6
h                6.6946e-01   5.1745e-01 -3.0554e-01  3.2361e-01        2.5

  Best-parameter's chi-squared:        0.0338
  Best-parameter's -2*log(posterior):  0.0338
  Bayesian Information Criterion:     16.2821
  Reduced chi-squared:                 0.0038
  Standard deviation of residuals:  0.00401821

For a detailed summary with all parameter posterior statistics see
/home/tenet/Documents/thesis/scripts/photometry/esa/data/inversion/inv-A1_A2_A4-0.9_0.3_0.5_0_statistics.txt

Output sampler files:
  /home/tenet/Documents/thesis/scripts/photometry/esa/data/inversion/inv-A1_A2_A4-0.9_0.3_0.5_0_statistics.txt
  /home/tenet/Documents/thesis/scripts/photometry/esa/data/inversion/inv-A1_A2_A4-0.9_0.3_0.5_0.npz
  /home/tenet/Documents/thesis/scripts/photometry/esa/data/inversion/inv-A1_A2_A4-0.9_0.3_0.5_0.log
