
::::::::::::::::::::::::::::::::::::::::::::::::::::::::::::::::::::::
  Multi-core Markov-chain Monte Carlo (mc3).
  Version 3.2.1.
  Copyright (c) 2015-2025 Patricio Cubillos and collaborators.
  mc3 is open-source software under the MIT license (see LICENSE).
::::::::::::::::::::::::::::::::::::::::::::::::::::::::::::::::::::::

Start MCMC chains  (Sat May 10 15:32:47 2025)

[:         ]  10.0% completed  (Sat May 10 15:32:47 2025)
Out-of-bound Trials:
[ 167  340  645 2899 4090 4276]
Best Parameters: (chisq=0.0346)
[0.32436563 0.32116475 0.54767053 0.66752489 0.16828345 0.35235754]

[::        ]  20.0% completed  (Sat May 10 15:32:48 2025)
Out-of-bound Trials:
[ 306  865 1274 6191 8651 8670]
Best Parameters: (chisq=0.0346)
[0.32436563 0.32116475 0.54767053 0.66752489 0.16828345 0.35235754]

[:::       ]  30.0% completed  (Sat May 10 15:32:48 2025)
Out-of-bound Trials:
[  440  1794  2394  9291 13223 13293]
Best Parameters: (chisq=0.0312)
[0.32739963 0.30354854 0.5625471  0.65310705 0.3984585  0.05460738]

[::::      ]  40.0% completed  (Sat May 10 15:32:49 2025)
Out-of-bound Trials:
[  527  2375  3249 12537 17702 17880]
Best Parameters: (chisq=0.0312)
[0.32739963 0.30354854 0.5625471  0.65310705 0.3984585  0.05460738]

[:::::     ]  50.0% completed  (Sat May 10 15:32:49 2025)
Out-of-bound Trials:
[  781  2938  4062 15678 22214 22443]
Best Parameters: (chisq=0.0312)
[0.32739963 0.30354854 0.5625471  0.65310705 0.3984585  0.05460738]

[::::::    ]  60.0% completed  (Sat May 10 15:32:50 2025)
Out-of-bound Trials:
[  901  3391  4837 18928 26715 27022]
Best Parameters: (chisq=0.0312)
[0.32739963 0.30354854 0.5625471  0.65310705 0.3984585  0.05460738]

[:::::::   ]  70.0% completed  (Sat May 10 15:32:50 2025)
Out-of-bound Trials:
[ 1001  3855  5631 21847 31212 31553]
Best Parameters: (chisq=0.0063)
[0.31149042 0.31397217 0.48647059 0.69341862 0.39200363 0.86238564]

[::::::::  ]  80.0% completed  (Sat May 10 15:32:51 2025)
Out-of-bound Trials:
[ 1179  4320  6581 24783 35868 36254]
Best Parameters: (chisq=0.0063)
[0.31149042 0.31397217 0.48647059 0.69341862 0.39200363 0.86238564]

[::::::::: ]  90.0% completed  (Sat May 10 15:32:51 2025)
Out-of-bound Trials:
[ 1500  4832  7637 28169 40452 40850]
Best Parameters: (chisq=0.0063)
[0.31149042 0.31397217 0.48647059 0.69341862 0.39200363 0.86238564]

[::::::::::] 100.0% completed  (Sat May 10 15:32:52 2025)
Out-of-bound Trials:
[ 1730  5426  8443 31395 44841 45536]
Best Parameters: (chisq=0.0063)
[0.31149042 0.31397217 0.48647059 0.69341862 0.39200363 0.86238564]

MCMC Summary:
-------------
  Number of evaluated samples:        200000
  Number of parallel chains:               5
  Average iterations per chain:        40000
  Burned-in iterations per chain:       2000
  Thinning factor:                         1
  MCMC sample size (thinned, burned): 190000
  Acceptance rate:   13.55%

Parameter name     best fit   median      1sigma_low   1sigma_hi        S/N
--------------- -----------  -----------------------------------  ---------
w                3.1149e-01   3.3437e-01 -1.1162e-01  8.9016e-02        3.3
b                3.1397e-01   2.8257e-01 -1.0432e-01  6.8213e-02        3.4
c                4.8647e-01   5.1797e-01 -1.7000e-01  2.0316e-01        2.8
dzeta            6.9342e-01   7.3916e-01 -2.6306e-01  1.6860e-01        3.3
B0               3.9200e-01   5.1298e-01 -3.3965e-01  3.3866e-01        1.4
h                8.6239e-01   4.5712e-01 -3.1979e-01  3.6258e-01        3.0

  Best-parameter's chi-squared:        0.0063
  Best-parameter's -2*log(posterior):  0.0063
  Bayesian Information Criterion:     13.8219
  Reduced chi-squared:                 0.0016
  Standard deviation of residuals:  0.000251653

For a detailed summary with all parameter posterior statistics see
/home/tenet/Documents/thesis/scripts/photometry/esa/data/inversion/inv-A1_A2-0.3_0.3_0.5_30_statistics.txt

Output sampler files:
  /home/tenet/Documents/thesis/scripts/photometry/esa/data/inversion/inv-A1_A2-0.3_0.3_0.5_30_statistics.txt
  /home/tenet/Documents/thesis/scripts/photometry/esa/data/inversion/inv-A1_A2-0.3_0.3_0.5_30.npz
  /home/tenet/Documents/thesis/scripts/photometry/esa/data/inversion/inv-A1_A2-0.3_0.3_0.5_30.log
