
::::::::::::::::::::::::::::::::::::::::::::::::::::::::::::::::::::::
  Multi-core Markov-chain Monte Carlo (mc3).
  Version 3.2.1.
  Copyright (c) 2015-2025 Patricio Cubillos and collaborators.
  mc3 is open-source software under the MIT license (see LICENSE).
::::::::::::::::::::::::::::::::::::::::::::::::::::::::::::::::::::::

Start MCMC chains  (Sat May 10 15:51:48 2025)

[:         ]  10.0% completed  (Sat May 10 15:51:48 2025)
Out-of-bound Trials:
[  22  320 1930 2454 3938 4866]
Best Parameters: (chisq=0.0255)
[0.90179568 0.90567177 0.0337804  0.00326224 0.72192768 0.29874389]

[::        ]  20.0% completed  (Sat May 10 15:51:49 2025)
Out-of-bound Trials:
[  32  764 3710 4937 8385 9708]
Best Parameters: (chisq=0.0047)
[0.90056312 0.8902619  0.12459748 0.05487125 0.81218239 0.04862046]

[:::       ]  30.0% completed  (Sat May 10 15:51:49 2025)
Out-of-bound Trials:
[   44  1497  5772  7334 12728 14317]
Best Parameters: (chisq=0.0047)
[0.90056312 0.8902619  0.12459748 0.05487125 0.81218239 0.04862046]

[::::      ]  40.0% completed  (Sat May 10 15:51:50 2025)
Out-of-bound Trials:
[   65  2805  8268  9683 17558 18836]
Best Parameters: (chisq=0.0047)
[0.90056312 0.8902619  0.12459748 0.05487125 0.81218239 0.04862046]

[:::::     ]  50.0% completed  (Sat May 10 15:51:50 2025)
Out-of-bound Trials:
[  103  4625 10514 12317 22187 23278]
Best Parameters: (chisq=0.0047)
[0.90056312 0.8902619  0.12459748 0.05487125 0.81218239 0.04862046]

[::::::    ]  60.0% completed  (Sat May 10 15:51:51 2025)
Out-of-bound Trials:
[  139  6593 12473 15128 26373 28010]
Best Parameters: (chisq=0.0045)
[0.90103682 0.90714897 0.06426193 0.06343132 0.91610248 0.36676322]

[:::::::   ]  70.0% completed  (Sat May 10 15:51:51 2025)
Out-of-bound Trials:
[  185  8608 14378 17777 30833 32851]
Best Parameters: (chisq=0.0045)
[0.90103682 0.90714897 0.06426193 0.06343132 0.91610248 0.36676322]

[::::::::  ]  80.0% completed  (Sat May 10 15:51:52 2025)
Out-of-bound Trials:
[  225 10731 16707 20475 35442 37494]
Best Parameters: (chisq=0.0045)
[0.90103682 0.90714897 0.06426193 0.06343132 0.91610248 0.36676322]

[::::::::: ]  90.0% completed  (Sat May 10 15:51:52 2025)
Out-of-bound Trials:
[  281 12992 18594 23307 40012 42208]
Best Parameters: (chisq=0.0045)
[0.90103682 0.90714897 0.06426193 0.06343132 0.91610248 0.36676322]

[::::::::::] 100.0% completed  (Sat May 10 15:51:53 2025)
Out-of-bound Trials:
[  329 15531 20624 26251 44449 46826]
Best Parameters: (chisq=0.0045)
[0.90103682 0.90714897 0.06426193 0.06343132 0.91610248 0.36676322]

MCMC Summary:
-------------
  Number of evaluated samples:        200000
  Number of parallel chains:               5
  Average iterations per chain:        40000
  Burned-in iterations per chain:       2000
  Thinning factor:                         1
  MCMC sample size (thinned, burned): 190000
  Acceptance rate:   13.13%

Parameter name     best fit   median      1sigma_low   1sigma_hi        S/N
--------------- -----------  -----------------------------------  ---------
w                9.0104e-01   8.8506e-01 -5.4452e-02  1.6259e-02       24.5
b                9.0715e-01   8.3231e-01 -3.2740e-01  5.8310e-02        5.1
c                6.4262e-02   2.7160e-01 -1.6905e-01  1.6750e-01        0.4
dzeta            6.3431e-02   1.1837e-01 -8.0960e-02  1.4101e-01        0.7
B0               9.1610e-01   4.4392e-01 -3.0428e-01  3.6087e-01        3.2
h                3.6676e-01   4.8682e-01 -3.3273e-01  3.5161e-01        1.3

  Best-parameter's chi-squared:        0.0045
  Best-parameter's -2*log(posterior):  0.0045
  Bayesian Information Criterion:     16.2528
  Reduced chi-squared:                 0.0005
  Standard deviation of residuals:  0.000620597

For a detailed summary with all parameter posterior statistics see
/home/tenet/Documents/thesis/scripts/photometry/esa/data/inversion/inv-A1_A3_A5-0.9_0.9_0.1_0_statistics.txt

Output sampler files:
  /home/tenet/Documents/thesis/scripts/photometry/esa/data/inversion/inv-A1_A3_A5-0.9_0.9_0.1_0_statistics.txt
  /home/tenet/Documents/thesis/scripts/photometry/esa/data/inversion/inv-A1_A3_A5-0.9_0.9_0.1_0.npz
  /home/tenet/Documents/thesis/scripts/photometry/esa/data/inversion/inv-A1_A3_A5-0.9_0.9_0.1_0.log
