
::::::::::::::::::::::::::::::::::::::::::::::::::::::::::::::::::::::
  Multi-core Markov-chain Monte Carlo (mc3).
  Version 3.2.1.
  Copyright (c) 2015-2025 Patricio Cubillos and collaborators.
  mc3 is open-source software under the MIT license (see LICENSE).
::::::::::::::::::::::::::::::::::::::::::::::::::::::::::::::::::::::

Start MCMC chains  (Sat May 10 15:34:28 2025)

[:         ]  10.0% completed  (Sat May 10 15:34:28 2025)
Out-of-bound Trials:
[2127 3079 3414  407 3898 4500]
Best Parameters: (chisq=0.0360)
[0.91309448 0.31062365 0.95735848 0.64988811 0.11202011 0.14731564]

[::        ]  20.0% completed  (Sat May 10 15:34:29 2025)
Out-of-bound Trials:
[4277 6832 7106  782 8441 8932]
Best Parameters: (chisq=0.0234)
[0.9143136  0.30838431 0.89728638 0.67570814 0.18928984 0.74970713]

[:::       ]  30.0% completed  (Sat May 10 15:34:29 2025)
Out-of-bound Trials:
[ 6697 10438 11189  1240 13034 13603]
Best Parameters: (chisq=0.0234)
[0.9143136  0.30838431 0.89728638 0.67570814 0.18928984 0.74970713]

[::::      ]  40.0% completed  (Sat May 10 15:34:29 2025)
Out-of-bound Trials:
[ 8918 14271 14862  1878 17288 18405]
Best Parameters: (chisq=0.0234)
[0.9143136  0.30838431 0.89728638 0.67570814 0.18928984 0.74970713]

[:::::     ]  50.0% completed  (Sat May 10 15:34:30 2025)
Out-of-bound Trials:
[11237 18199 18707  2462 21938 22626]
Best Parameters: (chisq=0.0234)
[0.9143136  0.30838431 0.89728638 0.67570814 0.18928984 0.74970713]

[::::::    ]  60.0% completed  (Sat May 10 15:34:30 2025)
Out-of-bound Trials:
[13672 21894 22330  3151 26638 27358]
Best Parameters: (chisq=0.0234)
[0.9143136  0.30838431 0.89728638 0.67570814 0.18928984 0.74970713]

[:::::::   ]  70.0% completed  (Sat May 10 15:34:31 2025)
Out-of-bound Trials:
[15994 25998 26054  3868 30990 31743]
Best Parameters: (chisq=0.0234)
[0.9143136  0.30838431 0.89728638 0.67570814 0.18928984 0.74970713]

[::::::::  ]  80.0% completed  (Sat May 10 15:34:31 2025)
Out-of-bound Trials:
[18052 29447 30231  4499 35329 36135]
Best Parameters: (chisq=0.0234)
[0.9143136  0.30838431 0.89728638 0.67570814 0.18928984 0.74970713]

[::::::::: ]  90.0% completed  (Sat May 10 15:34:32 2025)
Out-of-bound Trials:
[20433 33306 34178  5110 39899 40502]
Best Parameters: (chisq=0.0234)
[0.9143136  0.30838431 0.89728638 0.67570814 0.18928984 0.74970713]

[::::::::::] 100.0% completed  (Sat May 10 15:34:32 2025)
Out-of-bound Trials:
[22336 36838 38209  5713 44280 45026]
Best Parameters: (chisq=0.0234)
[0.9143136  0.30838431 0.89728638 0.67570814 0.18928984 0.74970713]

MCMC Summary:
-------------
  Number of evaluated samples:        200000
  Number of parallel chains:               5
  Average iterations per chain:        40000
  Burned-in iterations per chain:       2000
  Thinning factor:                         1
  MCMC sample size (thinned, burned): 190000
  Acceptance rate:   10.88%

Parameter name     best fit   median      1sigma_low   1sigma_hi        S/N
--------------- -----------  -----------------------------------  ---------
w                9.1431e-01   9.3726e-01 -4.3840e-02  4.1374e-02       22.7
b                3.0838e-01   2.9501e-01 -1.9220e-01  3.0746e-01        1.3
c                8.9729e-01   7.2424e-01 -3.1816e-01  1.9976e-01        3.7
dzeta            6.7571e-01   7.5254e-01 -1.0176e-01  9.3203e-02        7.3
B0               1.8929e-01   5.4044e-01 -3.5309e-01  3.1734e-01        0.7
h                7.4971e-01   5.1413e-01 -3.4399e-01  3.3008e-01        2.6

  Best-parameter's chi-squared:        0.0234
  Best-parameter's -2*log(posterior):  0.0234
  Bayesian Information Criterion:     13.8389
  Reduced chi-squared:                 0.0058
  Standard deviation of residuals:  0.00143027

For a detailed summary with all parameter posterior statistics see
/home/tenet/Documents/thesis/scripts/photometry/esa/data/inversion/inv-A1_A3-0.9_0.3_0.9_30_statistics.txt

Output sampler files:
  /home/tenet/Documents/thesis/scripts/photometry/esa/data/inversion/inv-A1_A3-0.9_0.3_0.9_30_statistics.txt
  /home/tenet/Documents/thesis/scripts/photometry/esa/data/inversion/inv-A1_A3-0.9_0.3_0.9_30.npz
  /home/tenet/Documents/thesis/scripts/photometry/esa/data/inversion/inv-A1_A3-0.9_0.3_0.9_30.log
