
::::::::::::::::::::::::::::::::::::::::::::::::::::::::::::::::::::::
  Multi-core Markov-chain Monte Carlo (mc3).
  Version 3.2.1.
  Copyright (c) 2015-2025 Patricio Cubillos and collaborators.
  mc3 is open-source software under the MIT license (see LICENSE).
::::::::::::::::::::::::::::::::::::::::::::::::::::::::::::::::::::::

Start MCMC chains  (Sat May 10 15:30:06 2025)

[:         ]  10.0% completed  (Sat May 10 15:30:06 2025)
Out-of-bound Trials:
[ 900 4247 3606 2462 3976 4059]
Best Parameters: (chisq=0.0138)
[0.90336901 0.86514467 0.10653828 0.70470188 0.3835558  0.43278124]

[::        ]  20.0% completed  (Sat May 10 15:30:06 2025)
Out-of-bound Trials:
[1799 8779 7530 4878 8372 8601]
Best Parameters: (chisq=0.0138)
[0.90336901 0.86514467 0.10653828 0.70470188 0.3835558  0.43278124]

[:::       ]  30.0% completed  (Sat May 10 15:30:07 2025)
Out-of-bound Trials:
[ 2545 13375 11407  7220 12820 13042]
Best Parameters: (chisq=0.0138)
[0.90336901 0.86514467 0.10653828 0.70470188 0.3835558  0.43278124]

[::::      ]  40.0% completed  (Sat May 10 15:30:07 2025)
Out-of-bound Trials:
[ 3231 18142 15364  9517 17384 17550]
Best Parameters: (chisq=0.0138)
[0.90336901 0.86514467 0.10653828 0.70470188 0.3835558  0.43278124]

[:::::     ]  50.0% completed  (Sat May 10 15:30:08 2025)
Out-of-bound Trials:
[ 4056 22947 19633 11916 21749 21933]
Best Parameters: (chisq=0.0084)
[0.89513809 0.88779659 0.30836713 0.65291511 0.21828327 0.60682169]

[::::::    ]  60.0% completed  (Sat May 10 15:30:08 2025)
Out-of-bound Trials:
[ 4943 27717 23533 14385 26296 26273]
Best Parameters: (chisq=0.0084)
[0.89513809 0.88779659 0.30836713 0.65291511 0.21828327 0.60682169]

[:::::::   ]  70.0% completed  (Sat May 10 15:30:09 2025)
Out-of-bound Trials:
[ 5774 32411 27487 16768 30781 30836]
Best Parameters: (chisq=0.0084)
[0.89513809 0.88779659 0.30836713 0.65291511 0.21828327 0.60682169]

[::::::::  ]  80.0% completed  (Sat May 10 15:30:09 2025)
Out-of-bound Trials:
[ 6602 37003 31515 19182 35255 35461]
Best Parameters: (chisq=0.0058)
[0.89715727 0.8938299  0.18922848 0.65976625 0.36402626 0.41750695]

[::::::::: ]  90.0% completed  (Sat May 10 15:30:09 2025)
Out-of-bound Trials:
[ 7462 41643 35475 21664 39598 39888]
Best Parameters: (chisq=0.0058)
[0.89715727 0.8938299  0.18922848 0.65976625 0.36402626 0.41750695]

[::::::::::] 100.0% completed  (Sat May 10 15:30:10 2025)
Out-of-bound Trials:
[ 8442 46482 39514 24466 44068 44311]
Best Parameters: (chisq=0.0058)
[0.89715727 0.8938299  0.18922848 0.65976625 0.36402626 0.41750695]

MCMC Summary:
-------------
  Number of evaluated samples:        200000
  Number of parallel chains:               5
  Average iterations per chain:        40000
  Burned-in iterations per chain:       2000
  Thinning factor:                         1
  MCMC sample size (thinned, burned): 190000
  Acceptance rate:   14.71%

Parameter name     best fit   median      1sigma_low   1sigma_hi        S/N
--------------- -----------  -----------------------------------  ---------
w                8.9716e-01   8.2453e-01 -9.0110e-02  7.3048e-02       11.5
b                8.9383e-01   4.8720e-01 -3.4966e-01  3.4211e-01        3.1
c                1.8923e-01   5.0981e-01 -3.2779e-01  3.0915e-01        0.7
dzeta            6.5977e-01   7.7233e-01 -1.7171e-01  1.5121e-01        4.5
B0               3.6403e-01   4.9805e-01 -3.3537e-01  3.4221e-01        1.3
h                4.1751e-01   4.9669e-01 -3.3793e-01  3.3686e-01        1.5

  Best-parameter's chi-squared:       0.0058
  Best-parameter's -2*log(posterior): 0.0058
  Bayesian Information Criterion:     9.6624
  Reduced chi-squared:                   nan
  Standard deviation of residuals:  0.000285306

For a detailed summary with all parameter posterior statistics see
/home/tenet/Documents/thesis/scripts/photometry/esa/data/inversion/inv-A3-0.9_0.9_0.1_30_statistics.txt

Output sampler files:
  /home/tenet/Documents/thesis/scripts/photometry/esa/data/inversion/inv-A3-0.9_0.9_0.1_30_statistics.txt
  /home/tenet/Documents/thesis/scripts/photometry/esa/data/inversion/inv-A3-0.9_0.9_0.1_30.npz
  /home/tenet/Documents/thesis/scripts/photometry/esa/data/inversion/inv-A3-0.9_0.9_0.1_30.log
