
::::::::::::::::::::::::::::::::::::::::::::::::::::::::::::::::::::::
  Multi-core Markov-chain Monte Carlo (mc3).
  Version 3.2.1.
  Copyright (c) 2015-2025 Patricio Cubillos and collaborators.
  mc3 is open-source software under the MIT license (see LICENSE).
::::::::::::::::::::::::::::::::::::::::::::::::::::::::::::::::::::::

Start MCMC chains  (Sat May 10 15:41:56 2025)

[:         ]  10.0% completed  (Sat May 10 15:41:57 2025)
Out-of-bound Trials:
[  91   42 2899 2518 4006 3913]
Best Parameters: (chisq=0.0273)
[0.89855904 0.30003767 0.93270219 0.03546916 0.42176939 0.65728731]

[::        ]  20.0% completed  (Sat May 10 15:41:57 2025)
Out-of-bound Trials:
[ 127   97 5685 4990 8285 8137]
Best Parameters: (chisq=0.0124)
[0.89549639 0.29279435 0.85626148 0.09859342 0.78482968 0.36639987]

[:::       ]  30.0% completed  (Sat May 10 15:41:58 2025)
Out-of-bound Trials:
[  163   143  8483  7490 12503 12293]
Best Parameters: (chisq=0.0124)
[0.89549639 0.29279435 0.85626148 0.09859342 0.78482968 0.36639987]

[::::      ]  40.0% completed  (Sat May 10 15:41:58 2025)
Out-of-bound Trials:
[  195   167 11224 10224 16581 16452]
Best Parameters: (chisq=0.0124)
[0.89549639 0.29279435 0.85626148 0.09859342 0.78482968 0.36639987]

[:::::     ]  50.0% completed  (Sat May 10 15:41:59 2025)
Out-of-bound Trials:
[  228   203 14053 12801 20602 20736]
Best Parameters: (chisq=0.0124)
[0.89549639 0.29279435 0.85626148 0.09859342 0.78482968 0.36639987]

[::::::    ]  60.0% completed  (Sat May 10 15:41:59 2025)
Out-of-bound Trials:
[  261   240 16767 15213 24933 24817]
Best Parameters: (chisq=0.0078)
[0.89822879 0.30297273 0.89803161 0.06422784 0.46762365 0.64654839]

[:::::::   ]  70.0% completed  (Sat May 10 15:42:00 2025)
Out-of-bound Trials:
[  289   272 19798 17607 29078 29131]
Best Parameters: (chisq=0.0078)
[0.89822879 0.30297273 0.89803161 0.06422784 0.46762365 0.64654839]

[::::::::  ]  80.0% completed  (Sat May 10 15:42:00 2025)
Out-of-bound Trials:
[  308   310 22704 20375 33314 33338]
Best Parameters: (chisq=0.0078)
[0.89822879 0.30297273 0.89803161 0.06422784 0.46762365 0.64654839]

[::::::::: ]  90.0% completed  (Sat May 10 15:42:01 2025)
Out-of-bound Trials:
[  340   363 25367 23232 37716 37624]
Best Parameters: (chisq=0.0078)
[0.89822879 0.30297273 0.89803161 0.06422784 0.46762365 0.64654839]

[::::::::::] 100.0% completed  (Sat May 10 15:42:01 2025)
Out-of-bound Trials:
[  371   401 28300 25645 42053 41726]
Best Parameters: (chisq=0.0078)
[0.89822879 0.30297273 0.89803161 0.06422784 0.46762365 0.64654839]

MCMC Summary:
-------------
  Number of evaluated samples:        200000
  Number of parallel chains:               5
  Average iterations per chain:        40000
  Burned-in iterations per chain:       2000
  Thinning factor:                         1
  MCMC sample size (thinned, burned): 190000
  Acceptance rate:   19.04%

Parameter name     best fit   median      1sigma_low   1sigma_hi        S/N
--------------- -----------  -----------------------------------  ---------
w                8.9823e-01   9.0598e-01 -2.3156e-02  1.8780e-02       44.0
b                3.0297e-01   3.0943e-01 -6.2560e-02  6.4501e-02        4.7
c                8.9803e-01   8.2038e-01 -1.5909e-01  1.2275e-01        6.8
dzeta            6.4228e-02   9.5851e-02 -6.6454e-02  6.9356e-02        1.0
B0               4.6762e-01   6.2344e-01 -3.5946e-01  2.6499e-01        1.7
h                6.4655e-01   5.6401e-01 -3.3905e-01  2.9627e-01        2.4

  Best-parameter's chi-squared:        0.0078
  Best-parameter's -2*log(posterior):  0.0078
  Bayesian Information Criterion:     13.8233
  Reduced chi-squared:                 0.0020
  Standard deviation of residuals:  0.000798587

For a detailed summary with all parameter posterior statistics see
/home/tenet/Documents/thesis/scripts/photometry/esa/data/inversion/inv-A3_A4-0.9_0.3_0.9_0_statistics.txt

Output sampler files:
  /home/tenet/Documents/thesis/scripts/photometry/esa/data/inversion/inv-A3_A4-0.9_0.3_0.9_0_statistics.txt
  /home/tenet/Documents/thesis/scripts/photometry/esa/data/inversion/inv-A3_A4-0.9_0.3_0.9_0.npz
  /home/tenet/Documents/thesis/scripts/photometry/esa/data/inversion/inv-A3_A4-0.9_0.3_0.9_0.log
