
::::::::::::::::::::::::::::::::::::::::::::::::::::::::::::::::::::::
  Multi-core Markov-chain Monte Carlo (mc3).
  Version 3.2.1.
  Copyright (c) 2015-2025 Patricio Cubillos and collaborators.
  mc3 is open-source software under the MIT license (see LICENSE).
::::::::::::::::::::::::::::::::::::::::::::::::::::::::::::::::::::::

Start MCMC chains  (Sat May 10 15:37:17 2025)

[:         ]  10.0% completed  (Sat May 10 15:37:17 2025)
Out-of-bound Trials:
[ 129 2058 2243 2164 4194 4531]
Best Parameters: (chisq=0.0148)
[0.8991998  0.90115273 0.1065796  0.07719915 0.55303539 0.70681892]

[::        ]  20.0% completed  (Sat May 10 15:37:18 2025)
Out-of-bound Trials:
[ 269 4982 4146 4563 8913 9123]
Best Parameters: (chisq=0.0148)
[0.8991998  0.90115273 0.1065796  0.07719915 0.55303539 0.70681892]

[:::       ]  30.0% completed  (Sat May 10 15:37:18 2025)
Out-of-bound Trials:
[  497  8111  6399  7038 13864 13857]
Best Parameters: (chisq=0.0148)
[0.8991998  0.90115273 0.1065796  0.07719915 0.55303539 0.70681892]

[::::      ]  40.0% completed  (Sat May 10 15:37:18 2025)
Out-of-bound Trials:
[  666 10876  8469  8983 18515 18673]
Best Parameters: (chisq=0.0148)
[0.8991998  0.90115273 0.1065796  0.07719915 0.55303539 0.70681892]

[:::::     ]  50.0% completed  (Sat May 10 15:37:19 2025)
Out-of-bound Trials:
[  924 13955 10560 11770 23168 23408]
Best Parameters: (chisq=0.0148)
[0.8991998  0.90115273 0.1065796  0.07719915 0.55303539 0.70681892]

[::::::    ]  60.0% completed  (Sat May 10 15:37:19 2025)
Out-of-bound Trials:
[ 1210 17229 13161 14233 27662 28157]
Best Parameters: (chisq=0.0148)
[0.8991998  0.90115273 0.1065796  0.07719915 0.55303539 0.70681892]

[:::::::   ]  70.0% completed  (Sat May 10 15:37:20 2025)
Out-of-bound Trials:
[ 1458 20205 16113 16289 32087 32789]
Best Parameters: (chisq=0.0148)
[0.8991998  0.90115273 0.1065796  0.07719915 0.55303539 0.70681892]

[::::::::  ]  80.0% completed  (Sat May 10 15:37:20 2025)
Out-of-bound Trials:
[ 1687 23186 18289 18689 36373 37339]
Best Parameters: (chisq=0.0148)
[0.8991998  0.90115273 0.1065796  0.07719915 0.55303539 0.70681892]

[::::::::: ]  90.0% completed  (Sat May 10 15:37:21 2025)
Out-of-bound Trials:
[ 1962 26320 20592 21590 41076 42120]
Best Parameters: (chisq=0.0148)
[0.8991998  0.90115273 0.1065796  0.07719915 0.55303539 0.70681892]

[::::::::::] 100.0% completed  (Sat May 10 15:37:21 2025)
Out-of-bound Trials:
[ 2210 29169 22833 23802 45634 46762]
Best Parameters: (chisq=0.0148)
[0.8991998  0.90115273 0.1065796  0.07719915 0.55303539 0.70681892]

MCMC Summary:
-------------
  Number of evaluated samples:        200000
  Number of parallel chains:               5
  Average iterations per chain:        40000
  Burned-in iterations per chain:       2000
  Thinning factor:                         1
  MCMC sample size (thinned, burned): 190000
  Acceptance rate:   8.63%

Parameter name     best fit   median      1sigma_low   1sigma_hi        S/N
--------------- -----------  -----------------------------------  ---------
w                8.9920e-01   8.6274e-01 -7.8850e-02  3.4958e-02       16.4
b                9.0115e-01   7.2987e-01 -3.4698e-01  1.4611e-01        4.0
c                1.0658e-01   2.6690e-01 -1.7249e-01  1.8899e-01        0.7
dzeta            7.7199e-02   1.7103e-01 -1.1766e-01  1.1856e-01        0.8
B0               5.5304e-01   4.6401e-01 -3.2245e-01  3.5722e-01        1.9
h                7.0682e-01   4.6981e-01 -3.2589e-01  3.6412e-01        2.4

  Best-parameter's chi-squared:        0.0148
  Best-parameter's -2*log(posterior):  0.0148
  Bayesian Information Criterion:     13.8303
  Reduced chi-squared:                 0.0037
  Standard deviation of residuals:  0.000660309

For a detailed summary with all parameter posterior statistics see
/home/tenet/Documents/thesis/scripts/photometry/esa/data/inversion/inv-A1_A5-0.9_0.9_0.1_0_statistics.txt

Output sampler files:
  /home/tenet/Documents/thesis/scripts/photometry/esa/data/inversion/inv-A1_A5-0.9_0.9_0.1_0_statistics.txt
  /home/tenet/Documents/thesis/scripts/photometry/esa/data/inversion/inv-A1_A5-0.9_0.9_0.1_0.npz
  /home/tenet/Documents/thesis/scripts/photometry/esa/data/inversion/inv-A1_A5-0.9_0.9_0.1_0.log
