
::::::::::::::::::::::::::::::::::::::::::::::::::::::::::::::::::::::
  Multi-core Markov-chain Monte Carlo (mc3).
  Version 3.2.1.
  Copyright (c) 2015-2025 Patricio Cubillos and collaborators.
  mc3 is open-source software under the MIT license (see LICENSE).
::::::::::::::::::::::::::::::::::::::::::::::::::::::::::::::::::::::

Start MCMC chains  (Sat May 10 16:05:45 2025)

[:         ]  10.0% completed  (Sat May 10 16:05:46 2025)
Out-of-bound Trials:
[  56  131 1257 2380 3830 3730]
Best Parameters: (chisq=0.0532)
[0.90174596 0.30404244 0.49570972 0.00520406 0.46635358 0.59875033]

[::        ]  20.0% completed  (Sat May 10 16:05:46 2025)
Out-of-bound Trials:
[  74  294 2445 4721 7760 7875]
Best Parameters: (chisq=0.0488)
[0.90040316 0.32415584 0.48102844 0.0719043  0.42679371 0.93400765]

[:::       ]  30.0% completed  (Sat May 10 16:05:47 2025)
Out-of-bound Trials:
[   90   506  3712  7120 11649 12128]
Best Parameters: (chisq=0.0488)
[0.90040316 0.32415584 0.48102844 0.0719043  0.42679371 0.93400765]

[::::      ]  40.0% completed  (Sat May 10 16:05:47 2025)
Out-of-bound Trials:
[  102   650  4737  9375 15651 16380]
Best Parameters: (chisq=0.0322)
[0.9016502  0.31518827 0.48442912 0.09061272 0.43692384 0.85211704]

[:::::     ]  50.0% completed  (Sat May 10 16:05:48 2025)
Out-of-bound Trials:
[  119   877  6052 11735 19491 20500]
Best Parameters: (chisq=0.0322)
[0.9016502  0.31518827 0.48442912 0.09061272 0.43692384 0.85211704]

[::::::    ]  60.0% completed  (Sat May 10 16:05:48 2025)
Out-of-bound Trials:
[  130  1089  7167 14175 23538 24606]
Best Parameters: (chisq=0.0322)
[0.9016502  0.31518827 0.48442912 0.09061272 0.43692384 0.85211704]

[:::::::   ]  70.0% completed  (Sat May 10 16:05:49 2025)
Out-of-bound Trials:
[  143  1351  8423 16598 27497 28817]
Best Parameters: (chisq=0.0322)
[0.9016502  0.31518827 0.48442912 0.09061272 0.43692384 0.85211704]

[::::::::  ]  80.0% completed  (Sat May 10 16:05:50 2025)
Out-of-bound Trials:
[  154  1556  9760 18905 31521 33037]
Best Parameters: (chisq=0.0322)
[0.9016502  0.31518827 0.48442912 0.09061272 0.43692384 0.85211704]

[::::::::: ]  90.0% completed  (Sat May 10 16:05:50 2025)
Out-of-bound Trials:
[  161  1744 10950 21347 35620 37238]
Best Parameters: (chisq=0.0322)
[0.9016502  0.31518827 0.48442912 0.09061272 0.43692384 0.85211704]

[::::::::::] 100.0% completed  (Sat May 10 16:05:51 2025)
Out-of-bound Trials:
[  172  1954 12143 23921 39658 41514]
Best Parameters: (chisq=0.0322)
[0.9016502  0.31518827 0.48442912 0.09061272 0.43692384 0.85211704]

MCMC Summary:
-------------
  Number of evaluated samples:        200000
  Number of parallel chains:               5
  Average iterations per chain:        40000
  Burned-in iterations per chain:       2000
  Thinning factor:                         1
  MCMC sample size (thinned, burned): 190000
  Acceptance rate:   17.09%

Parameter name     best fit   median      1sigma_low   1sigma_hi        S/N
--------------- -----------  -----------------------------------  ---------
w                9.0165e-01   8.9558e-01 -2.0266e-02  1.6841e-02       48.8
b                3.1519e-01   2.5022e-01 -7.5718e-02  7.1791e-02        4.4
c                4.8443e-01   6.0158e-01 -1.5761e-01  2.0540e-01        2.9
dzeta            9.0613e-02   9.6786e-02 -6.5015e-02  6.4572e-02        1.6
B0               4.3692e-01   5.7007e-01 -3.3222e-01  2.8707e-01        1.6
h                8.5212e-01   4.8895e-01 -3.0472e-01  3.3065e-01        3.1

  Best-parameter's chi-squared:        0.0322
  Best-parameter's -2*log(posterior):  0.0322
  Bayesian Information Criterion:     18.0066
  Reduced chi-squared:                 0.0023
  Standard deviation of residuals:  0.00221494

For a detailed summary with all parameter posterior statistics see
/home/tenet/Documents/thesis/scripts/photometry/esa/data/inversion/inv-A2_A3_A4_A5-0.9_0.3_0.5_0_statistics.txt

Output sampler files:
  /home/tenet/Documents/thesis/scripts/photometry/esa/data/inversion/inv-A2_A3_A4_A5-0.9_0.3_0.5_0_statistics.txt
  /home/tenet/Documents/thesis/scripts/photometry/esa/data/inversion/inv-A2_A3_A4_A5-0.9_0.3_0.5_0.npz
  /home/tenet/Documents/thesis/scripts/photometry/esa/data/inversion/inv-A2_A3_A4_A5-0.9_0.3_0.5_0.log
