
::::::::::::::::::::::::::::::::::::::::::::::::::::::::::::::::::::::
  Multi-core Markov-chain Monte Carlo (mc3).
  Version 3.2.1.
  Copyright (c) 2015-2025 Patricio Cubillos and collaborators.
  mc3 is open-source software under the MIT license (see LICENSE).
::::::::::::::::::::::::::::::::::::::::::::::::::::::::::::::::::::::

Start MCMC chains  (Sat May 10 15:31:32 2025)

[:         ]  10.0% completed  (Sat May 10 15:31:32 2025)
Out-of-bound Trials:
[  34 4220 2508 3929 4384 4478]
Best Parameters: (chisq=0.0074)
[0.31155365 0.37984118 0.42891293 0.15349539 0.58324962 0.99075554]

[::        ]  20.0% completed  (Sat May 10 15:31:33 2025)
Out-of-bound Trials:
[  73 9035 5245 7634 8736 8987]
Best Parameters: (chisq=0.0074)
[0.31155365 0.37984118 0.42891293 0.15349539 0.58324962 0.99075554]

[:::       ]  30.0% completed  (Sat May 10 15:31:33 2025)
Out-of-bound Trials:
[  119 13937  8091 11586 13394 13377]
Best Parameters: (chisq=0.0074)
[0.31155365 0.37984118 0.42891293 0.15349539 0.58324962 0.99075554]

[::::      ]  40.0% completed  (Sat May 10 15:31:33 2025)
Out-of-bound Trials:
[  173 18984 10846 15464 18006 17866]
Best Parameters: (chisq=0.0074)
[0.31155365 0.37984118 0.42891293 0.15349539 0.58324962 0.99075554]

[:::::     ]  50.0% completed  (Sat May 10 15:31:34 2025)
Out-of-bound Trials:
[  224 24406 13724 19242 22501 22535]
Best Parameters: (chisq=0.0074)
[0.31155365 0.37984118 0.42891293 0.15349539 0.58324962 0.99075554]

[::::::    ]  60.0% completed  (Sat May 10 15:31:34 2025)
Out-of-bound Trials:
[  288 29357 16324 23145 27138 27003]
Best Parameters: (chisq=0.0074)
[0.31155365 0.37984118 0.42891293 0.15349539 0.58324962 0.99075554]

[:::::::   ]  70.0% completed  (Sat May 10 15:31:35 2025)
Out-of-bound Trials:
[  337 34642 19240 26776 31677 31404]
Best Parameters: (chisq=0.0074)
[0.31155365 0.37984118 0.42891293 0.15349539 0.58324962 0.99075554]

[::::::::  ]  80.0% completed  (Sat May 10 15:31:35 2025)
Out-of-bound Trials:
[  380 40018 22010 30585 36216 35539]
Best Parameters: (chisq=0.0074)
[0.31155365 0.37984118 0.42891293 0.15349539 0.58324962 0.99075554]

[::::::::: ]  90.0% completed  (Sat May 10 15:31:36 2025)
Out-of-bound Trials:
[  424 45557 25104 34332 40715 40254]
Best Parameters: (chisq=0.0074)
[0.31155365 0.37984118 0.42891293 0.15349539 0.58324962 0.99075554]

[::::::::::] 100.0% completed  (Sat May 10 15:31:36 2025)
Out-of-bound Trials:
[  482 50840 27753 38100 45045 44887]
Best Parameters: (chisq=0.0074)
[0.31155365 0.37984118 0.42891293 0.15349539 0.58324962 0.99075554]

MCMC Summary:
-------------
  Number of evaluated samples:        200000
  Number of parallel chains:               5
  Average iterations per chain:        40000
  Burned-in iterations per chain:       2000
  Thinning factor:                         1
  MCMC sample size (thinned, burned): 190000
  Acceptance rate:   10.88%

Parameter name     best fit   median      1sigma_low   1sigma_hi        S/N
--------------- -----------  -----------------------------------  ---------
w                3.1155e-01   4.3674e-01 -1.1925e-01  1.7267e-01        2.5
b                3.7984e-01   4.3786e-01 -3.2321e-01  4.2005e-01        1.2
c                4.2891e-01   4.0136e-01 -2.1942e-01  2.8466e-01        1.8
dzeta            1.5350e-01   4.8220e-01 -3.1254e-01  2.9229e-01        0.6
B0               5.8325e-01   4.8422e-01 -3.3162e-01  3.4943e-01        2.0
h                9.9076e-01   4.8405e-01 -3.3156e-01  3.5364e-01        3.4

  Best-parameter's chi-squared:       0.0074
  Best-parameter's -2*log(posterior): 0.0074
  Bayesian Information Criterion:     9.6640
  Reduced chi-squared:                   nan
  Standard deviation of residuals:  0.000367577

For a detailed summary with all parameter posterior statistics see
/home/tenet/Documents/thesis/scripts/photometry/esa/data/inversion/inv-A5-0.3_0.3_0.5_0_statistics.txt

Output sampler files:
  /home/tenet/Documents/thesis/scripts/photometry/esa/data/inversion/inv-A5-0.3_0.3_0.5_0_statistics.txt
  /home/tenet/Documents/thesis/scripts/photometry/esa/data/inversion/inv-A5-0.3_0.3_0.5_0.npz
  /home/tenet/Documents/thesis/scripts/photometry/esa/data/inversion/inv-A5-0.3_0.3_0.5_0.log
