
::::::::::::::::::::::::::::::::::::::::::::::::::::::::::::::::::::::
  Multi-core Markov-chain Monte Carlo (mc3).
  Version 3.2.1.
  Copyright (c) 2015-2025 Patricio Cubillos and collaborators.
  mc3 is open-source software under the MIT license (see LICENSE).
::::::::::::::::::::::::::::::::::::::::::::::::::::::::::::::::::::::

Start MCMC chains  (Sat May 10 15:55:27 2025)

[:         ]  10.0% completed  (Sat May 10 15:55:27 2025)
Out-of-bound Trials:
[ 119   12 2630 2488 3280 3758]
Best Parameters: (chisq=0.0387)
[0.89925455 0.29592396 0.91800926 0.03207565 0.54619394 0.40478168]

[::        ]  20.0% completed  (Sat May 10 15:55:28 2025)
Out-of-bound Trials:
[ 161   24 5381 5059 6938 7364]
Best Parameters: (chisq=0.0156)
[0.90175126 0.32228869 0.86349949 0.05447076 0.39689031 0.96502723]

[:::       ]  30.0% completed  (Sat May 10 15:55:28 2025)
Out-of-bound Trials:
[  209    38  8428  7487 10836 11160]
Best Parameters: (chisq=0.0156)
[0.90175126 0.32228869 0.86349949 0.05447076 0.39689031 0.96502723]

[::::      ]  40.0% completed  (Sat May 10 15:55:29 2025)
Out-of-bound Trials:
[  257    52 11270 10214 14880 15013]
Best Parameters: (chisq=0.0156)
[0.90175126 0.32228869 0.86349949 0.05447076 0.39689031 0.96502723]

[:::::     ]  50.0% completed  (Sat May 10 15:55:29 2025)
Out-of-bound Trials:
[  294    58 14205 12926 18808 18741]
Best Parameters: (chisq=0.0156)
[0.90175126 0.32228869 0.86349949 0.05447076 0.39689031 0.96502723]

[::::::    ]  60.0% completed  (Sat May 10 15:55:30 2025)
Out-of-bound Trials:
[  332    70 17070 15583 22608 22545]
Best Parameters: (chisq=0.0156)
[0.90175126 0.32228869 0.86349949 0.05447076 0.39689031 0.96502723]

[:::::::   ]  70.0% completed  (Sat May 10 15:55:31 2025)
Out-of-bound Trials:
[  378    83 19873 18261 26517 26326]
Best Parameters: (chisq=0.0156)
[0.90175126 0.32228869 0.86349949 0.05447076 0.39689031 0.96502723]

[::::::::  ]  80.0% completed  (Sat May 10 15:55:31 2025)
Out-of-bound Trials:
[  419    90 22664 20797 30420 30144]
Best Parameters: (chisq=0.0130)
[0.90182061 0.29720315 0.92257467 0.08026633 0.4828316  0.47359207]

[::::::::: ]  90.0% completed  (Sat May 10 15:55:32 2025)
Out-of-bound Trials:
[  450   100 25711 23646 34226 34113]
Best Parameters: (chisq=0.0130)
[0.90182061 0.29720315 0.92257467 0.08026633 0.4828316  0.47359207]

[::::::::::] 100.0% completed  (Sat May 10 15:55:32 2025)
Out-of-bound Trials:
[  481   110 28686 26221 38091 37818]
Best Parameters: (chisq=0.0088)
[0.8964185  0.29922807 0.87827249 0.09678202 0.52690108 0.66658794]

MCMC Summary:
-------------
  Number of evaluated samples:        200000
  Number of parallel chains:               5
  Average iterations per chain:        40000
  Burned-in iterations per chain:       2000
  Thinning factor:                         1
  MCMC sample size (thinned, burned): 190000
  Acceptance rate:   18.73%

Parameter name     best fit   median      1sigma_low   1sigma_hi        S/N
--------------- -----------  -----------------------------------  ---------
w                8.9642e-01   9.0087e-01 -2.4654e-02  2.1728e-02       39.9
b                2.9923e-01   3.0547e-01 -4.7720e-02  5.1879e-02        6.2
c                8.7827e-01   8.4743e-01 -1.4331e-01  1.0479e-01        7.6
dzeta            9.6782e-02   8.0790e-02 -5.5495e-02  6.2747e-02        1.8
B0               5.2690e-01   6.5667e-01 -3.2277e-01  2.3963e-01        2.1
h                6.6659e-01   6.1033e-01 -3.1858e-01  2.6777e-01        2.6

  Best-parameter's chi-squared:        0.0088
  Best-parameter's -2*log(posterior):  0.0088
  Bayesian Information Criterion:     16.2571
  Reduced chi-squared:                 0.0010
  Standard deviation of residuals:  0.00282293

For a detailed summary with all parameter posterior statistics see
/home/tenet/Documents/thesis/scripts/photometry/esa/data/inversion/inv-A2_A3_A5-0.9_0.3_0.9_0_statistics.txt

Output sampler files:
  /home/tenet/Documents/thesis/scripts/photometry/esa/data/inversion/inv-A2_A3_A5-0.9_0.3_0.9_0_statistics.txt
  /home/tenet/Documents/thesis/scripts/photometry/esa/data/inversion/inv-A2_A3_A5-0.9_0.3_0.9_0.npz
  /home/tenet/Documents/thesis/scripts/photometry/esa/data/inversion/inv-A2_A3_A5-0.9_0.3_0.9_0.log
