
::::::::::::::::::::::::::::::::::::::::::::::::::::::::::::::::::::::
  Multi-core Markov-chain Monte Carlo (mc3).
  Version 3.2.1.
  Copyright (c) 2015-2025 Patricio Cubillos and collaborators.
  mc3 is open-source software under the MIT license (see LICENSE).
::::::::::::::::::::::::::::::::::::::::::::::::::::::::::::::::::::::

Start MCMC chains  (Sat May 10 15:45:49 2025)

[:         ]  10.0% completed  (Sat May 10 15:45:50 2025)
Out-of-bound Trials:
[ 135   12 2361 2887 3902 3376]
Best Parameters: (chisq=0.0571)
[0.88572146 0.27605357 0.86561664 0.10052982 0.7545965  0.47353207]

[::        ]  20.0% completed  (Sat May 10 15:45:50 2025)
Out-of-bound Trials:
[ 212   23 4747 5428 7931 7244]
Best Parameters: (chisq=0.0571)
[0.88572146 0.27605357 0.86561664 0.10052982 0.7545965  0.47353207]

[:::       ]  30.0% completed  (Sat May 10 15:45:51 2025)
Out-of-bound Trials:
[  296    36  7111  8134 12154 11396]
Best Parameters: (chisq=0.0571)
[0.88572146 0.27605357 0.86561664 0.10052982 0.7545965  0.47353207]

[::::      ]  40.0% completed  (Sat May 10 15:45:52 2025)
Out-of-bound Trials:
[  363    49  9369 10745 16302 15596]
Best Parameters: (chisq=0.0571)
[0.88572146 0.27605357 0.86561664 0.10052982 0.7545965  0.47353207]

[:::::     ]  50.0% completed  (Sat May 10 15:45:52 2025)
Out-of-bound Trials:
[  440    62 11738 13552 20350 19622]
Best Parameters: (chisq=0.0571)
[0.88572146 0.27605357 0.86561664 0.10052982 0.7545965  0.47353207]

[::::::    ]  60.0% completed  (Sat May 10 15:45:53 2025)
Out-of-bound Trials:
[  515    77 14070 16004 24602 23844]
Best Parameters: (chisq=0.0571)
[0.88572146 0.27605357 0.86561664 0.10052982 0.7545965  0.47353207]

[:::::::   ]  70.0% completed  (Sat May 10 15:45:53 2025)
Out-of-bound Trials:
[  591    82 16449 18799 28967 27975]
Best Parameters: (chisq=0.0571)
[0.88572146 0.27605357 0.86561664 0.10052982 0.7545965  0.47353207]

[::::::::  ]  80.0% completed  (Sat May 10 15:45:54 2025)
Out-of-bound Trials:
[  644    99 18787 21505 33100 32207]
Best Parameters: (chisq=0.0354)
[0.89551623 0.30582652 0.88616095 0.05928277 0.45116331 0.83907115]

[::::::::: ]  90.0% completed  (Sat May 10 15:45:54 2025)
Out-of-bound Trials:
[  722   116 21038 24036 37335 36313]
Best Parameters: (chisq=0.0354)
[0.89551623 0.30582652 0.88616095 0.05928277 0.45116331 0.83907115]

[::::::::::] 100.0% completed  (Sat May 10 15:45:55 2025)
Out-of-bound Trials:
[  777   128 23306 26763 41564 40387]
Best Parameters: (chisq=0.0354)
[0.89551623 0.30582652 0.88616095 0.05928277 0.45116331 0.83907115]

MCMC Summary:
-------------
  Number of evaluated samples:        200000
  Number of parallel chains:               5
  Average iterations per chain:        40000
  Burned-in iterations per chain:       2000
  Thinning factor:                         1
  MCMC sample size (thinned, burned): 190000
  Acceptance rate:   18.30%

Parameter name     best fit   median      1sigma_low   1sigma_hi        S/N
--------------- -----------  -----------------------------------  ---------
w                8.9552e-01   8.9995e-01 -2.8243e-02  2.4919e-02       35.7
b                3.0583e-01   2.9473e-01 -4.2743e-02  4.4198e-02        7.1
c                8.8616e-01   8.9077e-01 -7.6865e-02  6.7430e-02       13.1
dzeta            5.9283e-02   8.4116e-02 -5.7629e-02  6.3615e-02        1.1
B0               4.5116e-01   6.1033e-01 -3.3828e-01  2.7159e-01        1.7
h                8.3907e-01   5.7082e-01 -3.2328e-01  2.9621e-01        3.1

  Best-parameter's chi-squared:        0.0354
  Best-parameter's -2*log(posterior):  0.0354
  Bayesian Information Criterion:     16.2837
  Reduced chi-squared:                 0.0039
  Standard deviation of residuals:  0.00671181

For a detailed summary with all parameter posterior statistics see
/home/tenet/Documents/thesis/scripts/photometry/esa/data/inversion/inv-A1_A2_A3-0.9_0.3_0.9_0_statistics.txt

Output sampler files:
  /home/tenet/Documents/thesis/scripts/photometry/esa/data/inversion/inv-A1_A2_A3-0.9_0.3_0.9_0_statistics.txt
  /home/tenet/Documents/thesis/scripts/photometry/esa/data/inversion/inv-A1_A2_A3-0.9_0.3_0.9_0.npz
  /home/tenet/Documents/thesis/scripts/photometry/esa/data/inversion/inv-A1_A2_A3-0.9_0.3_0.9_0.log
