
::::::::::::::::::::::::::::::::::::::::::::::::::::::::::::::::::::::
  Multi-core Markov-chain Monte Carlo (mc3).
  Version 3.2.1.
  Copyright (c) 2015-2025 Patricio Cubillos and collaborators.
  mc3 is open-source software under the MIT license (see LICENSE).
::::::::::::::::::::::::::::::::::::::::::::::::::::::::::::::::::::::

Start MCMC chains  (Sat May 10 15:53:23 2025)

[:         ]  10.0% completed  (Sat May 10 15:53:24 2025)
Out-of-bound Trials:
[   0    3 2701 2506 4111 3872]
Best Parameters: (chisq=0.0109)
[0.29588125 0.30381962 0.89432448 0.03263291 0.49149674 0.63140361]

[::        ]  20.0% completed  (Sat May 10 15:53:24 2025)
Out-of-bound Trials:
[   0    8 5530 5317 8763 8411]
Best Parameters: (chisq=0.0109)
[0.29588125 0.30381962 0.89432448 0.03263291 0.49149674 0.63140361]

[:::       ]  30.0% completed  (Sat May 10 15:53:25 2025)
Out-of-bound Trials:
[    0    13  8381  7735 13409 12764]
Best Parameters: (chisq=0.0109)
[0.29588125 0.30381962 0.89432448 0.03263291 0.49149674 0.63140361]

[::::      ]  40.0% completed  (Sat May 10 15:53:25 2025)
Out-of-bound Trials:
[    0    18 11084 10312 18047 17281]
Best Parameters: (chisq=0.0109)
[0.29588125 0.30381962 0.89432448 0.03263291 0.49149674 0.63140361]

[:::::     ]  50.0% completed  (Sat May 10 15:53:26 2025)
Out-of-bound Trials:
[    1    22 13934 12798 22670 21545]
Best Parameters: (chisq=0.0109)
[0.29588125 0.30381962 0.89432448 0.03263291 0.49149674 0.63140361]

[::::::    ]  60.0% completed  (Sat May 10 15:53:26 2025)
Out-of-bound Trials:
[    1    27 16592 15277 27366 25815]
Best Parameters: (chisq=0.0109)
[0.29588125 0.30381962 0.89432448 0.03263291 0.49149674 0.63140361]

[:::::::   ]  70.0% completed  (Sat May 10 15:53:27 2025)
Out-of-bound Trials:
[    3    28 19370 17849 31889 30224]
Best Parameters: (chisq=0.0109)
[0.29588125 0.30381962 0.89432448 0.03263291 0.49149674 0.63140361]

[::::::::  ]  80.0% completed  (Sat May 10 15:53:27 2025)
Out-of-bound Trials:
[    4    33 22223 20434 36588 34737]
Best Parameters: (chisq=0.0109)
[0.29588125 0.30381962 0.89432448 0.03263291 0.49149674 0.63140361]

[::::::::: ]  90.0% completed  (Sat May 10 15:53:28 2025)
Out-of-bound Trials:
[    4    35 25073 23110 41095 39047]
Best Parameters: (chisq=0.0109)
[0.29588125 0.30381962 0.89432448 0.03263291 0.49149674 0.63140361]

[::::::::::] 100.0% completed  (Sat May 10 15:53:29 2025)
Out-of-bound Trials:
[    4    40 27663 25501 45652 43359]
Best Parameters: (chisq=0.0109)
[0.29588125 0.30381962 0.89432448 0.03263291 0.49149674 0.63140361]

MCMC Summary:
-------------
  Number of evaluated samples:        200000
  Number of parallel chains:               5
  Average iterations per chain:        40000
  Burned-in iterations per chain:       2000
  Thinning factor:                         1
  MCMC sample size (thinned, burned): 190000
  Acceptance rate:   16.36%

Parameter name     best fit   median      1sigma_low   1sigma_hi        S/N
--------------- -----------  -----------------------------------  ---------
w                2.9588e-01   3.1239e-01 -3.4687e-02  3.1520e-02        9.7
b                3.0382e-01   3.1324e-01 -3.4727e-02  3.7018e-02        8.6
c                8.9432e-01   8.6817e-01 -1.1665e-01  8.8238e-02        9.3
dzeta            3.2633e-02   7.5164e-02 -5.1276e-02  5.6124e-02        0.7
B0               4.9150e-01   5.2517e-01 -3.4766e-01  3.2574e-01        1.7
h                6.3140e-01   5.2346e-01 -3.2946e-01  3.1997e-01        2.3

  Best-parameter's chi-squared:        0.0109
  Best-parameter's -2*log(posterior):  0.0109
  Bayesian Information Criterion:     16.2592
  Reduced chi-squared:                 0.0012
  Standard deviation of residuals:  0.000648927

For a detailed summary with all parameter posterior statistics see
/home/tenet/Documents/thesis/scripts/photometry/esa/data/inversion/inv-A2_A3_A4-0.3_0.3_0.9_0_statistics.txt

Output sampler files:
  /home/tenet/Documents/thesis/scripts/photometry/esa/data/inversion/inv-A2_A3_A4-0.3_0.3_0.9_0_statistics.txt
  /home/tenet/Documents/thesis/scripts/photometry/esa/data/inversion/inv-A2_A3_A4-0.3_0.3_0.9_0.npz
  /home/tenet/Documents/thesis/scripts/photometry/esa/data/inversion/inv-A2_A3_A4-0.3_0.3_0.9_0.log
