
::::::::::::::::::::::::::::::::::::::::::::::::::::::::::::::::::::::
  Multi-core Markov-chain Monte Carlo (mc3).
  Version 3.2.1.
  Copyright (c) 2015-2025 Patricio Cubillos and collaborators.
  mc3 is open-source software under the MIT license (see LICENSE).
::::::::::::::::::::::::::::::::::::::::::::::::::::::::::::::::::::::

Start MCMC chains  (Sat May 10 15:42:22 2025)

[:         ]  10.0% completed  (Sat May 10 15:42:22 2025)
Out-of-bound Trials:
[ 213 3535 2288 2597 4433 4278]
Best Parameters: (chisq=0.0309)
[0.89993479 0.89402109 0.12119692 0.00427984 0.35876297 0.32546767]

[::        ]  20.0% completed  (Sat May 10 15:42:23 2025)
Out-of-bound Trials:
[ 398 8039 4824 5522 9247 9032]
Best Parameters: (chisq=0.0230)
[0.89946319 0.88545276 0.11909369 0.06680932 0.04646509 0.26020862]

[:::       ]  30.0% completed  (Sat May 10 15:42:23 2025)
Out-of-bound Trials:
[  543 12474  7443  8571 13816 13828]
Best Parameters: (chisq=0.0230)
[0.89946319 0.88545276 0.11909369 0.06680932 0.04646509 0.26020862]

[::::      ]  40.0% completed  (Sat May 10 15:42:24 2025)
Out-of-bound Trials:
[  713 16980 10186 11240 18534 18636]
Best Parameters: (chisq=0.0230)
[0.89946319 0.88545276 0.11909369 0.06680932 0.04646509 0.26020862]

[:::::     ]  50.0% completed  (Sat May 10 15:42:24 2025)
Out-of-bound Trials:
[  845 21125 13081 13608 23266 23286]
Best Parameters: (chisq=0.0230)
[0.89946319 0.88545276 0.11909369 0.06680932 0.04646509 0.26020862]

[::::::    ]  60.0% completed  (Sat May 10 15:42:25 2025)
Out-of-bound Trials:
[ 1006 25271 16057 16474 27765 28012]
Best Parameters: (chisq=0.0218)
[0.89902884 0.9029542  0.09843434 0.0895313  0.83218501 0.52660675]

[:::::::   ]  70.0% completed  (Sat May 10 15:42:25 2025)
Out-of-bound Trials:
[ 1181 29642 19100 19362 32385 32833]
Best Parameters: (chisq=0.0218)
[0.89902884 0.9029542  0.09843434 0.0895313  0.83218501 0.52660675]

[::::::::  ]  80.0% completed  (Sat May 10 15:42:26 2025)
Out-of-bound Trials:
[ 1360 34262 21972 21972 36846 37577]
Best Parameters: (chisq=0.0127)
[0.89996427 0.90119246 0.1137329  0.03323368 0.40384114 0.86870043]

[::::::::: ]  90.0% completed  (Sat May 10 15:42:26 2025)
Out-of-bound Trials:
[ 1550 38524 24748 24546 41541 42391]
Best Parameters: (chisq=0.0127)
[0.89996427 0.90119246 0.1137329  0.03323368 0.40384114 0.86870043]

[::::::::::] 100.0% completed  (Sat May 10 15:42:27 2025)
Out-of-bound Trials:
[ 1753 42557 27984 27485 46308 47372]
Best Parameters: (chisq=0.0127)
[0.89996427 0.90119246 0.1137329  0.03323368 0.40384114 0.86870043]

MCMC Summary:
-------------
  Number of evaluated samples:        200000
  Number of parallel chains:               5
  Average iterations per chain:        40000
  Burned-in iterations per chain:       2000
  Thinning factor:                         1
  MCMC sample size (thinned, burned): 190000
  Acceptance rate:   11.94%

Parameter name     best fit   median      1sigma_low   1sigma_hi        S/N
--------------- -----------  -----------------------------------  ---------
w                8.9996e-01   8.9239e-01 -5.3336e-02  1.9137e-02       22.5
b                9.0119e-01   8.5168e-01 -2.8637e-01  1.1802e-01        4.3
c                1.1373e-01   1.5680e-01 -8.7535e-02  1.6818e-01        0.7
dzeta            3.3234e-02   1.3598e-01 -9.2965e-02  1.1640e-01        0.3
B0               4.0384e-01   4.6472e-01 -3.2813e-01  3.5774e-01        1.4
h                8.6870e-01   4.7408e-01 -3.4373e-01  3.6909e-01        2.9

  Best-parameter's chi-squared:        0.0127
  Best-parameter's -2*log(posterior):  0.0127
  Bayesian Information Criterion:     13.8282
  Reduced chi-squared:                 0.0032
  Standard deviation of residuals:  0.00101932

For a detailed summary with all parameter posterior statistics see
/home/tenet/Documents/thesis/scripts/photometry/esa/data/inversion/inv-A3_A4-0.9_0.9_0.1_0_statistics.txt

Output sampler files:
  /home/tenet/Documents/thesis/scripts/photometry/esa/data/inversion/inv-A3_A4-0.9_0.9_0.1_0_statistics.txt
  /home/tenet/Documents/thesis/scripts/photometry/esa/data/inversion/inv-A3_A4-0.9_0.9_0.1_0.npz
  /home/tenet/Documents/thesis/scripts/photometry/esa/data/inversion/inv-A3_A4-0.9_0.9_0.1_0.log
