
::::::::::::::::::::::::::::::::::::::::::::::::::::::::::::::::::::::
  Multi-core Markov-chain Monte Carlo (mc3).
  Version 3.2.1.
  Copyright (c) 2015-2025 Patricio Cubillos and collaborators.
  mc3 is open-source software under the MIT license (see LICENSE).
::::::::::::::::::::::::::::::::::::::::::::::::::::::::::::::::::::::

Start MCMC chains  (Sat May 10 16:04:32 2025)

[:         ]  10.0% completed  (Sat May 10 16:04:33 2025)
Out-of-bound Trials:
[  40  134 2071 2540 4148 4646]
Best Parameters: (chisq=0.0124)
[0.89933992 0.91031781 0.09890867 0.01917941 0.81762069 0.85701986]

[::        ]  20.0% completed  (Sat May 10 16:04:33 2025)
Out-of-bound Trials:
[  45  242 4360 5282 8761 9487]
Best Parameters: (chisq=0.0119)
[0.89990268 0.9037582  0.0983258  0.08741841 0.6844654  0.70904584]

[:::       ]  30.0% completed  (Sat May 10 16:04:34 2025)
Out-of-bound Trials:
[   49   342  6654  7788 13442 14445]
Best Parameters: (chisq=0.0119)
[0.89990268 0.9037582  0.0983258  0.08741841 0.6844654  0.70904584]

[::::      ]  40.0% completed  (Sat May 10 16:04:34 2025)
Out-of-bound Trials:
[   56   499  8846 10345 18185 19319]
Best Parameters: (chisq=0.0119)
[0.89990268 0.9037582  0.0983258  0.08741841 0.6844654  0.70904584]

[:::::     ]  50.0% completed  (Sat May 10 16:04:35 2025)
Out-of-bound Trials:
[   61   665 10999 13210 22771 24064]
Best Parameters: (chisq=0.0073)
[0.9003441  0.89584706 0.11020009 0.07033368 0.32676323 0.59773652]

[::::::    ]  60.0% completed  (Sat May 10 16:04:36 2025)
Out-of-bound Trials:
[   66   877 12956 15871 27373 28830]
Best Parameters: (chisq=0.0073)
[0.9003441  0.89584706 0.11020009 0.07033368 0.32676323 0.59773652]

[:::::::   ]  70.0% completed  (Sat May 10 16:04:36 2025)
Out-of-bound Trials:
[   68  1222 14951 18585 32230 33562]
Best Parameters: (chisq=0.0073)
[0.9003441  0.89584706 0.11020009 0.07033368 0.32676323 0.59773652]

[::::::::  ]  80.0% completed  (Sat May 10 16:04:37 2025)
Out-of-bound Trials:
[  118  1587 17199 21257 37146 38158]
Best Parameters: (chisq=0.0073)
[0.9003441  0.89584706 0.11020009 0.07033368 0.32676323 0.59773652]

[::::::::: ]  90.0% completed  (Sat May 10 16:04:37 2025)
Out-of-bound Trials:
[  152  2060 18815 23439 41826 42904]
Best Parameters: (chisq=0.0073)
[0.9003441  0.89584706 0.11020009 0.07033368 0.32676323 0.59773652]

[::::::::::] 100.0% completed  (Sat May 10 16:04:38 2025)
Out-of-bound Trials:
[  204  2883 20600 25740 46570 47832]
Best Parameters: (chisq=0.0073)
[0.9003441  0.89584706 0.11020009 0.07033368 0.32676323 0.59773652]

MCMC Summary:
-------------
  Number of evaluated samples:        200000
  Number of parallel chains:               5
  Average iterations per chain:        40000
  Burned-in iterations per chain:       2000
  Thinning factor:                         1
  MCMC sample size (thinned, burned): 190000
  Acceptance rate:   17.70%

Parameter name     best fit   median      1sigma_low   1sigma_hi        S/N
--------------- -----------  -----------------------------------  ---------
w                9.0034e-01   8.9837e-01 -1.0344e-02  7.8245e-03       40.0
b                8.9585e-01   8.8697e-01 -3.6882e-02  2.4590e-02        8.3
c                1.1020e-01   1.2114e-01 -7.2415e-02  8.1039e-02        1.5
dzeta            7.0334e-02   9.5292e-02 -6.3466e-02  8.0896e-02        0.9
B0               3.2676e-01   4.5914e-01 -3.2658e-01  3.6201e-01        1.1
h                5.9774e-01   4.8777e-01 -3.4025e-01  3.5648e-01        2.1

  Best-parameter's chi-squared:        0.0073
  Best-parameter's -2*log(posterior):  0.0073
  Bayesian Information Criterion:     17.9816
  Reduced chi-squared:                 0.0005
  Standard deviation of residuals:  0.000809038

For a detailed summary with all parameter posterior statistics see
/home/tenet/Documents/thesis/scripts/photometry/esa/data/inversion/inv-A1_A3_A4_A5-0.9_0.9_0.1_0_statistics.txt

Output sampler files:
  /home/tenet/Documents/thesis/scripts/photometry/esa/data/inversion/inv-A1_A3_A4_A5-0.9_0.9_0.1_0_statistics.txt
  /home/tenet/Documents/thesis/scripts/photometry/esa/data/inversion/inv-A1_A3_A4_A5-0.9_0.9_0.1_0.npz
  /home/tenet/Documents/thesis/scripts/photometry/esa/data/inversion/inv-A1_A3_A4_A5-0.9_0.9_0.1_0.log
