
::::::::::::::::::::::::::::::::::::::::::::::::::::::::::::::::::::::
  Multi-core Markov-chain Monte Carlo (mc3).
  Version 3.2.1.
  Copyright (c) 2015-2025 Patricio Cubillos and collaborators.
  mc3 is open-source software under the MIT license (see LICENSE).
::::::::::::::::::::::::::::::::::::::::::::::::::::::::::::::::::::::

Start MCMC chains  (Sat May 10 15:49:40 2025)

[:         ]  10.0% completed  (Sat May 10 15:49:40 2025)
Out-of-bound Trials:
[   8  271 1155 2042 4343 4345]
Best Parameters: (chisq=0.0917)
[0.330955   0.30458691 0.53392972 0.69224072 0.16820309 0.41021885]

[::        ]  20.0% completed  (Sat May 10 15:49:41 2025)
Out-of-bound Trials:
[  18  578 2256 4193 9040 8814]
Best Parameters: (chisq=0.0704)
[0.2888416  0.29921481 0.45113203 0.68986243 0.60394981 0.90568773]

[:::       ]  30.0% completed  (Sat May 10 15:49:41 2025)
Out-of-bound Trials:
[   42  1375  4216  6923 13608 13522]
Best Parameters: (chisq=0.0704)
[0.2888416  0.29921481 0.45113203 0.68986243 0.60394981 0.90568773]

[::::      ]  40.0% completed  (Sat May 10 15:49:42 2025)
Out-of-bound Trials:
[   88  2162  5581  9049 18418 18219]
Best Parameters: (chisq=0.0103)
[0.28659445 0.29805731 0.47915463 0.67164521 0.60761621 0.74935057]

[:::::     ]  50.0% completed  (Sat May 10 15:49:42 2025)
Out-of-bound Trials:
[  131  3149  7195 11238 23208 22689]
Best Parameters: (chisq=0.0103)
[0.28659445 0.29805731 0.47915463 0.67164521 0.60761621 0.74935057]

[::::::    ]  60.0% completed  (Sat May 10 15:49:43 2025)
Out-of-bound Trials:
[  172  4385  9051 13876 27474 27127]
Best Parameters: (chisq=0.0103)
[0.28659445 0.29805731 0.47915463 0.67164521 0.60761621 0.74935057]

[:::::::   ]  70.0% completed  (Sat May 10 15:49:43 2025)
Out-of-bound Trials:
[  221  6307 11126 16048 31909 31604]
Best Parameters: (chisq=0.0081)
[0.26732698 0.29802895 0.44952402 0.67400274 0.8770816  0.78271869]

[::::::::  ]  80.0% completed  (Sat May 10 15:49:44 2025)
Out-of-bound Trials:
[  262  8462 13024 18305 36407 36005]
Best Parameters: (chisq=0.0081)
[0.26732698 0.29802895 0.44952402 0.67400274 0.8770816  0.78271869]

[::::::::: ]  90.0% completed  (Sat May 10 15:49:44 2025)
Out-of-bound Trials:
[  308 10711 14794 20380 41062 40577]
Best Parameters: (chisq=0.0081)
[0.26732698 0.29802895 0.44952402 0.67400274 0.8770816  0.78271869]

[::::::::::] 100.0% completed  (Sat May 10 15:49:45 2025)
Out-of-bound Trials:
[  382 14497 17175 21889 45682 44811]
Best Parameters: (chisq=0.0081)
[0.26732698 0.29802895 0.44952402 0.67400274 0.8770816  0.78271869]

MCMC Summary:
-------------
  Number of evaluated samples:        200000
  Number of parallel chains:               5
  Average iterations per chain:        40000
  Burned-in iterations per chain:       2000
  Thinning factor:                         1
  MCMC sample size (thinned, burned): 190000
  Acceptance rate:   14.12%

Parameter name     best fit   median      1sigma_low   1sigma_hi        S/N
--------------- -----------  -----------------------------------  ---------
w                2.6733e-01   3.4251e-01 -6.7552e-02  1.0502e-01        2.4
b                2.9803e-01   3.0198e-01 -9.1204e-02  1.1080e-01        1.3
c                4.4952e-01   4.2725e-01 -2.0303e-01  2.3676e-01        2.1
dzeta            6.7400e-01   7.4815e-01 -1.7464e-01  1.5882e-01        4.5
B0               8.7708e-01   4.7777e-01 -3.2639e-01  3.5577e-01        3.0
h                7.8272e-01   4.6151e-01 -3.1606e-01  3.4928e-01        2.8

  Best-parameter's chi-squared:        0.0081
  Best-parameter's -2*log(posterior):  0.0081
  Bayesian Information Criterion:     16.2564
  Reduced chi-squared:                 0.0009
  Standard deviation of residuals:  0.000173567

For a detailed summary with all parameter posterior statistics see
/home/tenet/Documents/thesis/scripts/photometry/esa/data/inversion/inv-A1_A3_A4-0.3_0.3_0.5_30_statistics.txt

Output sampler files:
  /home/tenet/Documents/thesis/scripts/photometry/esa/data/inversion/inv-A1_A3_A4-0.3_0.3_0.5_30_statistics.txt
  /home/tenet/Documents/thesis/scripts/photometry/esa/data/inversion/inv-A1_A3_A4-0.3_0.3_0.5_30.npz
  /home/tenet/Documents/thesis/scripts/photometry/esa/data/inversion/inv-A1_A3_A4-0.3_0.3_0.5_30.log
