
::::::::::::::::::::::::::::::::::::::::::::::::::::::::::::::::::::::
  Multi-core Markov-chain Monte Carlo (mc3).
  Version 3.2.1.
  Copyright (c) 2015-2025 Patricio Cubillos and collaborators.
  mc3 is open-source software under the MIT license (see LICENSE).
::::::::::::::::::::::::::::::::::::::::::::::::::::::::::::::::::::::

Start MCMC chains  (Sat May 10 15:41:39 2025)

[:         ]  10.0% completed  (Sat May 10 15:41:39 2025)
Out-of-bound Trials:
[  17 1972 3010 2708 4062 4490]
Best Parameters: (chisq=0.0490)
[0.29288948 0.28697966 0.52929941 0.64272174 0.73960842 0.21367016]

[::        ]  20.0% completed  (Sat May 10 15:41:40 2025)
Out-of-bound Trials:
[ 109 5548 6372 5427 8679 9066]
Best Parameters: (chisq=0.0490)
[0.29288948 0.28697966 0.52929941 0.64272174 0.73960842 0.21367016]

[:::       ]  30.0% completed  (Sat May 10 15:41:40 2025)
Out-of-bound Trials:
[  201  9255  9922  8087 13146 13604]
Best Parameters: (chisq=0.0490)
[0.29288948 0.28697966 0.52929941 0.64272174 0.73960842 0.21367016]

[::::      ]  40.0% completed  (Sat May 10 15:41:41 2025)
Out-of-bound Trials:
[  270 13046 13257 11174 17641 17977]
Best Parameters: (chisq=0.0490)
[0.29288948 0.28697966 0.52929941 0.64272174 0.73960842 0.21367016]

[:::::     ]  50.0% completed  (Sat May 10 15:41:41 2025)
Out-of-bound Trials:
[  354 16479 16326 13864 22098 22708]
Best Parameters: (chisq=0.0490)
[0.29288948 0.28697966 0.52929941 0.64272174 0.73960842 0.21367016]

[::::::    ]  60.0% completed  (Sat May 10 15:41:41 2025)
Out-of-bound Trials:
[  454 20703 20067 16802 26592 27287]
Best Parameters: (chisq=0.0307)
[0.28399984 0.28809479 0.49824227 0.68289297 0.64763575 0.63825949]

[:::::::   ]  70.0% completed  (Sat May 10 15:41:42 2025)
Out-of-bound Trials:
[  543 24795 23118 19483 31067 31801]
Best Parameters: (chisq=0.0307)
[0.28399984 0.28809479 0.49824227 0.68289297 0.64763575 0.63825949]

[::::::::  ]  80.0% completed  (Sat May 10 15:41:42 2025)
Out-of-bound Trials:
[  633 28864 26398 22274 35318 36320]
Best Parameters: (chisq=0.0139)
[0.33607542 0.33771625 0.54704874 0.63840118 0.06095772 0.01096346]

[::::::::: ]  90.0% completed  (Sat May 10 15:41:43 2025)
Out-of-bound Trials:
[  717 33778 30029 24792 40041 41091]
Best Parameters: (chisq=0.0139)
[0.33607542 0.33771625 0.54704874 0.63840118 0.06095772 0.01096346]

[::::::::::] 100.0% completed  (Sat May 10 15:41:43 2025)
Out-of-bound Trials:
[  811 38529 33077 27426 44931 45332]
Best Parameters: (chisq=0.0139)
[0.33607542 0.33771625 0.54704874 0.63840118 0.06095772 0.01096346]

MCMC Summary:
-------------
  Number of evaluated samples:        200000
  Number of parallel chains:               5
  Average iterations per chain:        40000
  Burned-in iterations per chain:       2000
  Thinning factor:                         1
  MCMC sample size (thinned, burned): 190000
  Acceptance rate:   9.91%

Parameter name     best fit   median      1sigma_low   1sigma_hi        S/N
--------------- -----------  -----------------------------------  ---------
w                3.3608e-01   3.4782e-01 -6.6524e-02  2.2656e-01        2.7
b                3.3772e-01   2.9021e-01 -1.6668e-01  4.4328e-01        1.2
c                5.4705e-01   4.4615e-01 -2.6274e-01  3.0585e-01        2.2
dzeta            6.3840e-01   7.9084e-01 -1.8761e-01  1.3837e-01        4.2
B0               6.0958e-02   4.9214e-01 -3.4053e-01  3.4080e-01        0.2
h                1.0963e-02   4.8272e-01 -3.3701e-01  3.4683e-01        0.0

  Best-parameter's chi-squared:        0.0139
  Best-parameter's -2*log(posterior):  0.0139
  Bayesian Information Criterion:     13.8294
  Reduced chi-squared:                 0.0035
  Standard deviation of residuals:  0.000326003

For a detailed summary with all parameter posterior statistics see
/home/tenet/Documents/thesis/scripts/photometry/esa/data/inversion/inv-A3_A4-0.3_0.3_0.5_30_statistics.txt

Output sampler files:
  /home/tenet/Documents/thesis/scripts/photometry/esa/data/inversion/inv-A3_A4-0.3_0.3_0.5_30_statistics.txt
  /home/tenet/Documents/thesis/scripts/photometry/esa/data/inversion/inv-A3_A4-0.3_0.3_0.5_30.npz
  /home/tenet/Documents/thesis/scripts/photometry/esa/data/inversion/inv-A3_A4-0.3_0.3_0.5_30.log
