
::::::::::::::::::::::::::::::::::::::::::::::::::::::::::::::::::::::
  Multi-core Markov-chain Monte Carlo (mc3).
  Version 3.2.1.
  Copyright (c) 2015-2025 Patricio Cubillos and collaborators.
  mc3 is open-source software under the MIT license (see LICENSE).
::::::::::::::::::::::::::::::::::::::::::::::::::::::::::::::::::::::

Start MCMC chains  (Sat May 10 15:31:43 2025)

[:         ]  10.0% completed  (Sat May 10 15:31:43 2025)
Out-of-bound Trials:
[1342 4463 4273 4388 4104 4433]
Best Parameters: (chisq=0.0009)
[0.30930095 0.91415414 0.06890382 0.08261055 0.76350663 0.27924802]

[::        ]  20.0% completed  (Sat May 10 15:31:44 2025)
Out-of-bound Trials:
[3164 9523 8464 8944 8575 9072]
Best Parameters: (chisq=0.0009)
[0.30930095 0.91415414 0.06890382 0.08261055 0.76350663 0.27924802]

[:::       ]  30.0% completed  (Sat May 10 15:31:44 2025)
Out-of-bound Trials:
[ 4757 14435 12895 13124 13081 13745]
Best Parameters: (chisq=0.0009)
[0.30930095 0.91415414 0.06890382 0.08261055 0.76350663 0.27924802]

[::::      ]  40.0% completed  (Sat May 10 15:31:44 2025)
Out-of-bound Trials:
[ 6353 19481 17255 17298 17616 18162]
Best Parameters: (chisq=0.0009)
[0.30930095 0.91415414 0.06890382 0.08261055 0.76350663 0.27924802]

[:::::     ]  50.0% completed  (Sat May 10 15:31:45 2025)
Out-of-bound Trials:
[ 8039 24401 21704 21684 22010 22713]
Best Parameters: (chisq=0.0009)
[0.30930095 0.91415414 0.06890382 0.08261055 0.76350663 0.27924802]

[::::::    ]  60.0% completed  (Sat May 10 15:31:45 2025)
Out-of-bound Trials:
[ 9682 29358 25912 26144 26559 27597]
Best Parameters: (chisq=0.0009)
[0.30930095 0.91415414 0.06890382 0.08261055 0.76350663 0.27924802]

[:::::::   ]  70.0% completed  (Sat May 10 15:31:46 2025)
Out-of-bound Trials:
[11170 34233 30106 30504 31087 32178]
Best Parameters: (chisq=0.0009)
[0.30930095 0.91415414 0.06890382 0.08261055 0.76350663 0.27924802]

[::::::::  ]  80.0% completed  (Sat May 10 15:31:46 2025)
Out-of-bound Trials:
[12850 39025 34444 34902 35573 36765]
Best Parameters: (chisq=0.0009)
[0.30930095 0.91415414 0.06890382 0.08261055 0.76350663 0.27924802]

[::::::::: ]  90.0% completed  (Sat May 10 15:31:46 2025)
Out-of-bound Trials:
[14492 43859 38795 39420 40113 41381]
Best Parameters: (chisq=0.0009)
[0.30930095 0.91415414 0.06890382 0.08261055 0.76350663 0.27924802]

[::::::::::] 100.0% completed  (Sat May 10 15:31:47 2025)
Out-of-bound Trials:
[16152 48918 43032 43783 44805 46065]
Best Parameters: (chisq=0.0009)
[0.30930095 0.91415414 0.06890382 0.08261055 0.76350663 0.27924802]

MCMC Summary:
-------------
  Number of evaluated samples:        200000
  Number of parallel chains:               5
  Average iterations per chain:        40000
  Burned-in iterations per chain:       2000
  Thinning factor:                         1
  MCMC sample size (thinned, burned): 190000
  Acceptance rate:   13.65%

Parameter name     best fit   median      1sigma_low   1sigma_hi        S/N
--------------- -----------  -----------------------------------  ---------
w                3.0930e-01   1.6033e-01 -7.3928e-02  1.4334e-01        3.1
b                9.1415e-01   5.9621e-01 -4.0979e-01  3.0123e-01        3.1
c                6.8904e-02   3.6000e-01 -2.5937e-01  3.7065e-01        0.3
dzeta            8.2611e-02   5.2220e-01 -3.5303e-01  3.3106e-01        0.3
B0               7.6351e-01   4.9190e-01 -3.4530e-01  3.3750e-01        2.7
h                2.7925e-01   4.9454e-01 -3.4763e-01  3.4949e-01        1.0

  Best-parameter's chi-squared:       0.0009
  Best-parameter's -2*log(posterior): 0.0009
  Bayesian Information Criterion:     9.6575
  Reduced chi-squared:                   nan
  Standard deviation of residuals:  0.000131262

For a detailed summary with all parameter posterior statistics see
/home/tenet/Documents/thesis/scripts/photometry/esa/data/inversion/inv-A5-0.3_0.9_0.1_0_statistics.txt

Output sampler files:
  /home/tenet/Documents/thesis/scripts/photometry/esa/data/inversion/inv-A5-0.3_0.9_0.1_0_statistics.txt
  /home/tenet/Documents/thesis/scripts/photometry/esa/data/inversion/inv-A5-0.3_0.9_0.1_0.npz
  /home/tenet/Documents/thesis/scripts/photometry/esa/data/inversion/inv-A5-0.3_0.9_0.1_0.log
