
::::::::::::::::::::::::::::::::::::::::::::::::::::::::::::::::::::::
  Multi-core Markov-chain Monte Carlo (mc3).
  Version 3.2.1.
  Copyright (c) 2015-2025 Patricio Cubillos and collaborators.
  mc3 is open-source software under the MIT license (see LICENSE).
::::::::::::::::::::::::::::::::::::::::::::::::::::::::::::::::::::::

Start MCMC chains  (Sat May 10 15:38:26 2025)

[:         ]  10.0% completed  (Sat May 10 15:38:26 2025)
Out-of-bound Trials:
[1413 1100 2450 1517 4301 3875]
Best Parameters: (chisq=0.0308)
[0.91247447 0.3441526  0.50541957 0.63360306 0.22632097 0.19251806]

[::        ]  20.0% completed  (Sat May 10 15:38:27 2025)
Out-of-bound Trials:
[3101 2099 4881 3253 8843 7923]
Best Parameters: (chisq=0.0308)
[0.91247447 0.3441526  0.50541957 0.63360306 0.22632097 0.19251806]

[:::       ]  30.0% completed  (Sat May 10 15:38:27 2025)
Out-of-bound Trials:
[ 5020  2983  7397  4913 13455 12111]
Best Parameters: (chisq=0.0308)
[0.91247447 0.3441526  0.50541957 0.63360306 0.22632097 0.19251806]

[::::      ]  40.0% completed  (Sat May 10 15:38:28 2025)
Out-of-bound Trials:
[ 6847  4061  9919  6689 17935 16144]
Best Parameters: (chisq=0.0308)
[0.91247447 0.3441526  0.50541957 0.63360306 0.22632097 0.19251806]

[:::::     ]  50.0% completed  (Sat May 10 15:38:28 2025)
Out-of-bound Trials:
[ 8302  5337 12841  8245 22512 20362]
Best Parameters: (chisq=0.0308)
[0.91247447 0.3441526  0.50541957 0.63360306 0.22632097 0.19251806]

[::::::    ]  60.0% completed  (Sat May 10 15:38:29 2025)
Out-of-bound Trials:
[10040  6276 15814  9957 27123 24644]
Best Parameters: (chisq=0.0308)
[0.91247447 0.3441526  0.50541957 0.63360306 0.22632097 0.19251806]

[:::::::   ]  70.0% completed  (Sat May 10 15:38:29 2025)
Out-of-bound Trials:
[11785  7357 18588 11722 31654 29070]
Best Parameters: (chisq=0.0308)
[0.91247447 0.3441526  0.50541957 0.63360306 0.22632097 0.19251806]

[::::::::  ]  80.0% completed  (Sat May 10 15:38:30 2025)
Out-of-bound Trials:
[13522  8588 21286 13591 36120 33431]
Best Parameters: (chisq=0.0308)
[0.91247447 0.3441526  0.50541957 0.63360306 0.22632097 0.19251806]

[::::::::: ]  90.0% completed  (Sat May 10 15:38:30 2025)
Out-of-bound Trials:
[15349  9711 24247 15309 40663 37701]
Best Parameters: (chisq=0.0308)
[0.91247447 0.3441526  0.50541957 0.63360306 0.22632097 0.19251806]

[::::::::::] 100.0% completed  (Sat May 10 15:38:30 2025)
Out-of-bound Trials:
[17087 10881 26993 17172 45330 42082]
Best Parameters: (chisq=0.0308)
[0.91247447 0.3441526  0.50541957 0.63360306 0.22632097 0.19251806]

MCMC Summary:
-------------
  Number of evaluated samples:        200000
  Number of parallel chains:               5
  Average iterations per chain:        40000
  Burned-in iterations per chain:       2000
  Thinning factor:                         1
  MCMC sample size (thinned, burned): 190000
  Acceptance rate:   14.38%

Parameter name     best fit   median      1sigma_low   1sigma_hi        S/N
--------------- -----------  -----------------------------------  ---------
w                9.1247e-01   9.1428e-01 -5.8380e-02  4.4326e-02       17.9
b                3.4415e-01   2.4397e-01 -1.0628e-01  1.2487e-01        3.0
c                5.0542e-01   5.8015e-01 -2.4920e-01  2.6663e-01        2.2
dzeta            6.3360e-01   7.2583e-01 -1.5190e-01  1.6093e-01        4.5
B0               2.2632e-01   5.6355e-01 -3.6907e-01  3.0539e-01        0.8
h                1.9252e-01   5.1066e-01 -3.3278e-01  3.2213e-01        0.7

  Best-parameter's chi-squared:        0.0308
  Best-parameter's -2*log(posterior):  0.0308
  Bayesian Information Criterion:     13.8463
  Reduced chi-squared:                 0.0077
  Standard deviation of residuals:  0.00283738

For a detailed summary with all parameter posterior statistics see
/home/tenet/Documents/thesis/scripts/photometry/esa/data/inversion/inv-A2_A3-0.9_0.3_0.5_30_statistics.txt

Output sampler files:
  /home/tenet/Documents/thesis/scripts/photometry/esa/data/inversion/inv-A2_A3-0.9_0.3_0.5_30_statistics.txt
  /home/tenet/Documents/thesis/scripts/photometry/esa/data/inversion/inv-A2_A3-0.9_0.3_0.5_30.npz
  /home/tenet/Documents/thesis/scripts/photometry/esa/data/inversion/inv-A2_A3-0.9_0.3_0.5_30.log
