
::::::::::::::::::::::::::::::::::::::::::::::::::::::::::::::::::::::
  Multi-core Markov-chain Monte Carlo (mc3).
  Version 3.2.1.
  Copyright (c) 2015-2025 Patricio Cubillos and collaborators.
  mc3 is open-source software under the MIT license (see LICENSE).
::::::::::::::::::::::::::::::::::::::::::::::::::::::::::::::::::::::

Start MCMC chains  (Sat May 10 15:40:21 2025)

[:         ]  10.0% completed  (Sat May 10 15:40:21 2025)
Out-of-bound Trials:
[   1  127 2072 1012 4474 4147]
Best Parameters: (chisq=0.0773)
[0.30554295 0.31702571 0.45167206 0.68209624 0.51535858 0.62546666]

[::        ]  20.0% completed  (Sat May 10 15:40:22 2025)
Out-of-bound Trials:
[   4  254 4110 2002 9146 8877]
Best Parameters: (chisq=0.0445)
[0.34512062 0.34931118 0.49620568 0.65514834 0.03998227 0.52905295]

[:::       ]  30.0% completed  (Sat May 10 15:40:22 2025)
Out-of-bound Trials:
[    7   350  6007  3070 13588 13290]
Best Parameters: (chisq=0.0445)
[0.34512062 0.34931118 0.49620568 0.65514834 0.03998227 0.52905295]

[::::      ]  40.0% completed  (Sat May 10 15:40:23 2025)
Out-of-bound Trials:
[    8   426  8057  4151 18102 17819]
Best Parameters: (chisq=0.0445)
[0.34512062 0.34931118 0.49620568 0.65514834 0.03998227 0.52905295]

[:::::     ]  50.0% completed  (Sat May 10 15:40:23 2025)
Out-of-bound Trials:
[   12   522  9804  5265 22863 22239]
Best Parameters: (chisq=0.0445)
[0.34512062 0.34931118 0.49620568 0.65514834 0.03998227 0.52905295]

[::::::    ]  60.0% completed  (Sat May 10 15:40:24 2025)
Out-of-bound Trials:
[   17   646 11683  6404 27396 26772]
Best Parameters: (chisq=0.0445)
[0.34512062 0.34931118 0.49620568 0.65514834 0.03998227 0.52905295]

[:::::::   ]  70.0% completed  (Sat May 10 15:40:24 2025)
Out-of-bound Trials:
[   18   722 13374  7595 31678 31063]
Best Parameters: (chisq=0.0444)
[0.27747376 0.28222025 0.4952836  0.64633598 0.75106089 0.44037591]

[::::::::  ]  80.0% completed  (Sat May 10 15:40:25 2025)
Out-of-bound Trials:
[   23   821 15287  8802 36206 35556]
Best Parameters: (chisq=0.0069)
[0.2827041  0.29405139 0.47825983 0.6765842  0.69691987 0.63243971]

[::::::::: ]  90.0% completed  (Sat May 10 15:40:26 2025)
Out-of-bound Trials:
[   25   909 17292  9938 40657 40022]
Best Parameters: (chisq=0.0069)
[0.2827041  0.29405139 0.47825983 0.6765842  0.69691987 0.63243971]

[::::::::::] 100.0% completed  (Sat May 10 15:40:26 2025)
Out-of-bound Trials:
[   26  1017 19327 10984 45164 44355]
Best Parameters: (chisq=0.0069)
[0.2827041  0.29405139 0.47825983 0.6765842  0.69691987 0.63243971]

MCMC Summary:
-------------
  Number of evaluated samples:        200000
  Number of parallel chains:               5
  Average iterations per chain:        40000
  Burned-in iterations per chain:       2000
  Thinning factor:                         1
  MCMC sample size (thinned, burned): 190000
  Acceptance rate:   14.64%

Parameter name     best fit   median      1sigma_low   1sigma_hi        S/N
--------------- -----------  -----------------------------------  ---------
w                2.8270e-01   3.0637e-01 -4.6248e-02  5.5352e-02        5.6
b                2.9405e-01   2.8265e-01 -7.5286e-02  7.9192e-02        3.8
c                4.7826e-01   5.6366e-01 -2.0679e-01  2.5015e-01        2.3
dzeta            6.7658e-01   6.9202e-01 -1.3695e-01  1.4246e-01        5.0
B0               6.9692e-01   5.0391e-01 -3.4201e-01  3.3604e-01        2.4
h                6.3244e-01   4.8569e-01 -3.2184e-01  3.4648e-01        2.2

  Best-parameter's chi-squared:        0.0069
  Best-parameter's -2*log(posterior):  0.0069
  Bayesian Information Criterion:     13.8224
  Reduced chi-squared:                 0.0017
  Standard deviation of residuals:  0.000286504

For a detailed summary with all parameter posterior statistics see
/home/tenet/Documents/thesis/scripts/photometry/esa/data/inversion/inv-A2_A5-0.3_0.3_0.5_30_statistics.txt

Output sampler files:
  /home/tenet/Documents/thesis/scripts/photometry/esa/data/inversion/inv-A2_A5-0.3_0.3_0.5_30_statistics.txt
  /home/tenet/Documents/thesis/scripts/photometry/esa/data/inversion/inv-A2_A5-0.3_0.3_0.5_30.npz
  /home/tenet/Documents/thesis/scripts/photometry/esa/data/inversion/inv-A2_A5-0.3_0.3_0.5_30.log
