
::::::::::::::::::::::::::::::::::::::::::::::::::::::::::::::::::::::
  Multi-core Markov-chain Monte Carlo (mc3).
  Version 3.2.1.
  Copyright (c) 2015-2025 Patricio Cubillos and collaborators.
  mc3 is open-source software under the MIT license (see LICENSE).
::::::::::::::::::::::::::::::::::::::::::::::::::::::::::::::::::::::

Start MCMC chains  (Sat May 10 15:49:33 2025)

[:         ]  10.0% completed  (Sat May 10 15:49:33 2025)
Out-of-bound Trials:
[   2   20    8 2556 4414 4201]
Best Parameters: (chisq=0.0339)
[0.31663897 0.30389741 0.52435468 0.07973747 0.32166223 0.39322614]

[::        ]  20.0% completed  (Sat May 10 15:49:34 2025)
Out-of-bound Trials:
[   2   31   24 4984 9176 8793]
Best Parameters: (chisq=0.0339)
[0.31663897 0.30389741 0.52435468 0.07973747 0.32166223 0.39322614]

[:::       ]  30.0% completed  (Sat May 10 15:49:34 2025)
Out-of-bound Trials:
[    2    59    37  7804 14006 13245]
Best Parameters: (chisq=0.0248)
[0.29284469 0.30696401 0.49544153 0.04526224 0.53051465 0.66422506]

[::::      ]  40.0% completed  (Sat May 10 15:49:35 2025)
Out-of-bound Trials:
[    2    79    43 10543 18717 17847]
Best Parameters: (chisq=0.0248)
[0.29284469 0.30696401 0.49544153 0.04526224 0.53051465 0.66422506]

[:::::     ]  50.0% completed  (Sat May 10 15:49:35 2025)
Out-of-bound Trials:
[    2   108    58 13317 23158 22433]
Best Parameters: (chisq=0.0248)
[0.29284469 0.30696401 0.49544153 0.04526224 0.53051465 0.66422506]

[::::::    ]  60.0% completed  (Sat May 10 15:49:36 2025)
Out-of-bound Trials:
[    2   129    67 15920 27965 27218]
Best Parameters: (chisq=0.0248)
[0.29284469 0.30696401 0.49544153 0.04526224 0.53051465 0.66422506]

[:::::::   ]  70.0% completed  (Sat May 10 15:49:36 2025)
Out-of-bound Trials:
[    2   166    77 18532 32571 32005]
Best Parameters: (chisq=0.0248)
[0.29284469 0.30696401 0.49544153 0.04526224 0.53051465 0.66422506]

[::::::::  ]  80.0% completed  (Sat May 10 15:49:37 2025)
Out-of-bound Trials:
[    2   193    88 21150 37290 36986]
Best Parameters: (chisq=0.0248)
[0.29284469 0.30696401 0.49544153 0.04526224 0.53051465 0.66422506]

[::::::::: ]  90.0% completed  (Sat May 10 15:49:37 2025)
Out-of-bound Trials:
[    2   219    96 23622 41978 41836]
Best Parameters: (chisq=0.0248)
[0.29284469 0.30696401 0.49544153 0.04526224 0.53051465 0.66422506]

[::::::::::] 100.0% completed  (Sat May 10 15:49:38 2025)
Out-of-bound Trials:
[    2   243   110 26299 46803 46579]
Best Parameters: (chisq=0.0248)
[0.29284469 0.30696401 0.49544153 0.04526224 0.53051465 0.66422506]

MCMC Summary:
-------------
  Number of evaluated samples:        200000
  Number of parallel chains:               5
  Average iterations per chain:        40000
  Burned-in iterations per chain:       2000
  Thinning factor:                         1
  MCMC sample size (thinned, burned): 190000
  Acceptance rate:   16.81%

Parameter name     best fit   median      1sigma_low   1sigma_hi        S/N
--------------- -----------  -----------------------------------  ---------
w                2.9284e-01   3.1066e-01 -2.8791e-02  2.2575e-02       12.2
b                3.0696e-01   2.9131e-01 -3.9875e-02  3.6289e-02        7.8
c                4.9544e-01   5.0438e-01 -5.8598e-02  5.7673e-02        8.6
dzeta            4.5262e-02   8.3773e-02 -5.7199e-02  6.0498e-02        0.8
B0               5.3051e-01   4.8572e-01 -3.3778e-01  3.4985e-01        1.8
h                6.6423e-01   4.8241e-01 -3.3223e-01  3.5025e-01        2.3

  Best-parameter's chi-squared:        0.0248
  Best-parameter's -2*log(posterior):  0.0248
  Bayesian Information Criterion:     16.2731
  Reduced chi-squared:                 0.0028
  Standard deviation of residuals:  0.000462777

For a detailed summary with all parameter posterior statistics see
/home/tenet/Documents/thesis/scripts/photometry/esa/data/inversion/inv-A1_A3_A4-0.3_0.3_0.5_0_statistics.txt

Output sampler files:
  /home/tenet/Documents/thesis/scripts/photometry/esa/data/inversion/inv-A1_A3_A4-0.3_0.3_0.5_0_statistics.txt
  /home/tenet/Documents/thesis/scripts/photometry/esa/data/inversion/inv-A1_A3_A4-0.3_0.3_0.5_0.npz
  /home/tenet/Documents/thesis/scripts/photometry/esa/data/inversion/inv-A1_A3_A4-0.3_0.3_0.5_0.log
