
::::::::::::::::::::::::::::::::::::::::::::::::::::::::::::::::::::::
  Multi-core Markov-chain Monte Carlo (mc3).
  Version 3.2.1.
  Copyright (c) 2015-2025 Patricio Cubillos and collaborators.
  mc3 is open-source software under the MIT license (see LICENSE).
::::::::::::::::::::::::::::::::::::::::::::::::::::::::::::::::::::::

Start MCMC chains  (Sat May 10 15:28:11 2025)

[:         ]  10.0% completed  (Sat May 10 15:28:12 2025)
Out-of-bound Trials:
[ 291  759 3923 3684 3829 4032]
Best Parameters: (chisq=0.0160)
[0.28030274 0.28613183 0.65981324 0.63263111 0.36020378 0.29112605]

[::        ]  20.0% completed  (Sat May 10 15:28:12 2025)
Out-of-bound Trials:
[ 617 1768 8055 7863 8396 8194]
Best Parameters: (chisq=0.0072)
[0.34438938 0.29546593 0.62200455 0.75105369 0.09376302 0.26611555]

[:::       ]  30.0% completed  (Sat May 10 15:28:13 2025)
Out-of-bound Trials:
[  799  2543 11733 11963 13017 12304]
Best Parameters: (chisq=0.0072)
[0.34438938 0.29546593 0.62200455 0.75105369 0.09376302 0.26611555]

[::::      ]  40.0% completed  (Sat May 10 15:28:13 2025)
Out-of-bound Trials:
[ 1019  3510 15265 16083 17428 16688]
Best Parameters: (chisq=0.0072)
[0.34438938 0.29546593 0.62200455 0.75105369 0.09376302 0.26611555]

[:::::     ]  50.0% completed  (Sat May 10 15:28:13 2025)
Out-of-bound Trials:
[ 1209  4255 19018 19921 21826 21323]
Best Parameters: (chisq=0.0072)
[0.34438938 0.29546593 0.62200455 0.75105369 0.09376302 0.26611555]

[::::::    ]  60.0% completed  (Sat May 10 15:28:14 2025)
Out-of-bound Trials:
[ 1430  5380 22787 23844 26465 25755]
Best Parameters: (chisq=0.0072)
[0.34438938 0.29546593 0.62200455 0.75105369 0.09376302 0.26611555]

[:::::::   ]  70.0% completed  (Sat May 10 15:28:14 2025)
Out-of-bound Trials:
[ 1614  6394 26130 27970 30981 30084]
Best Parameters: (chisq=0.0072)
[0.34438938 0.29546593 0.62200455 0.75105369 0.09376302 0.26611555]

[::::::::  ]  80.0% completed  (Sat May 10 15:28:15 2025)
Out-of-bound Trials:
[ 1944  6973 29553 32089 35653 34828]
Best Parameters: (chisq=0.0072)
[0.34438938 0.29546593 0.62200455 0.75105369 0.09376302 0.26611555]

[::::::::: ]  90.0% completed  (Sat May 10 15:28:15 2025)
Out-of-bound Trials:
[ 2202  7687 33283 36244 40190 39304]
Best Parameters: (chisq=0.0072)
[0.34438938 0.29546593 0.62200455 0.75105369 0.09376302 0.26611555]

[::::::::::] 100.0% completed  (Sat May 10 15:28:16 2025)
Out-of-bound Trials:
[ 2533  8324 37687 40202 44783 43641]
Best Parameters: (chisq=0.0072)
[0.34438938 0.29546593 0.62200455 0.75105369 0.09376302 0.26611555]

MCMC Summary:
-------------
  Number of evaluated samples:        200000
  Number of parallel chains:               5
  Average iterations per chain:        40000
  Burned-in iterations per chain:       2000
  Thinning factor:                         1
  MCMC sample size (thinned, burned): 190000
  Acceptance rate:   9.33%

Parameter name     best fit   median      1sigma_low   1sigma_hi        S/N
--------------- -----------  -----------------------------------  ---------
w                3.4439e-01   3.2590e-01 -1.0906e-01  1.0434e-01        3.3
b                2.9547e-01   3.0397e-01 -1.2372e-01  1.2782e-01        2.3
c                6.2200e-01   5.1777e-01 -2.8708e-01  3.2637e-01        2.3
dzeta            7.5105e-01   7.0032e-01 -3.3177e-01  2.1913e-01        2.9
B0               9.3763e-02   5.2518e-01 -3.4960e-01  3.3060e-01        0.3
h                2.6612e-01   4.7699e-01 -3.2321e-01  3.5426e-01        0.9

  Best-parameter's chi-squared:       0.0072
  Best-parameter's -2*log(posterior): 0.0072
  Bayesian Information Criterion:     9.6638
  Reduced chi-squared:                   nan
  Standard deviation of residuals:  0.000645081

For a detailed summary with all parameter posterior statistics see
/home/tenet/Documents/thesis/scripts/photometry/esa/data/inversion/inv-A2-0.3_0.3_0.5_30_statistics.txt

Output sampler files:
  /home/tenet/Documents/thesis/scripts/photometry/esa/data/inversion/inv-A2-0.3_0.3_0.5_30_statistics.txt
  /home/tenet/Documents/thesis/scripts/photometry/esa/data/inversion/inv-A2-0.3_0.3_0.5_30.npz
  /home/tenet/Documents/thesis/scripts/photometry/esa/data/inversion/inv-A2-0.3_0.3_0.5_30.log
