
::::::::::::::::::::::::::::::::::::::::::::::::::::::::::::::::::::::
  Multi-core Markov-chain Monte Carlo (mc3).
  Version 3.2.1.
  Copyright (c) 2015-2025 Patricio Cubillos and collaborators.
  mc3 is open-source software under the MIT license (see LICENSE).
::::::::::::::::::::::::::::::::::::::::::::::::::::::::::::::::::::::

Start MCMC chains  (Sat May 10 15:39:42 2025)

[:         ]  10.0% completed  (Sat May 10 15:39:42 2025)
Out-of-bound Trials:
[ 551  993 2292  243 4468 3979]
Best Parameters: (chisq=0.1019)
[0.89491204 0.28543101 0.40008655 0.71733732 0.92854659 0.7644632 ]

[::        ]  20.0% completed  (Sat May 10 15:39:43 2025)
Out-of-bound Trials:
[1126 1999 4525  530 9260 8513]
Best Parameters: (chisq=0.0993)
[0.89696801 0.25819762 0.55985847 0.66262853 0.80723645 0.15949849]

[:::       ]  30.0% completed  (Sat May 10 15:39:43 2025)
Out-of-bound Trials:
[ 1672  3188  6819   821 13849 12913]
Best Parameters: (chisq=0.0188)
[0.90752924 0.30904687 0.50391053 0.66525078 0.40454823 0.36894396]

[::::      ]  40.0% completed  (Sat May 10 15:39:44 2025)
Out-of-bound Trials:
[ 2312  4289  9151  1121 18519 17401]
Best Parameters: (chisq=0.0188)
[0.90752924 0.30904687 0.50391053 0.66525078 0.40454823 0.36894396]

[:::::     ]  50.0% completed  (Sat May 10 15:39:44 2025)
Out-of-bound Trials:
[ 2908  5492 11404  1506 23067 21893]
Best Parameters: (chisq=0.0188)
[0.90752924 0.30904687 0.50391053 0.66525078 0.40454823 0.36894396]

[::::::    ]  60.0% completed  (Sat May 10 15:39:45 2025)
Out-of-bound Trials:
[ 3592  6344 13596  1807 27526 26489]
Best Parameters: (chisq=0.0188)
[0.90752924 0.30904687 0.50391053 0.66525078 0.40454823 0.36894396]

[:::::::   ]  70.0% completed  (Sat May 10 15:39:45 2025)
Out-of-bound Trials:
[ 4132  7404 15627  2122 32091 30819]
Best Parameters: (chisq=0.0188)
[0.90752924 0.30904687 0.50391053 0.66525078 0.40454823 0.36894396]

[::::::::  ]  80.0% completed  (Sat May 10 15:39:46 2025)
Out-of-bound Trials:
[ 4701  8445 17687  2438 36800 35177]
Best Parameters: (chisq=0.0188)
[0.90752924 0.30904687 0.50391053 0.66525078 0.40454823 0.36894396]

[::::::::: ]  90.0% completed  (Sat May 10 15:39:46 2025)
Out-of-bound Trials:
[ 5281  9623 19720  2713 41525 39940]
Best Parameters: (chisq=0.0188)
[0.90752924 0.30904687 0.50391053 0.66525078 0.40454823 0.36894396]

[::::::::::] 100.0% completed  (Sat May 10 15:39:47 2025)
Out-of-bound Trials:
[ 5855 10944 21930  3060 46170 44373]
Best Parameters: (chisq=0.0188)
[0.90752924 0.30904687 0.50391053 0.66525078 0.40454823 0.36894396]

MCMC Summary:
-------------
  Number of evaluated samples:        200000
  Number of parallel chains:               5
  Average iterations per chain:        40000
  Burned-in iterations per chain:       2000
  Thinning factor:                         1
  MCMC sample size (thinned, burned): 190000
  Acceptance rate:   15.43%

Parameter name     best fit   median      1sigma_low   1sigma_hi        S/N
--------------- -----------  -----------------------------------  ---------
w                9.0753e-01   8.9996e-01 -4.0377e-02  3.9472e-02       23.7
b                3.0905e-01   2.5630e-01 -1.1703e-01  1.1263e-01        2.7
c                5.0391e-01   5.7164e-01 -2.1535e-01  2.4852e-01        2.4
dzeta            6.6525e-01   6.7763e-01 -1.2016e-01  1.0794e-01        6.0
B0               4.0455e-01   5.4946e-01 -3.6263e-01  3.1851e-01        1.4
h                3.6894e-01   4.9918e-01 -3.2938e-01  3.4481e-01        1.3

  Best-parameter's chi-squared:        0.0188
  Best-parameter's -2*log(posterior):  0.0188
  Bayesian Information Criterion:     13.8343
  Reduced chi-squared:                 0.0047
  Standard deviation of residuals:  0.00269241

For a detailed summary with all parameter posterior statistics see
/home/tenet/Documents/thesis/scripts/photometry/esa/data/inversion/inv-A2_A4-0.9_0.3_0.5_30_statistics.txt

Output sampler files:
  /home/tenet/Documents/thesis/scripts/photometry/esa/data/inversion/inv-A2_A4-0.9_0.3_0.5_30_statistics.txt
  /home/tenet/Documents/thesis/scripts/photometry/esa/data/inversion/inv-A2_A4-0.9_0.3_0.5_30.npz
  /home/tenet/Documents/thesis/scripts/photometry/esa/data/inversion/inv-A2_A4-0.9_0.3_0.5_30.log
