
::::::::::::::::::::::::::::::::::::::::::::::::::::::::::::::::::::::
  Multi-core Markov-chain Monte Carlo (mc3).
  Version 3.2.1.
  Copyright (c) 2015-2025 Patricio Cubillos and collaborators.
  mc3 is open-source software under the MIT license (see LICENSE).
::::::::::::::::::::::::::::::::::::::::::::::::::::::::::::::::::::::

Start MCMC chains  (Sat May 10 15:53:03 2025)

[:         ]  10.0% completed  (Sat May 10 15:53:04 2025)
Out-of-bound Trials:
[ 776  785 2828   85 4370 3919]
Best Parameters: (chisq=0.0147)
[0.90606108 0.30797275 0.50292576 0.66602695 0.36745665 0.50626007]

[::        ]  20.0% completed  (Sat May 10 15:53:04 2025)
Out-of-bound Trials:
[1628 1545 6242  191 9019 8317]
Best Parameters: (chisq=0.0147)
[0.90606108 0.30797275 0.50292576 0.66602695 0.36745665 0.50626007]

[:::       ]  30.0% completed  (Sat May 10 15:53:05 2025)
Out-of-bound Trials:
[ 2344  2431  9471   279 13522 12909]
Best Parameters: (chisq=0.0147)
[0.90606108 0.30797275 0.50292576 0.66602695 0.36745665 0.50626007]

[::::      ]  40.0% completed  (Sat May 10 15:53:05 2025)
Out-of-bound Trials:
[ 3026  3241 12477   355 18252 17525]
Best Parameters: (chisq=0.0147)
[0.90606108 0.30797275 0.50292576 0.66602695 0.36745665 0.50626007]

[:::::     ]  50.0% completed  (Sat May 10 15:53:06 2025)
Out-of-bound Trials:
[ 3778  4332 15994   423 22944 21916]
Best Parameters: (chisq=0.0147)
[0.90606108 0.30797275 0.50292576 0.66602695 0.36745665 0.50626007]

[::::::    ]  60.0% completed  (Sat May 10 15:53:06 2025)
Out-of-bound Trials:
[ 4683  5400 19600   523 27562 26389]
Best Parameters: (chisq=0.0147)
[0.90606108 0.30797275 0.50292576 0.66602695 0.36745665 0.50626007]

[:::::::   ]  70.0% completed  (Sat May 10 15:53:07 2025)
Out-of-bound Trials:
[ 5459  6121 22818   613 32301 30961]
Best Parameters: (chisq=0.0147)
[0.90606108 0.30797275 0.50292576 0.66602695 0.36745665 0.50626007]

[::::::::  ]  80.0% completed  (Sat May 10 15:53:08 2025)
Out-of-bound Trials:
[ 6234  7006 26091   721 36804 35450]
Best Parameters: (chisq=0.0147)
[0.90606108 0.30797275 0.50292576 0.66602695 0.36745665 0.50626007]

[::::::::: ]  90.0% completed  (Sat May 10 15:53:08 2025)
Out-of-bound Trials:
[ 7003  7871 29317   824 41543 40194]
Best Parameters: (chisq=0.0147)
[0.90606108 0.30797275 0.50292576 0.66602695 0.36745665 0.50626007]

[::::::::::] 100.0% completed  (Sat May 10 15:53:09 2025)
Out-of-bound Trials:
[ 7733  8802 32632   908 46138 44918]
Best Parameters: (chisq=0.0147)
[0.90606108 0.30797275 0.50292576 0.66602695 0.36745665 0.50626007]

MCMC Summary:
-------------
  Number of evaluated samples:        200000
  Number of parallel chains:               5
  Average iterations per chain:        40000
  Burned-in iterations per chain:       2000
  Thinning factor:                         1
  MCMC sample size (thinned, burned): 190000
  Acceptance rate:   15.51%

Parameter name     best fit   median      1sigma_low   1sigma_hi        S/N
--------------- -----------  -----------------------------------  ---------
w                9.0606e-01   8.9506e-01 -3.9301e-02  4.7670e-02       22.2
b                3.0797e-01   2.7254e-01 -1.0519e-01  1.1192e-01        2.6
c                5.0293e-01   5.4371e-01 -2.8109e-01  2.8384e-01        2.0
dzeta            6.6603e-01   6.5194e-01 -8.5660e-02  1.0953e-01        7.3
B0               3.6746e-01   5.3168e-01 -3.5786e-01  3.2550e-01        1.3
h                5.0626e-01   5.0071e-01 -3.3859e-01  3.3659e-01        1.8

  Best-parameter's chi-squared:        0.0147
  Best-parameter's -2*log(posterior):  0.0147
  Bayesian Information Criterion:     16.2630
  Reduced chi-squared:                 0.0016
  Standard deviation of residuals:  0.000877329

For a detailed summary with all parameter posterior statistics see
/home/tenet/Documents/thesis/scripts/photometry/esa/data/inversion/inv-A1_A4_A5-0.9_0.3_0.5_30_statistics.txt

Output sampler files:
  /home/tenet/Documents/thesis/scripts/photometry/esa/data/inversion/inv-A1_A4_A5-0.9_0.3_0.5_30_statistics.txt
  /home/tenet/Documents/thesis/scripts/photometry/esa/data/inversion/inv-A1_A4_A5-0.9_0.3_0.5_30.npz
  /home/tenet/Documents/thesis/scripts/photometry/esa/data/inversion/inv-A1_A4_A5-0.9_0.3_0.5_30.log
