
::::::::::::::::::::::::::::::::::::::::::::::::::::::::::::::::::::::
  Multi-core Markov-chain Monte Carlo (mc3).
  Version 3.2.1.
  Copyright (c) 2015-2025 Patricio Cubillos and collaborators.
  mc3 is open-source software under the MIT license (see LICENSE).
::::::::::::::::::::::::::::::::::::::::::::::::::::::::::::::::::::::

Start MCMC chains  (Sat May 10 15:58:39 2025)

[:         ]  10.0% completed  (Sat May 10 15:58:39 2025)
Out-of-bound Trials:
[  74 3562 2541 2774 4343 4346]
Best Parameters: (chisq=0.0136)
[0.89883256 0.90156628 0.08648975 0.05187794 0.8399787  0.61535353]

[::        ]  20.0% completed  (Sat May 10 15:58:40 2025)
Out-of-bound Trials:
[ 149 7730 5444 5728 8852 8867]
Best Parameters: (chisq=0.0136)
[0.89883256 0.90156628 0.08648975 0.05187794 0.8399787  0.61535353]

[:::       ]  30.0% completed  (Sat May 10 15:58:40 2025)
Out-of-bound Trials:
[  244 11759  8490  8505 13442 13549]
Best Parameters: (chisq=0.0136)
[0.89883256 0.90156628 0.08648975 0.05187794 0.8399787  0.61535353]

[::::      ]  40.0% completed  (Sat May 10 15:58:41 2025)
Out-of-bound Trials:
[  340 15950 11647 11305 18276 18490]
Best Parameters: (chisq=0.0136)
[0.89883256 0.90156628 0.08648975 0.05187794 0.8399787  0.61535353]

[:::::     ]  50.0% completed  (Sat May 10 15:58:41 2025)
Out-of-bound Trials:
[  432 19995 14730 14126 23002 23361]
Best Parameters: (chisq=0.0136)
[0.89883256 0.90156628 0.08648975 0.05187794 0.8399787  0.61535353]

[::::::    ]  60.0% completed  (Sat May 10 15:58:42 2025)
Out-of-bound Trials:
[  571 24586 17938 16988 27754 28248]
Best Parameters: (chisq=0.0136)
[0.89883256 0.90156628 0.08648975 0.05187794 0.8399787  0.61535353]

[:::::::   ]  70.0% completed  (Sat May 10 15:58:42 2025)
Out-of-bound Trials:
[  681 28488 21165 19518 32264 33101]
Best Parameters: (chisq=0.0136)
[0.89883256 0.90156628 0.08648975 0.05187794 0.8399787  0.61535353]

[::::::::  ]  80.0% completed  (Sat May 10 15:58:43 2025)
Out-of-bound Trials:
[  791 32698 24582 22051 37036 37682]
Best Parameters: (chisq=0.0064)
[0.90032933 0.89810944 0.11347815 0.00870711 0.27845641 0.81110097]

[::::::::: ]  90.0% completed  (Sat May 10 15:58:43 2025)
Out-of-bound Trials:
[  881 36395 27969 24652 41656 42383]
Best Parameters: (chisq=0.0064)
[0.90032933 0.89810944 0.11347815 0.00870711 0.27845641 0.81110097]

[::::::::::] 100.0% completed  (Sat May 10 15:58:44 2025)
Out-of-bound Trials:
[ 1026 40906 31491 27443 46213 47132]
Best Parameters: (chisq=0.0064)
[0.90032933 0.89810944 0.11347815 0.00870711 0.27845641 0.81110097]

MCMC Summary:
-------------
  Number of evaluated samples:        200000
  Number of parallel chains:               5
  Average iterations per chain:        40000
  Burned-in iterations per chain:       2000
  Thinning factor:                         1
  MCMC sample size (thinned, burned): 190000
  Acceptance rate:   12.08%

Parameter name     best fit   median      1sigma_low   1sigma_hi        S/N
--------------- -----------  -----------------------------------  ---------
w                9.0033e-01   8.9707e-01 -3.6956e-02  1.3717e-02       26.9
b                8.9811e-01   8.7697e-01 -2.1405e-01  9.7886e-02        5.1
c                1.1348e-01   1.5314e-01 -8.5606e-02  1.8632e-01        0.6
dzeta            8.7071e-03   1.1671e-01 -7.8456e-02  1.0606e-01        0.1
B0               2.7846e-01   4.4612e-01 -3.1309e-01  3.6929e-01        1.0
h                8.1110e-01   4.7687e-01 -3.4009e-01  3.5927e-01        2.8

  Best-parameter's chi-squared:        0.0064
  Best-parameter's -2*log(posterior):  0.0064
  Bayesian Information Criterion:     16.2547
  Reduced chi-squared:                 0.0007
  Standard deviation of residuals:  0.000492863

For a detailed summary with all parameter posterior statistics see
/home/tenet/Documents/thesis/scripts/photometry/esa/data/inversion/inv-A3_A4_A5-0.9_0.9_0.1_0_statistics.txt

Output sampler files:
  /home/tenet/Documents/thesis/scripts/photometry/esa/data/inversion/inv-A3_A4_A5-0.9_0.9_0.1_0_statistics.txt
  /home/tenet/Documents/thesis/scripts/photometry/esa/data/inversion/inv-A3_A4_A5-0.9_0.9_0.1_0.npz
  /home/tenet/Documents/thesis/scripts/photometry/esa/data/inversion/inv-A3_A4_A5-0.9_0.9_0.1_0.log
