
::::::::::::::::::::::::::::::::::::::::::::::::::::::::::::::::::::::
  Multi-core Markov-chain Monte Carlo (mc3).
  Version 3.2.1.
  Copyright (c) 2015-2025 Patricio Cubillos and collaborators.
  mc3 is open-source software under the MIT license (see LICENSE).
::::::::::::::::::::::::::::::::::::::::::::::::::::::::::::::::::::::

Start MCMC chains  (Sat May 10 15:54:33 2025)

[:         ]  10.0% completed  (Sat May 10 15:54:33 2025)
Out-of-bound Trials:
[  60  975  454 2165 3883 4335]
Best Parameters: (chisq=0.0352)
[0.90049941 0.90676382 0.09039226 0.03902174 0.65808194 0.91462862]

[::        ]  20.0% completed  (Sat May 10 15:54:34 2025)
Out-of-bound Trials:
[  79 2546 1310 4555 8432 8751]
Best Parameters: (chisq=0.0352)
[0.90049941 0.90676382 0.09039226 0.03902174 0.65808194 0.91462862]

[:::       ]  30.0% completed  (Sat May 10 15:54:34 2025)
Out-of-bound Trials:
[   85  3996  2448  7361 13172 13252]
Best Parameters: (chisq=0.0352)
[0.90049941 0.90676382 0.09039226 0.03902174 0.65808194 0.91462862]

[::::      ]  40.0% completed  (Sat May 10 15:54:35 2025)
Out-of-bound Trials:
[   95  6276  3731 10131 17784 17728]
Best Parameters: (chisq=0.0352)
[0.90049941 0.90676382 0.09039226 0.03902174 0.65808194 0.91462862]

[:::::     ]  50.0% completed  (Sat May 10 15:54:35 2025)
Out-of-bound Trials:
[  104  7937  5333 12914 22355 22545]
Best Parameters: (chisq=0.0352)
[0.90049941 0.90676382 0.09039226 0.03902174 0.65808194 0.91462862]

[::::::    ]  60.0% completed  (Sat May 10 15:54:36 2025)
Out-of-bound Trials:
[  110  9505  7018 15302 26970 27363]
Best Parameters: (chisq=0.0227)
[0.90134891 0.90159782 0.11418105 0.03179735 0.31275241 0.48043351]

[:::::::   ]  70.0% completed  (Sat May 10 15:54:36 2025)
Out-of-bound Trials:
[  119 11671  8554 17937 31753 31918]
Best Parameters: (chisq=0.0202)
[0.89930433 0.88885756 0.10130336 0.02505162 0.81304728 0.07305012]

[::::::::  ]  80.0% completed  (Sat May 10 15:54:37 2025)
Out-of-bound Trials:
[  127 15022 10459 20648 36342 36354]
Best Parameters: (chisq=0.0202)
[0.89930433 0.88885756 0.10130336 0.02505162 0.81304728 0.07305012]

[::::::::: ]  90.0% completed  (Sat May 10 15:54:37 2025)
Out-of-bound Trials:
[  134 16952 12615 22934 40775 41143]
Best Parameters: (chisq=0.0202)
[0.89930433 0.88885756 0.10130336 0.02505162 0.81304728 0.07305012]

[::::::::::] 100.0% completed  (Sat May 10 15:54:38 2025)
Out-of-bound Trials:
[  145 19073 14873 25522 45510 45743]
Best Parameters: (chisq=0.0202)
[0.89930433 0.88885756 0.10130336 0.02505162 0.81304728 0.07305012]

MCMC Summary:
-------------
  Number of evaluated samples:        200000
  Number of parallel chains:               5
  Average iterations per chain:        40000
  Burned-in iterations per chain:       2000
  Thinning factor:                         1
  MCMC sample size (thinned, burned): 190000
  Acceptance rate:   10.95%

Parameter name     best fit   median      1sigma_low   1sigma_hi        S/N
--------------- -----------  -----------------------------------  ---------
w                8.9930e-01   9.0550e-01 -1.0980e-02  8.6561e-03       90.9
b                8.8886e-01   9.2194e-01 -4.5603e-02  5.1744e-02       20.6
c                1.0130e-01   1.2911e-01 -3.6863e-02  1.5964e-01        0.6
dzeta            2.5052e-02   8.9804e-02 -6.1958e-02  6.5861e-02        0.4
B0               8.1305e-01   4.3608e-01 -3.0427e-01  3.6108e-01        2.9
h                7.3050e-02   4.9682e-01 -3.3836e-01  3.4196e-01        0.3

  Best-parameter's chi-squared:        0.0202
  Best-parameter's -2*log(posterior):  0.0202
  Bayesian Information Criterion:     16.2685
  Reduced chi-squared:                 0.0022
  Standard deviation of residuals:  0.00338654

For a detailed summary with all parameter posterior statistics see
/home/tenet/Documents/thesis/scripts/photometry/esa/data/inversion/inv-A2_A3_A4-0.9_0.9_0.1_0_statistics.txt

Output sampler files:
  /home/tenet/Documents/thesis/scripts/photometry/esa/data/inversion/inv-A2_A3_A4-0.9_0.9_0.1_0_statistics.txt
  /home/tenet/Documents/thesis/scripts/photometry/esa/data/inversion/inv-A2_A3_A4-0.9_0.9_0.1_0.npz
  /home/tenet/Documents/thesis/scripts/photometry/esa/data/inversion/inv-A2_A3_A4-0.9_0.9_0.1_0.log
