
::::::::::::::::::::::::::::::::::::::::::::::::::::::::::::::::::::::
  Multi-core Markov-chain Monte Carlo (mc3).
  Version 3.2.1.
  Copyright (c) 2015-2025 Patricio Cubillos and collaborators.
  mc3 is open-source software under the MIT license (see LICENSE).
::::::::::::::::::::::::::::::::::::::::::::::::::::::::::::::::::::::

Start MCMC chains  (Sat May 10 15:42:43 2025)

[:         ]  10.0% completed  (Sat May 10 15:42:44 2025)
Out-of-bound Trials:
[  32 2501 2451 2526 4322 4195]
Best Parameters: (chisq=0.0517)
[0.32231356 0.31632937 0.85995539 0.69242167 0.39506112 0.38102577]

[::        ]  20.0% completed  (Sat May 10 15:42:44 2025)
Out-of-bound Trials:
[  70 5590 5387 5289 8989 8651]
Best Parameters: (chisq=0.0517)
[0.32231356 0.31632937 0.85995539 0.69242167 0.39506112 0.38102577]

[:::       ]  30.0% completed  (Sat May 10 15:42:45 2025)
Out-of-bound Trials:
[  125  8580  8088  8148 13460 13272]
Best Parameters: (chisq=0.0226)
[0.28773787 0.30483287 0.83926425 0.67886665 0.8982854  0.40236633]

[::::      ]  40.0% completed  (Sat May 10 15:42:45 2025)
Out-of-bound Trials:
[  185 11655 10871 10701 17987 17590]
Best Parameters: (chisq=0.0182)
[0.30014571 0.28454692 0.88942566 0.69279001 0.57193919 0.46176988]

[:::::     ]  50.0% completed  (Sat May 10 15:42:46 2025)
Out-of-bound Trials:
[  231 14982 13759 13574 22441 21971]
Best Parameters: (chisq=0.0126)
[0.29076069 0.30436986 0.91976395 0.65943067 0.44104241 0.85870311]

[::::::    ]  60.0% completed  (Sat May 10 15:42:46 2025)
Out-of-bound Trials:
[  277 18444 16789 16303 27003 26270]
Best Parameters: (chisq=0.0126)
[0.29076069 0.30436986 0.91976395 0.65943067 0.44104241 0.85870311]

[:::::::   ]  70.0% completed  (Sat May 10 15:42:46 2025)
Out-of-bound Trials:
[  322 22010 20014 19171 31661 30756]
Best Parameters: (chisq=0.0126)
[0.29076069 0.30436986 0.91976395 0.65943067 0.44104241 0.85870311]

[::::::::  ]  80.0% completed  (Sat May 10 15:42:47 2025)
Out-of-bound Trials:
[  367 25619 22818 22302 36293 35356]
Best Parameters: (chisq=0.0126)
[0.29076069 0.30436986 0.91976395 0.65943067 0.44104241 0.85870311]

[::::::::: ]  90.0% completed  (Sat May 10 15:42:47 2025)
Out-of-bound Trials:
[  411 29062 25807 25236 40803 39878]
Best Parameters: (chisq=0.0126)
[0.29076069 0.30436986 0.91976395 0.65943067 0.44104241 0.85870311]

[::::::::::] 100.0% completed  (Sat May 10 15:42:48 2025)
Out-of-bound Trials:
[  455 32336 28647 28035 45253 44421]
Best Parameters: (chisq=0.0126)
[0.29076069 0.30436986 0.91976395 0.65943067 0.44104241 0.85870311]

MCMC Summary:
-------------
  Number of evaluated samples:        200000
  Number of parallel chains:               5
  Average iterations per chain:        40000
  Burned-in iterations per chain:       2000
  Thinning factor:                         1
  MCMC sample size (thinned, burned): 190000
  Acceptance rate:   12.15%

Parameter name     best fit   median      1sigma_low   1sigma_hi        S/N
--------------- -----------  -----------------------------------  ---------
w                2.9076e-01   4.2902e-01 -1.0107e-01  1.6765e-01        2.4
b                3.0437e-01   5.3872e-01 -2.8508e-01  2.9281e-01        1.2
c                9.1976e-01   6.9028e-01 -2.3890e-01  2.0499e-01        4.4
dzeta            6.5943e-01   7.7023e-01 -1.9351e-01  1.6846e-01        4.1
B0               4.4104e-01   5.1262e-01 -3.4589e-01  3.2847e-01        1.5
h                8.5870e-01   5.0075e-01 -3.4145e-01  3.4280e-01        3.0

  Best-parameter's chi-squared:        0.0126
  Best-parameter's -2*log(posterior):  0.0126
  Bayesian Information Criterion:     13.8281
  Reduced chi-squared:                 0.0031
  Standard deviation of residuals:  0.000257109

For a detailed summary with all parameter posterior statistics see
/home/tenet/Documents/thesis/scripts/photometry/esa/data/inversion/inv-A3_A5-0.3_0.3_0.9_30_statistics.txt

Output sampler files:
  /home/tenet/Documents/thesis/scripts/photometry/esa/data/inversion/inv-A3_A5-0.3_0.3_0.9_30_statistics.txt
  /home/tenet/Documents/thesis/scripts/photometry/esa/data/inversion/inv-A3_A5-0.3_0.3_0.9_30.npz
  /home/tenet/Documents/thesis/scripts/photometry/esa/data/inversion/inv-A3_A5-0.3_0.3_0.9_30.log
