
::::::::::::::::::::::::::::::::::::::::::::::::::::::::::::::::::::::
  Multi-core Markov-chain Monte Carlo (mc3).
  Version 3.2.1.
  Copyright (c) 2015-2025 Patricio Cubillos and collaborators.
  mc3 is open-source software under the MIT license (see LICENSE).
::::::::::::::::::::::::::::::::::::::::::::::::::::::::::::::::::::::

Start MCMC chains  (Sat May 10 16:05:16 2025)

[:         ]  10.0% completed  (Sat May 10 16:05:17 2025)
Out-of-bound Trials:
[   6  382   80 2543 4372 4424]
Best Parameters: (chisq=0.0758)
[0.30223598 0.89806191 0.1136101  0.0702614  0.39817294 0.11766313]

[::        ]  20.0% completed  (Sat May 10 16:05:17 2025)
Out-of-bound Trials:
[   9  671  167 5450 9224 9081]
Best Parameters: (chisq=0.0281)
[0.29762057 0.90036473 0.08588294 0.12554616 0.75983021 0.63885013]

[:::       ]  30.0% completed  (Sat May 10 16:05:18 2025)
Out-of-bound Trials:
[   13  1186   382  8408 13832 13944]
Best Parameters: (chisq=0.0281)
[0.29762057 0.90036473 0.08588294 0.12554616 0.75983021 0.63885013]

[::::      ]  40.0% completed  (Sat May 10 16:05:18 2025)
Out-of-bound Trials:
[   16  1662   593 11777 18517 18805]
Best Parameters: (chisq=0.0281)
[0.29762057 0.90036473 0.08588294 0.12554616 0.75983021 0.63885013]

[:::::     ]  50.0% completed  (Sat May 10 16:05:19 2025)
Out-of-bound Trials:
[   19  2020   802 14974 23338 23600]
Best Parameters: (chisq=0.0281)
[0.29762057 0.90036473 0.08588294 0.12554616 0.75983021 0.63885013]

[::::::    ]  60.0% completed  (Sat May 10 16:05:19 2025)
Out-of-bound Trials:
[   20  2805  1030 18112 28288 28451]
Best Parameters: (chisq=0.0281)
[0.29762057 0.90036473 0.08588294 0.12554616 0.75983021 0.63885013]

[:::::::   ]  70.0% completed  (Sat May 10 16:05:20 2025)
Out-of-bound Trials:
[   25  3718  1528 21194 32996 33454]
Best Parameters: (chisq=0.0281)
[0.29762057 0.90036473 0.08588294 0.12554616 0.75983021 0.63885013]

[::::::::  ]  80.0% completed  (Sat May 10 16:05:21 2025)
Out-of-bound Trials:
[   28  4331  2051 24238 37577 38153]
Best Parameters: (chisq=0.0281)
[0.29762057 0.90036473 0.08588294 0.12554616 0.75983021 0.63885013]

[::::::::: ]  90.0% completed  (Sat May 10 16:05:21 2025)
Out-of-bound Trials:
[   29  5024  2517 27402 42030 42905]
Best Parameters: (chisq=0.0247)
[0.29397642 0.89378342 0.08524433 0.06914907 0.91482071 0.2714758 ]

[::::::::::] 100.0% completed  (Sat May 10 16:05:22 2025)
Out-of-bound Trials:
[   34  5677  3030 30682 46669 47896]
Best Parameters: (chisq=0.0247)
[0.29397642 0.89378342 0.08524433 0.06914907 0.91482071 0.2714758 ]

MCMC Summary:
-------------
  Number of evaluated samples:        200000
  Number of parallel chains:               5
  Average iterations per chain:        40000
  Burned-in iterations per chain:       2000
  Thinning factor:                         1
  MCMC sample size (thinned, burned): 190000
  Acceptance rate:   13.56%

Parameter name     best fit   median      1sigma_low   1sigma_hi        S/N
--------------- -----------  -----------------------------------  ---------
w                2.9398e-01   3.1815e-01 -3.2522e-02  3.1731e-02        9.2
b                8.9378e-01   9.0686e-01 -3.0459e-02  3.9489e-02       27.1
c                8.5244e-02   1.1536e-01 -2.5166e-02  4.3500e-02        1.7
dzeta            6.9149e-02   1.5415e-01 -1.0621e-01  1.5005e-01        0.5
B0               9.1482e-01   4.3791e-01 -3.0935e-01  3.6751e-01        3.2
h                2.7148e-01   5.1009e-01 -3.6038e-01  3.3821e-01        0.9

  Best-parameter's chi-squared:        0.0247
  Best-parameter's -2*log(posterior):  0.0247
  Bayesian Information Criterion:     17.9991
  Reduced chi-squared:                 0.0018
  Standard deviation of residuals:  0.000679587

For a detailed summary with all parameter posterior statistics see
/home/tenet/Documents/thesis/scripts/photometry/esa/data/inversion/inv-A2_A3_A4_A5-0.3_0.9_0.1_0_statistics.txt

Output sampler files:
  /home/tenet/Documents/thesis/scripts/photometry/esa/data/inversion/inv-A2_A3_A4_A5-0.3_0.9_0.1_0_statistics.txt
  /home/tenet/Documents/thesis/scripts/photometry/esa/data/inversion/inv-A2_A3_A4_A5-0.3_0.9_0.1_0.npz
  /home/tenet/Documents/thesis/scripts/photometry/esa/data/inversion/inv-A2_A3_A4_A5-0.3_0.9_0.1_0.log
