
::::::::::::::::::::::::::::::::::::::::::::::::::::::::::::::::::::::
  Multi-core Markov-chain Monte Carlo (mc3).
  Version 3.2.1.
  Copyright (c) 2015-2025 Patricio Cubillos and collaborators.
  mc3 is open-source software under the MIT license (see LICENSE).
::::::::::::::::::::::::::::::::::::::::::::::::::::::::::::::::::::::

Start MCMC chains  (Sat May 10 15:31:26 2025)

[:         ]  10.0% completed  (Sat May 10 15:31:26 2025)
Out-of-bound Trials:
[  49 1964 2472 4735 4087 3995]
Best Parameters: (chisq=0.0018)
[0.30381104 0.32944635 0.90064748 0.60335486 0.39495681 0.45666967]

[::        ]  20.0% completed  (Sat May 10 15:31:27 2025)
Out-of-bound Trials:
[ 114 4596 5204 9606 8150 8534]
Best Parameters: (chisq=0.0018)
[0.30381104 0.32944635 0.90064748 0.60335486 0.39495681 0.45666967]

[:::       ]  30.0% completed  (Sat May 10 15:31:27 2025)
Out-of-bound Trials:
[  158  7365  8336 14495 12544 12906]
Best Parameters: (chisq=0.0018)
[0.30381104 0.32944635 0.90064748 0.60335486 0.39495681 0.45666967]

[::::      ]  40.0% completed  (Sat May 10 15:31:28 2025)
Out-of-bound Trials:
[  216 10058 11380 19118 17005 17359]
Best Parameters: (chisq=0.0018)
[0.30381104 0.32944635 0.90064748 0.60335486 0.39495681 0.45666967]

[:::::     ]  50.0% completed  (Sat May 10 15:31:28 2025)
Out-of-bound Trials:
[  288 12620 14131 23926 21403 21696]
Best Parameters: (chisq=0.0018)
[0.30381104 0.32944635 0.90064748 0.60335486 0.39495681 0.45666967]

[::::::    ]  60.0% completed  (Sat May 10 15:31:29 2025)
Out-of-bound Trials:
[  349 15033 17032 28342 25739 26055]
Best Parameters: (chisq=0.0018)
[0.30381104 0.32944635 0.90064748 0.60335486 0.39495681 0.45666967]

[:::::::   ]  70.0% completed  (Sat May 10 15:31:29 2025)
Out-of-bound Trials:
[  418 17625 19915 32915 30083 30526]
Best Parameters: (chisq=0.0018)
[0.30381104 0.32944635 0.90064748 0.60335486 0.39495681 0.45666967]

[::::::::  ]  80.0% completed  (Sat May 10 15:31:29 2025)
Out-of-bound Trials:
[  488 20064 22698 37748 34536 34955]
Best Parameters: (chisq=0.0018)
[0.30381104 0.32944635 0.90064748 0.60335486 0.39495681 0.45666967]

[::::::::: ]  90.0% completed  (Sat May 10 15:31:30 2025)
Out-of-bound Trials:
[  565 22580 25581 42216 38915 39549]
Best Parameters: (chisq=0.0009)
[0.25968184 0.2776522  0.85319524 0.68756398 0.96981443 0.72754399]

[::::::::::] 100.0% completed  (Sat May 10 15:31:30 2025)
Out-of-bound Trials:
[  619 25289 28616 46771 43396 44065]
Best Parameters: (chisq=0.0009)
[0.25968184 0.2776522  0.85319524 0.68756398 0.96981443 0.72754399]

MCMC Summary:
-------------
  Number of evaluated samples:        200000
  Number of parallel chains:               5
  Average iterations per chain:        40000
  Burned-in iterations per chain:       2000
  Thinning factor:                         1
  MCMC sample size (thinned, burned): 190000
  Acceptance rate:   12.17%

Parameter name     best fit   median      1sigma_low   1sigma_hi        S/N
--------------- -----------  -----------------------------------  ---------
w                2.5968e-01   4.0600e-01 -1.0005e-01  1.5867e-01        2.2
b                2.7765e-01   5.6260e-01 -2.6730e-01  2.4286e-01        1.2
c                8.5320e-01   7.3068e-01 -2.4090e-01  1.7873e-01        4.2
dzeta            6.8756e-01   6.6654e-01 -4.0052e-01  2.4780e-01        2.4
B0               9.6981e-01   5.0182e-01 -3.2421e-01  3.4633e-01        3.4
h                7.2754e-01   4.9774e-01 -3.4410e-01  3.4340e-01        2.5

  Best-parameter's chi-squared:       0.0009
  Best-parameter's -2*log(posterior): 0.0009
  Bayesian Information Criterion:     9.6575
  Reduced chi-squared:                   nan
  Standard deviation of residuals:  0.000124924

For a detailed summary with all parameter posterior statistics see
/home/tenet/Documents/thesis/scripts/photometry/esa/data/inversion/inv-A5-0.3_0.3_0.9_30_statistics.txt

Output sampler files:
  /home/tenet/Documents/thesis/scripts/photometry/esa/data/inversion/inv-A5-0.3_0.3_0.9_30_statistics.txt
  /home/tenet/Documents/thesis/scripts/photometry/esa/data/inversion/inv-A5-0.3_0.3_0.9_30.npz
  /home/tenet/Documents/thesis/scripts/photometry/esa/data/inversion/inv-A5-0.3_0.3_0.9_30.log
