
::::::::::::::::::::::::::::::::::::::::::::::::::::::::::::::::::::::
  Multi-core Markov-chain Monte Carlo (mc3).
  Version 3.2.1.
  Copyright (c) 2015-2025 Patricio Cubillos and collaborators.
  mc3 is open-source software under the MIT license (see LICENSE).
::::::::::::::::::::::::::::::::::::::::::::::::::::::::::::::::::::::

Start MCMC chains  (Sat May 10 15:41:13 2025)

[:         ]  10.0% completed  (Sat May 10 15:41:13 2025)
Out-of-bound Trials:
[  41  913   57  791 4244 4473]
Best Parameters: (chisq=0.0492)
[0.89868812 0.90491386 0.12257025 0.63869185 0.29352017 0.1197437 ]

[::        ]  20.0% completed  (Sat May 10 15:41:14 2025)
Out-of-bound Trials:
[  73 3961  903 1527 9045 9146]
Best Parameters: (chisq=0.0492)
[0.89868812 0.90491386 0.12257025 0.63869185 0.29352017 0.1197437 ]

[:::       ]  30.0% completed  (Sat May 10 15:41:14 2025)
Out-of-bound Trials:
[   89  6623  2653  2239 13436 14020]
Best Parameters: (chisq=0.0492)
[0.89868812 0.90491386 0.12257025 0.63869185 0.29352017 0.1197437 ]

[::::      ]  40.0% completed  (Sat May 10 15:41:15 2025)
Out-of-bound Trials:
[  113  9054  4459  2797 17946 18852]
Best Parameters: (chisq=0.0402)
[0.90091848 0.91217117 0.12204537 0.65897893 0.27648355 0.49409122]

[:::::     ]  50.0% completed  (Sat May 10 15:41:15 2025)
Out-of-bound Trials:
[  133 11892  6162  3530 22752 23553]
Best Parameters: (chisq=0.0402)
[0.90091848 0.91217117 0.12204537 0.65897893 0.27648355 0.49409122]

[::::::    ]  60.0% completed  (Sat May 10 15:41:16 2025)
Out-of-bound Trials:
[  156 14942  8001  4205 27541 28519]
Best Parameters: (chisq=0.0402)
[0.90091848 0.91217117 0.12204537 0.65897893 0.27648355 0.49409122]

[:::::::   ]  70.0% completed  (Sat May 10 15:41:16 2025)
Out-of-bound Trials:
[  176 19677 10432  4749 32277 33312]
Best Parameters: (chisq=0.0402)
[0.90091848 0.91217117 0.12204537 0.65897893 0.27648355 0.49409122]

[::::::::  ]  80.0% completed  (Sat May 10 15:41:17 2025)
Out-of-bound Trials:
[  195 22890 13016  5298 36988 38340]
Best Parameters: (chisq=0.0402)
[0.90091848 0.91217117 0.12204537 0.65897893 0.27648355 0.49409122]

[::::::::: ]  90.0% completed  (Sat May 10 15:41:17 2025)
Out-of-bound Trials:
[  217 25399 15598  5954 41846 43052]
Best Parameters: (chisq=0.0268)
[0.90106765 0.89867028 0.08951227 0.68461822 0.62991932 0.82486252]

[::::::::::] 100.0% completed  (Sat May 10 15:41:18 2025)
Out-of-bound Trials:
[  245 28256 18151  6540 46251 47850]
Best Parameters: (chisq=0.0268)
[0.90106765 0.89867028 0.08951227 0.68461822 0.62991932 0.82486252]

MCMC Summary:
-------------
  Number of evaluated samples:        200000
  Number of parallel chains:               5
  Average iterations per chain:        40000
  Burned-in iterations per chain:       2000
  Thinning factor:                         1
  MCMC sample size (thinned, burned): 190000
  Acceptance rate:   9.48%

Parameter name     best fit   median      1sigma_low   1sigma_hi        S/N
--------------- -----------  -----------------------------------  ---------
w                9.0107e-01   8.9690e-01 -2.2017e-02  1.9247e-02       43.5
b                8.9867e-01   9.3207e-01 -6.6332e-02  4.8889e-02       17.2
c                8.9512e-02   1.4109e-01 -4.3981e-02  2.3754e-01        0.5
dzeta            6.8462e-01   6.2247e-01 -1.6689e-01  1.2750e-01        4.6
B0               6.2992e-01   4.3383e-01 -3.0834e-01  3.8390e-01        2.2
h                8.2486e-01   4.7648e-01 -3.4379e-01  3.6412e-01        2.8

  Best-parameter's chi-squared:        0.0268
  Best-parameter's -2*log(posterior):  0.0268
  Bayesian Information Criterion:     13.8423
  Reduced chi-squared:                 0.0067
  Standard deviation of residuals:  0.00659724

For a detailed summary with all parameter posterior statistics see
/home/tenet/Documents/thesis/scripts/photometry/esa/data/inversion/inv-A2_A5-0.9_0.9_0.1_30_statistics.txt

Output sampler files:
  /home/tenet/Documents/thesis/scripts/photometry/esa/data/inversion/inv-A2_A5-0.9_0.9_0.1_30_statistics.txt
  /home/tenet/Documents/thesis/scripts/photometry/esa/data/inversion/inv-A2_A5-0.9_0.9_0.1_30.npz
  /home/tenet/Documents/thesis/scripts/photometry/esa/data/inversion/inv-A2_A5-0.9_0.9_0.1_30.log
