
::::::::::::::::::::::::::::::::::::::::::::::::::::::::::::::::::::::
  Multi-core Markov-chain Monte Carlo (mc3).
  Version 3.2.1.
  Copyright (c) 2015-2025 Patricio Cubillos and collaborators.
  mc3 is open-source software under the MIT license (see LICENSE).
::::::::::::::::::::::::::::::::::::::::::::::::::::::::::::::::::::::

Start MCMC chains  (Sat May 10 15:34:15 2025)

[:         ]  10.0% completed  (Sat May 10 15:34:16 2025)
Out-of-bound Trials:
[1336 2874 3360 3522 4256 4307]
Best Parameters: (chisq=0.0035)
[0.29153129 0.85318447 0.19443849 0.72695603 0.25329617 0.06037127]

[::        ]  20.0% completed  (Sat May 10 15:34:16 2025)
Out-of-bound Trials:
[3128 6445 6746 7118 8684 8881]
Best Parameters: (chisq=0.0035)
[0.29153129 0.85318447 0.19443849 0.72695603 0.25329617 0.06037127]

[:::       ]  30.0% completed  (Sat May 10 15:34:17 2025)
Out-of-bound Trials:
[ 4768 10042 10171 10729 13338 13615]
Best Parameters: (chisq=0.0035)
[0.29153129 0.85318447 0.19443849 0.72695603 0.25329617 0.06037127]

[::::      ]  40.0% completed  (Sat May 10 15:34:17 2025)
Out-of-bound Trials:
[ 7084 14111 13556 14466 17873 17874]
Best Parameters: (chisq=0.0032)
[0.28891899 0.86000542 0.17303972 0.73432223 0.54707446 0.45392298]

[:::::     ]  50.0% completed  (Sat May 10 15:34:18 2025)
Out-of-bound Trials:
[ 9053 17848 16792 18401 22281 22308]
Best Parameters: (chisq=0.0029)
[0.28373668 0.88738839 0.18399179 0.66683221 0.80482944 0.63760062]

[::::::    ]  60.0% completed  (Sat May 10 15:34:18 2025)
Out-of-bound Trials:
[10988 21668 20138 22310 26360 27162]
Best Parameters: (chisq=0.0029)
[0.28373668 0.88738839 0.18399179 0.66683221 0.80482944 0.63760062]

[:::::::   ]  70.0% completed  (Sat May 10 15:34:18 2025)
Out-of-bound Trials:
[13091 25515 23468 25987 30963 31587]
Best Parameters: (chisq=0.0029)
[0.28373668 0.88738839 0.18399179 0.66683221 0.80482944 0.63760062]

[::::::::  ]  80.0% completed  (Sat May 10 15:34:19 2025)
Out-of-bound Trials:
[15063 29284 26900 29903 35647 36304]
Best Parameters: (chisq=0.0029)
[0.28373668 0.88738839 0.18399179 0.66683221 0.80482944 0.63760062]

[::::::::: ]  90.0% completed  (Sat May 10 15:34:19 2025)
Out-of-bound Trials:
[17088 32982 30500 33527 40157 40819]
Best Parameters: (chisq=0.0029)
[0.28373668 0.88738839 0.18399179 0.66683221 0.80482944 0.63760062]

[::::::::::] 100.0% completed  (Sat May 10 15:34:20 2025)
Out-of-bound Trials:
[18993 36915 34011 37389 44578 45365]
Best Parameters: (chisq=0.0029)
[0.28373668 0.88738839 0.18399179 0.66683221 0.80482944 0.63760062]

MCMC Summary:
-------------
  Number of evaluated samples:        200000
  Number of parallel chains:               5
  Average iterations per chain:        40000
  Burned-in iterations per chain:       2000
  Thinning factor:                         1
  MCMC sample size (thinned, burned): 190000
  Acceptance rate:   13.50%

Parameter name     best fit   median      1sigma_low   1sigma_hi        S/N
--------------- -----------  -----------------------------------  ---------
w                2.8374e-01   1.5634e-01 -8.8719e-02  1.1803e-01        3.0
b                8.8739e-01   6.7726e-01 -3.4266e-01  2.2018e-01        3.4
c                1.8399e-01   4.1851e-01 -2.7066e-01  2.8451e-01        0.7
dzeta            6.6683e-01   5.6903e-01 -3.2399e-01  2.7899e-01        2.5
B0               8.0483e-01   4.8764e-01 -3.3238e-01  3.4559e-01        2.8
h                6.3760e-01   4.7718e-01 -3.2930e-01  3.5884e-01        2.2

  Best-parameter's chi-squared:        0.0029
  Best-parameter's -2*log(posterior):  0.0029
  Bayesian Information Criterion:     13.8185
  Reduced chi-squared:                 0.0007
  Standard deviation of residuals:  0.000131383

For a detailed summary with all parameter posterior statistics see
/home/tenet/Documents/thesis/scripts/photometry/esa/data/inversion/inv-A1_A3-0.3_0.9_0.1_30_statistics.txt

Output sampler files:
  /home/tenet/Documents/thesis/scripts/photometry/esa/data/inversion/inv-A1_A3-0.3_0.9_0.1_30_statistics.txt
  /home/tenet/Documents/thesis/scripts/photometry/esa/data/inversion/inv-A1_A3-0.3_0.9_0.1_30.npz
  /home/tenet/Documents/thesis/scripts/photometry/esa/data/inversion/inv-A1_A3-0.3_0.9_0.1_30.log
