
::::::::::::::::::::::::::::::::::::::::::::::::::::::::::::::::::::::
  Multi-core Markov-chain Monte Carlo (mc3).
  Version 3.2.1.
  Copyright (c) 2015-2025 Patricio Cubillos and collaborators.
  mc3 is open-source software under the MIT license (see LICENSE).
::::::::::::::::::::::::::::::::::::::::::::::::::::::::::::::::::::::

Start MCMC chains  (Sat May 10 16:01:28 2025)

[:         ]  10.0% completed  (Sat May 10 16:01:29 2025)
Out-of-bound Trials:
[ 441  137  907   42 4163 4216]
Best Parameters: (chisq=0.1005)
[0.90160671 0.29975966 0.42545612 0.6962249  0.72006756 0.57090146]

[::        ]  20.0% completed  (Sat May 10 16:01:30 2025)
Out-of-bound Trials:
[ 856  268 1937   72 8653 8773]
Best Parameters: (chisq=0.0592)
[0.90700994 0.31712394 0.5420211  0.65556852 0.27832453 0.52496731]

[:::       ]  30.0% completed  (Sat May 10 16:01:30 2025)
Out-of-bound Trials:
[ 1313   384  2857   123 12993 13314]
Best Parameters: (chisq=0.0592)
[0.90700994 0.31712394 0.5420211  0.65556852 0.27832453 0.52496731]

[::::      ]  40.0% completed  (Sat May 10 16:01:31 2025)
Out-of-bound Trials:
[ 1915   492  3825   176 17502 17894]
Best Parameters: (chisq=0.0592)
[0.90700994 0.31712394 0.5420211  0.65556852 0.27832453 0.52496731]

[:::::     ]  50.0% completed  (Sat May 10 16:01:31 2025)
Out-of-bound Trials:
[ 2459   625  4873   243 22166 22574]
Best Parameters: (chisq=0.0537)
[0.90767004 0.31059012 0.46283311 0.68299059 0.54414155 0.44499358]

[::::::    ]  60.0% completed  (Sat May 10 16:01:32 2025)
Out-of-bound Trials:
[ 2827   833  5852   273 26870 27155]
Best Parameters: (chisq=0.0537)
[0.90767004 0.31059012 0.46283311 0.68299059 0.54414155 0.44499358]

[:::::::   ]  70.0% completed  (Sat May 10 16:01:33 2025)
Out-of-bound Trials:
[ 3295   980  6815   328 31446 31765]
Best Parameters: (chisq=0.0537)
[0.90767004 0.31059012 0.46283311 0.68299059 0.54414155 0.44499358]

[::::::::  ]  80.0% completed  (Sat May 10 16:01:33 2025)
Out-of-bound Trials:
[ 3724  1134  7785   370 36025 36266]
Best Parameters: (chisq=0.0254)
[0.90106783 0.28982276 0.53240461 0.65314905 0.52772417 0.26340232]

[::::::::: ]  90.0% completed  (Sat May 10 16:01:34 2025)
Out-of-bound Trials:
[ 4161  1300  8842   420 40756 40799]
Best Parameters: (chisq=0.0254)
[0.90106783 0.28982276 0.53240461 0.65314905 0.52772417 0.26340232]

[::::::::::] 100.0% completed  (Sat May 10 16:01:34 2025)
Out-of-bound Trials:
[ 4565  1501  9791   459 45386 45457]
Best Parameters: (chisq=0.0254)
[0.90106783 0.28982276 0.53240461 0.65314905 0.52772417 0.26340232]

MCMC Summary:
-------------
  Number of evaluated samples:        200000
  Number of parallel chains:               5
  Average iterations per chain:        40000
  Burned-in iterations per chain:       2000
  Thinning factor:                         1
  MCMC sample size (thinned, burned): 190000
  Acceptance rate:   16.97%

Parameter name     best fit   median      1sigma_low   1sigma_hi        S/N
--------------- -----------  -----------------------------------  ---------
w                9.0107e-01   8.9667e-01 -3.6779e-02  3.5861e-02       24.8
b                2.8982e-01   2.8838e-01 -7.4541e-02  7.5051e-02        3.7
c                5.3240e-01   5.3265e-01 -1.7502e-01  1.8533e-01        3.0
dzeta            6.5315e-01   6.5565e-01 -6.7587e-02  8.1324e-02        8.9
B0               5.2772e-01   5.3334e-01 -3.5434e-01  3.2462e-01        1.8
h                2.6340e-01   4.9344e-01 -3.2978e-01  3.4277e-01        0.9

  Best-parameter's chi-squared:        0.0254
  Best-parameter's -2*log(posterior):  0.0254
  Bayesian Information Criterion:     17.9998
  Reduced chi-squared:                 0.0018
  Standard deviation of residuals:  0.00166969

For a detailed summary with all parameter posterior statistics see
/home/tenet/Documents/thesis/scripts/photometry/esa/data/inversion/inv-A1_A2_A3_A5-0.9_0.3_0.5_30_statistics.txt

Output sampler files:
  /home/tenet/Documents/thesis/scripts/photometry/esa/data/inversion/inv-A1_A2_A3_A5-0.9_0.3_0.5_30_statistics.txt
  /home/tenet/Documents/thesis/scripts/photometry/esa/data/inversion/inv-A1_A2_A3_A5-0.9_0.3_0.5_30.npz
  /home/tenet/Documents/thesis/scripts/photometry/esa/data/inversion/inv-A1_A2_A3_A5-0.9_0.3_0.5_30.log
