
::::::::::::::::::::::::::::::::::::::::::::::::::::::::::::::::::::::
  Multi-core Markov-chain Monte Carlo (mc3).
  Version 3.2.1.
  Copyright (c) 2015-2025 Patricio Cubillos and collaborators.
  mc3 is open-source software under the MIT license (see LICENSE).
::::::::::::::::::::::::::::::::::::::::::::::::::::::::::::::::::::::

Start MCMC chains  (Sat May 10 15:29:02 2025)

[:         ]  10.0% completed  (Sat May 10 15:29:03 2025)
Out-of-bound Trials:
[  20 1810 3159 2807 4438 3832]
Best Parameters: (chisq=0.0040)
[0.31164338 0.32975255 0.85600347 0.004702   0.72131258 0.27347472]

[::        ]  20.0% completed  (Sat May 10 15:29:03 2025)
Out-of-bound Trials:
[  42 3805 5952 5517 8857 8117]
Best Parameters: (chisq=0.0040)
[0.31164338 0.32975255 0.85600347 0.004702   0.72131258 0.27347472]

[:::       ]  30.0% completed  (Sat May 10 15:29:04 2025)
Out-of-bound Trials:
[   63  6116  8858  8140 13396 12592]
Best Parameters: (chisq=0.0040)
[0.31164338 0.32975255 0.85600347 0.004702   0.72131258 0.27347472]

[::::      ]  40.0% completed  (Sat May 10 15:29:04 2025)
Out-of-bound Trials:
[   81  8379 11613 10856 17857 17059]
Best Parameters: (chisq=0.0040)
[0.31164338 0.32975255 0.85600347 0.004702   0.72131258 0.27347472]

[:::::     ]  50.0% completed  (Sat May 10 15:29:04 2025)
Out-of-bound Trials:
[  111 10448 14528 13583 22236 21436]
Best Parameters: (chisq=0.0040)
[0.31164338 0.32975255 0.85600347 0.004702   0.72131258 0.27347472]

[::::::    ]  60.0% completed  (Sat May 10 15:29:05 2025)
Out-of-bound Trials:
[  133 12559 17521 16209 26688 25962]
Best Parameters: (chisq=0.0040)
[0.31164338 0.32975255 0.85600347 0.004702   0.72131258 0.27347472]

[:::::::   ]  70.0% completed  (Sat May 10 15:29:05 2025)
Out-of-bound Trials:
[  154 14673 20759 18897 31369 30591]
Best Parameters: (chisq=0.0040)
[0.31164338 0.32975255 0.85600347 0.004702   0.72131258 0.27347472]

[::::::::  ]  80.0% completed  (Sat May 10 15:29:06 2025)
Out-of-bound Trials:
[  174 16851 23581 21600 35816 35247]
Best Parameters: (chisq=0.0040)
[0.31164338 0.32975255 0.85600347 0.004702   0.72131258 0.27347472]

[::::::::: ]  90.0% completed  (Sat May 10 15:29:06 2025)
Out-of-bound Trials:
[  192 19250 26302 24369 40371 39903]
Best Parameters: (chisq=0.0040)
[0.31164338 0.32975255 0.85600347 0.004702   0.72131258 0.27347472]

[::::::::::] 100.0% completed  (Sat May 10 15:29:07 2025)
Out-of-bound Trials:
[  211 21282 29388 27202 44872 44397]
Best Parameters: (chisq=0.0040)
[0.31164338 0.32975255 0.85600347 0.004702   0.72131258 0.27347472]

MCMC Summary:
-------------
  Number of evaluated samples:        200000
  Number of parallel chains:               5
  Average iterations per chain:        40000
  Burned-in iterations per chain:       2000
  Thinning factor:                         1
  MCMC sample size (thinned, burned): 190000
  Acceptance rate:   12.97%

Parameter name     best fit   median      1sigma_low   1sigma_hi        S/N
--------------- -----------  -----------------------------------  ---------
w                3.1164e-01   3.6228e-01 -6.9724e-02  1.2449e-01        3.3
b                3.2975e-01   4.0398e-01 -2.2213e-01  2.4119e-01        1.5
c                8.5600e-01   7.1740e-01 -2.2874e-01  1.8011e-01        4.2
dzeta            4.7020e-03   1.0262e-01 -7.0620e-02  8.2369e-02        0.1
B0               7.2131e-01   5.2143e-01 -3.4313e-01  3.2901e-01        2.5
h                2.7347e-01   5.1479e-01 -3.4664e-01  3.3528e-01        0.9

  Best-parameter's chi-squared:       0.0040
  Best-parameter's -2*log(posterior): 0.0040
  Bayesian Information Criterion:     9.6606
  Reduced chi-squared:                   nan
  Standard deviation of residuals:  0.000406583

For a detailed summary with all parameter posterior statistics see
/home/tenet/Documents/thesis/scripts/photometry/esa/data/inversion/inv-A3-0.3_0.3_0.9_0_statistics.txt

Output sampler files:
  /home/tenet/Documents/thesis/scripts/photometry/esa/data/inversion/inv-A3-0.3_0.3_0.9_0_statistics.txt
  /home/tenet/Documents/thesis/scripts/photometry/esa/data/inversion/inv-A3-0.3_0.3_0.9_0.npz
  /home/tenet/Documents/thesis/scripts/photometry/esa/data/inversion/inv-A3-0.3_0.3_0.9_0.log
