
::::::::::::::::::::::::::::::::::::::::::::::::::::::::::::::::::::::
  Multi-core Markov-chain Monte Carlo (mc3).
  Version 3.2.1.
  Copyright (c) 2015-2025 Patricio Cubillos and collaborators.
  mc3 is open-source software under the MIT license (see LICENSE).
::::::::::::::::::::::::::::::::::::::::::::::::::::::::::::::::::::::

Start MCMC chains  (Sat May 10 15:33:56 2025)

[:         ]  10.0% completed  (Sat May 10 15:33:57 2025)
Out-of-bound Trials:
[   0  692  687 2553 3976 4238]
Best Parameters: (chisq=0.0189)
[0.31003529 0.29074113 0.50912454 0.08548835 0.34747746 0.47253279]

[::        ]  20.0% completed  (Sat May 10 15:33:57 2025)
Out-of-bound Trials:
[   0 1405 1723 4850 8577 8849]
Best Parameters: (chisq=0.0189)
[0.31003529 0.29074113 0.50912454 0.08548835 0.34747746 0.47253279]

[:::       ]  30.0% completed  (Sat May 10 15:33:58 2025)
Out-of-bound Trials:
[    0  2400  3054  7680 13052 13426]
Best Parameters: (chisq=0.0118)
[0.30856165 0.29218756 0.51354293 0.00855176 0.24752134 0.79123997]

[::::      ]  40.0% completed  (Sat May 10 15:33:58 2025)
Out-of-bound Trials:
[    0  3380  4325 10158 17571 17958]
Best Parameters: (chisq=0.0118)
[0.30856165 0.29218756 0.51354293 0.00855176 0.24752134 0.79123997]

[:::::     ]  50.0% completed  (Sat May 10 15:33:59 2025)
Out-of-bound Trials:
[    0  4525  5716 12655 22144 22665]
Best Parameters: (chisq=0.0118)
[0.30856165 0.29218756 0.51354293 0.00855176 0.24752134 0.79123997]

[::::::    ]  60.0% completed  (Sat May 10 15:33:59 2025)
Out-of-bound Trials:
[    0  5581  7043 15277 26829 27170]
Best Parameters: (chisq=0.0118)
[0.30856165 0.29218756 0.51354293 0.00855176 0.24752134 0.79123997]

[:::::::   ]  70.0% completed  (Sat May 10 15:34:00 2025)
Out-of-bound Trials:
[    0  6564  8365 17937 31558 31697]
Best Parameters: (chisq=0.0118)
[0.30856165 0.29218756 0.51354293 0.00855176 0.24752134 0.79123997]

[::::::::  ]  80.0% completed  (Sat May 10 15:34:00 2025)
Out-of-bound Trials:
[    1  7654  9703 20445 36262 36561]
Best Parameters: (chisq=0.0118)
[0.30856165 0.29218756 0.51354293 0.00855176 0.24752134 0.79123997]

[::::::::: ]  90.0% completed  (Sat May 10 15:34:01 2025)
Out-of-bound Trials:
[    1  8555 10958 22951 40779 41167]
Best Parameters: (chisq=0.0118)
[0.30856165 0.29218756 0.51354293 0.00855176 0.24752134 0.79123997]

[::::::::::] 100.0% completed  (Sat May 10 15:34:01 2025)
Out-of-bound Trials:
[    1  9599 12197 25214 45252 46014]
Best Parameters: (chisq=0.0118)
[0.30856165 0.29218756 0.51354293 0.00855176 0.24752134 0.79123997]

MCMC Summary:
-------------
  Number of evaluated samples:        200000
  Number of parallel chains:               5
  Average iterations per chain:        40000
  Burned-in iterations per chain:       2000
  Thinning factor:                         1
  MCMC sample size (thinned, burned): 190000
  Acceptance rate:   13.88%

Parameter name     best fit   median      1sigma_low   1sigma_hi        S/N
--------------- -----------  -----------------------------------  ---------
w                3.0856e-01   3.0268e-01 -2.8368e-02  3.2227e-02        9.5
b                2.9219e-01   2.2571e-01 -9.8305e-02  1.2033e-01        2.8
c                5.1354e-01   4.1735e-01 -2.2850e-01  1.4687e-01        3.0
dzeta            8.5518e-03   9.4829e-02 -6.4266e-02  7.0901e-02        0.1
B0               2.4752e-01   4.6129e-01 -3.2425e-01  3.5150e-01        0.9
h                7.9124e-01   4.7027e-01 -3.2562e-01  3.5443e-01        2.7

  Best-parameter's chi-squared:        0.0118
  Best-parameter's -2*log(posterior):  0.0118
  Bayesian Information Criterion:     13.8273
  Reduced chi-squared:                 0.0030
  Standard deviation of residuals:  0.000374461

For a detailed summary with all parameter posterior statistics see
/home/tenet/Documents/thesis/scripts/photometry/esa/data/inversion/inv-A1_A3-0.3_0.3_0.5_0_statistics.txt

Output sampler files:
  /home/tenet/Documents/thesis/scripts/photometry/esa/data/inversion/inv-A1_A3-0.3_0.3_0.5_0_statistics.txt
  /home/tenet/Documents/thesis/scripts/photometry/esa/data/inversion/inv-A1_A3-0.3_0.3_0.5_0.npz
  /home/tenet/Documents/thesis/scripts/photometry/esa/data/inversion/inv-A1_A3-0.3_0.3_0.5_0.log
