
::::::::::::::::::::::::::::::::::::::::::::::::::::::::::::::::::::::
  Multi-core Markov-chain Monte Carlo (mc3).
  Version 3.2.1.
  Copyright (c) 2015-2025 Patricio Cubillos and collaborators.
  mc3 is open-source software under the MIT license (see LICENSE).
::::::::::::::::::::::::::::::::::::::::::::::::::::::::::::::::::::::

Start MCMC chains  (Sat May 10 16:03:49 2025)

[:         ]  10.0% completed  (Sat May 10 16:03:50 2025)
Out-of-bound Trials:
[ 419 1841 1948 2127 4219 3823]
Best Parameters: (chisq=0.1653)
[0.30332383 0.90552062 0.06751385 0.04989734 0.56889224 0.5853687 ]

[::        ]  20.0% completed  (Sat May 10 16:03:50 2025)
Out-of-bound Trials:
[ 839 3236 3585 4367 8671 8167]
Best Parameters: (chisq=0.1418)
[0.30143639 0.89818446 0.1109572  0.10311106 0.56768691 0.51541075]

[:::       ]  30.0% completed  (Sat May 10 16:03:51 2025)
Out-of-bound Trials:
[ 1143  5151  5375  6709 13307 12434]
Best Parameters: (chisq=0.0616)
[0.30473436 0.89736637 0.10076664 0.08596247 0.74314675 0.16969663]

[::::      ]  40.0% completed  (Sat May 10 16:03:51 2025)
Out-of-bound Trials:
[ 1456  7094  7363  9189 17966 16709]
Best Parameters: (chisq=0.0616)
[0.30473436 0.89736637 0.10076664 0.08596247 0.74314675 0.16969663]

[:::::     ]  50.0% completed  (Sat May 10 16:03:52 2025)
Out-of-bound Trials:
[ 1782  9118  9426 11793 22466 21352]
Best Parameters: (chisq=0.0616)
[0.30473436 0.89736637 0.10076664 0.08596247 0.74314675 0.16969663]

[::::::    ]  60.0% completed  (Sat May 10 16:03:52 2025)
Out-of-bound Trials:
[ 2072 11452 11846 14738 26812 26094]
Best Parameters: (chisq=0.0329)
[0.30048029 0.89176584 0.12793472 0.0275229  0.14130785 0.32308973]

[:::::::   ]  70.0% completed  (Sat May 10 16:03:53 2025)
Out-of-bound Trials:
[ 2498 13156 13774 17216 31420 30691]
Best Parameters: (chisq=0.0166)
[0.30238907 0.90011203 0.09389925 0.00581305 0.63017218 0.3233087 ]

[::::::::  ]  80.0% completed  (Sat May 10 16:03:53 2025)
Out-of-bound Trials:
[ 2798 14960 15905 19138 35869 35245]
Best Parameters: (chisq=0.0166)
[0.30238907 0.90011203 0.09389925 0.00581305 0.63017218 0.3233087 ]

[::::::::: ]  90.0% completed  (Sat May 10 16:03:54 2025)
Out-of-bound Trials:
[ 3115 16975 17917 21336 40461 39894]
Best Parameters: (chisq=0.0166)
[0.30238907 0.90011203 0.09389925 0.00581305 0.63017218 0.3233087 ]

[::::::::::] 100.0% completed  (Sat May 10 16:03:54 2025)
Out-of-bound Trials:
[ 3505 18611 19845 23336 45127 44424]
Best Parameters: (chisq=0.0166)
[0.30238907 0.90011203 0.09389925 0.00581305 0.63017218 0.3233087 ]

MCMC Summary:
-------------
  Number of evaluated samples:        200000
  Number of parallel chains:               5
  Average iterations per chain:        40000
  Burned-in iterations per chain:       2000
  Thinning factor:                         1
  MCMC sample size (thinned, burned): 190000
  Acceptance rate:   8.03%

Parameter name     best fit   median      1sigma_low   1sigma_hi        S/N
--------------- -----------  -----------------------------------  ---------
w                3.0239e-01   1.9478e-01 -6.6231e-02  1.0719e-01        4.0
b                9.0011e-01   6.6824e-01 -1.4574e-01  2.1806e-01        5.7
c                9.3899e-02   1.4040e-01 -8.1552e-02  9.5983e-02        1.2
dzeta            5.8131e-03   1.9033e-01 -1.2850e-01  1.3307e-01        0.1
B0               6.3017e-01   4.5841e-01 -3.1192e-01  3.6483e-01        2.2
h                3.2331e-01   4.8416e-01 -3.3542e-01  3.4193e-01        1.1

  Best-parameter's chi-squared:        0.0166
  Best-parameter's -2*log(posterior):  0.0166
  Bayesian Information Criterion:     17.9910
  Reduced chi-squared:                 0.0012
  Standard deviation of residuals:  0.000159157

For a detailed summary with all parameter posterior statistics see
/home/tenet/Documents/thesis/scripts/photometry/esa/data/inversion/inv-A1_A3_A4_A5-0.3_0.9_0.1_0_statistics.txt

Output sampler files:
  /home/tenet/Documents/thesis/scripts/photometry/esa/data/inversion/inv-A1_A3_A4_A5-0.3_0.9_0.1_0_statistics.txt
  /home/tenet/Documents/thesis/scripts/photometry/esa/data/inversion/inv-A1_A3_A4_A5-0.3_0.9_0.1_0.npz
  /home/tenet/Documents/thesis/scripts/photometry/esa/data/inversion/inv-A1_A3_A4_A5-0.3_0.9_0.1_0.log
