
::::::::::::::::::::::::::::::::::::::::::::::::::::::::::::::::::::::
  Multi-core Markov-chain Monte Carlo (mc3).
  Version 3.2.1.
  Copyright (c) 2015-2025 Patricio Cubillos and collaborators.
  mc3 is open-source software under the MIT license (see LICENSE).
::::::::::::::::::::::::::::::::::::::::::::::::::::::::::::::::::::::

Start MCMC chains  (Sat May 10 15:32:34 2025)

[:         ]  10.0% completed  (Sat May 10 15:32:34 2025)
Out-of-bound Trials:
[  67   20 2989 3153 4160 4256]
Best Parameters: (chisq=0.0255)
[0.25060598 0.30494742 0.86918521 0.62747871 0.79855771 0.80631075]

[::        ]  20.0% completed  (Sat May 10 15:32:35 2025)
Out-of-bound Trials:
[ 176   49 5831 6700 8509 8766]
Best Parameters: (chisq=0.0086)
[0.33875191 0.32314458 0.92218299 0.6768863  0.15720097 0.30299071]

[:::       ]  30.0% completed  (Sat May 10 15:32:35 2025)
Out-of-bound Trials:
[  226    89  8668 10290 12978 13377]
Best Parameters: (chisq=0.0086)
[0.33875191 0.32314458 0.92218299 0.6768863  0.15720097 0.30299071]

[::::      ]  40.0% completed  (Sat May 10 15:32:36 2025)
Out-of-bound Trials:
[  346   119 11635 13745 17506 17976]
Best Parameters: (chisq=0.0086)
[0.33875191 0.32314458 0.92218299 0.6768863  0.15720097 0.30299071]

[:::::     ]  50.0% completed  (Sat May 10 15:32:36 2025)
Out-of-bound Trials:
[  420   154 14561 17210 21875 22270]
Best Parameters: (chisq=0.0086)
[0.33875191 0.32314458 0.92218299 0.6768863  0.15720097 0.30299071]

[::::::    ]  60.0% completed  (Sat May 10 15:32:37 2025)
Out-of-bound Trials:
[  529   182 17611 20552 26307 26593]
Best Parameters: (chisq=0.0086)
[0.33875191 0.32314458 0.92218299 0.6768863  0.15720097 0.30299071]

[:::::::   ]  70.0% completed  (Sat May 10 15:32:37 2025)
Out-of-bound Trials:
[  630   208 20646 23922 30788 31184]
Best Parameters: (chisq=0.0086)
[0.33875191 0.32314458 0.92218299 0.6768863  0.15720097 0.30299071]

[::::::::  ]  80.0% completed  (Sat May 10 15:32:38 2025)
Out-of-bound Trials:
[  688   246 23585 27466 35334 35895]
Best Parameters: (chisq=0.0086)
[0.33875191 0.32314458 0.92218299 0.6768863  0.15720097 0.30299071]

[::::::::: ]  90.0% completed  (Sat May 10 15:32:38 2025)
Out-of-bound Trials:
[  757   276 26484 30778 39912 40579]
Best Parameters: (chisq=0.0086)
[0.33875191 0.32314458 0.92218299 0.6768863  0.15720097 0.30299071]

[::::::::::] 100.0% completed  (Sat May 10 15:32:39 2025)
Out-of-bound Trials:
[  848   318 29731 34210 44413 45124]
Best Parameters: (chisq=0.0086)
[0.33875191 0.32314458 0.92218299 0.6768863  0.15720097 0.30299071]

MCMC Summary:
-------------
  Number of evaluated samples:        200000
  Number of parallel chains:               5
  Average iterations per chain:        40000
  Burned-in iterations per chain:       2000
  Thinning factor:                         1
  MCMC sample size (thinned, burned): 190000
  Acceptance rate:   15.37%

Parameter name     best fit   median      1sigma_low   1sigma_hi        S/N
--------------- -----------  -----------------------------------  ---------
w                3.3875e-01   3.4703e-01 -9.9527e-02  7.7360e-02        4.0
b                3.2314e-01   2.9878e-01 -6.4536e-02  6.2734e-02        4.9
c                9.2218e-01   8.7512e-01 -1.2460e-01  8.4662e-02        9.2
dzeta            6.7689e-01   7.7449e-01 -2.4249e-01  1.5181e-01        3.3
B0               1.5720e-01   5.2230e-01 -3.4617e-01  3.2216e-01        0.6
h                3.0299e-01   5.2697e-01 -3.4769e-01  3.2466e-01        1.1

  Best-parameter's chi-squared:        0.0086
  Best-parameter's -2*log(posterior):  0.0086
  Bayesian Information Criterion:     13.8241
  Reduced chi-squared:                 0.0021
  Standard deviation of residuals:  0.000732378

For a detailed summary with all parameter posterior statistics see
/home/tenet/Documents/thesis/scripts/photometry/esa/data/inversion/inv-A1_A2-0.3_0.3_0.9_30_statistics.txt

Output sampler files:
  /home/tenet/Documents/thesis/scripts/photometry/esa/data/inversion/inv-A1_A2-0.3_0.3_0.9_30_statistics.txt
  /home/tenet/Documents/thesis/scripts/photometry/esa/data/inversion/inv-A1_A2-0.3_0.3_0.9_30.npz
  /home/tenet/Documents/thesis/scripts/photometry/esa/data/inversion/inv-A1_A2-0.3_0.3_0.9_30.log
