
::::::::::::::::::::::::::::::::::::::::::::::::::::::::::::::::::::::
  Multi-core Markov-chain Monte Carlo (mc3).
  Version 3.2.1.
  Copyright (c) 2015-2025 Patricio Cubillos and collaborators.
  mc3 is open-source software under the MIT license (see LICENSE).
::::::::::::::::::::::::::::::::::::::::::::::::::::::::::::::::::::::

Start MCMC chains  (Sat May 10 15:40:59 2025)

[:         ]  10.0% completed  (Sat May 10 15:41:00 2025)
Out-of-bound Trials:
[ 670  794 2319  699 4767 4238]
Best Parameters: (chisq=0.0815)
[0.91280194 0.3431725  0.54917212 0.63080241 0.19049377 0.03578858]

[::        ]  20.0% completed  (Sat May 10 15:41:00 2025)
Out-of-bound Trials:
[1178 1444 4653 1273 9345 8731]
Best Parameters: (chisq=0.0509)
[0.89803194 0.28124243 0.57817247 0.65889936 0.39140206 0.44697315]

[:::       ]  30.0% completed  (Sat May 10 15:41:01 2025)
Out-of-bound Trials:
[ 1607  2191  6998  1880 13919 13346]
Best Parameters: (chisq=0.0509)
[0.89803194 0.28124243 0.57817247 0.65889936 0.39140206 0.44697315]

[::::      ]  40.0% completed  (Sat May 10 15:41:01 2025)
Out-of-bound Trials:
[ 2080  3027  9332  2521 18743 17683]
Best Parameters: (chisq=0.0509)
[0.89803194 0.28124243 0.57817247 0.65889936 0.39140206 0.44697315]

[:::::     ]  50.0% completed  (Sat May 10 15:41:02 2025)
Out-of-bound Trials:
[ 2595  3821 11541  3296 23063 22043]
Best Parameters: (chisq=0.0491)
[0.90258106 0.30512021 0.5424499  0.62167347 0.48576946 0.13127309]

[::::::    ]  60.0% completed  (Sat May 10 15:41:02 2025)
Out-of-bound Trials:
[ 3080  4626 13865  3909 27519 26394]
Best Parameters: (chisq=0.0449)
[0.90675315 0.3242035  0.47640053 0.66341143 0.35148169 0.76719195]

[:::::::   ]  70.0% completed  (Sat May 10 15:41:03 2025)
Out-of-bound Trials:
[ 3553  5472 16124  4564 32235 30894]
Best Parameters: (chisq=0.0449)
[0.90675315 0.3242035  0.47640053 0.66341143 0.35148169 0.76719195]

[::::::::  ]  80.0% completed  (Sat May 10 15:41:03 2025)
Out-of-bound Trials:
[ 4079  6201 18409  5171 36832 35290]
Best Parameters: (chisq=0.0174)
[0.90863943 0.32676069 0.51093623 0.67759669 0.2920385  0.85863028]

[::::::::: ]  90.0% completed  (Sat May 10 15:41:04 2025)
Out-of-bound Trials:
[ 4536  6907 20712  5790 41399 39942]
Best Parameters: (chisq=0.0174)
[0.90863943 0.32676069 0.51093623 0.67759669 0.2920385  0.85863028]

[::::::::::] 100.0% completed  (Sat May 10 15:41:04 2025)
Out-of-bound Trials:
[ 5061  7662 23052  6554 45999 44472]
Best Parameters: (chisq=0.0174)
[0.90863943 0.32676069 0.51093623 0.67759669 0.2920385  0.85863028]

MCMC Summary:
-------------
  Number of evaluated samples:        200000
  Number of parallel chains:               5
  Average iterations per chain:        40000
  Burned-in iterations per chain:       2000
  Thinning factor:                         1
  MCMC sample size (thinned, burned): 190000
  Acceptance rate:   15.92%

Parameter name     best fit   median      1sigma_low   1sigma_hi        S/N
--------------- -----------  -----------------------------------  ---------
w                9.0864e-01   8.9695e-01 -3.9143e-02  3.7868e-02       24.0
b                3.2676e-01   2.6197e-01 -1.0422e-01  1.1804e-01        3.0
c                5.1094e-01   5.7282e-01 -2.2613e-01  2.5885e-01        2.4
dzeta            6.7760e-01   6.6596e-01 -1.3202e-01  1.2827e-01        5.3
B0               2.9204e-01   5.5557e-01 -3.6486e-01  3.1111e-01        1.0
h                8.5863e-01   4.9704e-01 -3.3308e-01  3.3937e-01        3.0

  Best-parameter's chi-squared:        0.0174
  Best-parameter's -2*log(posterior):  0.0174
  Bayesian Information Criterion:     13.8329
  Reduced chi-squared:                 0.0044
  Standard deviation of residuals:  0.00224095

For a detailed summary with all parameter posterior statistics see
/home/tenet/Documents/thesis/scripts/photometry/esa/data/inversion/inv-A2_A5-0.9_0.3_0.5_30_statistics.txt

Output sampler files:
  /home/tenet/Documents/thesis/scripts/photometry/esa/data/inversion/inv-A2_A5-0.9_0.3_0.5_30_statistics.txt
  /home/tenet/Documents/thesis/scripts/photometry/esa/data/inversion/inv-A2_A5-0.9_0.3_0.5_30.npz
  /home/tenet/Documents/thesis/scripts/photometry/esa/data/inversion/inv-A2_A5-0.9_0.3_0.5_30.log
