
::::::::::::::::::::::::::::::::::::::::::::::::::::::::::::::::::::::
  Multi-core Markov-chain Monte Carlo (mc3).
  Version 3.2.1.
  Copyright (c) 2015-2025 Patricio Cubillos and collaborators.
  mc3 is open-source software under the MIT license (see LICENSE).
::::::::::::::::::::::::::::::::::::::::::::::::::::::::::::::::::::::

Start MCMC chains  (Sat May 10 15:41:44 2025)

[:         ]  10.0% completed  (Sat May 10 15:41:45 2025)
Out-of-bound Trials:
[1402 4584 3265 3487 4443 4580]
Best Parameters: (chisq=0.0073)
[0.2920255  0.89169413 0.09579377 0.06711985 0.4668954  0.92472865]

[::        ]  20.0% completed  (Sat May 10 15:41:45 2025)
Out-of-bound Trials:
[3258 9736 7302 6499 8699 9317]
Best Parameters: (chisq=0.0039)
[0.29774528 0.88625424 0.11516026 0.0511752  0.27933615 0.13703244]

[:::       ]  30.0% completed  (Sat May 10 15:41:46 2025)
Out-of-bound Trials:
[ 4993 14740 11190  9731 13007 13932]
Best Parameters: (chisq=0.0039)
[0.29774528 0.88625424 0.11516026 0.0511752  0.27933615 0.13703244]

[::::      ]  40.0% completed  (Sat May 10 15:41:46 2025)
Out-of-bound Trials:
[ 6831 19593 15438 12774 17304 18821]
Best Parameters: (chisq=0.0039)
[0.29774528 0.88625424 0.11516026 0.0511752  0.27933615 0.13703244]

[:::::     ]  50.0% completed  (Sat May 10 15:41:47 2025)
Out-of-bound Trials:
[ 8751 24598 19664 16091 21933 23261]
Best Parameters: (chisq=0.0039)
[0.29774528 0.88625424 0.11516026 0.0511752  0.27933615 0.13703244]

[::::::    ]  60.0% completed  (Sat May 10 15:41:47 2025)
Out-of-bound Trials:
[10598 30012 23841 19494 26315 27918]
Best Parameters: (chisq=0.0039)
[0.29774528 0.88625424 0.11516026 0.0511752  0.27933615 0.13703244]

[:::::::   ]  70.0% completed  (Sat May 10 15:41:48 2025)
Out-of-bound Trials:
[12451 34834 27838 23020 30837 32563]
Best Parameters: (chisq=0.0039)
[0.29774528 0.88625424 0.11516026 0.0511752  0.27933615 0.13703244]

[::::::::  ]  80.0% completed  (Sat May 10 15:41:48 2025)
Out-of-bound Trials:
[14316 39534 31821 26112 35327 37133]
Best Parameters: (chisq=0.0039)
[0.29774528 0.88625424 0.11516026 0.0511752  0.27933615 0.13703244]

[::::::::: ]  90.0% completed  (Sat May 10 15:41:48 2025)
Out-of-bound Trials:
[16049 45341 35832 29633 39953 41705]
Best Parameters: (chisq=0.0039)
[0.29774528 0.88625424 0.11516026 0.0511752  0.27933615 0.13703244]

[::::::::::] 100.0% completed  (Sat May 10 15:41:49 2025)
Out-of-bound Trials:
[17784 50143 40186 32949 44626 46246]
Best Parameters: (chisq=0.0039)
[0.29774528 0.88625424 0.11516026 0.0511752  0.27933615 0.13703244]

MCMC Summary:
-------------
  Number of evaluated samples:        200000
  Number of parallel chains:               5
  Average iterations per chain:        40000
  Burned-in iterations per chain:       2000
  Thinning factor:                         1
  MCMC sample size (thinned, burned): 190000
  Acceptance rate:   9.45%

Parameter name     best fit   median      1sigma_low   1sigma_hi        S/N
--------------- -----------  -----------------------------------  ---------
w                2.9775e-01   1.3549e-01 -5.2048e-02  1.5826e-01        3.1
b                8.8625e-01   4.1875e-01 -2.9116e-01  4.4338e-01        2.9
c                1.1516e-01   2.1251e-01 -1.4661e-01  3.4363e-01        0.5
dzeta            5.1175e-02   2.6741e-01 -1.7838e-01  2.6124e-01        0.2
B0               2.7934e-01   4.4911e-01 -3.1356e-01  3.5787e-01        1.0
h                1.3703e-01   4.7337e-01 -3.4024e-01  3.5027e-01        0.5

  Best-parameter's chi-squared:        0.0039
  Best-parameter's -2*log(posterior):  0.0039
  Bayesian Information Criterion:     13.8194
  Reduced chi-squared:                 0.0010
  Standard deviation of residuals:  0.000184857

For a detailed summary with all parameter posterior statistics see
/home/tenet/Documents/thesis/scripts/photometry/esa/data/inversion/inv-A3_A4-0.3_0.9_0.1_0_statistics.txt

Output sampler files:
  /home/tenet/Documents/thesis/scripts/photometry/esa/data/inversion/inv-A3_A4-0.3_0.9_0.1_0_statistics.txt
  /home/tenet/Documents/thesis/scripts/photometry/esa/data/inversion/inv-A3_A4-0.3_0.9_0.1_0.npz
  /home/tenet/Documents/thesis/scripts/photometry/esa/data/inversion/inv-A3_A4-0.3_0.9_0.1_0.log
