
::::::::::::::::::::::::::::::::::::::::::::::::::::::::::::::::::::::
  Multi-core Markov-chain Monte Carlo (mc3).
  Version 3.2.1.
  Copyright (c) 2015-2025 Patricio Cubillos and collaborators.
  mc3 is open-source software under the MIT license (see LICENSE).
::::::::::::::::::::::::::::::::::::::::::::::::::::::::::::::::::::::

Start MCMC chains  (Sat May 10 16:03:27 2025)

[:         ]  10.0% completed  (Sat May 10 16:03:28 2025)
Out-of-bound Trials:
[   2   38 2443 2472 4592 3807]
Best Parameters: (chisq=0.0642)
[0.29463288 0.28498803 0.84932147 0.71572196 0.66882445 0.61009435]

[::        ]  20.0% completed  (Sat May 10 16:03:28 2025)
Out-of-bound Trials:
[   4   71 4976 5061 9013 8419]
Best Parameters: (chisq=0.0311)
[0.31634992 0.30457073 0.93879208 0.66368135 0.33167289 0.32322934]

[:::       ]  30.0% completed  (Sat May 10 16:03:29 2025)
Out-of-bound Trials:
[    6    99  7677  7453 13599 13016]
Best Parameters: (chisq=0.0311)
[0.31634992 0.30457073 0.93879208 0.66368135 0.33167289 0.32322934]

[::::      ]  40.0% completed  (Sat May 10 16:03:30 2025)
Out-of-bound Trials:
[    7   133 10257 10146 18204 17547]
Best Parameters: (chisq=0.0311)
[0.31634992 0.30457073 0.93879208 0.66368135 0.33167289 0.32322934]

[:::::     ]  50.0% completed  (Sat May 10 16:03:30 2025)
Out-of-bound Trials:
[    8   170 12903 12811 22694 21861]
Best Parameters: (chisq=0.0311)
[0.31634992 0.30457073 0.93879208 0.66368135 0.33167289 0.32322934]

[::::::    ]  60.0% completed  (Sat May 10 16:03:31 2025)
Out-of-bound Trials:
[   10   205 15447 15598 27095 26414]
Best Parameters: (chisq=0.0311)
[0.31634992 0.30457073 0.93879208 0.66368135 0.33167289 0.32322934]

[:::::::   ]  70.0% completed  (Sat May 10 16:03:31 2025)
Out-of-bound Trials:
[   10   225 17844 18309 31848 30944]
Best Parameters: (chisq=0.0311)
[0.31634992 0.30457073 0.93879208 0.66368135 0.33167289 0.32322934]

[::::::::  ]  80.0% completed  (Sat May 10 16:03:32 2025)
Out-of-bound Trials:
[   13   267 20433 20863 36328 35288]
Best Parameters: (chisq=0.0311)
[0.31634992 0.30457073 0.93879208 0.66368135 0.33167289 0.32322934]

[::::::::: ]  90.0% completed  (Sat May 10 16:03:32 2025)
Out-of-bound Trials:
[   16   285 23116 23485 41053 40036]
Best Parameters: (chisq=0.0292)
[0.2896055  0.29216884 0.88996074 0.65592114 0.72724849 0.36174101]

[::::::::::] 100.0% completed  (Sat May 10 16:03:33 2025)
Out-of-bound Trials:
[   18   349 25713 26292 45633 44410]
Best Parameters: (chisq=0.0292)
[0.2896055  0.29216884 0.88996074 0.65592114 0.72724849 0.36174101]

MCMC Summary:
-------------
  Number of evaluated samples:        200000
  Number of parallel chains:               5
  Average iterations per chain:        40000
  Burned-in iterations per chain:       2000
  Thinning factor:                         1
  MCMC sample size (thinned, burned): 190000
  Acceptance rate:   16.90%

Parameter name     best fit   median      1sigma_low   1sigma_hi        S/N
--------------- -----------  -----------------------------------  ---------
w                2.8961e-01   3.4318e-01 -4.8432e-02  5.2312e-02        6.0
b                2.9217e-01   2.9406e-01 -6.1256e-02  5.4273e-02        5.0
c                8.8996e-01   8.0863e-01 -1.5675e-01  1.2675e-01        6.8
dzeta            6.5592e-01   8.0950e-01 -1.5446e-01  1.2945e-01        5.1
B0               7.2725e-01   5.1660e-01 -3.4728e-01  3.2891e-01        2.5
h                3.6174e-01   5.0657e-01 -3.3343e-01  3.4058e-01        1.3

  Best-parameter's chi-squared:        0.0292
  Best-parameter's -2*log(posterior):  0.0292
  Bayesian Information Criterion:     18.0036
  Reduced chi-squared:                 0.0021
  Standard deviation of residuals:  0.00037632

For a detailed summary with all parameter posterior statistics see
/home/tenet/Documents/thesis/scripts/photometry/esa/data/inversion/inv-A1_A3_A4_A5-0.3_0.3_0.9_30_statistics.txt

Output sampler files:
  /home/tenet/Documents/thesis/scripts/photometry/esa/data/inversion/inv-A1_A3_A4_A5-0.3_0.3_0.9_30_statistics.txt
  /home/tenet/Documents/thesis/scripts/photometry/esa/data/inversion/inv-A1_A3_A4_A5-0.3_0.3_0.9_30.npz
  /home/tenet/Documents/thesis/scripts/photometry/esa/data/inversion/inv-A1_A3_A4_A5-0.3_0.3_0.9_30.log
