
::::::::::::::::::::::::::::::::::::::::::::::::::::::::::::::::::::::
  Multi-core Markov-chain Monte Carlo (mc3).
  Version 3.2.1.
  Copyright (c) 2015-2025 Patricio Cubillos and collaborators.
  mc3 is open-source software under the MIT license (see LICENSE).
::::::::::::::::::::::::::::::::::::::::::::::::::::::::::::::::::::::

Start MCMC chains  (Sat May 10 15:47:07 2025)

[:         ]  10.0% completed  (Sat May 10 15:47:07 2025)
Out-of-bound Trials:
[  43  757  118 1771 4256 4486]
Best Parameters: (chisq=0.0456)
[0.29692553 0.89277683 0.09549347 0.68815998 0.7265548  0.22807903]

[::        ]  20.0% completed  (Sat May 10 15:47:08 2025)
Out-of-bound Trials:
[  98 1370  321 3603 8859 9171]
Best Parameters: (chisq=0.0456)
[0.29692553 0.89277683 0.09549347 0.68815998 0.7265548  0.22807903]

[:::       ]  30.0% completed  (Sat May 10 15:47:09 2025)
Out-of-bound Trials:
[  127  2244   542  5317 13577 14029]
Best Parameters: (chisq=0.0456)
[0.29692553 0.89277683 0.09549347 0.68815998 0.7265548  0.22807903]

[::::      ]  40.0% completed  (Sat May 10 15:47:09 2025)
Out-of-bound Trials:
[  250  4012  1104  7479 18082 18501]
Best Parameters: (chisq=0.0157)
[0.30332857 0.90042178 0.09121253 0.67886001 0.68570868 0.36361507]

[:::::     ]  50.0% completed  (Sat May 10 15:47:10 2025)
Out-of-bound Trials:
[  289  5015  1729  9485 23013 23182]
Best Parameters: (chisq=0.0157)
[0.30332857 0.90042178 0.09121253 0.67886001 0.68570868 0.36361507]

[::::::    ]  60.0% completed  (Sat May 10 15:47:10 2025)
Out-of-bound Trials:
[  321  7103  2393 11658 27666 27935]
Best Parameters: (chisq=0.0145)
[0.30049773 0.89691026 0.08326955 0.70583704 0.81755551 0.6924125 ]

[:::::::   ]  70.0% completed  (Sat May 10 15:47:11 2025)
Out-of-bound Trials:
[  377  8368  3294 13694 32617 32619]
Best Parameters: (chisq=0.0145)
[0.30049773 0.89691026 0.08326955 0.70583704 0.81755551 0.6924125 ]

[::::::::  ]  80.0% completed  (Sat May 10 15:47:11 2025)
Out-of-bound Trials:
[  407 10021  4218 15557 37183 37403]
Best Parameters: (chisq=0.0145)
[0.30049773 0.89691026 0.08326955 0.70583704 0.81755551 0.6924125 ]

[::::::::: ]  90.0% completed  (Sat May 10 15:47:12 2025)
Out-of-bound Trials:
[  427 12835  5262 17960 41976 41866]
Best Parameters: (chisq=0.0145)
[0.30049773 0.89691026 0.08326955 0.70583704 0.81755551 0.6924125 ]

[::::::::::] 100.0% completed  (Sat May 10 15:47:12 2025)
Out-of-bound Trials:
[  463 14504  6560 20295 46285 46495]
Best Parameters: (chisq=0.0145)
[0.30049773 0.89691026 0.08326955 0.70583704 0.81755551 0.6924125 ]

MCMC Summary:
-------------
  Number of evaluated samples:        200000
  Number of parallel chains:               5
  Average iterations per chain:        40000
  Burned-in iterations per chain:       2000
  Thinning factor:                         1
  MCMC sample size (thinned, burned): 190000
  Acceptance rate:   11.39%

Parameter name     best fit   median      1sigma_low   1sigma_hi        S/N
--------------- -----------  -----------------------------------  ---------
w                3.0050e-01   2.9532e-01 -6.0766e-02  4.8745e-02        5.3
b                8.9691e-01   9.1193e-01 -4.1978e-02  5.2754e-02       21.1
c                8.3270e-02   1.3392e-01 -3.6658e-02  9.0002e-02        0.8
dzeta            7.0584e-01   6.1373e-01 -2.2242e-01  2.0412e-01        3.4
B0               8.1756e-01   4.4603e-01 -3.1802e-01  3.6450e-01        2.8
h                6.9241e-01   4.9522e-01 -3.4273e-01  3.3865e-01        2.4

  Best-parameter's chi-squared:        0.0145
  Best-parameter's -2*log(posterior):  0.0145
  Bayesian Information Criterion:     16.2628
  Reduced chi-squared:                 0.0016
  Standard deviation of residuals:  0.000176632

For a detailed summary with all parameter posterior statistics see
/home/tenet/Documents/thesis/scripts/photometry/esa/data/inversion/inv-A1_A2_A4-0.3_0.9_0.1_30_statistics.txt

Output sampler files:
  /home/tenet/Documents/thesis/scripts/photometry/esa/data/inversion/inv-A1_A2_A4-0.3_0.9_0.1_30_statistics.txt
  /home/tenet/Documents/thesis/scripts/photometry/esa/data/inversion/inv-A1_A2_A4-0.3_0.9_0.1_30.npz
  /home/tenet/Documents/thesis/scripts/photometry/esa/data/inversion/inv-A1_A2_A4-0.3_0.9_0.1_30.log
