
::::::::::::::::::::::::::::::::::::::::::::::::::::::::::::::::::::::
  Multi-core Markov-chain Monte Carlo (mc3).
  Version 3.2.1.
  Copyright (c) 2015-2025 Patricio Cubillos and collaborators.
  mc3 is open-source software under the MIT license (see LICENSE).
::::::::::::::::::::::::::::::::::::::::::::::::::::::::::::::::::::::

Start MCMC chains  (Sat May 10 15:50:48 2025)

[:         ]  10.0% completed  (Sat May 10 15:50:48 2025)
Out-of-bound Trials:
[  26 2809 3010 2915 3966 4729]
Best Parameters: (chisq=0.0610)
[0.26427393 0.25511828 0.86621441 0.69455981 0.94994642 0.60455872]

[::        ]  20.0% completed  (Sat May 10 15:50:49 2025)
Out-of-bound Trials:
[  92 6982 6551 6120 7804 9391]
Best Parameters: (chisq=0.0610)
[0.26427393 0.25511828 0.86621441 0.69455981 0.94994642 0.60455872]

[:::       ]  30.0% completed  (Sat May 10 15:50:49 2025)
Out-of-bound Trials:
[  178 11728  9906  9565 11956 13844]
Best Parameters: (chisq=0.0610)
[0.26427393 0.25511828 0.86621441 0.69455981 0.94994642 0.60455872]

[::::      ]  40.0% completed  (Sat May 10 15:50:50 2025)
Out-of-bound Trials:
[  262 16513 13470 12630 16295 18384]
Best Parameters: (chisq=0.0610)
[0.26427393 0.25511828 0.86621441 0.69455981 0.94994642 0.60455872]

[:::::     ]  50.0% completed  (Sat May 10 15:50:50 2025)
Out-of-bound Trials:
[  337 21197 16874 15619 20457 22585]
Best Parameters: (chisq=0.0505)
[0.33492555 0.34100259 0.89067827 0.67487663 0.2941883  0.22793907]

[::::::    ]  60.0% completed  (Sat May 10 15:50:50 2025)
Out-of-bound Trials:
[  415 25822 20411 18647 24795 26949]
Best Parameters: (chisq=0.0314)
[0.28490422 0.30409235 0.88109118 0.65338855 0.64965738 0.59813505]

[:::::::   ]  70.0% completed  (Sat May 10 15:50:51 2025)
Out-of-bound Trials:
[  478 30791 24241 21928 29231 31490]
Best Parameters: (chisq=0.0314)
[0.28490422 0.30409235 0.88109118 0.65338855 0.64965738 0.59813505]

[::::::::  ]  80.0% completed  (Sat May 10 15:50:51 2025)
Out-of-bound Trials:
[  587 35439 28099 24700 33709 36104]
Best Parameters: (chisq=0.0314)
[0.28490422 0.30409235 0.88109118 0.65338855 0.64965738 0.59813505]

[::::::::: ]  90.0% completed  (Sat May 10 15:50:52 2025)
Out-of-bound Trials:
[  687 40209 31523 27807 38315 40787]
Best Parameters: (chisq=0.0314)
[0.28490422 0.30409235 0.88109118 0.65338855 0.64965738 0.59813505]

[::::::::::] 100.0% completed  (Sat May 10 15:50:52 2025)
Out-of-bound Trials:
[  783 44539 35035 30812 42900 45472]
Best Parameters: (chisq=0.0314)
[0.28490422 0.30409235 0.88109118 0.65338855 0.64965738 0.59813505]

MCMC Summary:
-------------
  Number of evaluated samples:        200000
  Number of parallel chains:               5
  Average iterations per chain:        40000
  Burned-in iterations per chain:       2000
  Thinning factor:                         1
  MCMC sample size (thinned, burned): 190000
  Acceptance rate:   9.22%

Parameter name     best fit   median      1sigma_low   1sigma_hi        S/N
--------------- -----------  -----------------------------------  ---------
w                2.8490e-01   3.9629e-01 -7.6871e-02  2.4272e-01        2.1
b                3.0409e-01   4.2249e-01 -2.2375e-01  4.6348e-01        1.0
c                8.8109e-01   7.8826e-01 -2.3570e-01  1.4487e-01        4.4
dzeta            6.5339e-01   8.2195e-01 -1.8075e-01  1.2821e-01        4.6
B0               6.4966e-01   4.8428e-01 -3.2159e-01  3.4842e-01        2.3
h                5.9814e-01   4.8101e-01 -3.3241e-01  3.4195e-01        2.1

  Best-parameter's chi-squared:        0.0314
  Best-parameter's -2*log(posterior):  0.0314
  Bayesian Information Criterion:     16.2797
  Reduced chi-squared:                 0.0035
  Standard deviation of residuals:  0.00030303

For a detailed summary with all parameter posterior statistics see
/home/tenet/Documents/thesis/scripts/photometry/esa/data/inversion/inv-A1_A3_A5-0.3_0.3_0.9_30_statistics.txt

Output sampler files:
  /home/tenet/Documents/thesis/scripts/photometry/esa/data/inversion/inv-A1_A3_A5-0.3_0.3_0.9_30_statistics.txt
  /home/tenet/Documents/thesis/scripts/photometry/esa/data/inversion/inv-A1_A3_A5-0.3_0.3_0.9_30.npz
  /home/tenet/Documents/thesis/scripts/photometry/esa/data/inversion/inv-A1_A3_A5-0.3_0.3_0.9_30.log
