
::::::::::::::::::::::::::::::::::::::::::::::::::::::::::::::::::::::
  Multi-core Markov-chain Monte Carlo (mc3).
  Version 3.2.1.
  Copyright (c) 2015-2025 Patricio Cubillos and collaborators.
  mc3 is open-source software under the MIT license (see LICENSE).
::::::::::::::::::::::::::::::::::::::::::::::::::::::::::::::::::::::

Start MCMC chains  (Sat May 10 15:48:50 2025)

[:         ]  10.0% completed  (Sat May 10 15:48:51 2025)
Out-of-bound Trials:
[ 101   82   21 2599 3838 4016]
Best Parameters: (chisq=0.0318)
[0.89922515 0.29915519 0.49824642 0.05969766 0.54926114 0.46172746]

[::        ]  20.0% completed  (Sat May 10 15:48:52 2025)
Out-of-bound Trials:
[ 149  167   46 5169 8292 8188]
Best Parameters: (chisq=0.0318)
[0.89922515 0.29915519 0.49824642 0.05969766 0.54926114 0.46172746]

[:::       ]  30.0% completed  (Sat May 10 15:48:52 2025)
Out-of-bound Trials:
[  182   309    96  7665 12555 12415]
Best Parameters: (chisq=0.0318)
[0.89922515 0.29915519 0.49824642 0.05969766 0.54926114 0.46172746]

[::::      ]  40.0% completed  (Sat May 10 15:48:53 2025)
Out-of-bound Trials:
[  223   456   124 10020 16875 16667]
Best Parameters: (chisq=0.0318)
[0.89922515 0.29915519 0.49824642 0.05969766 0.54926114 0.46172746]

[:::::     ]  50.0% completed  (Sat May 10 15:48:53 2025)
Out-of-bound Trials:
[  260   570   166 12475 21073 20801]
Best Parameters: (chisq=0.0318)
[0.89922515 0.29915519 0.49824642 0.05969766 0.54926114 0.46172746]

[::::::    ]  60.0% completed  (Sat May 10 15:48:54 2025)
Out-of-bound Trials:
[  297   673   185 15154 25411 24961]
Best Parameters: (chisq=0.0318)
[0.89922515 0.29915519 0.49824642 0.05969766 0.54926114 0.46172746]

[:::::::   ]  70.0% completed  (Sat May 10 15:48:54 2025)
Out-of-bound Trials:
[  326   819   235 17862 29870 29182]
Best Parameters: (chisq=0.0318)
[0.89922515 0.29915519 0.49824642 0.05969766 0.54926114 0.46172746]

[::::::::  ]  80.0% completed  (Sat May 10 15:48:55 2025)
Out-of-bound Trials:
[  362   893   259 20440 34059 33591]
Best Parameters: (chisq=0.0318)
[0.89922515 0.29915519 0.49824642 0.05969766 0.54926114 0.46172746]

[::::::::: ]  90.0% completed  (Sat May 10 15:48:55 2025)
Out-of-bound Trials:
[  386  1061   333 22964 38365 37750]
Best Parameters: (chisq=0.0318)
[0.89922515 0.29915519 0.49824642 0.05969766 0.54926114 0.46172746]

[::::::::::] 100.0% completed  (Sat May 10 15:48:56 2025)
Out-of-bound Trials:
[  416  1213   370 25522 42718 41833]
Best Parameters: (chisq=0.0318)
[0.89922515 0.29915519 0.49824642 0.05969766 0.54926114 0.46172746]

MCMC Summary:
-------------
  Number of evaluated samples:        200000
  Number of parallel chains:               5
  Average iterations per chain:        40000
  Burned-in iterations per chain:       2000
  Thinning factor:                         1
  MCMC sample size (thinned, burned): 190000
  Acceptance rate:   18.33%

Parameter name     best fit   median      1sigma_low   1sigma_hi        S/N
--------------- -----------  -----------------------------------  ---------
w                8.9923e-01   9.0136e-01 -2.3376e-02  1.9804e-02       43.4
b                2.9916e-01   2.8577e-01 -6.2685e-02  5.5040e-02        4.7
c                4.9825e-01   4.9913e-01 -6.9366e-02  7.7912e-02        6.3
dzeta            5.9698e-02   8.1321e-02 -5.5277e-02  6.1804e-02        1.1
B0               5.4926e-01   5.9725e-01 -3.4747e-01  2.8309e-01        2.0
h                4.6173e-01   5.3561e-01 -3.2175e-01  3.1611e-01        1.7

  Best-parameter's chi-squared:        0.0318
  Best-parameter's -2*log(posterior):  0.0318
  Bayesian Information Criterion:     16.2801
  Reduced chi-squared:                 0.0035
  Standard deviation of residuals:  0.0049732

For a detailed summary with all parameter posterior statistics see
/home/tenet/Documents/thesis/scripts/photometry/esa/data/inversion/inv-A1_A2_A5-0.9_0.3_0.5_0_statistics.txt

Output sampler files:
  /home/tenet/Documents/thesis/scripts/photometry/esa/data/inversion/inv-A1_A2_A5-0.9_0.3_0.5_0_statistics.txt
  /home/tenet/Documents/thesis/scripts/photometry/esa/data/inversion/inv-A1_A2_A5-0.9_0.3_0.5_0.npz
  /home/tenet/Documents/thesis/scripts/photometry/esa/data/inversion/inv-A1_A2_A5-0.9_0.3_0.5_0.log
