
::::::::::::::::::::::::::::::::::::::::::::::::::::::::::::::::::::::
  Multi-core Markov-chain Monte Carlo (mc3).
  Version 3.2.1.
  Copyright (c) 2015-2025 Patricio Cubillos and collaborators.
  mc3 is open-source software under the MIT license (see LICENSE).
::::::::::::::::::::::::::::::::::::::::::::::::::::::::::::::::::::::

Start MCMC chains  (Sat May 10 15:33:31 2025)

[:         ]  10.0% completed  (Sat May 10 15:33:32 2025)
Out-of-bound Trials:
[ 154  223   45 2463 4398 4237]
Best Parameters: (chisq=0.0545)
[0.89634709 0.89212832 0.10801625 0.03140744 0.36649514 0.37333327]

[::        ]  20.0% completed  (Sat May 10 15:33:32 2025)
Out-of-bound Trials:
[ 245  383   85 5136 9000 8970]
Best Parameters: (chisq=0.0545)
[0.89634709 0.89212832 0.10801625 0.03140744 0.36649514 0.37333327]

[:::       ]  30.0% completed  (Sat May 10 15:33:33 2025)
Out-of-bound Trials:
[  317   549   143  7894 13666 13688]
Best Parameters: (chisq=0.0136)
[0.89945092 0.89775428 0.10854109 0.06761965 0.34286001 0.74753322]

[::::      ]  40.0% completed  (Sat May 10 15:33:33 2025)
Out-of-bound Trials:
[  408   722   188 10464 18327 18493]
Best Parameters: (chisq=0.0136)
[0.89945092 0.89775428 0.10854109 0.06761965 0.34286001 0.74753322]

[:::::     ]  50.0% completed  (Sat May 10 15:33:34 2025)
Out-of-bound Trials:
[  481   873   241 13151 22955 23030]
Best Parameters: (chisq=0.0136)
[0.89945092 0.89775428 0.10854109 0.06761965 0.34286001 0.74753322]

[::::::    ]  60.0% completed  (Sat May 10 15:33:34 2025)
Out-of-bound Trials:
[  555  1028   288 15677 27641 27802]
Best Parameters: (chisq=0.0136)
[0.89945092 0.89775428 0.10854109 0.06761965 0.34286001 0.74753322]

[:::::::   ]  70.0% completed  (Sat May 10 15:33:35 2025)
Out-of-bound Trials:
[  637  1189   333 18277 32124 32510]
Best Parameters: (chisq=0.0136)
[0.89945092 0.89775428 0.10854109 0.06761965 0.34286001 0.74753322]

[::::::::  ]  80.0% completed  (Sat May 10 15:33:35 2025)
Out-of-bound Trials:
[  703  1378   367 20987 36898 37363]
Best Parameters: (chisq=0.0136)
[0.89945092 0.89775428 0.10854109 0.06761965 0.34286001 0.74753322]

[::::::::: ]  90.0% completed  (Sat May 10 15:33:36 2025)
Out-of-bound Trials:
[  760  1544   409 23775 41592 42203]
Best Parameters: (chisq=0.0039)
[0.90045393 0.90048364 0.09841721 0.03747276 0.51448791 0.53679295]

[::::::::::] 100.0% completed  (Sat May 10 15:33:36 2025)
Out-of-bound Trials:
[  837  1696   464 26566 46191 47144]
Best Parameters: (chisq=0.0039)
[0.90045393 0.90048364 0.09841721 0.03747276 0.51448791 0.53679295]

MCMC Summary:
-------------
  Number of evaluated samples:        200000
  Number of parallel chains:               5
  Average iterations per chain:        40000
  Burned-in iterations per chain:       2000
  Thinning factor:                         1
  MCMC sample size (thinned, burned): 190000
  Acceptance rate:   17.79%

Parameter name     best fit   median      1sigma_low   1sigma_hi        S/N
--------------- -----------  -----------------------------------  ---------
w                9.0045e-01   8.9845e-01 -2.4057e-02  2.0388e-02       40.1
b                9.0048e-01   8.9236e-01 -2.9921e-02  2.8485e-02       30.8
c                9.8417e-02   1.0833e-01 -2.1506e-02  2.5635e-02        4.3
dzeta            3.7473e-02   8.2058e-02 -5.5256e-02  6.4933e-02        0.7
B0               5.1449e-01   4.6963e-01 -3.2062e-01  3.5336e-01        1.8
h                5.3679e-01   4.8160e-01 -3.3465e-01  3.4588e-01        1.9

  Best-parameter's chi-squared:        0.0039
  Best-parameter's -2*log(posterior):  0.0039
  Bayesian Information Criterion:     13.8194
  Reduced chi-squared:                 0.0010
  Standard deviation of residuals:  0.00260924

For a detailed summary with all parameter posterior statistics see
/home/tenet/Documents/thesis/scripts/photometry/esa/data/inversion/inv-A1_A2-0.9_0.9_0.1_0_statistics.txt

Output sampler files:
  /home/tenet/Documents/thesis/scripts/photometry/esa/data/inversion/inv-A1_A2-0.9_0.9_0.1_0_statistics.txt
  /home/tenet/Documents/thesis/scripts/photometry/esa/data/inversion/inv-A1_A2-0.9_0.9_0.1_0.npz
  /home/tenet/Documents/thesis/scripts/photometry/esa/data/inversion/inv-A1_A2-0.9_0.9_0.1_0.log
