
::::::::::::::::::::::::::::::::::::::::::::::::::::::::::::::::::::::
  Multi-core Markov-chain Monte Carlo (mc3).
  Version 3.2.1.
  Copyright (c) 2015-2025 Patricio Cubillos and collaborators.
  mc3 is open-source software under the MIT license (see LICENSE).
::::::::::::::::::::::::::::::::::::::::::::::::::::::::::::::::::::::

Start MCMC chains  (Sat May 10 16:03:56 2025)

[:         ]  10.0% completed  (Sat May 10 16:03:57 2025)
Out-of-bound Trials:
[2021 3501 3127 3188 4270 4566]
Best Parameters: (chisq=0.0877)
[0.305619   0.82853543 0.05294393 0.903531   0.55761812 0.62578152]

[::        ]  20.0% completed  (Sat May 10 16:03:57 2025)
Out-of-bound Trials:
[3897 7813 6629 6411 8668 9037]
Best Parameters: (chisq=0.0522)
[0.29580109 0.89972917 0.12021054 0.64904105 0.70846214 0.25079415]

[:::       ]  30.0% completed  (Sat May 10 16:03:58 2025)
Out-of-bound Trials:
[ 6205 11675 10085  9578 13259 13801]
Best Parameters: (chisq=0.0522)
[0.29580109 0.89972917 0.12021054 0.64904105 0.70846214 0.25079415]

[::::      ]  40.0% completed  (Sat May 10 16:03:58 2025)
Out-of-bound Trials:
[ 8031 15962 13559 12467 17670 18320]
Best Parameters: (chisq=0.0117)
[0.30032531 0.90191767 0.11795519 0.64826924 0.42339545 0.16120431]

[:::::     ]  50.0% completed  (Sat May 10 16:03:59 2025)
Out-of-bound Trials:
[ 9853 20319 17310 15808 21906 22904]
Best Parameters: (chisq=0.0117)
[0.30032531 0.90191767 0.11795519 0.64826924 0.42339545 0.16120431]

[::::::    ]  60.0% completed  (Sat May 10 16:03:59 2025)
Out-of-bound Trials:
[12110 24710 20533 18834 26496 27572]
Best Parameters: (chisq=0.0117)
[0.30032531 0.90191767 0.11795519 0.64826924 0.42339545 0.16120431]

[:::::::   ]  70.0% completed  (Sat May 10 16:04:00 2025)
Out-of-bound Trials:
[14087 28736 24101 21994 31007 32271]
Best Parameters: (chisq=0.0117)
[0.30032531 0.90191767 0.11795519 0.64826924 0.42339545 0.16120431]

[::::::::  ]  80.0% completed  (Sat May 10 16:04:00 2025)
Out-of-bound Trials:
[15882 33128 27869 25261 35316 36952]
Best Parameters: (chisq=0.0117)
[0.30032531 0.90191767 0.11795519 0.64826924 0.42339545 0.16120431]

[::::::::: ]  90.0% completed  (Sat May 10 16:04:01 2025)
Out-of-bound Trials:
[17588 38044 31596 28491 39871 41624]
Best Parameters: (chisq=0.0117)
[0.30032531 0.90191767 0.11795519 0.64826924 0.42339545 0.16120431]

[::::::::::] 100.0% completed  (Sat May 10 16:04:01 2025)
Out-of-bound Trials:
[19599 42457 35299 31659 44437 46169]
Best Parameters: (chisq=0.0117)
[0.30032531 0.90191767 0.11795519 0.64826924 0.42339545 0.16120431]

MCMC Summary:
-------------
  Number of evaluated samples:        200000
  Number of parallel chains:               5
  Average iterations per chain:        40000
  Burned-in iterations per chain:       2000
  Thinning factor:                         1
  MCMC sample size (thinned, burned): 190000
  Acceptance rate:   9.71%

Parameter name     best fit   median      1sigma_low   1sigma_hi        S/N
--------------- -----------  -----------------------------------  ---------
w                3.0033e-01   1.3315e-01 -6.1502e-02  1.5026e-01        3.2
b                9.0192e-01   5.2103e-01 -2.6575e-01  4.0485e-01        3.2
c                1.1796e-01   2.5432e-01 -1.6531e-01  3.2953e-01        0.5
dzeta            6.4827e-01   6.2579e-01 -2.6765e-01  2.4639e-01        2.7
B0               4.2340e-01   4.4563e-01 -3.0906e-01  3.6497e-01        1.5
h                1.6120e-01   4.8538e-01 -3.4483e-01  3.5503e-01        0.6

  Best-parameter's chi-squared:        0.0117
  Best-parameter's -2*log(posterior):  0.0117
  Bayesian Information Criterion:     17.9861
  Reduced chi-squared:                 0.0008
  Standard deviation of residuals:  0.000115583

For a detailed summary with all parameter posterior statistics see
/home/tenet/Documents/thesis/scripts/photometry/esa/data/inversion/inv-A1_A3_A4_A5-0.3_0.9_0.1_30_statistics.txt

Output sampler files:
  /home/tenet/Documents/thesis/scripts/photometry/esa/data/inversion/inv-A1_A3_A4_A5-0.3_0.9_0.1_30_statistics.txt
  /home/tenet/Documents/thesis/scripts/photometry/esa/data/inversion/inv-A1_A3_A4_A5-0.3_0.9_0.1_30.npz
  /home/tenet/Documents/thesis/scripts/photometry/esa/data/inversion/inv-A1_A3_A4_A5-0.3_0.9_0.1_30.log
