
::::::::::::::::::::::::::::::::::::::::::::::::::::::::::::::::::::::
  Multi-core Markov-chain Monte Carlo (mc3).
  Version 3.2.1.
  Copyright (c) 2015-2025 Patricio Cubillos and collaborators.
  mc3 is open-source software under the MIT license (see LICENSE).
::::::::::::::::::::::::::::::::::::::::::::::::::::::::::::::::::::::

Start MCMC chains  (Sat May 10 15:34:53 2025)

[:         ]  10.0% completed  (Sat May 10 15:34:53 2025)
Out-of-bound Trials:
[ 518 1906 2751 1293 4181 4323]
Best Parameters: (chisq=0.0517)
[0.90499694 0.87391152 0.08900148 0.70761572 0.63962031 0.2288535 ]

[::        ]  20.0% completed  (Sat May 10 15:34:54 2025)
Out-of-bound Trials:
[1176 4321 5661 2186 8550 8588]
Best Parameters: (chisq=0.0329)
[0.90202629 0.88016607 0.16150663 0.68737761 0.33332941 0.63760395]

[:::       ]  30.0% completed  (Sat May 10 15:34:54 2025)
Out-of-bound Trials:
[ 1784  6479  8414  3120 13081 12993]
Best Parameters: (chisq=0.0329)
[0.90202629 0.88016607 0.16150663 0.68737761 0.33332941 0.63760395]

[::::      ]  40.0% completed  (Sat May 10 15:34:55 2025)
Out-of-bound Trials:
[ 2466  9025 11173  3973 17684 17421]
Best Parameters: (chisq=0.0329)
[0.90202629 0.88016607 0.16150663 0.68737761 0.33332941 0.63760395]

[:::::     ]  50.0% completed  (Sat May 10 15:34:55 2025)
Out-of-bound Trials:
[ 3261 11256 13932  4996 22247 21939]
Best Parameters: (chisq=0.0329)
[0.90202629 0.88016607 0.16150663 0.68737761 0.33332941 0.63760395]

[::::::    ]  60.0% completed  (Sat May 10 15:34:56 2025)
Out-of-bound Trials:
[ 3977 13486 16861  5823 27012 26255]
Best Parameters: (chisq=0.0329)
[0.90202629 0.88016607 0.16150663 0.68737761 0.33332941 0.63760395]

[:::::::   ]  70.0% completed  (Sat May 10 15:34:56 2025)
Out-of-bound Trials:
[ 4870 15824 19714  6703 31684 30931]
Best Parameters: (chisq=0.0329)
[0.90202629 0.88016607 0.16150663 0.68737761 0.33332941 0.63760395]

[::::::::  ]  80.0% completed  (Sat May 10 15:34:57 2025)
Out-of-bound Trials:
[ 5881 18455 22567  7705 36444 35399]
Best Parameters: (chisq=0.0329)
[0.90202629 0.88016607 0.16150663 0.68737761 0.33332941 0.63760395]

[::::::::: ]  90.0% completed  (Sat May 10 15:34:57 2025)
Out-of-bound Trials:
[ 6804 20928 25390  8536 41056 39875]
Best Parameters: (chisq=0.0219)
[0.89545488 0.87105611 0.27141521 0.66893912 0.32466203 0.42867443]

[::::::::::] 100.0% completed  (Sat May 10 15:34:57 2025)
Out-of-bound Trials:
[ 7754 23689 28273  9466 45325 44345]
Best Parameters: (chisq=0.0219)
[0.89545488 0.87105611 0.27141521 0.66893912 0.32466203 0.42867443]

MCMC Summary:
-------------
  Number of evaluated samples:        200000
  Number of parallel chains:               5
  Average iterations per chain:        40000
  Burned-in iterations per chain:       2000
  Thinning factor:                         1
  MCMC sample size (thinned, burned): 190000
  Acceptance rate:   11.49%

Parameter name     best fit   median      1sigma_low   1sigma_hi        S/N
--------------- -----------  -----------------------------------  ---------
w                8.9545e-01   8.5227e-01 -1.0343e-01  4.6158e-02       11.6
b                8.7106e-01   6.6353e-01 -2.4449e-01  1.9387e-01        4.2
c                2.7142e-01   5.1487e-01 -2.7720e-01  2.4682e-01        1.1
dzeta            6.6894e-01   6.7765e-01 -1.3428e-01  1.4952e-01        5.1
B0               3.2466e-01   4.9311e-01 -3.4283e-01  3.4963e-01        1.1
h                4.2867e-01   4.8228e-01 -3.3366e-01  3.4477e-01        1.5

  Best-parameter's chi-squared:        0.0219
  Best-parameter's -2*log(posterior):  0.0219
  Bayesian Information Criterion:     13.8374
  Reduced chi-squared:                 0.0055
  Standard deviation of residuals:  0.000449459

For a detailed summary with all parameter posterior statistics see
/home/tenet/Documents/thesis/scripts/photometry/esa/data/inversion/inv-A1_A3-0.9_0.9_0.1_30_statistics.txt

Output sampler files:
  /home/tenet/Documents/thesis/scripts/photometry/esa/data/inversion/inv-A1_A3-0.9_0.9_0.1_30_statistics.txt
  /home/tenet/Documents/thesis/scripts/photometry/esa/data/inversion/inv-A1_A3-0.9_0.9_0.1_30.npz
  /home/tenet/Documents/thesis/scripts/photometry/esa/data/inversion/inv-A1_A3-0.9_0.9_0.1_30.log
