
::::::::::::::::::::::::::::::::::::::::::::::::::::::::::::::::::::::
  Multi-core Markov-chain Monte Carlo (mc3).
  Version 3.2.1.
  Copyright (c) 2015-2025 Patricio Cubillos and collaborators.
  mc3 is open-source software under the MIT license (see LICENSE).
::::::::::::::::::::::::::::::::::::::::::::::::::::::::::::::::::::::

Start MCMC chains  (Sat May 10 15:46:17 2025)

[:         ]  10.0% completed  (Sat May 10 15:46:18 2025)
Out-of-bound Trials:
[  59  162   45 2202 4165 4603]
Best Parameters: (chisq=0.0210)
[0.89960074 0.89947339 0.09097209 0.04454908 0.69268399 0.38978037]

[::        ]  20.0% completed  (Sat May 10 15:46:18 2025)
Out-of-bound Trials:
[  84  255   83 4834 8785 9745]
Best Parameters: (chisq=0.0210)
[0.89960074 0.89947339 0.09097209 0.04454908 0.69268399 0.38978037]

[:::       ]  30.0% completed  (Sat May 10 15:46:19 2025)
Out-of-bound Trials:
[  106   340   126  7429 13227 14501]
Best Parameters: (chisq=0.0210)
[0.89960074 0.89947339 0.09097209 0.04454908 0.69268399 0.38978037]

[::::      ]  40.0% completed  (Sat May 10 15:46:19 2025)
Out-of-bound Trials:
[  132   403   178  9961 17938 19533]
Best Parameters: (chisq=0.0210)
[0.89960074 0.89947339 0.09097209 0.04454908 0.69268399 0.38978037]

[:::::     ]  50.0% completed  (Sat May 10 15:46:20 2025)
Out-of-bound Trials:
[  152   479   220 12706 22568 24313]
Best Parameters: (chisq=0.0210)
[0.89960074 0.89947339 0.09097209 0.04454908 0.69268399 0.38978037]

[::::::    ]  60.0% completed  (Sat May 10 15:46:20 2025)
Out-of-bound Trials:
[  171   556   275 15333 27248 29162]
Best Parameters: (chisq=0.0069)
[0.90152222 0.89349545 0.11328303 0.038695   0.57313161 0.06500175]

[:::::::   ]  70.0% completed  (Sat May 10 15:46:21 2025)
Out-of-bound Trials:
[  193   622   324 18067 31916 34050]
Best Parameters: (chisq=0.0069)
[0.90152222 0.89349545 0.11328303 0.038695   0.57313161 0.06500175]

[::::::::  ]  80.0% completed  (Sat May 10 15:46:21 2025)
Out-of-bound Trials:
[  213   702   369 20717 36513 38854]
Best Parameters: (chisq=0.0069)
[0.90152222 0.89349545 0.11328303 0.038695   0.57313161 0.06500175]

[::::::::: ]  90.0% completed  (Sat May 10 15:46:22 2025)
Out-of-bound Trials:
[  233   777   402 23504 41345 43768]
Best Parameters: (chisq=0.0069)
[0.90152222 0.89349545 0.11328303 0.038695   0.57313161 0.06500175]

[::::::::::] 100.0% completed  (Sat May 10 15:46:23 2025)
Out-of-bound Trials:
[  253   858   462 26050 45932 48364]
Best Parameters: (chisq=0.0069)
[0.90152222 0.89349545 0.11328303 0.038695   0.57313161 0.06500175]

MCMC Summary:
-------------
  Number of evaluated samples:        200000
  Number of parallel chains:               5
  Average iterations per chain:        40000
  Burned-in iterations per chain:       2000
  Thinning factor:                         1
  MCMC sample size (thinned, burned): 190000
  Acceptance rate:   18.41%

Parameter name     best fit   median      1sigma_low   1sigma_hi        S/N
--------------- -----------  -----------------------------------  ---------
w                9.0152e-01   9.0153e-01 -1.1868e-02  1.0724e-02       79.5
b                8.9350e-01   8.9590e-01 -2.1626e-02  2.1027e-02       41.8
c                1.1328e-01   1.0713e-01 -2.0748e-02  2.3748e-02        5.2
dzeta            3.8695e-02   8.0788e-02 -5.5457e-02  6.3094e-02        0.7
B0               5.7313e-01   4.4798e-01 -3.0522e-01  3.5995e-01        2.0
h                6.5002e-02   4.8020e-01 -3.4082e-01  3.5329e-01        0.2

  Best-parameter's chi-squared:        0.0069
  Best-parameter's -2*log(posterior):  0.0069
  Bayesian Information Criterion:     16.2553
  Reduced chi-squared:                 0.0008
  Standard deviation of residuals:  0.00204385

For a detailed summary with all parameter posterior statistics see
/home/tenet/Documents/thesis/scripts/photometry/esa/data/inversion/inv-A1_A2_A3-0.9_0.9_0.1_0_statistics.txt

Output sampler files:
  /home/tenet/Documents/thesis/scripts/photometry/esa/data/inversion/inv-A1_A2_A3-0.9_0.9_0.1_0_statistics.txt
  /home/tenet/Documents/thesis/scripts/photometry/esa/data/inversion/inv-A1_A2_A3-0.9_0.9_0.1_0.npz
  /home/tenet/Documents/thesis/scripts/photometry/esa/data/inversion/inv-A1_A2_A3-0.9_0.9_0.1_0.log
