
::::::::::::::::::::::::::::::::::::::::::::::::::::::::::::::::::::::
  Multi-core Markov-chain Monte Carlo (mc3).
  Version 3.2.1.
  Copyright (c) 2015-2025 Patricio Cubillos and collaborators.
  mc3 is open-source software under the MIT license (see LICENSE).
::::::::::::::::::::::::::::::::::::::::::::::::::::::::::::::::::::::

Start MCMC chains  (Sat May 10 15:59:37 2025)

[:         ]  10.0% completed  (Sat May 10 15:59:37 2025)
Out-of-bound Trials:
[  71   11 1863 2513 3241 3464]
Best Parameters: (chisq=0.0427)
[0.90080922 0.30293268 0.90909671 0.05770749 0.45450409 0.55249648]

[::        ]  20.0% completed  (Sat May 10 15:59:38 2025)
Out-of-bound Trials:
[ 101   21 4034 4910 6857 7240]
Best Parameters: (chisq=0.0427)
[0.90080922 0.30293268 0.90909671 0.05770749 0.45450409 0.55249648]

[:::       ]  30.0% completed  (Sat May 10 15:59:39 2025)
Out-of-bound Trials:
[  129    30  6148  7266 10741 10817]
Best Parameters: (chisq=0.0427)
[0.90080922 0.30293268 0.90909671 0.05770749 0.45450409 0.55249648]

[::::      ]  40.0% completed  (Sat May 10 15:59:39 2025)
Out-of-bound Trials:
[  161    43  8365  9940 14462 14658]
Best Parameters: (chisq=0.0427)
[0.90080922 0.30293268 0.90909671 0.05770749 0.45450409 0.55249648]

[:::::     ]  50.0% completed  (Sat May 10 15:59:40 2025)
Out-of-bound Trials:
[  190    51 10642 12727 18259 18406]
Best Parameters: (chisq=0.0427)
[0.90080922 0.30293268 0.90909671 0.05770749 0.45450409 0.55249648]

[::::::    ]  60.0% completed  (Sat May 10 15:59:40 2025)
Out-of-bound Trials:
[  221    62 12762 15137 21878 22255]
Best Parameters: (chisq=0.0427)
[0.90080922 0.30293268 0.90909671 0.05770749 0.45450409 0.55249648]

[:::::::   ]  70.0% completed  (Sat May 10 15:59:41 2025)
Out-of-bound Trials:
[  252    71 14913 17541 25614 26181]
Best Parameters: (chisq=0.0427)
[0.90080922 0.30293268 0.90909671 0.05770749 0.45450409 0.55249648]

[::::::::  ]  80.0% completed  (Sat May 10 15:59:42 2025)
Out-of-bound Trials:
[  271    81 17147 20077 29330 29807]
Best Parameters: (chisq=0.0427)
[0.90080922 0.30293268 0.90909671 0.05770749 0.45450409 0.55249648]

[::::::::: ]  90.0% completed  (Sat May 10 15:59:42 2025)
Out-of-bound Trials:
[  296    93 19433 22550 32984 33640]
Best Parameters: (chisq=0.0427)
[0.90080922 0.30293268 0.90909671 0.05770749 0.45450409 0.55249648]

[::::::::::] 100.0% completed  (Sat May 10 15:59:43 2025)
Out-of-bound Trials:
[  317   102 21550 24985 36655 37432]
Best Parameters: (chisq=0.0427)
[0.90080922 0.30293268 0.90909671 0.05770749 0.45450409 0.55249648]

MCMC Summary:
-------------
  Number of evaluated samples:        200000
  Number of parallel chains:               5
  Average iterations per chain:        40000
  Burned-in iterations per chain:       2000
  Thinning factor:                         1
  MCMC sample size (thinned, burned): 190000
  Acceptance rate:   19.15%

Parameter name     best fit   median      1sigma_low   1sigma_hi        S/N
--------------- -----------  -----------------------------------  ---------
w                9.0081e-01   8.9918e-01 -2.1630e-02  1.9101e-02       46.0
b                3.0293e-01   2.9457e-01 -3.9689e-02  4.0381e-02        7.7
c                9.0910e-01   8.9288e-01 -7.0276e-02  6.4827e-02       14.3
dzeta            5.7707e-02   8.2660e-02 -5.6158e-02  5.9058e-02        1.1
B0               4.5450e-01   5.9712e-01 -3.0406e-01  2.6857e-01        1.8
h                5.5250e-01   5.6631e-01 -3.0556e-01  2.9444e-01        2.1

  Best-parameter's chi-squared:        0.0427
  Best-parameter's -2*log(posterior):  0.0427
  Bayesian Information Criterion:     18.0171
  Reduced chi-squared:                 0.0030
  Standard deviation of residuals:  0.0023023

For a detailed summary with all parameter posterior statistics see
/home/tenet/Documents/thesis/scripts/photometry/esa/data/inversion/inv-A1_A2_A3_A4-0.9_0.3_0.9_0_statistics.txt

Output sampler files:
  /home/tenet/Documents/thesis/scripts/photometry/esa/data/inversion/inv-A1_A2_A3_A4-0.9_0.3_0.9_0_statistics.txt
  /home/tenet/Documents/thesis/scripts/photometry/esa/data/inversion/inv-A1_A2_A3_A4-0.9_0.3_0.9_0.npz
  /home/tenet/Documents/thesis/scripts/photometry/esa/data/inversion/inv-A1_A2_A3_A4-0.9_0.3_0.9_0.log
