
::::::::::::::::::::::::::::::::::::::::::::::::::::::::::::::::::::::
  Multi-core Markov-chain Monte Carlo (mc3).
  Version 3.2.1.
  Copyright (c) 2015-2025 Patricio Cubillos and collaborators.
  mc3 is open-source software under the MIT license (see LICENSE).
::::::::::::::::::::::::::::::::::::::::::::::::::::::::::::::::::::::

Start MCMC chains  (Sat May 10 15:49:53 2025)

[:         ]  10.0% completed  (Sat May 10 15:49:54 2025)
Out-of-bound Trials:
[1537 3566 2412 2957 4310 4613]
Best Parameters: (chisq=0.0546)
[0.28901862 0.90742796 0.12663381 0.63604004 0.55352906 0.72826857]

[::        ]  20.0% completed  (Sat May 10 15:49:54 2025)
Out-of-bound Trials:
[3783 8017 5731 6546 9021 9099]
Best Parameters: (chisq=0.0546)
[0.28901862 0.90742796 0.12663381 0.63604004 0.55352906 0.72826857]

[:::       ]  30.0% completed  (Sat May 10 15:49:55 2025)
Out-of-bound Trials:
[ 5709 12477  9433  9922 13625 13763]
Best Parameters: (chisq=0.0546)
[0.28901862 0.90742796 0.12663381 0.63604004 0.55352906 0.72826857]

[::::      ]  40.0% completed  (Sat May 10 15:49:55 2025)
Out-of-bound Trials:
[ 7634 17264 12999 13494 18380 18678]
Best Parameters: (chisq=0.0546)
[0.28901862 0.90742796 0.12663381 0.63604004 0.55352906 0.72826857]

[:::::     ]  50.0% completed  (Sat May 10 15:49:56 2025)
Out-of-bound Trials:
[ 9689 22069 16490 16943 22787 23347]
Best Parameters: (chisq=0.0314)
[0.29101838 0.9147358  0.17051636 0.56347219 0.06519183 0.02260316]

[::::::    ]  60.0% completed  (Sat May 10 15:49:56 2025)
Out-of-bound Trials:
[11819 26751 19760 20265 27343 27890]
Best Parameters: (chisq=0.0314)
[0.29101838 0.9147358  0.17051636 0.56347219 0.06519183 0.02260316]

[:::::::   ]  70.0% completed  (Sat May 10 15:49:57 2025)
Out-of-bound Trials:
[13896 31300 23458 23612 31839 32561]
Best Parameters: (chisq=0.0314)
[0.29101838 0.9147358  0.17051636 0.56347219 0.06519183 0.02260316]

[::::::::  ]  80.0% completed  (Sat May 10 15:49:57 2025)
Out-of-bound Trials:
[15938 35839 27207 27011 36710 37202]
Best Parameters: (chisq=0.0314)
[0.29101838 0.9147358  0.17051636 0.56347219 0.06519183 0.02260316]

[::::::::: ]  90.0% completed  (Sat May 10 15:49:58 2025)
Out-of-bound Trials:
[18158 40099 30527 30417 41498 41639]
Best Parameters: (chisq=0.0314)
[0.29101838 0.9147358  0.17051636 0.56347219 0.06519183 0.02260316]

[::::::::::] 100.0% completed  (Sat May 10 15:49:58 2025)
Out-of-bound Trials:
[20292 44333 34230 33836 46128 46661]
Best Parameters: (chisq=0.0314)
[0.29101838 0.9147358  0.17051636 0.56347219 0.06519183 0.02260316]

MCMC Summary:
-------------
  Number of evaluated samples:        200000
  Number of parallel chains:               5
  Average iterations per chain:        40000
  Burned-in iterations per chain:       2000
  Thinning factor:                         1
  MCMC sample size (thinned, burned): 190000
  Acceptance rate:   9.37%

Parameter name     best fit   median      1sigma_low   1sigma_hi        S/N
--------------- -----------  -----------------------------------  ---------
w                2.9102e-01   1.3273e-01 -6.3021e-02  1.4274e-01        3.1
b                9.1474e-01   5.5315e-01 -2.8852e-01  3.7987e-01        3.2
c                1.7052e-01   2.6240e-01 -1.7127e-01  3.1374e-01        0.7
dzeta            5.6347e-01   5.9938e-01 -3.0291e-01  2.5466e-01        2.2
B0               6.5192e-02   4.5928e-01 -3.1773e-01  3.6913e-01        0.2
h                2.2603e-02   4.7810e-01 -3.3554e-01  3.5587e-01        0.1

  Best-parameter's chi-squared:        0.0314
  Best-parameter's -2*log(posterior):  0.0314
  Bayesian Information Criterion:     16.2797
  Reduced chi-squared:                 0.0035
  Standard deviation of residuals:  0.000286672

For a detailed summary with all parameter posterior statistics see
/home/tenet/Documents/thesis/scripts/photometry/esa/data/inversion/inv-A1_A3_A4-0.3_0.9_0.1_30_statistics.txt

Output sampler files:
  /home/tenet/Documents/thesis/scripts/photometry/esa/data/inversion/inv-A1_A3_A4-0.3_0.9_0.1_30_statistics.txt
  /home/tenet/Documents/thesis/scripts/photometry/esa/data/inversion/inv-A1_A3_A4-0.3_0.9_0.1_30.npz
  /home/tenet/Documents/thesis/scripts/photometry/esa/data/inversion/inv-A1_A3_A4-0.3_0.9_0.1_30.log
