
::::::::::::::::::::::::::::::::::::::::::::::::::::::::::::::::::::::
  Multi-core Markov-chain Monte Carlo (mc3).
  Version 3.2.1.
  Copyright (c) 2015-2025 Patricio Cubillos and collaborators.
  mc3 is open-source software under the MIT license (see LICENSE).
::::::::::::::::::::::::::::::::::::::::::::::::::::::::::::::::::::::

Start MCMC chains  (Sat May 10 15:39:10 2025)

[:         ]  10.0% completed  (Sat May 10 15:39:11 2025)
Out-of-bound Trials:
[  11  383   47 3125 4346 4342]
Best Parameters: (chisq=0.0668)
[0.3060183  0.89927459 0.10614294 0.05216483 0.40087877 0.37648106]

[::        ]  20.0% completed  (Sat May 10 15:39:11 2025)
Out-of-bound Trials:
[  25  919  164 6854 9330 8819]
Best Parameters: (chisq=0.0668)
[0.3060183  0.89927459 0.10614294 0.05216483 0.40087877 0.37648106]

[:::       ]  30.0% completed  (Sat May 10 15:39:12 2025)
Out-of-bound Trials:
[   33  1730   302 10524 14008 13394]
Best Parameters: (chisq=0.0407)
[2.99690135e-01 8.99499018e-01 1.13348697e-01 7.99284765e-04
 3.79978239e-01 2.09757963e-01]

[::::      ]  40.0% completed  (Sat May 10 15:39:12 2025)
Out-of-bound Trials:
[   46  3155   682 14241 18654 18123]
Best Parameters: (chisq=0.0407)
[2.99690135e-01 8.99499018e-01 1.13348697e-01 7.99284765e-04
 3.79978239e-01 2.09757963e-01]

[:::::     ]  50.0% completed  (Sat May 10 15:39:13 2025)
Out-of-bound Trials:
[   55  3893  1237 18239 23432 22950]
Best Parameters: (chisq=0.0407)
[2.99690135e-01 8.99499018e-01 1.13348697e-01 7.99284765e-04
 3.79978239e-01 2.09757963e-01]

[::::::    ]  60.0% completed  (Sat May 10 15:39:13 2025)
Out-of-bound Trials:
[   65  4595  1692 21993 28073 27832]
Best Parameters: (chisq=0.0407)
[2.99690135e-01 8.99499018e-01 1.13348697e-01 7.99284765e-04
 3.79978239e-01 2.09757963e-01]

[:::::::   ]  70.0% completed  (Sat May 10 15:39:14 2025)
Out-of-bound Trials:
[   69  5650  2118 25727 32696 32733]
Best Parameters: (chisq=0.0407)
[2.99690135e-01 8.99499018e-01 1.13348697e-01 7.99284765e-04
 3.79978239e-01 2.09757963e-01]

[::::::::  ]  80.0% completed  (Sat May 10 15:39:14 2025)
Out-of-bound Trials:
[   83  6246  2612 29640 37321 37681]
Best Parameters: (chisq=0.0407)
[2.99690135e-01 8.99499018e-01 1.13348697e-01 7.99284765e-04
 3.79978239e-01 2.09757963e-01]

[::::::::: ]  90.0% completed  (Sat May 10 15:39:15 2025)
Out-of-bound Trials:
[   93  7474  3083 33457 41884 42480]
Best Parameters: (chisq=0.0298)
[0.30899316 0.90735505 0.12549427 0.01708471 0.1554884  0.83805966]

[::::::::::] 100.0% completed  (Sat May 10 15:39:15 2025)
Out-of-bound Trials:
[  109  8594  3596 37173 46529 47179]
Best Parameters: (chisq=0.0298)
[0.30899316 0.90735505 0.12549427 0.01708471 0.1554884  0.83805966]

MCMC Summary:
-------------
  Number of evaluated samples:        200000
  Number of parallel chains:               5
  Average iterations per chain:        40000
  Burned-in iterations per chain:       2000
  Thinning factor:                         1
  MCMC sample size (thinned, burned): 190000
  Acceptance rate:   12.54%

Parameter name     best fit   median      1sigma_low   1sigma_hi        S/N
--------------- -----------  -----------------------------------  ---------
w                3.0899e-01   3.3598e-01 -5.0990e-02  4.8626e-02        6.1
b                9.0736e-01   9.0501e-01 -3.4903e-02  4.7746e-02       23.9
c                1.2549e-01   1.2299e-01 -2.9997e-02  5.3166e-02        2.3
dzeta            1.7085e-02   3.2180e-01 -2.2543e-01  3.2724e-01        0.1
B0               1.5549e-01   4.2253e-01 -3.0492e-01  3.7912e-01        0.5
h                8.3806e-01   4.9203e-01 -3.4754e-01  3.4691e-01        2.9

  Best-parameter's chi-squared:        0.0298
  Best-parameter's -2*log(posterior):  0.0298
  Bayesian Information Criterion:     13.8453
  Reduced chi-squared:                 0.0074
  Standard deviation of residuals:  0.00222454

For a detailed summary with all parameter posterior statistics see
/home/tenet/Documents/thesis/scripts/photometry/esa/data/inversion/inv-A2_A4-0.3_0.9_0.1_0_statistics.txt

Output sampler files:
  /home/tenet/Documents/thesis/scripts/photometry/esa/data/inversion/inv-A2_A4-0.3_0.9_0.1_0_statistics.txt
  /home/tenet/Documents/thesis/scripts/photometry/esa/data/inversion/inv-A2_A4-0.3_0.9_0.1_0.npz
  /home/tenet/Documents/thesis/scripts/photometry/esa/data/inversion/inv-A2_A4-0.3_0.9_0.1_0.log
