
::::::::::::::::::::::::::::::::::::::::::::::::::::::::::::::::::::::
  Multi-core Markov-chain Monte Carlo (mc3).
  Version 3.2.1.
  Copyright (c) 2015-2025 Patricio Cubillos and collaborators.
  mc3 is open-source software under the MIT license (see LICENSE).
::::::::::::::::::::::::::::::::::::::::::::::::::::::::::::::::::::::

Start MCMC chains  (Sat May 10 15:43:03 2025)

[:         ]  10.0% completed  (Sat May 10 15:43:04 2025)
Out-of-bound Trials:
[1348 4142 3666 2436 4137 4209]
Best Parameters: (chisq=0.0203)
[0.31361172 0.91229665 0.03009521 0.10247938 0.23215426 0.47857903]

[::        ]  20.0% completed  (Sat May 10 15:43:04 2025)
Out-of-bound Trials:
[2882 8577 7340 5568 8693 8615]
Best Parameters: (chisq=0.0154)
[0.31216235 0.90128754 0.03031079 0.09314513 0.03020898 0.09270761]

[:::       ]  30.0% completed  (Sat May 10 15:43:05 2025)
Out-of-bound Trials:
[ 4501 13114 11014  8936 13259 13350]
Best Parameters: (chisq=0.0154)
[0.31216235 0.90128754 0.03031079 0.09314513 0.03020898 0.09270761]

[::::      ]  40.0% completed  (Sat May 10 15:43:05 2025)
Out-of-bound Trials:
[ 6224 17707 14732 12232 17811 17896]
Best Parameters: (chisq=0.0154)
[0.31216235 0.90128754 0.03031079 0.09314513 0.03020898 0.09270761]

[:::::     ]  50.0% completed  (Sat May 10 15:43:06 2025)
Out-of-bound Trials:
[ 7735 22043 18454 15572 22175 22174]
Best Parameters: (chisq=0.0135)
[0.28753877 0.89749817 0.12459045 0.0514858  0.88041571 0.82686756]

[::::::    ]  60.0% completed  (Sat May 10 15:43:06 2025)
Out-of-bound Trials:
[ 9289 26534 22484 18633 26710 26688]
Best Parameters: (chisq=0.0135)
[0.28753877 0.89749817 0.12459045 0.0514858  0.88041571 0.82686756]

[:::::::   ]  70.0% completed  (Sat May 10 15:43:06 2025)
Out-of-bound Trials:
[10974 31400 26441 22001 31302 31247]
Best Parameters: (chisq=0.0135)
[0.28753877 0.89749817 0.12459045 0.0514858  0.88041571 0.82686756]

[::::::::  ]  80.0% completed  (Sat May 10 15:43:07 2025)
Out-of-bound Trials:
[12437 36011 30302 25028 35744 35891]
Best Parameters: (chisq=0.0094)
[0.28621462 0.88168019 0.12969151 0.12723087 0.75697139 0.52100958]

[::::::::: ]  90.0% completed  (Sat May 10 15:43:07 2025)
Out-of-bound Trials:
[14080 40648 33942 28445 40230 40450]
Best Parameters: (chisq=0.0094)
[0.28621462 0.88168019 0.12969151 0.12723087 0.75697139 0.52100958]

[::::::::::] 100.0% completed  (Sat May 10 15:43:08 2025)
Out-of-bound Trials:
[15926 45194 37813 31714 44633 45050]
Best Parameters: (chisq=0.0094)
[0.28621462 0.88168019 0.12969151 0.12723087 0.75697139 0.52100958]

MCMC Summary:
-------------
  Number of evaluated samples:        200000
  Number of parallel chains:               5
  Average iterations per chain:        40000
  Burned-in iterations per chain:       2000
  Thinning factor:                         1
  MCMC sample size (thinned, burned): 190000
  Acceptance rate:   11.34%

Parameter name     best fit   median      1sigma_low   1sigma_hi        S/N
--------------- -----------  -----------------------------------  ---------
w                2.8621e-01   1.5300e-01 -7.1820e-02  1.3848e-01        3.1
b                8.8168e-01   5.3764e-01 -3.6087e-01  3.2533e-01        3.0
c                1.2969e-01   2.7802e-01 -1.9431e-01  3.1929e-01        0.5
dzeta            1.2723e-01   2.1917e-01 -1.4926e-01  2.2426e-01        0.6
B0               7.5697e-01   4.5230e-01 -3.1787e-01  3.5168e-01        2.7
h                5.2101e-01   4.8956e-01 -3.3992e-01  3.4322e-01        1.8

  Best-parameter's chi-squared:        0.0094
  Best-parameter's -2*log(posterior):  0.0094
  Bayesian Information Criterion:     13.8249
  Reduced chi-squared:                 0.0023
  Standard deviation of residuals:  0.000236515

For a detailed summary with all parameter posterior statistics see
/home/tenet/Documents/thesis/scripts/photometry/esa/data/inversion/inv-A3_A5-0.3_0.9_0.1_0_statistics.txt

Output sampler files:
  /home/tenet/Documents/thesis/scripts/photometry/esa/data/inversion/inv-A3_A5-0.3_0.9_0.1_0_statistics.txt
  /home/tenet/Documents/thesis/scripts/photometry/esa/data/inversion/inv-A3_A5-0.3_0.9_0.1_0.npz
  /home/tenet/Documents/thesis/scripts/photometry/esa/data/inversion/inv-A3_A5-0.3_0.9_0.1_0.log
