
::::::::::::::::::::::::::::::::::::::::::::::::::::::::::::::::::::::
  Multi-core Markov-chain Monte Carlo (mc3).
  Version 3.2.1.
  Copyright (c) 2015-2025 Patricio Cubillos and collaborators.
  mc3 is open-source software under the MIT license (see LICENSE).
::::::::::::::::::::::::::::::::::::::::::::::::::::::::::::::::::::::

Start MCMC chains  (Sat May 10 15:59:29 2025)

[:         ]  10.0% completed  (Sat May 10 15:59:30 2025)
Out-of-bound Trials:
[  15  735   99 1476 4136 4420]
Best Parameters: (chisq=0.0863)
[0.30082441 0.91127856 0.10092094 0.6470297  0.53083945 0.83981796]

[::        ]  20.0% completed  (Sat May 10 15:59:30 2025)
Out-of-bound Trials:
[  37 1637  265 3209 8769 9218]
Best Parameters: (chisq=0.0863)
[0.30082441 0.91127856 0.10092094 0.6470297  0.53083945 0.83981796]

[:::       ]  30.0% completed  (Sat May 10 15:59:31 2025)
Out-of-bound Trials:
[   58  2754   645  4796 13266 13758]
Best Parameters: (chisq=0.0863)
[0.30082441 0.91127856 0.10092094 0.6470297  0.53083945 0.83981796]

[::::      ]  40.0% completed  (Sat May 10 15:59:32 2025)
Out-of-bound Trials:
[   71  4494  1235  6442 17890 18401]
Best Parameters: (chisq=0.0811)
[0.30855524 0.8891267  0.09236167 0.72915479 0.77330915 0.18315863]

[:::::     ]  50.0% completed  (Sat May 10 15:59:32 2025)
Out-of-bound Trials:
[   86  7154  2028  8234 22637 22774]
Best Parameters: (chisq=0.0082)
[0.29588043 0.89843168 0.09422339 0.68499635 0.59230589 0.94438161]

[::::::    ]  60.0% completed  (Sat May 10 15:59:33 2025)
Out-of-bound Trials:
[   97  9487  3390 10320 27028 27446]
Best Parameters: (chisq=0.0082)
[0.29588043 0.89843168 0.09422339 0.68499635 0.59230589 0.94438161]

[:::::::   ]  70.0% completed  (Sat May 10 15:59:33 2025)
Out-of-bound Trials:
[  116 11007  4942 12228 31753 32548]
Best Parameters: (chisq=0.0082)
[0.29588043 0.89843168 0.09422339 0.68499635 0.59230589 0.94438161]

[::::::::  ]  80.0% completed  (Sat May 10 15:59:34 2025)
Out-of-bound Trials:
[  133 12351  6496 14302 36296 37325]
Best Parameters: (chisq=0.0082)
[0.29588043 0.89843168 0.09422339 0.68499635 0.59230589 0.94438161]

[::::::::: ]  90.0% completed  (Sat May 10 15:59:34 2025)
Out-of-bound Trials:
[  145 15133  8135 16611 40859 42210]
Best Parameters: (chisq=0.0082)
[0.29588043 0.89843168 0.09422339 0.68499635 0.59230589 0.94438161]

[::::::::::] 100.0% completed  (Sat May 10 15:59:35 2025)
Out-of-bound Trials:
[  160 18933 10421 19356 45452 46607]
Best Parameters: (chisq=0.0082)
[0.29588043 0.89843168 0.09422339 0.68499635 0.59230589 0.94438161]

MCMC Summary:
-------------
  Number of evaluated samples:        200000
  Number of parallel chains:               5
  Average iterations per chain:        40000
  Burned-in iterations per chain:       2000
  Thinning factor:                         1
  MCMC sample size (thinned, burned): 190000
  Acceptance rate:   11.06%

Parameter name     best fit   median      1sigma_low   1sigma_hi        S/N
--------------- -----------  -----------------------------------  ---------
w                2.9588e-01   3.0051e-01 -4.5947e-02  4.4822e-02        6.4
b                8.9843e-01   9.1785e-01 -4.4496e-02  5.7822e-02       20.1
c                9.4223e-02   1.3338e-01 -3.6143e-02  1.5739e-01        0.5
dzeta            6.8500e-01   6.1496e-01 -2.2047e-01  2.0127e-01        3.2
B0               5.9231e-01   4.1216e-01 -2.9147e-01  3.8276e-01        2.1
h                9.4438e-01   4.8537e-01 -3.4756e-01  3.3892e-01        3.3

  Best-parameter's chi-squared:        0.0082
  Best-parameter's -2*log(posterior):  0.0082
  Bayesian Information Criterion:     17.9826
  Reduced chi-squared:                 0.0006
  Standard deviation of residuals:  0.000238277

For a detailed summary with all parameter posterior statistics see
/home/tenet/Documents/thesis/scripts/photometry/esa/data/inversion/inv-A1_A2_A3_A4-0.3_0.9_0.1_30_statistics.txt

Output sampler files:
  /home/tenet/Documents/thesis/scripts/photometry/esa/data/inversion/inv-A1_A2_A3_A4-0.3_0.9_0.1_30_statistics.txt
  /home/tenet/Documents/thesis/scripts/photometry/esa/data/inversion/inv-A1_A2_A3_A4-0.3_0.9_0.1_30.npz
  /home/tenet/Documents/thesis/scripts/photometry/esa/data/inversion/inv-A1_A2_A3_A4-0.3_0.9_0.1_30.log
