
::::::::::::::::::::::::::::::::::::::::::::::::::::::::::::::::::::::
  Multi-core Markov-chain Monte Carlo (mc3).
  Version 3.2.1.
  Copyright (c) 2015-2025 Patricio Cubillos and collaborators.
  mc3 is open-source software under the MIT license (see LICENSE).
::::::::::::::::::::::::::::::::::::::::::::::::::::::::::::::::::::::

Start MCMC chains  (Sat May 10 16:04:54 2025)

[:         ]  10.0% completed  (Sat May 10 16:04:55 2025)
Out-of-bound Trials:
[   1    2 2266  203 4554 4341]
Best Parameters: (chisq=0.0721)
[0.34599067 0.33860106 0.91090997 0.67838788 0.0708066  0.15581615]

[::        ]  20.0% completed  (Sat May 10 16:04:55 2025)
Out-of-bound Trials:
[   2    8 4865  367 9330 8717]
Best Parameters: (chisq=0.0721)
[0.34599067 0.33860106 0.91090997 0.67838788 0.0708066  0.15581615]

[:::       ]  30.0% completed  (Sat May 10 16:04:56 2025)
Out-of-bound Trials:
[    2    14  7700   545 14024 12809]
Best Parameters: (chisq=0.0411)
[0.27309082 0.30258227 0.83878818 0.66694984 0.75285651 0.78807737]

[::::      ]  40.0% completed  (Sat May 10 16:04:56 2025)
Out-of-bound Trials:
[    3    21 10745   711 18906 17547]
Best Parameters: (chisq=0.0411)
[0.27309082 0.30258227 0.83878818 0.66694984 0.75285651 0.78807737]

[:::::     ]  50.0% completed  (Sat May 10 16:04:57 2025)
Out-of-bound Trials:
[    3    22 13531   874 23462 22171]
Best Parameters: (chisq=0.0411)
[0.27309082 0.30258227 0.83878818 0.66694984 0.75285651 0.78807737]

[::::::    ]  60.0% completed  (Sat May 10 16:04:58 2025)
Out-of-bound Trials:
[    5    26 16301  1061 28169 26791]
Best Parameters: (chisq=0.0237)
[0.27409046 0.28668045 0.84532059 0.68051541 0.85755057 0.61929577]

[:::::::   ]  70.0% completed  (Sat May 10 16:04:58 2025)
Out-of-bound Trials:
[    7    30 18905  1199 32750 31220]
Best Parameters: (chisq=0.0237)
[0.27409046 0.28668045 0.84532059 0.68051541 0.85755057 0.61929577]

[::::::::  ]  80.0% completed  (Sat May 10 16:04:59 2025)
Out-of-bound Trials:
[    7    32 21709  1417 37462 35796]
Best Parameters: (chisq=0.0237)
[0.27409046 0.28668045 0.84532059 0.68051541 0.85755057 0.61929577]

[::::::::: ]  90.0% completed  (Sat May 10 16:04:59 2025)
Out-of-bound Trials:
[    7    34 24377  1578 42235 40191]
Best Parameters: (chisq=0.0237)
[0.27409046 0.28668045 0.84532059 0.68051541 0.85755057 0.61929577]

[::::::::::] 100.0% completed  (Sat May 10 16:05:00 2025)
Out-of-bound Trials:
[    7    34 27282  1767 46889 44933]
Best Parameters: (chisq=0.0237)
[0.27409046 0.28668045 0.84532059 0.68051541 0.85755057 0.61929577]

MCMC Summary:
-------------
  Number of evaluated samples:        200000
  Number of parallel chains:               5
  Average iterations per chain:        40000
  Burned-in iterations per chain:       2000
  Thinning factor:                         1
  MCMC sample size (thinned, burned): 190000
  Acceptance rate:   16.69%

Parameter name     best fit   median      1sigma_low   1sigma_hi        S/N
--------------- -----------  -----------------------------------  ---------
w                2.7409e-01   3.2085e-01 -3.9517e-02  3.8565e-02        7.0
b                2.8668e-01   3.1844e-01 -3.7575e-02  4.0617e-02        7.4
c                8.4532e-01   8.4246e-01 -1.3751e-01  1.0517e-01        7.4
dzeta            6.8052e-01   6.8805e-01 -7.9741e-02  8.7964e-02        8.0
B0               8.5755e-01   4.9608e-01 -3.4206e-01  3.4760e-01        3.0
h                6.1930e-01   5.3030e-01 -3.3867e-01  3.2308e-01        2.2

  Best-parameter's chi-squared:        0.0237
  Best-parameter's -2*log(posterior):  0.0237
  Bayesian Information Criterion:     17.9981
  Reduced chi-squared:                 0.0017
  Standard deviation of residuals:  0.000697219

For a detailed summary with all parameter posterior statistics see
/home/tenet/Documents/thesis/scripts/photometry/esa/data/inversion/inv-A2_A3_A4_A5-0.3_0.3_0.9_30_statistics.txt

Output sampler files:
  /home/tenet/Documents/thesis/scripts/photometry/esa/data/inversion/inv-A2_A3_A4_A5-0.3_0.3_0.9_30_statistics.txt
  /home/tenet/Documents/thesis/scripts/photometry/esa/data/inversion/inv-A2_A3_A4_A5-0.3_0.3_0.9_30.npz
  /home/tenet/Documents/thesis/scripts/photometry/esa/data/inversion/inv-A2_A3_A4_A5-0.3_0.3_0.9_30.log
