
::::::::::::::::::::::::::::::::::::::::::::::::::::::::::::::::::::::
  Multi-core Markov-chain Monte Carlo (mc3).
  Version 3.2.1.
  Copyright (c) 2015-2025 Patricio Cubillos and collaborators.
  mc3 is open-source software under the MIT license (see LICENSE).
::::::::::::::::::::::::::::::::::::::::::::::::::::::::::::::::::::::

Start MCMC chains  (Sat May 10 16:03:34 2025)

[:         ]  10.0% completed  (Sat May 10 16:03:35 2025)
Out-of-bound Trials:
[   0   14    8 2450 4573 4463]
Best Parameters: (chisq=0.0056)
[0.29635155 0.29545171 0.48582201 0.01258664 0.66977026 0.36654693]

[::        ]  20.0% completed  (Sat May 10 16:03:35 2025)
Out-of-bound Trials:
[   0   46   22 4967 9473 8997]
Best Parameters: (chisq=0.0056)
[0.29635155 0.29545171 0.48582201 0.01258664 0.66977026 0.36654693]

[:::       ]  30.0% completed  (Sat May 10 16:03:36 2025)
Out-of-bound Trials:
[    0    64    26  7481 14220 13918]
Best Parameters: (chisq=0.0056)
[0.29635155 0.29545171 0.48582201 0.01258664 0.66977026 0.36654693]

[::::      ]  40.0% completed  (Sat May 10 16:03:36 2025)
Out-of-bound Trials:
[    1    82    28  9969 18907 18662]
Best Parameters: (chisq=0.0056)
[0.29635155 0.29545171 0.48582201 0.01258664 0.66977026 0.36654693]

[:::::     ]  50.0% completed  (Sat May 10 16:03:37 2025)
Out-of-bound Trials:
[    1    92    35 12608 23593 23440]
Best Parameters: (chisq=0.0056)
[0.29635155 0.29545171 0.48582201 0.01258664 0.66977026 0.36654693]

[::::::    ]  60.0% completed  (Sat May 10 16:03:38 2025)
Out-of-bound Trials:
[    1   108    45 15085 28233 28267]
Best Parameters: (chisq=0.0056)
[0.29635155 0.29545171 0.48582201 0.01258664 0.66977026 0.36654693]

[:::::::   ]  70.0% completed  (Sat May 10 16:03:38 2025)
Out-of-bound Trials:
[    1   133    53 17651 32746 32985]
Best Parameters: (chisq=0.0056)
[0.29635155 0.29545171 0.48582201 0.01258664 0.66977026 0.36654693]

[::::::::  ]  80.0% completed  (Sat May 10 16:03:39 2025)
Out-of-bound Trials:
[    1   156    64 20294 37403 37964]
Best Parameters: (chisq=0.0056)
[0.29635155 0.29545171 0.48582201 0.01258664 0.66977026 0.36654693]

[::::::::: ]  90.0% completed  (Sat May 10 16:03:39 2025)
Out-of-bound Trials:
[    1   170    75 22780 42019 42626]
Best Parameters: (chisq=0.0056)
[0.29635155 0.29545171 0.48582201 0.01258664 0.66977026 0.36654693]

[::::::::::] 100.0% completed  (Sat May 10 16:03:40 2025)
Out-of-bound Trials:
[    1   190    82 25252 46740 47452]
Best Parameters: (chisq=0.0056)
[0.29635155 0.29545171 0.48582201 0.01258664 0.66977026 0.36654693]

MCMC Summary:
-------------
  Number of evaluated samples:        200000
  Number of parallel chains:               5
  Average iterations per chain:        40000
  Burned-in iterations per chain:       2000
  Thinning factor:                         1
  MCMC sample size (thinned, burned): 190000
  Acceptance rate:   16.02%

Parameter name     best fit   median      1sigma_low   1sigma_hi        S/N
--------------- -----------  -----------------------------------  ---------
w                2.9635e-01   3.0944e-01 -2.8699e-02  2.2740e-02       12.3
b                2.9545e-01   2.9317e-01 -3.9298e-02  3.5349e-02        7.8
c                4.8582e-01   5.0327e-01 -5.6635e-02  5.4870e-02        8.7
dzeta            1.2587e-02   8.4301e-02 -5.6759e-02  5.9029e-02        0.2
B0               6.6977e-01   4.9358e-01 -3.3881e-01  3.4038e-01        2.3
h                3.6655e-01   4.9159e-01 -3.3724e-01  3.4291e-01        1.3

  Best-parameter's chi-squared:        0.0056
  Best-parameter's -2*log(posterior):  0.0056
  Bayesian Information Criterion:     17.9800
  Reduced chi-squared:                 0.0004
  Standard deviation of residuals:  0.000195183

For a detailed summary with all parameter posterior statistics see
/home/tenet/Documents/thesis/scripts/photometry/esa/data/inversion/inv-A1_A3_A4_A5-0.3_0.3_0.5_0_statistics.txt

Output sampler files:
  /home/tenet/Documents/thesis/scripts/photometry/esa/data/inversion/inv-A1_A3_A4_A5-0.3_0.3_0.5_0_statistics.txt
  /home/tenet/Documents/thesis/scripts/photometry/esa/data/inversion/inv-A1_A3_A4_A5-0.3_0.3_0.5_0.npz
  /home/tenet/Documents/thesis/scripts/photometry/esa/data/inversion/inv-A1_A3_A4_A5-0.3_0.3_0.5_0.log
