
::::::::::::::::::::::::::::::::::::::::::::::::::::::::::::::::::::::
  Multi-core Markov-chain Monte Carlo (mc3).
  Version 3.2.1.
  Copyright (c) 2015-2025 Patricio Cubillos and collaborators.
  mc3 is open-source software under the MIT license (see LICENSE).
::::::::::::::::::::::::::::::::::::::::::::::::::::::::::::::::::::::

Start MCMC chains  (Sat May 10 15:37:42 2025)

[:         ]  10.0% completed  (Sat May 10 15:37:43 2025)
Out-of-bound Trials:
[   0   74 1428 2418 3865 3851]
Best Parameters: (chisq=0.0440)
[0.29713065 0.27918916 0.52494025 0.04326956 0.63604639 0.30148569]

[::        ]  20.0% completed  (Sat May 10 15:37:43 2025)
Out-of-bound Trials:
[   3  143 2788 5034 8410 8155]
Best Parameters: (chisq=0.0414)
[0.3139093  0.32038486 0.47581891 0.03120937 0.39644419 0.52406031]

[:::       ]  30.0% completed  (Sat May 10 15:37:44 2025)
Out-of-bound Trials:
[    5   196  4021  7534 12786 12579]
Best Parameters: (chisq=0.0414)
[0.3139093  0.32038486 0.47581891 0.03120937 0.39644419 0.52406031]

[::::      ]  40.0% completed  (Sat May 10 15:37:44 2025)
Out-of-bound Trials:
[    6   268  5296 10230 17221 16722]
Best Parameters: (chisq=0.0208)
[0.29891401 0.31424414 0.49476961 0.02482635 0.4316984  0.79782952]

[:::::     ]  50.0% completed  (Sat May 10 15:37:45 2025)
Out-of-bound Trials:
[    6   345  6783 12611 21806 21130]
Best Parameters: (chisq=0.0108)
[0.29552876 0.29467545 0.49923977 0.05178347 0.54757865 0.4866605 ]

[::::::    ]  60.0% completed  (Sat May 10 15:37:45 2025)
Out-of-bound Trials:
[    7   404  8212 15341 26212 25568]
Best Parameters: (chisq=0.0085)
[0.31285377 0.30552581 0.52480855 0.0556046  0.34667088 0.44047662]

[:::::::   ]  70.0% completed  (Sat May 10 15:37:46 2025)
Out-of-bound Trials:
[    7   474  9541 17781 30761 29912]
Best Parameters: (chisq=0.0085)
[0.31285377 0.30552581 0.52480855 0.0556046  0.34667088 0.44047662]

[::::::::  ]  80.0% completed  (Sat May 10 15:37:46 2025)
Out-of-bound Trials:
[    7   518 10875 20601 35302 34250]
Best Parameters: (chisq=0.0085)
[0.31285377 0.30552581 0.52480855 0.0556046  0.34667088 0.44047662]

[::::::::: ]  90.0% completed  (Sat May 10 15:37:47 2025)
Out-of-bound Trials:
[    9   575 12146 23206 39874 38787]
Best Parameters: (chisq=0.0085)
[0.31285377 0.30552581 0.52480855 0.0556046  0.34667088 0.44047662]

[::::::::::] 100.0% completed  (Sat May 10 15:37:47 2025)
Out-of-bound Trials:
[   11   642 13465 26046 44515 43427]
Best Parameters: (chisq=0.0085)
[0.31285377 0.30552581 0.52480855 0.0556046  0.34667088 0.44047662]

MCMC Summary:
-------------
  Number of evaluated samples:        200000
  Number of parallel chains:               5
  Average iterations per chain:        40000
  Burned-in iterations per chain:       2000
  Thinning factor:                         1
  MCMC sample size (thinned, burned): 190000
  Acceptance rate:   14.70%

Parameter name     best fit   median      1sigma_low   1sigma_hi        S/N
--------------- -----------  -----------------------------------  ---------
w                3.1285e-01   2.9937e-01 -3.6255e-02  3.9825e-02        8.3
b                3.0553e-01   2.6870e-01 -7.1288e-02  7.1089e-02        4.5
c                5.2481e-01   5.8718e-01 -1.6050e-01  2.1928e-01        3.0
dzeta            5.5605e-02   8.6311e-02 -5.9589e-02  6.4991e-02        1.0
B0               3.4667e-01   5.1533e-01 -3.4499e-01  3.3544e-01        1.2
h                4.4048e-01   4.9222e-01 -3.2599e-01  3.3735e-01        1.6

  Best-parameter's chi-squared:        0.0085
  Best-parameter's -2*log(posterior):  0.0085
  Bayesian Information Criterion:     13.8240
  Reduced chi-squared:                 0.0021
  Standard deviation of residuals:  0.000573161

For a detailed summary with all parameter posterior statistics see
/home/tenet/Documents/thesis/scripts/photometry/esa/data/inversion/inv-A2_A3-0.3_0.3_0.5_0_statistics.txt

Output sampler files:
  /home/tenet/Documents/thesis/scripts/photometry/esa/data/inversion/inv-A2_A3-0.3_0.3_0.5_0_statistics.txt
  /home/tenet/Documents/thesis/scripts/photometry/esa/data/inversion/inv-A2_A3-0.3_0.3_0.5_0.npz
  /home/tenet/Documents/thesis/scripts/photometry/esa/data/inversion/inv-A2_A3-0.3_0.3_0.5_0.log
