
::::::::::::::::::::::::::::::::::::::::::::::::::::::::::::::::::::::
  Multi-core Markov-chain Monte Carlo (mc3).
  Version 3.2.1.
  Copyright (c) 2015-2025 Patricio Cubillos and collaborators.
  mc3 is open-source software under the MIT license (see LICENSE).
::::::::::::::::::::::::::::::::::::::::::::::::::::::::::::::::::::::

Start MCMC chains  (Sat May 10 16:07:42 2025)

[:         ]  10.0% completed  (Sat May 10 16:07:43 2025)
Out-of-bound Trials:
[  70  384   91   21 4406 4051]
Best Parameters: (chisq=0.0953)
[0.89947051 0.89421222 0.11168865 0.66519747 0.25876316 0.63342932]

[::        ]  20.0% completed  (Sat May 10 16:07:44 2025)
Out-of-bound Trials:
[  82  827  186   48 9235 8866]
Best Parameters: (chisq=0.0664)
[0.90105637 0.89389757 0.08361174 0.67960811 0.83138404 0.29536698]

[:::       ]  30.0% completed  (Sat May 10 16:07:44 2025)
Out-of-bound Trials:
[   90  1243   328    78 14018 13823]
Best Parameters: (chisq=0.0664)
[0.90105637 0.89389757 0.08361174 0.67960811 0.83138404 0.29536698]

[::::      ]  40.0% completed  (Sat May 10 16:07:45 2025)
Out-of-bound Trials:
[  102  1864   544   109 18983 18754]
Best Parameters: (chisq=0.0325)
[0.89927402 0.89577562 0.11571835 0.66521197 0.23480263 0.71406978]

[:::::     ]  50.0% completed  (Sat May 10 16:07:46 2025)
Out-of-bound Trials:
[  106  3095   918   141 23672 23542]
Best Parameters: (chisq=0.0325)
[0.89927402 0.89577562 0.11571835 0.66521197 0.23480263 0.71406978]

[::::::    ]  60.0% completed  (Sat May 10 16:07:46 2025)
Out-of-bound Trials:
[  112  4307  1658   170 28450 28130]
Best Parameters: (chisq=0.0325)
[0.89927402 0.89577562 0.11571835 0.66521197 0.23480263 0.71406978]

[:::::::   ]  70.0% completed  (Sat May 10 16:07:47 2025)
Out-of-bound Trials:
[  118  5224  2486   194 33323 33042]
Best Parameters: (chisq=0.0325)
[0.89927402 0.89577562 0.11571835 0.66521197 0.23480263 0.71406978]

[::::::::  ]  80.0% completed  (Sat May 10 16:07:48 2025)
Out-of-bound Trials:
[  126  5924  3335   230 38252 37952]
Best Parameters: (chisq=0.0325)
[0.89927402 0.89577562 0.11571835 0.66521197 0.23480263 0.71406978]

[::::::::: ]  90.0% completed  (Sat May 10 16:07:48 2025)
Out-of-bound Trials:
[  136  6819  4137   256 42993 42707]
Best Parameters: (chisq=0.0254)
[0.90036534 0.89552566 0.09309681 0.67369344 0.68832799 0.31720089]

[::::::::::] 100.0% completed  (Sat May 10 16:07:49 2025)
Out-of-bound Trials:
[  143  7524  4929   284 47519 47426]
Best Parameters: (chisq=0.0254)
[0.90036534 0.89552566 0.09309681 0.67369344 0.68832799 0.31720089]

MCMC Summary:
-------------
  Number of evaluated samples:        200000
  Number of parallel chains:               5
  Average iterations per chain:        40000
  Burned-in iterations per chain:       2000
  Thinning factor:                         1
  MCMC sample size (thinned, burned): 190000
  Acceptance rate:   15.93%

Parameter name     best fit   median      1sigma_low   1sigma_hi        S/N
--------------- -----------  -----------------------------------  ---------
w                9.0037e-01   8.9842e-01 -7.8949e-03  7.8649e-03      115.6
b                8.9553e-01   9.0649e-01 -3.6527e-02  3.9524e-02       24.5
c                9.3097e-02   1.1807e-01 -2.7831e-02  4.5298e-02        1.3
dzeta            6.7369e-01   6.5475e-01 -6.4280e-02  5.4738e-02       11.6
B0               6.8833e-01   4.3745e-01 -3.1454e-01  3.6811e-01        2.4
h                3.1720e-01   4.8812e-01 -3.4449e-01  3.4787e-01        1.1

  Best-parameter's chi-squared:        0.0254
  Best-parameter's -2*log(posterior):  0.0254
  Bayesian Information Criterion:     19.3386
  Reduced chi-squared:                 0.0013
  Standard deviation of residuals:  0.0038582

For a detailed summary with all parameter posterior statistics see
/home/tenet/Documents/thesis/scripts/photometry/esa/data/inversion/inv-A1_A2_A3_A4_A5-0.9_0.9_0.1_30_statistics.txt

Output sampler files:
  /home/tenet/Documents/thesis/scripts/photometry/esa/data/inversion/inv-A1_A2_A3_A4_A5-0.9_0.9_0.1_30_statistics.txt
  /home/tenet/Documents/thesis/scripts/photometry/esa/data/inversion/inv-A1_A2_A3_A4_A5-0.9_0.9_0.1_30.npz
  /home/tenet/Documents/thesis/scripts/photometry/esa/data/inversion/inv-A1_A2_A3_A4_A5-0.9_0.9_0.1_30.log
