
::::::::::::::::::::::::::::::::::::::::::::::::::::::::::::::::::::::
  Multi-core Markov-chain Monte Carlo (mc3).
  Version 3.2.1.
  Copyright (c) 2015-2025 Patricio Cubillos and collaborators.
  mc3 is open-source software under the MIT license (see LICENSE).
::::::::::::::::::::::::::::::::::::::::::::::::::::::::::::::::::::::

Start MCMC chains  (Sat May 10 15:34:34 2025)

[:         ]  10.0% completed  (Sat May 10 15:34:34 2025)
Out-of-bound Trials:
[ 166 1687 1382 2250 4335 4193]
Best Parameters: (chisq=0.0518)
[0.89428399 0.28105975 0.47862924 0.0226635  0.56562348 0.50746115]

[::        ]  20.0% completed  (Sat May 10 15:34:35 2025)
Out-of-bound Trials:
[ 246 3413 3069 4563 8729 8720]
Best Parameters: (chisq=0.0141)
[0.89478567 0.30419052 0.48315127 0.02890033 0.82907908 0.32493406]

[:::       ]  30.0% completed  (Sat May 10 15:34:35 2025)
Out-of-bound Trials:
[  299  5000  4848  6960 13176 13374]
Best Parameters: (chisq=0.0141)
[0.89478567 0.30419052 0.48315127 0.02890033 0.82907908 0.32493406]

[::::      ]  40.0% completed  (Sat May 10 15:34:36 2025)
Out-of-bound Trials:
[  372  6865  6496  9421 17496 18127]
Best Parameters: (chisq=0.0141)
[0.89478567 0.30419052 0.48315127 0.02890033 0.82907908 0.32493406]

[:::::     ]  50.0% completed  (Sat May 10 15:34:36 2025)
Out-of-bound Trials:
[  446  8994  8371 11888 22018 22858]
Best Parameters: (chisq=0.0141)
[0.89478567 0.30419052 0.48315127 0.02890033 0.82907908 0.32493406]

[::::::    ]  60.0% completed  (Sat May 10 15:34:37 2025)
Out-of-bound Trials:
[  500 10920 10142 14467 26557 27488]
Best Parameters: (chisq=0.0141)
[0.89478567 0.30419052 0.48315127 0.02890033 0.82907908 0.32493406]

[:::::::   ]  70.0% completed  (Sat May 10 15:34:37 2025)
Out-of-bound Trials:
[  566 12848 11860 16969 31182 32172]
Best Parameters: (chisq=0.0141)
[0.89478567 0.30419052 0.48315127 0.02890033 0.82907908 0.32493406]

[::::::::  ]  80.0% completed  (Sat May 10 15:34:37 2025)
Out-of-bound Trials:
[  623 14867 13646 19595 35641 36948]
Best Parameters: (chisq=0.0141)
[0.89478567 0.30419052 0.48315127 0.02890033 0.82907908 0.32493406]

[::::::::: ]  90.0% completed  (Sat May 10 15:34:38 2025)
Out-of-bound Trials:
[  693 16699 15404 21978 40021 41596]
Best Parameters: (chisq=0.0141)
[0.89478567 0.30419052 0.48315127 0.02890033 0.82907908 0.32493406]

[::::::::::] 100.0% completed  (Sat May 10 15:34:38 2025)
Out-of-bound Trials:
[  739 18778 17264 24521 44504 46315]
Best Parameters: (chisq=0.0141)
[0.89478567 0.30419052 0.48315127 0.02890033 0.82907908 0.32493406]

MCMC Summary:
-------------
  Number of evaluated samples:        200000
  Number of parallel chains:               5
  Average iterations per chain:        40000
  Burned-in iterations per chain:       2000
  Thinning factor:                         1
  MCMC sample size (thinned, burned): 190000
  Acceptance rate:   16.15%

Parameter name     best fit   median      1sigma_low   1sigma_hi        S/N
--------------- -----------  -----------------------------------  ---------
w                8.9479e-01   9.0034e-01 -2.6225e-02  2.2393e-02       35.9
b                3.0419e-01   1.9730e-01 -1.0809e-01  1.3396e-01        2.6
c                4.8315e-01   3.9391e-01 -2.2831e-01  1.7425e-01        2.6
dzeta            2.8900e-02   9.1998e-02 -6.2044e-02  6.7347e-02        0.5
B0               8.2908e-01   4.7121e-01 -3.2204e-01  3.5152e-01        2.9
h                3.2493e-01   4.8334e-01 -3.3658e-01  3.5307e-01        1.1

  Best-parameter's chi-squared:        0.0141
  Best-parameter's -2*log(posterior):  0.0141
  Bayesian Information Criterion:     13.8296
  Reduced chi-squared:                 0.0035
  Standard deviation of residuals:  0.00223839

For a detailed summary with all parameter posterior statistics see
/home/tenet/Documents/thesis/scripts/photometry/esa/data/inversion/inv-A1_A3-0.9_0.3_0.5_0_statistics.txt

Output sampler files:
  /home/tenet/Documents/thesis/scripts/photometry/esa/data/inversion/inv-A1_A3-0.9_0.3_0.5_0_statistics.txt
  /home/tenet/Documents/thesis/scripts/photometry/esa/data/inversion/inv-A1_A3-0.9_0.3_0.5_0.npz
  /home/tenet/Documents/thesis/scripts/photometry/esa/data/inversion/inv-A1_A3-0.9_0.3_0.5_0.log
