
::::::::::::::::::::::::::::::::::::::::::::::::::::::::::::::::::::::
  Multi-core Markov-chain Monte Carlo (mc3).
  Version 3.2.1.
  Copyright (c) 2015-2025 Patricio Cubillos and collaborators.
  mc3 is open-source software under the MIT license (see LICENSE).
::::::::::::::::::::::::::::::::::::::::::::::::::::::::::::::::::::::

Start MCMC chains  (Sat May 10 15:32:05 2025)

[:         ]  10.0% completed  (Sat May 10 15:32:05 2025)
Out-of-bound Trials:
[1686 4100 3161 2406 4417 4232]
Best Parameters: (chisq=0.0016)
[0.90891195 0.33860783 0.42802769 0.1670607  0.74934197 0.36754614]

[::        ]  20.0% completed  (Sat May 10 15:32:06 2025)
Out-of-bound Trials:
[3662 8857 6563 4834 8976 8778]
Best Parameters: (chisq=0.0016)
[0.90891195 0.33860783 0.42802769 0.1670607  0.74934197 0.36754614]

[:::       ]  30.0% completed  (Sat May 10 15:32:06 2025)
Out-of-bound Trials:
[ 5369 13523 10001  7250 13387 13292]
Best Parameters: (chisq=0.0016)
[0.90891195 0.33860783 0.42802769 0.1670607  0.74934197 0.36754614]

[::::      ]  40.0% completed  (Sat May 10 15:32:07 2025)
Out-of-bound Trials:
[ 7047 18307 13509  9935 17980 17918]
Best Parameters: (chisq=0.0016)
[0.90891195 0.33860783 0.42802769 0.1670607  0.74934197 0.36754614]

[:::::     ]  50.0% completed  (Sat May 10 15:32:07 2025)
Out-of-bound Trials:
[ 8675 22920 17317 12487 22354 22456]
Best Parameters: (chisq=0.0016)
[0.90891195 0.33860783 0.42802769 0.1670607  0.74934197 0.36754614]

[::::::    ]  60.0% completed  (Sat May 10 15:32:07 2025)
Out-of-bound Trials:
[10314 27732 21093 14923 26706 27106]
Best Parameters: (chisq=0.0016)
[0.90891195 0.33860783 0.42802769 0.1670607  0.74934197 0.36754614]

[:::::::   ]  70.0% completed  (Sat May 10 15:32:08 2025)
Out-of-bound Trials:
[12277 32165 24820 17420 31306 31619]
Best Parameters: (chisq=0.0016)
[0.90891195 0.33860783 0.42802769 0.1670607  0.74934197 0.36754614]

[::::::::  ]  80.0% completed  (Sat May 10 15:32:08 2025)
Out-of-bound Trials:
[14056 36764 28237 19842 35673 36114]
Best Parameters: (chisq=0.0016)
[0.90891195 0.33860783 0.42802769 0.1670607  0.74934197 0.36754614]

[::::::::: ]  90.0% completed  (Sat May 10 15:32:09 2025)
Out-of-bound Trials:
[15715 41719 31964 22476 40149 40609]
Best Parameters: (chisq=0.0016)
[0.90891195 0.33860783 0.42802769 0.1670607  0.74934197 0.36754614]

[::::::::::] 100.0% completed  (Sat May 10 15:32:09 2025)
Out-of-bound Trials:
[17380 46416 35693 25003 44664 44989]
Best Parameters: (chisq=0.0014)
[0.94967802 0.51824891 0.33289428 0.29159487 0.33936144 0.65698514]

MCMC Summary:
-------------
  Number of evaluated samples:        200000
  Number of parallel chains:               5
  Average iterations per chain:        40000
  Burned-in iterations per chain:       2000
  Thinning factor:                         1
  MCMC sample size (thinned, burned): 190000
  Acceptance rate:   14.37%

Parameter name     best fit   median      1sigma_low   1sigma_hi        S/N
--------------- -----------  -----------------------------------  ---------
w                9.4968e-01   9.3316e-01 -4.1069e-02  3.8144e-02       25.9
b                5.1825e-01   2.9821e-01 -2.1752e-01  4.1903e-01        1.9
c                3.3289e-01   4.4849e-01 -2.8257e-01  3.1026e-01        1.3
dzeta            2.9159e-01   2.9981e-01 -1.9804e-01  2.1655e-01        1.5
B0               3.3936e-01   4.9236e-01 -3.3785e-01  3.4252e-01        1.2
h                6.5699e-01   5.0874e-01 -3.4361e-01  3.3729e-01        2.3

  Best-parameter's chi-squared:       0.0014
  Best-parameter's -2*log(posterior): 0.0014
  Bayesian Information Criterion:     9.6580
  Reduced chi-squared:                   nan
  Standard deviation of residuals:  0.000717339

For a detailed summary with all parameter posterior statistics see
/home/tenet/Documents/thesis/scripts/photometry/esa/data/inversion/inv-A5-0.9_0.3_0.5_0_statistics.txt

Output sampler files:
  /home/tenet/Documents/thesis/scripts/photometry/esa/data/inversion/inv-A5-0.9_0.3_0.5_0_statistics.txt
  /home/tenet/Documents/thesis/scripts/photometry/esa/data/inversion/inv-A5-0.9_0.3_0.5_0.npz
  /home/tenet/Documents/thesis/scripts/photometry/esa/data/inversion/inv-A5-0.9_0.3_0.5_0.log
