
::::::::::::::::::::::::::::::::::::::::::::::::::::::::::::::::::::::
  Multi-core Markov-chain Monte Carlo (mc3).
  Version 3.2.1.
  Copyright (c) 2015-2025 Patricio Cubillos and collaborators.
  mc3 is open-source software under the MIT license (see LICENSE).
::::::::::::::::::::::::::::::::::::::::::::::::::::::::::::::::::::::

Start MCMC chains  (Sat May 10 15:57:02 2025)

[:         ]  10.0% completed  (Sat May 10 15:57:03 2025)
Out-of-bound Trials:
[ 105  302 1245 2437 4140 3764]
Best Parameters: (chisq=0.0565)
[0.90095549 0.29058024 0.51057649 0.02988959 0.53017658 0.34765044]

[::        ]  20.0% completed  (Sat May 10 15:57:04 2025)
Out-of-bound Trials:
[ 138  721 2731 5025 8387 7864]
Best Parameters: (chisq=0.0565)
[0.90095549 0.29058024 0.51057649 0.02988959 0.53017658 0.34765044]

[:::       ]  30.0% completed  (Sat May 10 15:57:04 2025)
Out-of-bound Trials:
[  156  1091  4360  7590 12712 11905]
Best Parameters: (chisq=0.0565)
[0.90095549 0.29058024 0.51057649 0.02988959 0.53017658 0.34765044]

[::::      ]  40.0% completed  (Sat May 10 15:57:05 2025)
Out-of-bound Trials:
[  177  1418  5803  9974 16990 16111]
Best Parameters: (chisq=0.0565)
[0.90095549 0.29058024 0.51057649 0.02988959 0.53017658 0.34765044]

[:::::     ]  50.0% completed  (Sat May 10 15:57:05 2025)
Out-of-bound Trials:
[  193  1778  7617 12523 21533 20736]
Best Parameters: (chisq=0.0565)
[0.90095549 0.29058024 0.51057649 0.02988959 0.53017658 0.34765044]

[::::::    ]  60.0% completed  (Sat May 10 15:57:06 2025)
Out-of-bound Trials:
[  215  2093  9040 15167 25801 24978]
Best Parameters: (chisq=0.0565)
[0.90095549 0.29058024 0.51057649 0.02988959 0.53017658 0.34765044]

[:::::::   ]  70.0% completed  (Sat May 10 15:57:06 2025)
Out-of-bound Trials:
[  237  2435 10550 17641 30202 29439]
Best Parameters: (chisq=0.0565)
[0.90095549 0.29058024 0.51057649 0.02988959 0.53017658 0.34765044]

[::::::::  ]  80.0% completed  (Sat May 10 15:57:07 2025)
Out-of-bound Trials:
[  251  2735 12165 20150 34491 33764]
Best Parameters: (chisq=0.0411)
[0.8992945  0.30883319 0.47824792 0.08102758 0.47970691 0.82486704]

[::::::::: ]  90.0% completed  (Sat May 10 15:57:07 2025)
Out-of-bound Trials:
[  272  3097 13714 22878 38823 37963]
Best Parameters: (chisq=0.0411)
[0.8992945  0.30883319 0.47824792 0.08102758 0.47970691 0.82486704]

[::::::::::] 100.0% completed  (Sat May 10 15:57:08 2025)
Out-of-bound Trials:
[  288  3465 15306 25486 43184 42398]
Best Parameters: (chisq=0.0411)
[0.8992945  0.30883319 0.47824792 0.08102758 0.47970691 0.82486704]

MCMC Summary:
-------------
  Number of evaluated samples:        200000
  Number of parallel chains:               5
  Average iterations per chain:        40000
  Burned-in iterations per chain:       2000
  Thinning factor:                         1
  MCMC sample size (thinned, burned): 190000
  Acceptance rate:   16.47%

Parameter name     best fit   median      1sigma_low   1sigma_hi        S/N
--------------- -----------  -----------------------------------  ---------
w                8.9929e-01   8.9509e-01 -2.0920e-02  1.7548e-02       46.7
b                3.0883e-01   2.3897e-01 -8.2364e-02  8.0324e-02        3.9
c                4.7825e-01   6.3031e-01 -1.7041e-01  2.1212e-01        2.8
dzeta            8.1028e-02   1.2210e-01 -8.3721e-02  8.7483e-02        1.0
B0               4.7971e-01   5.9122e-01 -3.4318e-01  2.9244e-01        1.7
h                8.2487e-01   5.1092e-01 -3.2722e-01  3.2977e-01        2.9

  Best-parameter's chi-squared:        0.0411
  Best-parameter's -2*log(posterior):  0.0411
  Bayesian Information Criterion:     16.2894
  Reduced chi-squared:                 0.0046
  Standard deviation of residuals:  0.00315701

For a detailed summary with all parameter posterior statistics see
/home/tenet/Documents/thesis/scripts/photometry/esa/data/inversion/inv-A2_A4_A5-0.9_0.3_0.5_0_statistics.txt

Output sampler files:
  /home/tenet/Documents/thesis/scripts/photometry/esa/data/inversion/inv-A2_A4_A5-0.9_0.3_0.5_0_statistics.txt
  /home/tenet/Documents/thesis/scripts/photometry/esa/data/inversion/inv-A2_A4_A5-0.9_0.3_0.5_0.npz
  /home/tenet/Documents/thesis/scripts/photometry/esa/data/inversion/inv-A2_A4_A5-0.9_0.3_0.5_0.log
