
::::::::::::::::::::::::::::::::::::::::::::::::::::::::::::::::::::::
  Multi-core Markov-chain Monte Carlo (mc3).
  Version 3.2.1.
  Copyright (c) 2015-2025 Patricio Cubillos and collaborators.
  mc3 is open-source software under the MIT license (see LICENSE).
::::::::::::::::::::::::::::::::::::::::::::::::::::::::::::::::::::::

Start MCMC chains  (Sat May 10 15:50:27 2025)

[:         ]  10.0% completed  (Sat May 10 15:50:28 2025)
Out-of-bound Trials:
[ 135  808 2349 2585 3987 4612]
Best Parameters: (chisq=0.0192)
[0.90042067 0.89045013 0.11255083 0.01449012 0.00983149 0.02139924]

[::        ]  20.0% completed  (Sat May 10 15:50:28 2025)
Out-of-bound Trials:
[ 407 2996 4447 5354 8556 9355]
Best Parameters: (chisq=0.0192)
[0.90042067 0.89045013 0.11255083 0.01449012 0.00983149 0.02139924]

[:::       ]  30.0% completed  (Sat May 10 15:50:29 2025)
Out-of-bound Trials:
[  613  5261  6928  8464 13269 13992]
Best Parameters: (chisq=0.0192)
[0.90042067 0.89045013 0.11255083 0.01449012 0.00983149 0.02139924]

[::::      ]  40.0% completed  (Sat May 10 15:50:29 2025)
Out-of-bound Trials:
[  749  7394  9248 11583 17559 18785]
Best Parameters: (chisq=0.0192)
[0.90042067 0.89045013 0.11255083 0.01449012 0.00983149 0.02139924]

[:::::     ]  50.0% completed  (Sat May 10 15:50:30 2025)
Out-of-bound Trials:
[  891  9525 11232 14158 22118 23536]
Best Parameters: (chisq=0.0104)
[0.90069805 0.89656402 0.09773388 0.00358253 0.79738783 0.15679702]

[::::::    ]  60.0% completed  (Sat May 10 15:50:30 2025)
Out-of-bound Trials:
[ 1058 11908 13483 16972 26751 28280]
Best Parameters: (chisq=0.0104)
[0.90069805 0.89656402 0.09773388 0.00358253 0.79738783 0.15679702]

[:::::::   ]  70.0% completed  (Sat May 10 15:50:31 2025)
Out-of-bound Trials:
[ 1225 14442 15885 19733 31367 32985]
Best Parameters: (chisq=0.0104)
[0.90069805 0.89656402 0.09773388 0.00358253 0.79738783 0.15679702]

[::::::::  ]  80.0% completed  (Sat May 10 15:50:31 2025)
Out-of-bound Trials:
[ 1393 17144 18346 22544 35909 37738]
Best Parameters: (chisq=0.0104)
[0.90069805 0.89656402 0.09773388 0.00358253 0.79738783 0.15679702]

[::::::::: ]  90.0% completed  (Sat May 10 15:50:32 2025)
Out-of-bound Trials:
[ 1537 19682 20391 25658 40415 42479]
Best Parameters: (chisq=0.0104)
[0.90069805 0.89656402 0.09773388 0.00358253 0.79738783 0.15679702]

[::::::::::] 100.0% completed  (Sat May 10 15:50:32 2025)
Out-of-bound Trials:
[ 1674 22378 22626 28699 45048 47311]
Best Parameters: (chisq=0.0104)
[0.90069805 0.89656402 0.09773388 0.00358253 0.79738783 0.15679702]

MCMC Summary:
-------------
  Number of evaluated samples:        200000
  Number of parallel chains:               5
  Average iterations per chain:        40000
  Burned-in iterations per chain:       2000
  Thinning factor:                         1
  MCMC sample size (thinned, burned): 190000
  Acceptance rate:   12.09%

Parameter name     best fit   median      1sigma_low   1sigma_hi        S/N
--------------- -----------  -----------------------------------  ---------
w                9.0070e-01   8.9530e-01 -6.4932e-02  1.1800e-02       22.3
b                8.9656e-01   8.7780e-01 -3.9444e-01  3.1180e-02        4.9
c                9.7734e-02   1.4006e-01 -8.4540e-02  9.8717e-02        1.1
dzeta            3.5825e-03   1.1929e-01 -8.2186e-02  1.4499e-01        0.0
B0               7.9739e-01   4.4915e-01 -3.2096e-01  3.5244e-01        2.8
h                1.5680e-01   4.6599e-01 -3.3016e-01  3.5643e-01        0.5

  Best-parameter's chi-squared:        0.0104
  Best-parameter's -2*log(posterior):  0.0104
  Bayesian Information Criterion:     16.2587
  Reduced chi-squared:                 0.0012
  Standard deviation of residuals:  0.000523173

For a detailed summary with all parameter posterior statistics see
/home/tenet/Documents/thesis/scripts/photometry/esa/data/inversion/inv-A1_A3_A4-0.9_0.9_0.1_0_statistics.txt

Output sampler files:
  /home/tenet/Documents/thesis/scripts/photometry/esa/data/inversion/inv-A1_A3_A4-0.9_0.9_0.1_0_statistics.txt
  /home/tenet/Documents/thesis/scripts/photometry/esa/data/inversion/inv-A1_A3_A4-0.9_0.9_0.1_0.npz
  /home/tenet/Documents/thesis/scripts/photometry/esa/data/inversion/inv-A1_A3_A4-0.9_0.9_0.1_0.log
