
::::::::::::::::::::::::::::::::::::::::::::::::::::::::::::::::::::::
  Multi-core Markov-chain Monte Carlo (mc3).
  Version 3.2.1.
  Copyright (c) 2015-2025 Patricio Cubillos and collaborators.
  mc3 is open-source software under the MIT license (see LICENSE).
::::::::::::::::::::::::::::::::::::::::::::::::::::::::::::::::::::::

Start MCMC chains  (Sat May 10 15:31:48 2025)

[:         ]  10.0% completed  (Sat May 10 15:31:48 2025)
Out-of-bound Trials:
[1773 4118 4094 4127 4347 4299]
Best Parameters: (chisq=0.0021)
[0.0652873  0.22709147 0.4297767  0.1623695  0.34220759 0.30043353]

[::        ]  20.0% completed  (Sat May 10 15:31:49 2025)
Out-of-bound Trials:
[3672 8726 8499 8826 8807 8861]
Best Parameters: (chisq=0.0021)
[0.0652873  0.22709147 0.4297767  0.1623695  0.34220759 0.30043353]

[:::       ]  30.0% completed  (Sat May 10 15:31:49 2025)
Out-of-bound Trials:
[ 5848 13340 12637 13301 13379 13398]
Best Parameters: (chisq=0.0003)
[0.05348731 0.17894849 0.32525594 0.33558209 0.93793258 0.7610447 ]

[::::      ]  40.0% completed  (Sat May 10 15:31:50 2025)
Out-of-bound Trials:
[ 7901 18102 16818 17592 17775 18115]
Best Parameters: (chisq=0.0003)
[0.05348731 0.17894849 0.32525594 0.33558209 0.93793258 0.7610447 ]

[:::::     ]  50.0% completed  (Sat May 10 15:31:50 2025)
Out-of-bound Trials:
[10029 22802 21101 22064 22376 22480]
Best Parameters: (chisq=0.0003)
[0.05348731 0.17894849 0.32525594 0.33558209 0.93793258 0.7610447 ]

[::::::    ]  60.0% completed  (Sat May 10 15:31:51 2025)
Out-of-bound Trials:
[12307 27376 25332 26456 26867 27098]
Best Parameters: (chisq=0.0003)
[0.05348731 0.17894849 0.32525594 0.33558209 0.93793258 0.7610447 ]

[:::::::   ]  70.0% completed  (Sat May 10 15:31:51 2025)
Out-of-bound Trials:
[14323 32179 29528 30910 31437 31669]
Best Parameters: (chisq=0.0003)
[0.05348731 0.17894849 0.32525594 0.33558209 0.93793258 0.7610447 ]

[::::::::  ]  80.0% completed  (Sat May 10 15:31:51 2025)
Out-of-bound Trials:
[16254 36952 33830 35350 36037 36264]
Best Parameters: (chisq=0.0003)
[0.05348731 0.17894849 0.32525594 0.33558209 0.93793258 0.7610447 ]

[::::::::: ]  90.0% completed  (Sat May 10 15:31:52 2025)
Out-of-bound Trials:
[18253 41671 38024 39879 40661 40878]
Best Parameters: (chisq=0.0003)
[0.05348731 0.17894849 0.32525594 0.33558209 0.93793258 0.7610447 ]

[::::::::::] 100.0% completed  (Sat May 10 15:31:52 2025)
Out-of-bound Trials:
[20231 46479 42435 44376 45133 45557]
Best Parameters: (chisq=0.0003)
[0.05348731 0.17894849 0.32525594 0.33558209 0.93793258 0.7610447 ]

MCMC Summary:
-------------
  Number of evaluated samples:        200000
  Number of parallel chains:               5
  Average iterations per chain:        40000
  Burned-in iterations per chain:       2000
  Thinning factor:                         1
  MCMC sample size (thinned, burned): 190000
  Acceptance rate:   14.57%

Parameter name     best fit   median      1sigma_low   1sigma_hi        S/N
--------------- -----------  -----------------------------------  ---------
w                5.3487e-02   1.3597e-01 -6.8328e-02  1.3198e-01        0.6
b                1.7895e-01   6.4616e-01 -4.1924e-01  2.6056e-01        0.6
c                3.2526e-01   4.2626e-01 -2.9153e-01  3.6356e-01        1.2
dzeta            3.3558e-01   5.3565e-01 -3.5143e-01  3.2049e-01        1.2
B0               9.3793e-01   4.7824e-01 -3.3380e-01  3.4990e-01        3.2
h                7.6104e-01   4.8665e-01 -3.4044e-01  3.4707e-01        2.6

  Best-parameter's chi-squared:       0.0003
  Best-parameter's -2*log(posterior): 0.0003
  Bayesian Information Criterion:     9.6569
  Reduced chi-squared:                   nan
  Standard deviation of residuals:  7.04207e-05

For a detailed summary with all parameter posterior statistics see
/home/tenet/Documents/thesis/scripts/photometry/esa/data/inversion/inv-A5-0.3_0.9_0.1_30_statistics.txt

Output sampler files:
  /home/tenet/Documents/thesis/scripts/photometry/esa/data/inversion/inv-A5-0.3_0.9_0.1_30_statistics.txt
  /home/tenet/Documents/thesis/scripts/photometry/esa/data/inversion/inv-A5-0.3_0.9_0.1_30.npz
  /home/tenet/Documents/thesis/scripts/photometry/esa/data/inversion/inv-A5-0.3_0.9_0.1_30.log
