
::::::::::::::::::::::::::::::::::::::::::::::::::::::::::::::::::::::
  Multi-core Markov-chain Monte Carlo (mc3).
  Version 3.2.1.
  Copyright (c) 2015-2025 Patricio Cubillos and collaborators.
  mc3 is open-source software under the MIT license (see LICENSE).
::::::::::::::::::::::::::::::::::::::::::::::::::::::::::::::::::::::

Start MCMC chains  (Sat May 10 15:33:19 2025)

[:         ]  10.0% completed  (Sat May 10 15:33:19 2025)
Out-of-bound Trials:
[1852 1410  581 2003 3980 3866]
Best Parameters: (chisq=0.0417)
[0.89948746 0.32088244 0.50475732 0.06468617 0.38775907 0.8729092 ]

[::        ]  20.0% completed  (Sat May 10 15:33:20 2025)
Out-of-bound Trials:
[3815 2919 1343 4128 8082 8246]
Best Parameters: (chisq=0.0195)
[0.86143923 0.29578258 0.43979871 0.09396162 0.79081727 0.89754005]

[:::       ]  30.0% completed  (Sat May 10 15:33:20 2025)
Out-of-bound Trials:
[ 5673  4497  2119  6371 12510 12507]
Best Parameters: (chisq=0.0156)
[0.91221951 0.30729374 0.53177859 0.02398194 0.36136239 0.3912931 ]

[::::      ]  40.0% completed  (Sat May 10 15:33:21 2025)
Out-of-bound Trials:
[ 8059  6295  3195  8138 16643 16947]
Best Parameters: (chisq=0.0156)
[0.91221951 0.30729374 0.53177859 0.02398194 0.36136239 0.3912931 ]

[:::::     ]  50.0% completed  (Sat May 10 15:33:21 2025)
Out-of-bound Trials:
[10243  8124  4365 10121 21034 21445]
Best Parameters: (chisq=0.0156)
[0.91221951 0.30729374 0.53177859 0.02398194 0.36136239 0.3912931 ]

[::::::    ]  60.0% completed  (Sat May 10 15:33:22 2025)
Out-of-bound Trials:
[12282  9642  5182 12305 25523 25800]
Best Parameters: (chisq=0.0156)
[0.91221951 0.30729374 0.53177859 0.02398194 0.36136239 0.3912931 ]

[:::::::   ]  70.0% completed  (Sat May 10 15:33:22 2025)
Out-of-bound Trials:
[14158 11297  6047 14376 30049 30262]
Best Parameters: (chisq=0.0156)
[0.91221951 0.30729374 0.53177859 0.02398194 0.36136239 0.3912931 ]

[::::::::  ]  80.0% completed  (Sat May 10 15:33:23 2025)
Out-of-bound Trials:
[16196 12951  7229 16507 34418 34353]
Best Parameters: (chisq=0.0156)
[0.91221951 0.30729374 0.53177859 0.02398194 0.36136239 0.3912931 ]

[::::::::: ]  90.0% completed  (Sat May 10 15:33:23 2025)
Out-of-bound Trials:
[18212 14580  8277 18525 38736 38773]
Best Parameters: (chisq=0.0156)
[0.91221951 0.30729374 0.53177859 0.02398194 0.36136239 0.3912931 ]

[::::::::::] 100.0% completed  (Sat May 10 15:33:24 2025)
Out-of-bound Trials:
[20289 16489  9417 20608 43291 43173]
Best Parameters: (chisq=0.0156)
[0.91221951 0.30729374 0.53177859 0.02398194 0.36136239 0.3912931 ]

MCMC Summary:
-------------
  Number of evaluated samples:        200000
  Number of parallel chains:               5
  Average iterations per chain:        40000
  Burned-in iterations per chain:       2000
  Thinning factor:                         1
  MCMC sample size (thinned, burned): 190000
  Acceptance rate:   12.43%

Parameter name     best fit   median      1sigma_low   1sigma_hi        S/N
--------------- -----------  -----------------------------------  ---------
w                9.1222e-01   9.3606e-01 -3.9717e-02  3.9326e-02       24.6
b                3.0729e-01   2.1162e-01 -1.3223e-01  9.8178e-02        3.0
c                5.3178e-01   5.1053e-01 -1.4998e-01  1.5717e-01        3.0
dzeta            2.3982e-02   1.5857e-01 -1.0450e-01  8.3331e-02        0.3
B0               3.6136e-01   5.6619e-01 -3.5378e-01  2.9660e-01        1.3
h                3.9129e-01   5.0136e-01 -3.2419e-01  3.4616e-01        1.4

  Best-parameter's chi-squared:        0.0156
  Best-parameter's -2*log(posterior):  0.0156
  Bayesian Information Criterion:     13.8311
  Reduced chi-squared:                 0.0039
  Standard deviation of residuals:  0.00295649

For a detailed summary with all parameter posterior statistics see
/home/tenet/Documents/thesis/scripts/photometry/esa/data/inversion/inv-A1_A2-0.9_0.3_0.5_0_statistics.txt

Output sampler files:
  /home/tenet/Documents/thesis/scripts/photometry/esa/data/inversion/inv-A1_A2-0.9_0.3_0.5_0_statistics.txt
  /home/tenet/Documents/thesis/scripts/photometry/esa/data/inversion/inv-A1_A2-0.9_0.3_0.5_0.npz
  /home/tenet/Documents/thesis/scripts/photometry/esa/data/inversion/inv-A1_A2-0.9_0.3_0.5_0.log
