
::::::::::::::::::::::::::::::::::::::::::::::::::::::::::::::::::::::
  Multi-core Markov-chain Monte Carlo (mc3).
  Version 3.2.1.
  Copyright (c) 2015-2025 Patricio Cubillos and collaborators.
  mc3 is open-source software under the MIT license (see LICENSE).
::::::::::::::::::::::::::::::::::::::::::::::::::::::::::::::::::::::

Start MCMC chains  (Sat May 10 15:56:36 2025)

[:         ]  10.0% completed  (Sat May 10 15:56:37 2025)
Out-of-bound Trials:
[   4  331   36 3004 4055 3879]
Best Parameters: (chisq=0.0072)
[0.30224895 0.89418367 0.09800162 0.09200645 0.68831855 0.15011329]

[::        ]  20.0% completed  (Sat May 10 15:56:37 2025)
Out-of-bound Trials:
[   9 1127  207 6546 8862 8762]
Best Parameters: (chisq=0.0072)
[0.30224895 0.89418367 0.09800162 0.09200645 0.68831855 0.15011329]

[:::       ]  30.0% completed  (Sat May 10 15:56:38 2025)
Out-of-bound Trials:
[   13  2251   728 10217 13623 13273]
Best Parameters: (chisq=0.0072)
[0.30224895 0.89418367 0.09800162 0.09200645 0.68831855 0.15011329]

[::::      ]  40.0% completed  (Sat May 10 15:56:38 2025)
Out-of-bound Trials:
[   18  3317  1229 13645 18466 18091]
Best Parameters: (chisq=0.0072)
[0.30224895 0.89418367 0.09800162 0.09200645 0.68831855 0.15011329]

[:::::     ]  50.0% completed  (Sat May 10 15:56:39 2025)
Out-of-bound Trials:
[   21  3983  1893 17163 23165 22720]
Best Parameters: (chisq=0.0072)
[0.30224895 0.89418367 0.09800162 0.09200645 0.68831855 0.15011329]

[::::::    ]  60.0% completed  (Sat May 10 15:56:39 2025)
Out-of-bound Trials:
[   23  4729  2541 20797 27734 27254]
Best Parameters: (chisq=0.0072)
[0.30224895 0.89418367 0.09800162 0.09200645 0.68831855 0.15011329]

[:::::::   ]  70.0% completed  (Sat May 10 15:56:40 2025)
Out-of-bound Trials:
[   33  5456  3147 24540 32146 31886]
Best Parameters: (chisq=0.0072)
[0.30224895 0.89418367 0.09800162 0.09200645 0.68831855 0.15011329]

[::::::::  ]  80.0% completed  (Sat May 10 15:56:40 2025)
Out-of-bound Trials:
[   41  6476  3791 28173 36863 36570]
Best Parameters: (chisq=0.0040)
[0.301474   0.89529665 0.10585354 0.08120418 0.51199475 0.16100624]

[::::::::: ]  90.0% completed  (Sat May 10 15:56:41 2025)
Out-of-bound Trials:
[   49  7044  4429 31702 41599 41479]
Best Parameters: (chisq=0.0040)
[0.301474   0.89529665 0.10585354 0.08120418 0.51199475 0.16100624]

[::::::::::] 100.0% completed  (Sat May 10 15:56:41 2025)
Out-of-bound Trials:
[   57  7804  5033 35074 46212 46303]
Best Parameters: (chisq=0.0040)
[0.301474   0.89529665 0.10585354 0.08120418 0.51199475 0.16100624]

MCMC Summary:
-------------
  Number of evaluated samples:        200000
  Number of parallel chains:               5
  Average iterations per chain:        40000
  Burned-in iterations per chain:       2000
  Thinning factor:                         1
  MCMC sample size (thinned, burned): 190000
  Acceptance rate:   12.75%

Parameter name     best fit   median      1sigma_low   1sigma_hi        S/N
--------------- -----------  -----------------------------------  ---------
w                3.0147e-01   3.2434e-01 -3.9983e-02  4.1399e-02        7.3
b                8.9530e-01   9.0252e-01 -3.2689e-02  4.6789e-02       24.1
c                1.0585e-01   1.2136e-01 -2.8721e-02  4.6677e-02        1.8
dzeta            8.1204e-02   2.7605e-01 -1.8744e-01  2.9935e-01        0.4
B0               5.1199e-01   4.3711e-01 -3.1651e-01  3.6402e-01        1.8
h                1.6101e-01   4.9277e-01 -3.4257e-01  3.4952e-01        0.6

  Best-parameter's chi-squared:        0.0040
  Best-parameter's -2*log(posterior):  0.0040
  Bayesian Information Criterion:     16.2523
  Reduced chi-squared:                 0.0004
  Standard deviation of residuals:  0.000584284

For a detailed summary with all parameter posterior statistics see
/home/tenet/Documents/thesis/scripts/photometry/esa/data/inversion/inv-A2_A4_A5-0.3_0.9_0.1_0_statistics.txt

Output sampler files:
  /home/tenet/Documents/thesis/scripts/photometry/esa/data/inversion/inv-A2_A4_A5-0.3_0.9_0.1_0_statistics.txt
  /home/tenet/Documents/thesis/scripts/photometry/esa/data/inversion/inv-A2_A4_A5-0.3_0.9_0.1_0.npz
  /home/tenet/Documents/thesis/scripts/photometry/esa/data/inversion/inv-A2_A4_A5-0.3_0.9_0.1_0.log
