
::::::::::::::::::::::::::::::::::::::::::::::::::::::::::::::::::::::
  Multi-core Markov-chain Monte Carlo (mc3).
  Version 3.2.1.
  Copyright (c) 2015-2025 Patricio Cubillos and collaborators.
  mc3 is open-source software under the MIT license (see LICENSE).
::::::::::::::::::::::::::::::::::::::::::::::::::::::::::::::::::::::

Start MCMC chains  (Sat May 10 15:30:34 2025)

[:         ]  10.0% completed  (Sat May 10 15:30:34 2025)
Out-of-bound Trials:
[1481 4331 3376 4218 4342 4512]
Best Parameters: (chisq=0.0143)
[0.29935389 0.89070459 0.07925485 0.21320447 0.90093578 0.20072357]

[::        ]  20.0% completed  (Sat May 10 15:30:35 2025)
Out-of-bound Trials:
[3136 9557 7368 8748 8748 8810]
Best Parameters: (chisq=0.0021)
[0.30379364 0.90650472 0.09336636 0.07755854 0.60730169 0.56057774]

[:::       ]  30.0% completed  (Sat May 10 15:30:35 2025)
Out-of-bound Trials:
[ 4725 14950 11639 13195 13078 13368]
Best Parameters: (chisq=0.0021)
[0.30379364 0.90650472 0.09336636 0.07755854 0.60730169 0.56057774]

[::::      ]  40.0% completed  (Sat May 10 15:30:35 2025)
Out-of-bound Trials:
[ 6463 20569 15930 17820 17736 17796]
Best Parameters: (chisq=0.0021)
[0.30379364 0.90650472 0.09336636 0.07755854 0.60730169 0.56057774]

[:::::     ]  50.0% completed  (Sat May 10 15:30:36 2025)
Out-of-bound Trials:
[ 8469 25819 20014 22068 22159 22356]
Best Parameters: (chisq=0.0021)
[0.30379364 0.90650472 0.09336636 0.07755854 0.60730169 0.56057774]

[::::::    ]  60.0% completed  (Sat May 10 15:30:36 2025)
Out-of-bound Trials:
[10196 31314 24529 26653 26663 27130]
Best Parameters: (chisq=0.0021)
[0.30379364 0.90650472 0.09336636 0.07755854 0.60730169 0.56057774]

[:::::::   ]  70.0% completed  (Sat May 10 15:30:37 2025)
Out-of-bound Trials:
[12297 36472 28715 30874 31057 31603]
Best Parameters: (chisq=0.0021)
[0.30379364 0.90650472 0.09336636 0.07755854 0.60730169 0.56057774]

[::::::::  ]  80.0% completed  (Sat May 10 15:30:37 2025)
Out-of-bound Trials:
[14221 42050 32730 35191 35578 36051]
Best Parameters: (chisq=0.0021)
[0.30379364 0.90650472 0.09336636 0.07755854 0.60730169 0.56057774]

[::::::::: ]  90.0% completed  (Sat May 10 15:30:38 2025)
Out-of-bound Trials:
[16102 47241 36908 39583 40018 40687]
Best Parameters: (chisq=0.0021)
[0.30379364 0.90650472 0.09336636 0.07755854 0.60730169 0.56057774]

[::::::::::] 100.0% completed  (Sat May 10 15:30:38 2025)
Out-of-bound Trials:
[17845 52656 41062 43742 44552 45128]
Best Parameters: (chisq=0.0021)
[0.30379364 0.90650472 0.09336636 0.07755854 0.60730169 0.56057774]

MCMC Summary:
-------------
  Number of evaluated samples:        200000
  Number of parallel chains:               5
  Average iterations per chain:        40000
  Burned-in iterations per chain:       2000
  Thinning factor:                         1
  MCMC sample size (thinned, burned): 190000
  Acceptance rate:   11.04%

Parameter name     best fit   median      1sigma_low   1sigma_hi        S/N
--------------- -----------  -----------------------------------  ---------
w                3.0379e-01   1.3341e-01 -5.0002e-02  1.6621e-01        3.0
b                9.0650e-01   4.4658e-01 -3.1801e-01  4.5409e-01        2.9
c                9.3366e-02   2.4204e-01 -1.6322e-01  3.7299e-01        0.4
dzeta            7.7559e-02   4.8945e-01 -3.3348e-01  3.3162e-01        0.3
B0               6.0730e-01   4.7256e-01 -3.2326e-01  3.4171e-01        2.1
h                5.6058e-01   4.7676e-01 -3.2682e-01  3.5376e-01        1.9

  Best-parameter's chi-squared:       0.0021
  Best-parameter's -2*log(posterior): 0.0021
  Bayesian Information Criterion:     9.6588
  Reduced chi-squared:                   nan
  Standard deviation of residuals:  0.000202038

For a detailed summary with all parameter posterior statistics see
/home/tenet/Documents/thesis/scripts/photometry/esa/data/inversion/inv-A4-0.3_0.9_0.1_0_statistics.txt

Output sampler files:
  /home/tenet/Documents/thesis/scripts/photometry/esa/data/inversion/inv-A4-0.3_0.9_0.1_0_statistics.txt
  /home/tenet/Documents/thesis/scripts/photometry/esa/data/inversion/inv-A4-0.3_0.9_0.1_0.npz
  /home/tenet/Documents/thesis/scripts/photometry/esa/data/inversion/inv-A4-0.3_0.9_0.1_0.log
