
::::::::::::::::::::::::::::::::::::::::::::::::::::::::::::::::::::::
  Multi-core Markov-chain Monte Carlo (mc3).
  Version 3.2.1.
  Copyright (c) 2015-2025 Patricio Cubillos and collaborators.
  mc3 is open-source software under the MIT license (see LICENSE).
::::::::::::::::::::::::::::::::::::::::::::::::::::::::::::::::::::::

Start MCMC chains  (Sat May 10 15:37:11 2025)

[:         ]  10.0% completed  (Sat May 10 15:37:11 2025)
Out-of-bound Trials:
[ 637 2334 3607   84 4778 4013]
Best Parameters: (chisq=0.0200)
[0.90458052 0.31772078 0.40150471 0.70807367 0.74061539 0.5428626 ]

[::        ]  20.0% completed  (Sat May 10 15:37:12 2025)
Out-of-bound Trials:
[1645 4842 7405  239 9220 8539]
Best Parameters: (chisq=0.0200)
[0.90458052 0.31772078 0.40150471 0.70807367 0.74061539 0.5428626 ]

[:::       ]  30.0% completed  (Sat May 10 15:37:12 2025)
Out-of-bound Trials:
[ 2852  7913 11553   350 13430 13161]
Best Parameters: (chisq=0.0200)
[0.90458052 0.31772078 0.40150471 0.70807367 0.74061539 0.5428626 ]

[::::      ]  40.0% completed  (Sat May 10 15:37:13 2025)
Out-of-bound Trials:
[ 3725 11156 15660   476 17796 17732]
Best Parameters: (chisq=0.0200)
[0.90458052 0.31772078 0.40150471 0.70807367 0.74061539 0.5428626 ]

[:::::     ]  50.0% completed  (Sat May 10 15:37:13 2025)
Out-of-bound Trials:
[ 4731 14607 19932   587 22394 22069]
Best Parameters: (chisq=0.0200)
[0.90458052 0.31772078 0.40150471 0.70807367 0.74061539 0.5428626 ]

[::::::    ]  60.0% completed  (Sat May 10 15:37:14 2025)
Out-of-bound Trials:
[ 5703 17933 24256   746 26895 26781]
Best Parameters: (chisq=0.0200)
[0.90458052 0.31772078 0.40150471 0.70807367 0.74061539 0.5428626 ]

[:::::::   ]  70.0% completed  (Sat May 10 15:37:14 2025)
Out-of-bound Trials:
[ 7085 21283 28801   904 31390 31262]
Best Parameters: (chisq=0.0200)
[0.90458052 0.31772078 0.40150471 0.70807367 0.74061539 0.5428626 ]

[::::::::  ]  80.0% completed  (Sat May 10 15:37:14 2025)
Out-of-bound Trials:
[ 8248 24716 33138  1083 35886 35754]
Best Parameters: (chisq=0.0200)
[0.90458052 0.31772078 0.40150471 0.70807367 0.74061539 0.5428626 ]

[::::::::: ]  90.0% completed  (Sat May 10 15:37:15 2025)
Out-of-bound Trials:
[ 9263 28183 37242  1196 40351 40201]
Best Parameters: (chisq=0.0200)
[0.90458052 0.31772078 0.40150471 0.70807367 0.74061539 0.5428626 ]

[::::::::::] 100.0% completed  (Sat May 10 15:37:15 2025)
Out-of-bound Trials:
[10398 31868 41260  1355 44926 44661]
Best Parameters: (chisq=0.0200)
[0.90458052 0.31772078 0.40150471 0.70807367 0.74061539 0.5428626 ]

MCMC Summary:
-------------
  Number of evaluated samples:        200000
  Number of parallel chains:               5
  Average iterations per chain:        40000
  Burned-in iterations per chain:       2000
  Thinning factor:                         1
  MCMC sample size (thinned, burned): 190000
  Acceptance rate:   11.97%

Parameter name     best fit   median      1sigma_low   1sigma_hi        S/N
--------------- -----------  -----------------------------------  ---------
w                9.0458e-01   9.0095e-01 -4.4469e-02  5.1413e-02       20.6
b                3.1772e-01   2.9114e-01 -1.7839e-01  2.8313e-01        1.3
c                4.0150e-01   5.4647e-01 -3.4667e-01  3.0904e-01        1.4
dzeta            7.0807e-01   6.3542e-01 -9.9942e-02  1.1861e-01        7.0
B0               7.4062e-01   5.1951e-01 -3.4703e-01  3.3329e-01        2.6
h                5.4286e-01   5.1054e-01 -3.4474e-01  3.3430e-01        1.9

  Best-parameter's chi-squared:        0.0200
  Best-parameter's -2*log(posterior):  0.0200
  Bayesian Information Criterion:     13.8355
  Reduced chi-squared:                 0.0050
  Standard deviation of residuals:  0.00105066

For a detailed summary with all parameter posterior statistics see
/home/tenet/Documents/thesis/scripts/photometry/esa/data/inversion/inv-A1_A5-0.9_0.3_0.5_30_statistics.txt

Output sampler files:
  /home/tenet/Documents/thesis/scripts/photometry/esa/data/inversion/inv-A1_A5-0.9_0.3_0.5_30_statistics.txt
  /home/tenet/Documents/thesis/scripts/photometry/esa/data/inversion/inv-A1_A5-0.9_0.3_0.5_30.npz
  /home/tenet/Documents/thesis/scripts/photometry/esa/data/inversion/inv-A1_A5-0.9_0.3_0.5_30.log
