
::::::::::::::::::::::::::::::::::::::::::::::::::::::::::::::::::::::
  Multi-core Markov-chain Monte Carlo (mc3).
  Version 3.2.1.
  Copyright (c) 2015-2025 Patricio Cubillos and collaborators.
  mc3 is open-source software under the MIT license (see LICENSE).
::::::::::::::::::::::::::::::::::::::::::::::::::::::::::::::::::::::

Start MCMC chains  (Sat May 10 15:28:05 2025)

[:         ]  10.0% completed  (Sat May 10 15:28:06 2025)
Out-of-bound Trials:
[  68 2709 4133 2115 4539 4547]
Best Parameters: (chisq=0.0192)
[0.28205627 0.24885979 0.57886652 0.10249614 0.7622095  0.29636539]

[::        ]  20.0% completed  (Sat May 10 15:28:06 2025)
Out-of-bound Trials:
[ 121 5671 8651 3872 9167 9383]
Best Parameters: (chisq=0.0192)
[0.28205627 0.24885979 0.57886652 0.10249614 0.7622095  0.29636539]

[:::       ]  30.0% completed  (Sat May 10 15:28:06 2025)
Out-of-bound Trials:
[  168  8531 13201  5433 13778 14145]
Best Parameters: (chisq=0.0192)
[0.28205627 0.24885979 0.57886652 0.10249614 0.7622095  0.29636539]

[::::      ]  40.0% completed  (Sat May 10 15:28:07 2025)
Out-of-bound Trials:
[  238 11430 18064  7197 18324 18946]
Best Parameters: (chisq=0.0192)
[0.28205627 0.24885979 0.57886652 0.10249614 0.7622095  0.29636539]

[:::::     ]  50.0% completed  (Sat May 10 15:28:07 2025)
Out-of-bound Trials:
[  295 14252 22763  8993 22829 23688]
Best Parameters: (chisq=0.0192)
[0.28205627 0.24885979 0.57886652 0.10249614 0.7622095  0.29636539]

[::::::    ]  60.0% completed  (Sat May 10 15:28:08 2025)
Out-of-bound Trials:
[  355 16863 27294 10954 27597 28477]
Best Parameters: (chisq=0.0192)
[0.28205627 0.24885979 0.57886652 0.10249614 0.7622095  0.29636539]

[:::::::   ]  70.0% completed  (Sat May 10 15:28:08 2025)
Out-of-bound Trials:
[  427 19466 32187 13027 32167 33069]
Best Parameters: (chisq=0.0192)
[0.28205627 0.24885979 0.57886652 0.10249614 0.7622095  0.29636539]

[::::::::  ]  80.0% completed  (Sat May 10 15:28:09 2025)
Out-of-bound Trials:
[  493 22327 37029 14772 36642 37453]
Best Parameters: (chisq=0.0192)
[0.28205627 0.24885979 0.57886652 0.10249614 0.7622095  0.29636539]

[::::::::: ]  90.0% completed  (Sat May 10 15:28:09 2025)
Out-of-bound Trials:
[  544 25249 41743 16877 41333 42511]
Best Parameters: (chisq=0.0100)
[0.38012589 0.35287333 0.41836961 0.05833312 0.135926   0.09269801]

[::::::::::] 100.0% completed  (Sat May 10 15:28:09 2025)
Out-of-bound Trials:
[  613 28269 46363 18679 45975 47235]
Best Parameters: (chisq=0.0100)
[0.38012589 0.35287333 0.41836961 0.05833312 0.135926   0.09269801]

MCMC Summary:
-------------
  Number of evaluated samples:        200000
  Number of parallel chains:               5
  Average iterations per chain:        40000
  Burned-in iterations per chain:       2000
  Thinning factor:                         1
  MCMC sample size (thinned, burned): 190000
  Acceptance rate:   9.25%

Parameter name     best fit   median      1sigma_low   1sigma_hi        S/N
--------------- -----------  -----------------------------------  ---------
w                3.8013e-01   4.5981e-01 -1.2341e-01  1.1876e-01        3.3
b                3.5287e-01   1.7168e-01 -1.2220e-01  1.5010e-01        2.7
c                4.1837e-01   3.9310e-01 -2.9061e-01  3.8901e-01        1.4
dzeta            5.8333e-02   3.3807e-01 -1.9490e-01  1.8102e-01        0.3
B0               1.3593e-01   4.4068e-01 -3.1429e-01  3.5819e-01        0.5
h                9.2698e-02   5.0718e-01 -3.5805e-01  3.4211e-01        0.3

  Best-parameter's chi-squared:       0.0100
  Best-parameter's -2*log(posterior): 0.0100
  Bayesian Information Criterion:     9.6666
  Reduced chi-squared:                   nan
  Standard deviation of residuals:  0.00133727

For a detailed summary with all parameter posterior statistics see
/home/tenet/Documents/thesis/scripts/photometry/esa/data/inversion/inv-A2-0.3_0.3_0.5_0_statistics.txt

Output sampler files:
  /home/tenet/Documents/thesis/scripts/photometry/esa/data/inversion/inv-A2-0.3_0.3_0.5_0_statistics.txt
  /home/tenet/Documents/thesis/scripts/photometry/esa/data/inversion/inv-A2-0.3_0.3_0.5_0.npz
  /home/tenet/Documents/thesis/scripts/photometry/esa/data/inversion/inv-A2-0.3_0.3_0.5_0.log
