
::::::::::::::::::::::::::::::::::::::::::::::::::::::::::::::::::::::
  Multi-core Markov-chain Monte Carlo (mc3).
  Version 3.2.1.
  Copyright (c) 2015-2025 Patricio Cubillos and collaborators.
  mc3 is open-source software under the MIT license (see LICENSE).
::::::::::::::::::::::::::::::::::::::::::::::::::::::::::::::::::::::

Start MCMC chains  (Sat May 10 15:49:19 2025)

[:         ]  10.0% completed  (Sat May 10 15:49:19 2025)
Out-of-bound Trials:
[   1   12 1754 2617 4265 4245]
Best Parameters: (chisq=0.0486)
[0.28891362 0.29394473 0.89337381 0.09216791 0.53649509 0.756561  ]

[::        ]  20.0% completed  (Sat May 10 15:49:20 2025)
Out-of-bound Trials:
[   1   22 3312 5057 8867 8626]
Best Parameters: (chisq=0.0225)
[0.3185272  0.30477076 0.921904   0.05582216 0.37618015 0.29763747]

[:::       ]  30.0% completed  (Sat May 10 15:49:20 2025)
Out-of-bound Trials:
[    1    32  5030  7731 13548 13259]
Best Parameters: (chisq=0.0119)
[0.29768632 0.29360265 0.89751777 0.03605035 0.59456448 0.41126387]

[::::      ]  40.0% completed  (Sat May 10 15:49:21 2025)
Out-of-bound Trials:
[    1    56  6732 10195 18176 17676]
Best Parameters: (chisq=0.0119)
[0.29768632 0.29360265 0.89751777 0.03605035 0.59456448 0.41126387]

[:::::     ]  50.0% completed  (Sat May 10 15:49:21 2025)
Out-of-bound Trials:
[    1    72  8449 12656 22948 22042]
Best Parameters: (chisq=0.0119)
[0.29768632 0.29360265 0.89751777 0.03605035 0.59456448 0.41126387]

[::::::    ]  60.0% completed  (Sat May 10 15:49:22 2025)
Out-of-bound Trials:
[    1    84  9921 15300 27455 26674]
Best Parameters: (chisq=0.0119)
[0.29768632 0.29360265 0.89751777 0.03605035 0.59456448 0.41126387]

[:::::::   ]  70.0% completed  (Sat May 10 15:49:22 2025)
Out-of-bound Trials:
[    1    95 11694 17745 32112 31321]
Best Parameters: (chisq=0.0119)
[0.29768632 0.29360265 0.89751777 0.03605035 0.59456448 0.41126387]

[::::::::  ]  80.0% completed  (Sat May 10 15:49:23 2025)
Out-of-bound Trials:
[    1   103 13111 20450 36653 35831]
Best Parameters: (chisq=0.0119)
[0.29768632 0.29360265 0.89751777 0.03605035 0.59456448 0.41126387]

[::::::::: ]  90.0% completed  (Sat May 10 15:49:23 2025)
Out-of-bound Trials:
[    1   124 14622 23316 41324 40417]
Best Parameters: (chisq=0.0119)
[0.29768632 0.29360265 0.89751777 0.03605035 0.59456448 0.41126387]

[::::::::::] 100.0% completed  (Sat May 10 15:49:24 2025)
Out-of-bound Trials:
[    3   138 16194 26130 45994 45194]
Best Parameters: (chisq=0.0119)
[0.29768632 0.29360265 0.89751777 0.03605035 0.59456448 0.41126387]

MCMC Summary:
-------------
  Number of evaluated samples:        200000
  Number of parallel chains:               5
  Average iterations per chain:        40000
  Burned-in iterations per chain:       2000
  Thinning factor:                         1
  MCMC sample size (thinned, burned): 190000
  Acceptance rate:   16.68%

Parameter name     best fit   median      1sigma_low   1sigma_hi        S/N
--------------- -----------  -----------------------------------  ---------
w                2.9769e-01   3.0765e-01 -3.1040e-02  2.7563e-02       11.1
b                2.9360e-01   2.9596e-01 -3.9351e-02  3.6255e-02        7.8
c                8.9752e-01   9.0620e-01 -5.0701e-02  4.9227e-02       18.8
dzeta            3.6050e-02   8.5567e-02 -5.7860e-02  6.3585e-02        0.6
B0               5.9456e-01   5.2598e-01 -3.4706e-01  3.2278e-01        2.1
h                4.1126e-01   4.9438e-01 -3.2119e-01  3.4288e-01        1.4

  Best-parameter's chi-squared:        0.0119
  Best-parameter's -2*log(posterior):  0.0119
  Bayesian Information Criterion:     16.2602
  Reduced chi-squared:                 0.0013
  Standard deviation of residuals:  0.000214543

For a detailed summary with all parameter posterior statistics see
/home/tenet/Documents/thesis/scripts/photometry/esa/data/inversion/inv-A1_A3_A4-0.3_0.3_0.9_0_statistics.txt

Output sampler files:
  /home/tenet/Documents/thesis/scripts/photometry/esa/data/inversion/inv-A1_A3_A4-0.3_0.3_0.9_0_statistics.txt
  /home/tenet/Documents/thesis/scripts/photometry/esa/data/inversion/inv-A1_A3_A4-0.3_0.3_0.9_0.npz
  /home/tenet/Documents/thesis/scripts/photometry/esa/data/inversion/inv-A1_A3_A4-0.3_0.3_0.9_0.log
