
::::::::::::::::::::::::::::::::::::::::::::::::::::::::::::::::::::::
  Multi-core Markov-chain Monte Carlo (mc3).
  Version 3.2.1.
  Copyright (c) 2015-2025 Patricio Cubillos and collaborators.
  mc3 is open-source software under the MIT license (see LICENSE).
::::::::::::::::::::::::::::::::::::::::::::::::::::::::::::::::::::::

Start MCMC chains  (Sat May 10 15:42:02 2025)

[:         ]  10.0% completed  (Sat May 10 15:42:03 2025)
Out-of-bound Trials:
[1736  665 3167  721 4290 4317]
Best Parameters: (chisq=0.0304)
[0.90535979 0.30064715 0.93594256 0.66126447 0.39086007 0.35104521]

[::        ]  20.0% completed  (Sat May 10 15:42:03 2025)
Out-of-bound Trials:
[4200 1840 6417 1665 8755 8648]
Best Parameters: (chisq=0.0304)
[0.90535979 0.30064715 0.93594256 0.66126447 0.39086007 0.35104521]

[:::       ]  30.0% completed  (Sat May 10 15:42:04 2025)
Out-of-bound Trials:
[ 6330  2805  9920  2649 13309 13037]
Best Parameters: (chisq=0.0304)
[0.90535979 0.30064715 0.93594256 0.66126447 0.39086007 0.35104521]

[::::      ]  40.0% completed  (Sat May 10 15:42:04 2025)
Out-of-bound Trials:
[ 8057  3518 13243  3436 17824 17425]
Best Parameters: (chisq=0.0304)
[0.90535979 0.30064715 0.93594256 0.66126447 0.39086007 0.35104521]

[:::::     ]  50.0% completed  (Sat May 10 15:42:05 2025)
Out-of-bound Trials:
[ 9958  4374 16569  4362 22306 21719]
Best Parameters: (chisq=0.0304)
[0.90535979 0.30064715 0.93594256 0.66126447 0.39086007 0.35104521]

[::::::    ]  60.0% completed  (Sat May 10 15:42:05 2025)
Out-of-bound Trials:
[12532  5502 19901  5336 26933 26215]
Best Parameters: (chisq=0.0304)
[0.90535979 0.30064715 0.93594256 0.66126447 0.39086007 0.35104521]

[:::::::   ]  70.0% completed  (Sat May 10 15:42:06 2025)
Out-of-bound Trials:
[14707  6308 23270  6316 31304 30564]
Best Parameters: (chisq=0.0071)
[0.90153615 0.28861131 0.85903168 0.68205913 0.7655462  0.31837912]

[::::::::  ]  80.0% completed  (Sat May 10 15:42:06 2025)
Out-of-bound Trials:
[16928  7162 26694  7282 35931 35083]
Best Parameters: (chisq=0.0071)
[0.90153615 0.28861131 0.85903168 0.68205913 0.7655462  0.31837912]

[::::::::: ]  90.0% completed  (Sat May 10 15:42:07 2025)
Out-of-bound Trials:
[18636  8079 30238  8215 40389 39382]
Best Parameters: (chisq=0.0071)
[0.90153615 0.28861131 0.85903168 0.68205913 0.7655462  0.31837912]

[::::::::::] 100.0% completed  (Sat May 10 15:42:07 2025)
Out-of-bound Trials:
[20550  8823 33804  9103 44878 43917]
Best Parameters: (chisq=0.0071)
[0.90153615 0.28861131 0.85903168 0.68205913 0.7655462  0.31837912]

MCMC Summary:
-------------
  Number of evaluated samples:        200000
  Number of parallel chains:               5
  Average iterations per chain:        40000
  Burned-in iterations per chain:       2000
  Thinning factor:                         1
  MCMC sample size (thinned, burned): 190000
  Acceptance rate:   14.70%

Parameter name     best fit   median      1sigma_low   1sigma_hi        S/N
--------------- -----------  -----------------------------------  ---------
w                9.0154e-01   9.3432e-01 -4.5853e-02  3.8675e-02       22.5
b                2.8861e-01   3.4778e-01 -1.0922e-01  1.3514e-01        1.9
c                8.5903e-01   7.0890e-01 -3.0830e-01  2.0200e-01        3.8
dzeta            6.8206e-01   7.4461e-01 -1.4314e-01  1.0743e-01        5.8
B0               7.6555e-01   5.2542e-01 -3.5152e-01  3.2935e-01        2.7
h                3.1838e-01   5.1063e-01 -3.3706e-01  3.2953e-01        1.1

  Best-parameter's chi-squared:        0.0071
  Best-parameter's -2*log(posterior):  0.0071
  Bayesian Information Criterion:     13.8226
  Reduced chi-squared:                 0.0018
  Standard deviation of residuals:  0.0010856

For a detailed summary with all parameter posterior statistics see
/home/tenet/Documents/thesis/scripts/photometry/esa/data/inversion/inv-A3_A4-0.9_0.3_0.9_30_statistics.txt

Output sampler files:
  /home/tenet/Documents/thesis/scripts/photometry/esa/data/inversion/inv-A3_A4-0.9_0.3_0.9_30_statistics.txt
  /home/tenet/Documents/thesis/scripts/photometry/esa/data/inversion/inv-A3_A4-0.9_0.3_0.9_30.npz
  /home/tenet/Documents/thesis/scripts/photometry/esa/data/inversion/inv-A3_A4-0.9_0.3_0.9_30.log
