
::::::::::::::::::::::::::::::::::::::::::::::::::::::::::::::::::::::
  Multi-core Markov-chain Monte Carlo (mc3).
  Version 3.2.1.
  Copyright (c) 2015-2025 Patricio Cubillos and collaborators.
  mc3 is open-source software under the MIT license (see LICENSE).
::::::::::::::::::::::::::::::::::::::::::::::::::::::::::::::::::::::

Start MCMC chains  (Sat May 10 15:31:20 2025)

[:         ]  10.0% completed  (Sat May 10 15:31:21 2025)
Out-of-bound Trials:
[  85 2639 2735 4918 4321 3840]
Best Parameters: (chisq=0.0327)
[0.31994405 0.35547308 0.77416806 0.10567251 0.63109993 0.39888471]

[::        ]  20.0% completed  (Sat May 10 15:31:21 2025)
Out-of-bound Trials:
[ 160 5875 5657 9753 8969 8302]
Best Parameters: (chisq=0.0211)
[0.29537172 0.33990312 0.7446178  0.19293484 0.95131406 0.53483716]

[:::       ]  30.0% completed  (Sat May 10 15:31:22 2025)
Out-of-bound Trials:
[  259  9391  8317 14880 13591 12838]
Best Parameters: (chisq=0.0211)
[0.29537172 0.33990312 0.7446178  0.19293484 0.95131406 0.53483716]

[::::      ]  40.0% completed  (Sat May 10 15:31:22 2025)
Out-of-bound Trials:
[  318 12385 11040 19976 18201 17351]
Best Parameters: (chisq=0.0183)
[0.58707524 0.58147715 0.43058906 0.84743574 0.57890117 0.2314721 ]

[:::::     ]  50.0% completed  (Sat May 10 15:31:23 2025)
Out-of-bound Trials:
[  405 15755 13751 25028 22799 21721]
Best Parameters: (chisq=0.0183)
[0.58707524 0.58147715 0.43058906 0.84743574 0.57890117 0.2314721 ]

[::::::    ]  60.0% completed  (Sat May 10 15:31:23 2025)
Out-of-bound Trials:
[  483 19203 16416 30056 27486 26175]
Best Parameters: (chisq=0.0183)
[0.58707524 0.58147715 0.43058906 0.84743574 0.57890117 0.2314721 ]

[:::::::   ]  70.0% completed  (Sat May 10 15:31:24 2025)
Out-of-bound Trials:
[  525 22300 19012 34699 32022 30744]
Best Parameters: (chisq=0.0183)
[0.58707524 0.58147715 0.43058906 0.84743574 0.57890117 0.2314721 ]

[::::::::  ]  80.0% completed  (Sat May 10 15:31:24 2025)
Out-of-bound Trials:
[  608 25814 21797 39581 36519 35073]
Best Parameters: (chisq=0.0183)
[0.58707524 0.58147715 0.43058906 0.84743574 0.57890117 0.2314721 ]

[::::::::: ]  90.0% completed  (Sat May 10 15:31:24 2025)
Out-of-bound Trials:
[  670 29098 24626 44400 41030 39788]
Best Parameters: (chisq=0.0183)
[0.58707524 0.58147715 0.43058906 0.84743574 0.57890117 0.2314721 ]

[::::::::::] 100.0% completed  (Sat May 10 15:31:25 2025)
Out-of-bound Trials:
[  730 32186 27609 48848 45750 44155]
Best Parameters: (chisq=0.0160)
[0.63446175 0.66908609 0.36597347 0.87940739 0.7348276  0.32805978]

MCMC Summary:
-------------
  Number of evaluated samples:        200000
  Number of parallel chains:               5
  Average iterations per chain:        40000
  Burned-in iterations per chain:       2000
  Thinning factor:                         1
  MCMC sample size (thinned, burned): 190000
  Acceptance rate:   11.08%

Parameter name     best fit   median      1sigma_low   1sigma_hi        S/N
--------------- -----------  -----------------------------------  ---------
w                6.3446e-01   4.9818e-01 -1.1609e-01  1.5910e-01        5.1
b                6.6909e-01   5.5841e-01 -2.9430e-01  2.6435e-01        2.7
c                3.6597e-01   6.5426e-01 -2.4359e-01  2.1536e-01        1.7
dzeta            8.7941e-01   6.5018e-01 -4.2177e-01  2.5707e-01        3.0
B0               7.3483e-01   4.8928e-01 -3.3540e-01  3.5671e-01        2.5
h                3.2806e-01   5.0878e-01 -3.4751e-01  3.3528e-01        1.1

  Best-parameter's chi-squared:       0.0160
  Best-parameter's -2*log(posterior): 0.0160
  Bayesian Information Criterion:     9.6727
  Reduced chi-squared:                   nan
  Standard deviation of residuals:  0.00066646

For a detailed summary with all parameter posterior statistics see
/home/tenet/Documents/thesis/scripts/photometry/esa/data/inversion/inv-A5-0.3_0.3_0.9_0_statistics.txt

Output sampler files:
  /home/tenet/Documents/thesis/scripts/photometry/esa/data/inversion/inv-A5-0.3_0.3_0.9_0_statistics.txt
  /home/tenet/Documents/thesis/scripts/photometry/esa/data/inversion/inv-A5-0.3_0.3_0.9_0.npz
  /home/tenet/Documents/thesis/scripts/photometry/esa/data/inversion/inv-A5-0.3_0.3_0.9_0.log
