
::::::::::::::::::::::::::::::::::::::::::::::::::::::::::::::::::::::
  Multi-core Markov-chain Monte Carlo (mc3).
  Version 3.2.1.
  Copyright (c) 2015-2025 Patricio Cubillos and collaborators.
  mc3 is open-source software under the MIT license (see LICENSE).
::::::::::::::::::::::::::::::::::::::::::::::::::::::::::::::::::::::

Start MCMC chains  (Sat May 10 15:36:52 2025)

[:         ]  10.0% completed  (Sat May 10 15:36:53 2025)
Out-of-bound Trials:
[ 561 1873 2602 2241 4394 4138]
Best Parameters: (chisq=0.0343)
[0.88956325 0.26772948 0.90925063 0.07793603 0.50832998 0.82250351]

[::        ]  20.0% completed  (Sat May 10 15:36:53 2025)
Out-of-bound Trials:
[ 929 3775 5912 4996 8881 8632]
Best Parameters: (chisq=0.0343)
[0.88956325 0.26772948 0.90925063 0.07793603 0.50832998 0.82250351]

[:::       ]  30.0% completed  (Sat May 10 15:36:54 2025)
Out-of-bound Trials:
[ 1353  5499  8449  7722 13161 13059]
Best Parameters: (chisq=0.0210)
[0.90741682 0.30742639 0.91242536 0.01613652 0.47415993 0.34832347]

[::::      ]  40.0% completed  (Sat May 10 15:36:54 2025)
Out-of-bound Trials:
[ 1735  7399 11376 10120 17643 17349]
Best Parameters: (chisq=0.0210)
[0.90741682 0.30742639 0.91242536 0.01613652 0.47415993 0.34832347]

[:::::     ]  50.0% completed  (Sat May 10 15:36:55 2025)
Out-of-bound Trials:
[ 2062  9126 14250 12596 22383 22043]
Best Parameters: (chisq=0.0122)
[0.8912801  0.29033364 0.89205799 0.07516008 0.59358964 0.62726786]

[::::::    ]  60.0% completed  (Sat May 10 15:36:55 2025)
Out-of-bound Trials:
[ 2432 11257 17079 14822 26871 26553]
Best Parameters: (chisq=0.0122)
[0.8912801  0.29033364 0.89205799 0.07516008 0.59358964 0.62726786]

[:::::::   ]  70.0% completed  (Sat May 10 15:36:56 2025)
Out-of-bound Trials:
[ 2829 13030 19996 17242 31400 31265]
Best Parameters: (chisq=0.0122)
[0.8912801  0.29033364 0.89205799 0.07516008 0.59358964 0.62726786]

[::::::::  ]  80.0% completed  (Sat May 10 15:36:56 2025)
Out-of-bound Trials:
[ 3159 14793 22749 19842 35893 35749]
Best Parameters: (chisq=0.0122)
[0.8912801  0.29033364 0.89205799 0.07516008 0.59358964 0.62726786]

[::::::::: ]  90.0% completed  (Sat May 10 15:36:57 2025)
Out-of-bound Trials:
[ 3607 16617 25783 22582 40441 40104]
Best Parameters: (chisq=0.0122)
[0.8912801  0.29033364 0.89205799 0.07516008 0.59358964 0.62726786]

[::::::::::] 100.0% completed  (Sat May 10 15:36:57 2025)
Out-of-bound Trials:
[ 4058 18459 28796 25157 45077 44601]
Best Parameters: (chisq=0.0122)
[0.8912801  0.29033364 0.89205799 0.07516008 0.59358964 0.62726786]

MCMC Summary:
-------------
  Number of evaluated samples:        200000
  Number of parallel chains:               5
  Average iterations per chain:        40000
  Burned-in iterations per chain:       2000
  Thinning factor:                         1
  MCMC sample size (thinned, burned): 190000
  Acceptance rate:   13.15%

Parameter name     best fit   median      1sigma_low   1sigma_hi        S/N
--------------- -----------  -----------------------------------  ---------
w                8.9128e-01   9.1148e-01 -2.9918e-02  2.9193e-02       29.7
b                2.9033e-01   2.9620e-01 -1.3034e-01  2.0431e-01        1.6
c                8.9206e-01   8.5545e-01 -1.3202e-01  8.5438e-02        6.2
dzeta            7.5160e-02   1.2156e-01 -8.2898e-02  9.3114e-02        1.0
B0               5.9359e-01   5.5958e-01 -3.5672e-01  3.1029e-01        2.1
h                6.2727e-01   5.2908e-01 -3.4694e-01  3.3107e-01        2.2

  Best-parameter's chi-squared:        0.0122
  Best-parameter's -2*log(posterior):  0.0122
  Bayesian Information Criterion:     13.8277
  Reduced chi-squared:                 0.0031
  Standard deviation of residuals:  0.00175533

For a detailed summary with all parameter posterior statistics see
/home/tenet/Documents/thesis/scripts/photometry/esa/data/inversion/inv-A1_A5-0.9_0.3_0.9_0_statistics.txt

Output sampler files:
  /home/tenet/Documents/thesis/scripts/photometry/esa/data/inversion/inv-A1_A5-0.9_0.3_0.9_0_statistics.txt
  /home/tenet/Documents/thesis/scripts/photometry/esa/data/inversion/inv-A1_A5-0.9_0.3_0.9_0.npz
  /home/tenet/Documents/thesis/scripts/photometry/esa/data/inversion/inv-A1_A5-0.9_0.3_0.9_0.log
