
::::::::::::::::::::::::::::::::::::::::::::::::::::::::::::::::::::::
  Multi-core Markov-chain Monte Carlo (mc3).
  Version 3.2.1.
  Copyright (c) 2015-2025 Patricio Cubillos and collaborators.
  mc3 is open-source software under the MIT license (see LICENSE).
::::::::::::::::::::::::::::::::::::::::::::::::::::::::::::::::::::::

Start MCMC chains  (Sat May 10 15:46:03 2025)

[:         ]  10.0% completed  (Sat May 10 15:46:03 2025)
Out-of-bound Trials:
[ 110  166   69 2345 4093 3785]
Best Parameters: (chisq=0.1046)
[0.8947337  0.29561156 0.48129054 0.03512948 0.61931564 0.39445531]

[::        ]  20.0% completed  (Sat May 10 15:46:04 2025)
Out-of-bound Trials:
[ 194  214  100 4859 8431 8089]
Best Parameters: (chisq=0.0309)
[0.89974221 0.30940751 0.50985451 0.0682999  0.42124843 0.76857925]

[:::       ]  30.0% completed  (Sat May 10 15:46:04 2025)
Out-of-bound Trials:
[  249   271   137  7357 12634 12620]
Best Parameters: (chisq=0.0309)
[0.89974221 0.30940751 0.50985451 0.0682999  0.42124843 0.76857925]

[::::      ]  40.0% completed  (Sat May 10 15:46:05 2025)
Out-of-bound Trials:
[  311   320   170  9999 16988 16973]
Best Parameters: (chisq=0.0309)
[0.89974221 0.30940751 0.50985451 0.0682999  0.42124843 0.76857925]

[:::::     ]  50.0% completed  (Sat May 10 15:46:06 2025)
Out-of-bound Trials:
[  369   361   199 12632 21396 21395]
Best Parameters: (chisq=0.0309)
[0.89974221 0.30940751 0.50985451 0.0682999  0.42124843 0.76857925]

[::::::    ]  60.0% completed  (Sat May 10 15:46:06 2025)
Out-of-bound Trials:
[  436   403   231 15341 25868 25791]
Best Parameters: (chisq=0.0215)
[0.90383565 0.30576546 0.51676494 0.01828641 0.41299414 0.54870629]

[:::::::   ]  70.0% completed  (Sat May 10 15:46:07 2025)
Out-of-bound Trials:
[  503   438   258 17933 30374 30141]
Best Parameters: (chisq=0.0215)
[0.90383565 0.30576546 0.51676494 0.01828641 0.41299414 0.54870629]

[::::::::  ]  80.0% completed  (Sat May 10 15:46:07 2025)
Out-of-bound Trials:
[  558   489   297 20352 34870 34628]
Best Parameters: (chisq=0.0215)
[0.90383565 0.30576546 0.51676494 0.01828641 0.41299414 0.54870629]

[::::::::: ]  90.0% completed  (Sat May 10 15:46:08 2025)
Out-of-bound Trials:
[  608   510   333 22946 39235 39003]
Best Parameters: (chisq=0.0215)
[0.90383565 0.30576546 0.51676494 0.01828641 0.41299414 0.54870629]

[::::::::::] 100.0% completed  (Sat May 10 15:46:08 2025)
Out-of-bound Trials:
[  691   564   366 25376 43654 43543]
Best Parameters: (chisq=0.0215)
[0.90383565 0.30576546 0.51676494 0.01828641 0.41299414 0.54870629]

MCMC Summary:
-------------
  Number of evaluated samples:        200000
  Number of parallel chains:               5
  Average iterations per chain:        40000
  Burned-in iterations per chain:       2000
  Thinning factor:                         1
  MCMC sample size (thinned, burned): 190000
  Acceptance rate:   17.80%

Parameter name     best fit   median      1sigma_low   1sigma_hi        S/N
--------------- -----------  -----------------------------------  ---------
w                9.0384e-01   9.0468e-01 -2.7106e-02  2.1093e-02       38.6
b                3.0577e-01   2.8814e-01 -4.9563e-02  4.4799e-02        6.2
c                5.1676e-01   5.0441e-01 -7.3726e-02  7.9845e-02        6.6
dzeta            1.8286e-02   8.3638e-02 -5.7304e-02  6.0113e-02        0.3
B0               4.1299e-01   5.7077e-01 -3.4286e-01  3.0361e-01        1.5
h                5.4871e-01   5.2380e-01 -3.3124e-01  3.2491e-01        2.0

  Best-parameter's chi-squared:        0.0215
  Best-parameter's -2*log(posterior):  0.0215
  Bayesian Information Criterion:     16.2698
  Reduced chi-squared:                 0.0024
  Standard deviation of residuals:  0.00271029

For a detailed summary with all parameter posterior statistics see
/home/tenet/Documents/thesis/scripts/photometry/esa/data/inversion/inv-A1_A2_A3-0.9_0.3_0.5_0_statistics.txt

Output sampler files:
  /home/tenet/Documents/thesis/scripts/photometry/esa/data/inversion/inv-A1_A2_A3-0.9_0.3_0.5_0_statistics.txt
  /home/tenet/Documents/thesis/scripts/photometry/esa/data/inversion/inv-A1_A2_A3-0.9_0.3_0.5_0.npz
  /home/tenet/Documents/thesis/scripts/photometry/esa/data/inversion/inv-A1_A2_A3-0.9_0.3_0.5_0.log
