
::::::::::::::::::::::::::::::::::::::::::::::::::::::::::::::::::::::
  Multi-core Markov-chain Monte Carlo (mc3).
  Version 3.2.1.
  Copyright (c) 2015-2025 Patricio Cubillos and collaborators.
  mc3 is open-source software under the MIT license (see LICENSE).
::::::::::::::::::::::::::::::::::::::::::::::::::::::::::::::::::::::

Start MCMC chains  (Sat May 10 15:57:57 2025)

[:         ]  10.0% completed  (Sat May 10 15:57:58 2025)
Out-of-bound Trials:
[1114 3283 2545 2766 4480 4143]
Best Parameters: (chisq=0.0544)
[0.27932272 0.83563609 0.10784125 0.16523746 0.06437029 0.0859108 ]

[::        ]  20.0% completed  (Sat May 10 15:57:58 2025)
Out-of-bound Trials:
[2867 7494 5360 5762 8894 8530]
Best Parameters: (chisq=0.0544)
[0.27932272 0.83563609 0.10784125 0.16523746 0.06437029 0.0859108 ]

[:::       ]  30.0% completed  (Sat May 10 15:57:59 2025)
Out-of-bound Trials:
[ 4779 12264  8936  8553 13310 13219]
Best Parameters: (chisq=0.0430)
[0.28353664 0.86870841 0.10034537 0.08399373 0.2527939  0.6116412 ]

[::::      ]  40.0% completed  (Sat May 10 15:57:59 2025)
Out-of-bound Trials:
[ 6538 17038 12508 11782 17598 17858]
Best Parameters: (chisq=0.0430)
[0.28353664 0.86870841 0.10034537 0.08399373 0.2527939  0.6116412 ]

[:::::     ]  50.0% completed  (Sat May 10 15:58:00 2025)
Out-of-bound Trials:
[ 8286 21863 16324 15086 22036 22463]
Best Parameters: (chisq=0.0430)
[0.28353664 0.86870841 0.10034537 0.08399373 0.2527939  0.6116412 ]

[::::::    ]  60.0% completed  (Sat May 10 15:58:00 2025)
Out-of-bound Trials:
[10072 26514 20058 18075 26500 27283]
Best Parameters: (chisq=0.0430)
[0.28353664 0.86870841 0.10034537 0.08399373 0.2527939  0.6116412 ]

[:::::::   ]  70.0% completed  (Sat May 10 15:58:01 2025)
Out-of-bound Trials:
[12016 31272 23970 21292 30928 32011]
Best Parameters: (chisq=0.0430)
[0.28353664 0.86870841 0.10034537 0.08399373 0.2527939  0.6116412 ]

[::::::::  ]  80.0% completed  (Sat May 10 15:58:01 2025)
Out-of-bound Trials:
[13710 36350 27489 24572 35347 36928]
Best Parameters: (chisq=0.0089)
[0.29411743 0.88667612 0.10152764 0.10726197 0.43855554 0.57670731]

[::::::::: ]  90.0% completed  (Sat May 10 15:58:02 2025)
Out-of-bound Trials:
[15554 40961 31217 27924 39734 41594]
Best Parameters: (chisq=0.0089)
[0.29411743 0.88667612 0.10152764 0.10726197 0.43855554 0.57670731]

[::::::::::] 100.0% completed  (Sat May 10 15:58:02 2025)
Out-of-bound Trials:
[17134 46425 34974 31195 44507 45946]
Best Parameters: (chisq=0.0089)
[0.29411743 0.88667612 0.10152764 0.10726197 0.43855554 0.57670731]

MCMC Summary:
-------------
  Number of evaluated samples:        200000
  Number of parallel chains:               5
  Average iterations per chain:        40000
  Burned-in iterations per chain:       2000
  Thinning factor:                         1
  MCMC sample size (thinned, burned): 190000
  Acceptance rate:   9.73%

Parameter name     best fit   median      1sigma_low   1sigma_hi        S/N
--------------- -----------  -----------------------------------  ---------
w                2.9412e-01   1.3105e-01 -4.9564e-02  1.6393e-01        3.1
b                8.8668e-01   4.4292e-01 -2.9443e-01  4.2359e-01        3.0
c                1.0153e-01   2.0176e-01 -1.3382e-01  3.0853e-01        0.4
dzeta            1.0726e-01   2.4033e-01 -1.5824e-01  2.3757e-01        0.5
B0               4.3856e-01   4.7091e-01 -3.2383e-01  3.4594e-01        1.5
h                5.7671e-01   4.8474e-01 -3.5025e-01  3.4842e-01        2.0

  Best-parameter's chi-squared:        0.0089
  Best-parameter's -2*log(posterior):  0.0089
  Bayesian Information Criterion:     16.2572
  Reduced chi-squared:                 0.0010
  Standard deviation of residuals:  0.000209004

For a detailed summary with all parameter posterior statistics see
/home/tenet/Documents/thesis/scripts/photometry/esa/data/inversion/inv-A3_A4_A5-0.3_0.9_0.1_0_statistics.txt

Output sampler files:
  /home/tenet/Documents/thesis/scripts/photometry/esa/data/inversion/inv-A3_A4_A5-0.3_0.9_0.1_0_statistics.txt
  /home/tenet/Documents/thesis/scripts/photometry/esa/data/inversion/inv-A3_A4_A5-0.3_0.9_0.1_0.npz
  /home/tenet/Documents/thesis/scripts/photometry/esa/data/inversion/inv-A3_A4_A5-0.3_0.9_0.1_0.log
