
::::::::::::::::::::::::::::::::::::::::::::::::::::::::::::::::::::::
  Multi-core Markov-chain Monte Carlo (mc3).
  Version 3.2.1.
  Copyright (c) 2015-2025 Patricio Cubillos and collaborators.
  mc3 is open-source software under the MIT license (see LICENSE).
::::::::::::::::::::::::::::::::::::::::::::::::::::::::::::::::::::::

Start MCMC chains  (Sat May 10 15:59:22 2025)

[:         ]  10.0% completed  (Sat May 10 15:59:22 2025)
Out-of-bound Trials:
[   7  161   37 2435 4100 4457]
Best Parameters: (chisq=0.0574)
[0.30242477 0.89243653 0.11192604 0.03680393 0.95895307 0.02637884]

[::        ]  20.0% completed  (Sat May 10 15:59:23 2025)
Out-of-bound Trials:
[  12  223   60 5190 8359 9069]
Best Parameters: (chisq=0.0181)
[0.29894378 0.89898856 0.10542766 0.02853177 0.38378714 0.6802543 ]

[:::       ]  30.0% completed  (Sat May 10 15:59:24 2025)
Out-of-bound Trials:
[   20   285    81  7803 12846 13549]
Best Parameters: (chisq=0.0181)
[0.29894378 0.89898856 0.10542766 0.02853177 0.38378714 0.6802543 ]

[::::      ]  40.0% completed  (Sat May 10 15:59:24 2025)
Out-of-bound Trials:
[   23   343   100 10396 17388 18447]
Best Parameters: (chisq=0.0181)
[0.29894378 0.89898856 0.10542766 0.02853177 0.38378714 0.6802543 ]

[:::::     ]  50.0% completed  (Sat May 10 15:59:25 2025)
Out-of-bound Trials:
[   27   400   116 12979 22092 23270]
Best Parameters: (chisq=0.0181)
[0.29894378 0.89898856 0.10542766 0.02853177 0.38378714 0.6802543 ]

[::::::    ]  60.0% completed  (Sat May 10 15:59:26 2025)
Out-of-bound Trials:
[   38   444   142 15844 26586 28009]
Best Parameters: (chisq=0.0181)
[0.29894378 0.89898856 0.10542766 0.02853177 0.38378714 0.6802543 ]

[:::::::   ]  70.0% completed  (Sat May 10 15:59:26 2025)
Out-of-bound Trials:
[   42   500   168 18621 30996 32771]
Best Parameters: (chisq=0.0181)
[0.29894378 0.89898856 0.10542766 0.02853177 0.38378714 0.6802543 ]

[::::::::  ]  80.0% completed  (Sat May 10 15:59:27 2025)
Out-of-bound Trials:
[   50   552   190 21114 35559 37594]
Best Parameters: (chisq=0.0181)
[0.29894378 0.89898856 0.10542766 0.02853177 0.38378714 0.6802543 ]

[::::::::: ]  90.0% completed  (Sat May 10 15:59:27 2025)
Out-of-bound Trials:
[   56   609   215 23780 39941 42502]
Best Parameters: (chisq=0.0181)
[0.29894378 0.89898856 0.10542766 0.02853177 0.38378714 0.6802543 ]

[::::::::::] 100.0% completed  (Sat May 10 15:59:28 2025)
Out-of-bound Trials:
[   68   650   241 26561 44843 47393]
Best Parameters: (chisq=0.0181)
[0.29894378 0.89898856 0.10542766 0.02853177 0.38378714 0.6802543 ]

MCMC Summary:
-------------
  Number of evaluated samples:        200000
  Number of parallel chains:               5
  Average iterations per chain:        40000
  Burned-in iterations per chain:       2000
  Thinning factor:                         1
  MCMC sample size (thinned, burned): 190000
  Acceptance rate:   16.78%

Parameter name     best fit   median      1sigma_low   1sigma_hi        S/N
--------------- -----------  -----------------------------------  ---------
w                2.9894e-01   3.0352e-01 -2.8794e-02  2.6029e-02       10.8
b                8.9899e-01   8.9425e-01 -2.1238e-02  1.8257e-02       45.2
c                1.0543e-01   1.0458e-01 -1.8491e-02  2.0128e-02        5.7
dzeta            2.8532e-02   1.1020e-01 -7.2799e-02  9.0856e-02        0.4
B0               3.8379e-01   4.8746e-01 -3.2600e-01  3.4302e-01        1.3
h                6.8025e-01   4.8641e-01 -3.4349e-01  3.4426e-01        2.3

  Best-parameter's chi-squared:        0.0181
  Best-parameter's -2*log(posterior):  0.0181
  Bayesian Information Criterion:     17.9925
  Reduced chi-squared:                 0.0013
  Standard deviation of residuals:  0.00151691

For a detailed summary with all parameter posterior statistics see
/home/tenet/Documents/thesis/scripts/photometry/esa/data/inversion/inv-A1_A2_A3_A4-0.3_0.9_0.1_0_statistics.txt

Output sampler files:
  /home/tenet/Documents/thesis/scripts/photometry/esa/data/inversion/inv-A1_A2_A3_A4-0.3_0.9_0.1_0_statistics.txt
  /home/tenet/Documents/thesis/scripts/photometry/esa/data/inversion/inv-A1_A2_A3_A4-0.3_0.9_0.1_0.npz
  /home/tenet/Documents/thesis/scripts/photometry/esa/data/inversion/inv-A1_A2_A3_A4-0.3_0.9_0.1_0.log
