
::::::::::::::::::::::::::::::::::::::::::::::::::::::::::::::::::::::
  Multi-core Markov-chain Monte Carlo (mc3).
  Version 3.2.1.
  Copyright (c) 2015-2025 Patricio Cubillos and collaborators.
  mc3 is open-source software under the MIT license (see LICENSE).
::::::::::::::::::::::::::::::::::::::::::::::::::::::::::::::::::::::

Start MCMC chains  (Sat May 10 15:46:45 2025)

[:         ]  10.0% completed  (Sat May 10 15:46:46 2025)
Out-of-bound Trials:
[   1   34    7 2400 4046 4346]
Best Parameters: (chisq=0.0205)
[0.30063426 0.29721385 0.4949229  0.04067524 0.56072196 0.40405141]

[::        ]  20.0% completed  (Sat May 10 15:46:47 2025)
Out-of-bound Trials:
[   3   58   15 5015 8494 8991]
Best Parameters: (chisq=0.0205)
[0.30063426 0.29721385 0.4949229  0.04067524 0.56072196 0.40405141]

[:::       ]  30.0% completed  (Sat May 10 15:46:47 2025)
Out-of-bound Trials:
[    4    73    17  7292 13314 13670]
Best Parameters: (chisq=0.0205)
[0.30063426 0.29721385 0.4949229  0.04067524 0.56072196 0.40405141]

[::::      ]  40.0% completed  (Sat May 10 15:46:48 2025)
Out-of-bound Trials:
[    4   105    23 10087 17751 18477]
Best Parameters: (chisq=0.0205)
[0.30063426 0.29721385 0.4949229  0.04067524 0.56072196 0.40405141]

[:::::     ]  50.0% completed  (Sat May 10 15:46:48 2025)
Out-of-bound Trials:
[    4   127    28 12458 22263 23118]
Best Parameters: (chisq=0.0205)
[0.30063426 0.29721385 0.4949229  0.04067524 0.56072196 0.40405141]

[::::::    ]  60.0% completed  (Sat May 10 15:46:49 2025)
Out-of-bound Trials:
[    4   149    36 15028 26886 27803]
Best Parameters: (chisq=0.0158)
[0.30844416 0.30490191 0.51044569 0.06559837 0.41937394 0.42574442]

[:::::::   ]  70.0% completed  (Sat May 10 15:46:49 2025)
Out-of-bound Trials:
[    4   173    46 17566 31650 32807]
Best Parameters: (chisq=0.0158)
[0.30844416 0.30490191 0.51044569 0.06559837 0.41937394 0.42574442]

[::::::::  ]  80.0% completed  (Sat May 10 15:46:50 2025)
Out-of-bound Trials:
[    4   194    54 20031 36184 37431]
Best Parameters: (chisq=0.0158)
[0.30844416 0.30490191 0.51044569 0.06559837 0.41937394 0.42574442]

[::::::::: ]  90.0% completed  (Sat May 10 15:46:50 2025)
Out-of-bound Trials:
[    4   217    61 22608 40714 42190]
Best Parameters: (chisq=0.0158)
[0.30844416 0.30490191 0.51044569 0.06559837 0.41937394 0.42574442]

[::::::::::] 100.0% completed  (Sat May 10 15:46:51 2025)
Out-of-bound Trials:
[    4   247    66 25079 45225 46814]
Best Parameters: (chisq=0.0158)
[0.30844416 0.30490191 0.51044569 0.06559837 0.41937394 0.42574442]

MCMC Summary:
-------------
  Number of evaluated samples:        200000
  Number of parallel chains:               5
  Average iterations per chain:        40000
  Burned-in iterations per chain:       2000
  Thinning factor:                         1
  MCMC sample size (thinned, burned): 190000
  Acceptance rate:   15.89%

Parameter name     best fit   median      1sigma_low   1sigma_hi        S/N
--------------- -----------  -----------------------------------  ---------
w                3.0844e-01   3.1098e-01 -2.9671e-02  2.3932e-02       12.3
b                3.0490e-01   2.9080e-01 -4.1462e-02  3.6799e-02        7.5
c                5.1045e-01   5.1593e-01 -5.6117e-02  5.5681e-02        9.2
dzeta            6.5598e-02   8.5483e-02 -5.8382e-02  6.1207e-02        1.2
B0               4.1937e-01   5.1439e-01 -3.3347e-01  3.3046e-01        1.5
h                4.2574e-01   4.8925e-01 -3.3154e-01  3.4340e-01        1.5

  Best-parameter's chi-squared:        0.0158
  Best-parameter's -2*log(posterior):  0.0158
  Bayesian Information Criterion:     16.2641
  Reduced chi-squared:                 0.0018
  Standard deviation of residuals:  0.000621487

For a detailed summary with all parameter posterior statistics see
/home/tenet/Documents/thesis/scripts/photometry/esa/data/inversion/inv-A1_A2_A4-0.3_0.3_0.5_0_statistics.txt

Output sampler files:
  /home/tenet/Documents/thesis/scripts/photometry/esa/data/inversion/inv-A1_A2_A4-0.3_0.3_0.5_0_statistics.txt
  /home/tenet/Documents/thesis/scripts/photometry/esa/data/inversion/inv-A1_A2_A4-0.3_0.3_0.5_0.npz
  /home/tenet/Documents/thesis/scripts/photometry/esa/data/inversion/inv-A1_A2_A4-0.3_0.3_0.5_0.log
