
::::::::::::::::::::::::::::::::::::::::::::::::::::::::::::::::::::::
  Multi-core Markov-chain Monte Carlo (mc3).
  Version 3.2.1.
  Copyright (c) 2015-2025 Patricio Cubillos and collaborators.
  mc3 is open-source software under the MIT license (see LICENSE).
::::::::::::::::::::::::::::::::::::::::::::::::::::::::::::::::::::::

Start MCMC chains  (Sat May 10 15:59:45 2025)

[:         ]  10.0% completed  (Sat May 10 15:59:45 2025)
Out-of-bound Trials:
[ 626   15 2901   61 3885 3236]
Best Parameters: (chisq=0.0699)
[0.89600506 0.3014314  0.90426724 0.66334799 0.52861566 0.49993582]

[::        ]  20.0% completed  (Sat May 10 15:59:46 2025)
Out-of-bound Trials:
[1137   30 5880  135 8323 7306]
Best Parameters: (chisq=0.0699)
[0.89600506 0.3014314  0.90426724 0.66334799 0.52861566 0.49993582]

[:::       ]  30.0% completed  (Sat May 10 15:59:47 2025)
Out-of-bound Trials:
[ 1681    43  8760   224 12914 11379]
Best Parameters: (chisq=0.0515)
[0.89297034 0.28206151 0.88348243 0.67955056 0.64403699 0.62628981]

[::::      ]  40.0% completed  (Sat May 10 15:59:47 2025)
Out-of-bound Trials:
[ 2300    63 11408   324 17509 15555]
Best Parameters: (chisq=0.0416)
[0.89598671 0.29081314 0.94561797 0.64915607 0.52781883 0.35535973]

[:::::     ]  50.0% completed  (Sat May 10 15:59:48 2025)
Out-of-bound Trials:
[ 2797    83 14429   389 21945 19660]
Best Parameters: (chisq=0.0416)
[0.89598671 0.29081314 0.94561797 0.64915607 0.52781883 0.35535973]

[::::::    ]  60.0% completed  (Sat May 10 15:59:48 2025)
Out-of-bound Trials:
[ 3314    97 17494   470 26443 24001]
Best Parameters: (chisq=0.0416)
[0.89598671 0.29081314 0.94561797 0.64915607 0.52781883 0.35535973]

[:::::::   ]  70.0% completed  (Sat May 10 15:59:49 2025)
Out-of-bound Trials:
[ 3865   119 20408   540 30852 28178]
Best Parameters: (chisq=0.0139)
[0.89866409 0.29180772 0.90438109 0.6684696  0.56123346 0.45489557]

[::::::::  ]  80.0% completed  (Sat May 10 15:59:49 2025)
Out-of-bound Trials:
[ 4530   127 23160   652 35304 32521]
Best Parameters: (chisq=0.0139)
[0.89866409 0.29180772 0.90438109 0.6684696  0.56123346 0.45489557]

[::::::::: ]  90.0% completed  (Sat May 10 15:59:50 2025)
Out-of-bound Trials:
[ 5076   140 26311   731 39623 36942]
Best Parameters: (chisq=0.0139)
[0.89866409 0.29180772 0.90438109 0.6684696  0.56123346 0.45489557]

[::::::::::] 100.0% completed  (Sat May 10 15:59:51 2025)
Out-of-bound Trials:
[ 5615   150 29231   808 44135 41214]
Best Parameters: (chisq=0.0139)
[0.89866409 0.29180772 0.90438109 0.6684696  0.56123346 0.45489557]

MCMC Summary:
-------------
  Number of evaluated samples:        200000
  Number of parallel chains:               5
  Average iterations per chain:        40000
  Burned-in iterations per chain:       2000
  Thinning factor:                         1
  MCMC sample size (thinned, burned): 190000
  Acceptance rate:   18.24%

Parameter name     best fit   median      1sigma_low   1sigma_hi        S/N
--------------- -----------  -----------------------------------  ---------
w                8.9866e-01   9.1657e-01 -3.2433e-02  3.0522e-02       28.5
b                2.9181e-01   3.1402e-01 -4.9129e-02  5.3659e-02        5.6
c                9.0438e-01   8.3420e-01 -1.5589e-01  1.1178e-01        6.9
dzeta            6.6847e-01   7.0539e-01 -6.1677e-02  7.7687e-02        9.8
B0               5.6123e-01   5.5623e-01 -3.5235e-01  3.1203e-01        2.0
h                4.5490e-01   5.3454e-01 -3.2638e-01  3.2029e-01        1.6

  Best-parameter's chi-squared:        0.0139
  Best-parameter's -2*log(posterior):  0.0139
  Bayesian Information Criterion:     17.9883
  Reduced chi-squared:                 0.0010
  Standard deviation of residuals:  0.00093742

For a detailed summary with all parameter posterior statistics see
/home/tenet/Documents/thesis/scripts/photometry/esa/data/inversion/inv-A1_A2_A3_A4-0.9_0.3_0.9_30_statistics.txt

Output sampler files:
  /home/tenet/Documents/thesis/scripts/photometry/esa/data/inversion/inv-A1_A2_A3_A4-0.9_0.3_0.9_30_statistics.txt
  /home/tenet/Documents/thesis/scripts/photometry/esa/data/inversion/inv-A1_A2_A3_A4-0.9_0.3_0.9_30.npz
  /home/tenet/Documents/thesis/scripts/photometry/esa/data/inversion/inv-A1_A2_A3_A4-0.9_0.3_0.9_30.log
