
::::::::::::::::::::::::::::::::::::::::::::::::::::::::::::::::::::::
  Multi-core Markov-chain Monte Carlo (mc3).
  Version 3.2.1.
  Copyright (c) 2015-2025 Patricio Cubillos and collaborators.
  mc3 is open-source software under the MIT license (see LICENSE).
::::::::::::::::::::::::::::::::::::::::::::::::::::::::::::::::::::::

Start MCMC chains  (Sat May 10 15:35:55 2025)

[:         ]  10.0% completed  (Sat May 10 15:35:56 2025)
Out-of-bound Trials:
[ 977  844 2983  127 4140 4295]
Best Parameters: (chisq=0.0692)
[0.87572376 0.27974339 0.59952866 0.6242569  0.56927343 0.58063545]

[::        ]  20.0% completed  (Sat May 10 15:35:56 2025)
Out-of-bound Trials:
[1877 1795 6369  283 8486 8937]
Best Parameters: (chisq=0.0487)
[0.88031534 0.26703209 0.50709673 0.65139525 0.88385287 0.36683497]

[:::       ]  30.0% completed  (Sat May 10 15:35:57 2025)
Out-of-bound Trials:
[ 2741  2614  9635   384 13102 13550]
Best Parameters: (chisq=0.0417)
[0.89046662 0.28406949 0.5073262  0.65631802 0.94023832 0.23556769]

[::::      ]  40.0% completed  (Sat May 10 15:35:57 2025)
Out-of-bound Trials:
[ 3797  3514 13219   548 17580 18078]
Best Parameters: (chisq=0.0417)
[0.89046662 0.28406949 0.5073262  0.65631802 0.94023832 0.23556769]

[:::::     ]  50.0% completed  (Sat May 10 15:35:58 2025)
Out-of-bound Trials:
[ 4746  4588 16722   669 22208 22610]
Best Parameters: (chisq=0.0134)
[0.90829628 0.31628335 0.41764071 0.70321867 0.59453189 0.62112532]

[::::::    ]  60.0% completed  (Sat May 10 15:35:58 2025)
Out-of-bound Trials:
[ 5774  5610 20144   816 26736 27220]
Best Parameters: (chisq=0.0134)
[0.90829628 0.31628335 0.41764071 0.70321867 0.59453189 0.62112532]

[:::::::   ]  70.0% completed  (Sat May 10 15:35:59 2025)
Out-of-bound Trials:
[ 7062  6506 23748   972 31254 31621]
Best Parameters: (chisq=0.0134)
[0.90829628 0.31628335 0.41764071 0.70321867 0.59453189 0.62112532]

[::::::::  ]  80.0% completed  (Sat May 10 15:35:59 2025)
Out-of-bound Trials:
[ 8196  7619 27239  1137 35799 36303]
Best Parameters: (chisq=0.0134)
[0.90829628 0.31628335 0.41764071 0.70321867 0.59453189 0.62112532]

[::::::::: ]  90.0% completed  (Sat May 10 15:36:00 2025)
Out-of-bound Trials:
[ 9586  8640 30842  1355 40511 40772]
Best Parameters: (chisq=0.0134)
[0.90829628 0.31628335 0.41764071 0.70321867 0.59453189 0.62112532]

[::::::::::] 100.0% completed  (Sat May 10 15:36:00 2025)
Out-of-bound Trials:
[10590  9803 34157  1486 45070 45325]
Best Parameters: (chisq=0.0134)
[0.90829628 0.31628335 0.41764071 0.70321867 0.59453189 0.62112532]

MCMC Summary:
-------------
  Number of evaluated samples:        200000
  Number of parallel chains:               5
  Average iterations per chain:        40000
  Burned-in iterations per chain:       2000
  Thinning factor:                         1
  MCMC sample size (thinned, burned): 190000
  Acceptance rate:   16.33%

Parameter name     best fit   median      1sigma_low   1sigma_hi        S/N
--------------- -----------  -----------------------------------  ---------
w                9.0830e-01   9.0050e-01 -4.5545e-02  4.9888e-02       20.4
b                3.1628e-01   2.7478e-01 -1.1503e-01  1.2234e-01        2.4
c                4.1764e-01   5.2580e-01 -2.9660e-01  2.9291e-01        1.6
dzeta            7.0322e-01   6.6013e-01 -9.2929e-02  1.1730e-01        7.3
B0               5.9453e-01   5.1959e-01 -3.4972e-01  3.2995e-01        2.1
h                6.2113e-01   5.1527e-01 -3.4249e-01  3.3391e-01        2.2

  Best-parameter's chi-squared:        0.0134
  Best-parameter's -2*log(posterior):  0.0134
  Bayesian Information Criterion:     13.8289
  Reduced chi-squared:                 0.0033
  Standard deviation of residuals:  0.000843993

For a detailed summary with all parameter posterior statistics see
/home/tenet/Documents/thesis/scripts/photometry/esa/data/inversion/inv-A1_A4-0.9_0.3_0.5_30_statistics.txt

Output sampler files:
  /home/tenet/Documents/thesis/scripts/photometry/esa/data/inversion/inv-A1_A4-0.9_0.3_0.5_30_statistics.txt
  /home/tenet/Documents/thesis/scripts/photometry/esa/data/inversion/inv-A1_A4-0.9_0.3_0.5_30.npz
  /home/tenet/Documents/thesis/scripts/photometry/esa/data/inversion/inv-A1_A4-0.9_0.3_0.5_30.log
