
::::::::::::::::::::::::::::::::::::::::::::::::::::::::::::::::::::::
  Multi-core Markov-chain Monte Carlo (mc3).
  Version 3.2.1.
  Copyright (c) 2015-2025 Patricio Cubillos and collaborators.
  mc3 is open-source software under the MIT license (see LICENSE).
::::::::::::::::::::::::::::::::::::::::::::::::::::::::::::::::::::::

Start MCMC chains  (Sat May 10 15:52:15 2025)

[:         ]  10.0% completed  (Sat May 10 15:52:16 2025)
Out-of-bound Trials:
[   3   32   12 2598 3810 4103]
Best Parameters: (chisq=0.0261)
[0.29820896 0.28962756 0.48462359 0.04416984 0.70105239 0.32008711]

[::        ]  20.0% completed  (Sat May 10 15:52:16 2025)
Out-of-bound Trials:
[   3   66   27 5276 8103 8756]
Best Parameters: (chisq=0.0261)
[0.29820896 0.28962756 0.48462359 0.04416984 0.70105239 0.32008711]

[:::       ]  30.0% completed  (Sat May 10 15:52:17 2025)
Out-of-bound Trials:
[    4    99    37  7778 12684 13316]
Best Parameters: (chisq=0.0261)
[0.29820896 0.28962756 0.48462359 0.04416984 0.70105239 0.32008711]

[::::      ]  40.0% completed  (Sat May 10 15:52:17 2025)
Out-of-bound Trials:
[    4   143    53 10367 17212 17918]
Best Parameters: (chisq=0.0159)
[0.3058587  0.30008615 0.50945893 0.06204715 0.48296811 0.37455405]

[:::::     ]  50.0% completed  (Sat May 10 15:52:18 2025)
Out-of-bound Trials:
[    4   191    64 13211 21632 22740]
Best Parameters: (chisq=0.0159)
[0.3058587  0.30008615 0.50945893 0.06204715 0.48296811 0.37455405]

[::::::    ]  60.0% completed  (Sat May 10 15:52:19 2025)
Out-of-bound Trials:
[    4   224    75 16013 26400 27420]
Best Parameters: (chisq=0.0159)
[0.3058587  0.30008615 0.50945893 0.06204715 0.48296811 0.37455405]

[:::::::   ]  70.0% completed  (Sat May 10 15:52:19 2025)
Out-of-bound Trials:
[    4   256    87 18597 31015 32144]
Best Parameters: (chisq=0.0159)
[0.3058587  0.30008615 0.50945893 0.06204715 0.48296811 0.37455405]

[::::::::  ]  80.0% completed  (Sat May 10 15:52:20 2025)
Out-of-bound Trials:
[    4   278    99 21408 35666 36919]
Best Parameters: (chisq=0.0069)
[0.31006988 0.30633182 0.52183482 0.01984277 0.3029224  0.65757811]

[::::::::: ]  90.0% completed  (Sat May 10 15:52:20 2025)
Out-of-bound Trials:
[    4   321   120 24145 40460 41754]
Best Parameters: (chisq=0.0069)
[0.31006988 0.30633182 0.52183482 0.01984277 0.3029224  0.65757811]

[::::::::::] 100.0% completed  (Sat May 10 15:52:21 2025)
Out-of-bound Trials:
[    4   380   149 26889 45153 46557]
Best Parameters: (chisq=0.0069)
[0.31006988 0.30633182 0.52183482 0.01984277 0.3029224  0.65757811]

MCMC Summary:
-------------
  Number of evaluated samples:        200000
  Number of parallel chains:               5
  Average iterations per chain:        40000
  Burned-in iterations per chain:       2000
  Thinning factor:                         1
  MCMC sample size (thinned, burned): 190000
  Acceptance rate:   16.44%

Parameter name     best fit   median      1sigma_low   1sigma_hi        S/N
--------------- -----------  -----------------------------------  ---------
w                3.1007e-01   3.1204e-01 -2.8701e-02  2.3414e-02       12.4
b                3.0633e-01   2.9383e-01 -4.7851e-02  4.3077e-02        6.4
c                5.2183e-01   4.9688e-01 -6.5435e-02  5.9593e-02        8.2
dzeta            1.9843e-02   9.8047e-02 -6.6825e-02  7.4241e-02        0.3
B0               3.0292e-01   4.9598e-01 -3.3650e-01  3.3935e-01        1.1
h                6.5758e-01   4.8588e-01 -3.3089e-01  3.5508e-01        2.3

  Best-parameter's chi-squared:        0.0069
  Best-parameter's -2*log(posterior):  0.0069
  Bayesian Information Criterion:     16.2552
  Reduced chi-squared:                 0.0008
  Standard deviation of residuals:  0.00027782

For a detailed summary with all parameter posterior statistics see
/home/tenet/Documents/thesis/scripts/photometry/esa/data/inversion/inv-A1_A4_A5-0.3_0.3_0.5_0_statistics.txt

Output sampler files:
  /home/tenet/Documents/thesis/scripts/photometry/esa/data/inversion/inv-A1_A4_A5-0.3_0.3_0.5_0_statistics.txt
  /home/tenet/Documents/thesis/scripts/photometry/esa/data/inversion/inv-A1_A4_A5-0.3_0.3_0.5_0.npz
  /home/tenet/Documents/thesis/scripts/photometry/esa/data/inversion/inv-A1_A4_A5-0.3_0.3_0.5_0.log
