
::::::::::::::::::::::::::::::::::::::::::::::::::::::::::::::::::::::
  Multi-core Markov-chain Monte Carlo (mc3).
  Version 3.2.1.
  Copyright (c) 2015-2025 Patricio Cubillos and collaborators.
  mc3 is open-source software under the MIT license (see LICENSE).
::::::::::::::::::::::::::::::::::::::::::::::::::::::::::::::::::::::

Start MCMC chains  (Sat May 10 15:28:34 2025)

[:         ]  10.0% completed  (Sat May 10 15:28:35 2025)
Out-of-bound Trials:
[3485   89 2705 3377 3605 3839]
Best Parameters: (chisq=0.0246)
[0.88343987 0.2967484  0.86531843 0.65059317 0.66821128 0.47104318]

[::        ]  20.0% completed  (Sat May 10 15:28:35 2025)
Out-of-bound Trials:
[7098  161 5589 6797 7934 8112]
Best Parameters: (chisq=0.0154)
[0.87959932 0.27431143 0.82608497 0.70765869 0.88194084 0.96726822]

[:::       ]  30.0% completed  (Sat May 10 15:28:36 2025)
Out-of-bound Trials:
[10751   300  8606 10554 12093 12412]
Best Parameters: (chisq=0.0124)
[0.93045831 0.38006237 0.70939344 0.63861428 0.20133592 0.94527033]

[::::      ]  40.0% completed  (Sat May 10 15:28:36 2025)
Out-of-bound Trials:
[14843   386 11892 14113 16494 16662]
Best Parameters: (chisq=0.0076)
[0.93884534 0.35645277 0.90871692 0.70505225 0.03532504 0.73407235]

[:::::     ]  50.0% completed  (Sat May 10 15:28:36 2025)
Out-of-bound Trials:
[18453   519 14880 17546 20829 21073]
Best Parameters: (chisq=0.0076)
[0.93884534 0.35645277 0.90871692 0.70505225 0.03532504 0.73407235]

[::::::    ]  60.0% completed  (Sat May 10 15:28:37 2025)
Out-of-bound Trials:
[22898   768 18044 21338 24994 25226]
Best Parameters: (chisq=0.0017)
[0.85325639 0.27448937 0.84168448 0.64765279 0.96460673 0.65737754]

[:::::::   ]  70.0% completed  (Sat May 10 15:28:37 2025)
Out-of-bound Trials:
[27305   970 20880 25182 29293 29622]
Best Parameters: (chisq=0.0016)
[0.92786781 0.32100023 0.95691848 0.71977481 0.18312444 0.98281277]

[::::::::  ]  80.0% completed  (Sat May 10 15:28:38 2025)
Out-of-bound Trials:
[30777  1175 24080 28626 33860 34129]
Best Parameters: (chisq=0.0016)
[0.92786781 0.32100023 0.95691848 0.71977481 0.18312444 0.98281277]

[::::::::: ]  90.0% completed  (Sat May 10 15:28:38 2025)
Out-of-bound Trials:
[34876  1294 27084 32263 38265 38676]
Best Parameters: (chisq=0.0016)
[0.92786781 0.32100023 0.95691848 0.71977481 0.18312444 0.98281277]

[::::::::::] 100.0% completed  (Sat May 10 15:28:39 2025)
Out-of-bound Trials:
[38526  1443 30320 36108 42639 43034]
Best Parameters: (chisq=0.0016)
[0.92786781 0.32100023 0.95691848 0.71977481 0.18312444 0.98281277]

MCMC Summary:
-------------
  Number of evaluated samples:        200000
  Number of parallel chains:               5
  Average iterations per chain:        40000
  Burned-in iterations per chain:       2000
  Thinning factor:                         1
  MCMC sample size (thinned, burned): 190000
  Acceptance rate:   10.85%

Parameter name     best fit   median      1sigma_low   1sigma_hi        S/N
--------------- -----------  -----------------------------------  ---------
w                9.2787e-01   8.9929e-01 -1.6678e-01  7.6339e-02        7.7
b                3.2100e-01   3.9141e-01 -1.0424e-01  9.4960e-02        3.0
c                9.5692e-01   6.6049e-01 -2.8120e-01  2.3648e-01        4.2
dzeta            7.1977e-01   5.0339e-01 -3.0968e-01  2.9873e-01        2.7
B0               1.8312e-01   5.5056e-01 -3.5212e-01  3.1328e-01        0.6
h                9.8281e-01   5.1819e-01 -3.3652e-01  3.2702e-01        3.5

  Best-parameter's chi-squared:       0.0016
  Best-parameter's -2*log(posterior): 0.0016
  Bayesian Information Criterion:     9.6582
  Reduced chi-squared:                   nan
  Standard deviation of residuals:  0.00181975

For a detailed summary with all parameter posterior statistics see
/home/tenet/Documents/thesis/scripts/photometry/esa/data/inversion/inv-A2-0.9_0.3_0.9_30_statistics.txt

Output sampler files:
  /home/tenet/Documents/thesis/scripts/photometry/esa/data/inversion/inv-A2-0.9_0.3_0.9_30_statistics.txt
  /home/tenet/Documents/thesis/scripts/photometry/esa/data/inversion/inv-A2-0.9_0.3_0.9_30.npz
  /home/tenet/Documents/thesis/scripts/photometry/esa/data/inversion/inv-A2-0.9_0.3_0.9_30.log
