
::::::::::::::::::::::::::::::::::::::::::::::::::::::::::::::::::::::
  Multi-core Markov-chain Monte Carlo (mc3).
  Version 3.2.1.
  Copyright (c) 2015-2025 Patricio Cubillos and collaborators.
  mc3 is open-source software under the MIT license (see LICENSE).
::::::::::::::::::::::::::::::::::::::::::::::::::::::::::::::::::::::

Start MCMC chains  (Sat May 10 15:44:57 2025)

[:         ]  10.0% completed  (Sat May 10 15:44:57 2025)
Out-of-bound Trials:
[ 161 3666 2266 2890 3962 4325]
Best Parameters: (chisq=0.0516)
[0.90448926 0.92456696 0.12529713 0.09845315 0.10462872 0.85971767]

[::        ]  20.0% completed  (Sat May 10 15:44:58 2025)
Out-of-bound Trials:
[ 416 8066 4829 5752 8403 8788]
Best Parameters: (chisq=0.0137)
[0.90248037 0.90918639 0.1250608  0.0609541  0.18727818 0.60772449]

[:::       ]  30.0% completed  (Sat May 10 15:44:58 2025)
Out-of-bound Trials:
[  718 12795  8085  9082 13040 13508]
Best Parameters: (chisq=0.0137)
[0.90248037 0.90918639 0.1250608  0.0609541  0.18727818 0.60772449]

[::::      ]  40.0% completed  (Sat May 10 15:44:58 2025)
Out-of-bound Trials:
[ 1033 17370 11425 12423 17468 18232]
Best Parameters: (chisq=0.0137)
[0.90248037 0.90918639 0.1250608  0.0609541  0.18727818 0.60772449]

[:::::     ]  50.0% completed  (Sat May 10 15:44:59 2025)
Out-of-bound Trials:
[ 1357 22486 14647 15412 21813 23009]
Best Parameters: (chisq=0.0137)
[0.90248037 0.90918639 0.1250608  0.0609541  0.18727818 0.60772449]

[::::::    ]  60.0% completed  (Sat May 10 15:44:59 2025)
Out-of-bound Trials:
[ 1727 27561 18104 18339 26248 27942]
Best Parameters: (chisq=0.0137)
[0.90248037 0.90918639 0.1250608  0.0609541  0.18727818 0.60772449]

[:::::::   ]  70.0% completed  (Sat May 10 15:45:00 2025)
Out-of-bound Trials:
[ 2074 32147 21593 21004 30992 32507]
Best Parameters: (chisq=0.0137)
[0.90248037 0.90918639 0.1250608  0.0609541  0.18727818 0.60772449]

[::::::::  ]  80.0% completed  (Sat May 10 15:45:00 2025)
Out-of-bound Trials:
[ 2379 36699 24934 23766 35309 37197]
Best Parameters: (chisq=0.0129)
[0.90083089 0.88906899 0.10932783 0.0617556  0.23647634 0.38037624]

[::::::::: ]  90.0% completed  (Sat May 10 15:45:01 2025)
Out-of-bound Trials:
[ 2701 41074 28420 26596 39956 41851]
Best Parameters: (chisq=0.0129)
[0.90083089 0.88906899 0.10932783 0.0617556  0.23647634 0.38037624]

[::::::::::] 100.0% completed  (Sat May 10 15:45:01 2025)
Out-of-bound Trials:
[ 3028 45559 31944 29491 44361 46525]
Best Parameters: (chisq=0.0129)
[0.90083089 0.88906899 0.10932783 0.0617556  0.23647634 0.38037624]

MCMC Summary:
-------------
  Number of evaluated samples:        200000
  Number of parallel chains:               5
  Average iterations per chain:        40000
  Burned-in iterations per chain:       2000
  Thinning factor:                         1
  MCMC sample size (thinned, burned): 190000
  Acceptance rate:   10.55%

Parameter name     best fit   median      1sigma_low   1sigma_hi        S/N
--------------- -----------  -----------------------------------  ---------
w                9.0083e-01   8.9036e-01 -6.7743e-02  2.0117e-02       19.3
b                8.8907e-01   8.1579e-01 -3.3305e-01  1.5726e-01        3.8
c                1.0933e-01   1.7402e-01 -9.8705e-02  2.1734e-01        0.5
dzeta            6.1756e-02   1.8691e-01 -1.2886e-01  1.7284e-01        0.4
B0               2.3648e-01   4.5818e-01 -3.1561e-01  3.5705e-01        0.8
h                3.8038e-01   4.6691e-01 -3.3422e-01  3.5724e-01        1.3

  Best-parameter's chi-squared:        0.0129
  Best-parameter's -2*log(posterior):  0.0129
  Bayesian Information Criterion:     13.8284
  Reduced chi-squared:                 0.0032
  Standard deviation of residuals:  0.000252967

For a detailed summary with all parameter posterior statistics see
/home/tenet/Documents/thesis/scripts/photometry/esa/data/inversion/inv-A4_A5-0.9_0.9_0.1_0_statistics.txt

Output sampler files:
  /home/tenet/Documents/thesis/scripts/photometry/esa/data/inversion/inv-A4_A5-0.9_0.9_0.1_0_statistics.txt
  /home/tenet/Documents/thesis/scripts/photometry/esa/data/inversion/inv-A4_A5-0.9_0.9_0.1_0.npz
  /home/tenet/Documents/thesis/scripts/photometry/esa/data/inversion/inv-A4_A5-0.9_0.9_0.1_0.log
