
::::::::::::::::::::::::::::::::::::::::::::::::::::::::::::::::::::::
  Multi-core Markov-chain Monte Carlo (mc3).
  Version 3.2.1.
  Copyright (c) 2015-2025 Patricio Cubillos and collaborators.
  mc3 is open-source software under the MIT license (see LICENSE).
::::::::::::::::::::::::::::::::::::::::::::::::::::::::::::::::::::::

Start MCMC chains  (Sat May 10 15:43:34 2025)

[:         ]  10.0% completed  (Sat May 10 15:43:35 2025)
Out-of-bound Trials:
[ 804 3666 3449  470 4025 3863]
Best Parameters: (chisq=0.0312)
[0.90274492 0.36692983 0.47054151 0.6345489  0.73060269 0.32649857]

[::        ]  20.0% completed  (Sat May 10 15:43:35 2025)
Out-of-bound Trials:
[1693 8017 7100 1142 8313 8293]
Best Parameters: (chisq=0.0292)
[0.8981778  0.28068508 0.550136   0.65838604 0.9094626  0.16273052]

[:::       ]  30.0% completed  (Sat May 10 15:43:36 2025)
Out-of-bound Trials:
[ 2505 12297 10740  1695 12844 12734]
Best Parameters: (chisq=0.0210)
[0.90882863 0.34429097 0.46036615 0.66151137 0.37340755 0.68994602]

[::::      ]  40.0% completed  (Sat May 10 15:43:36 2025)
Out-of-bound Trials:
[ 3310 16440 14382  2359 17217 17140]
Best Parameters: (chisq=0.0072)
[0.90379302 0.35819341 0.48268636 0.64656619 0.42331099 0.71820798]

[:::::     ]  50.0% completed  (Sat May 10 15:43:37 2025)
Out-of-bound Trials:
[ 4302 20638 18018  3071 21643 21601]
Best Parameters: (chisq=0.0072)
[0.90379302 0.35819341 0.48268636 0.64656619 0.42331099 0.71820798]

[::::::    ]  60.0% completed  (Sat May 10 15:43:37 2025)
Out-of-bound Trials:
[ 5262 24962 21633  3603 26093 25830]
Best Parameters: (chisq=0.0072)
[0.90379302 0.35819341 0.48268636 0.64656619 0.42331099 0.71820798]

[:::::::   ]  70.0% completed  (Sat May 10 15:43:38 2025)
Out-of-bound Trials:
[ 6189 29300 25203  4276 30510 30247]
Best Parameters: (chisq=0.0072)
[0.90379302 0.35819341 0.48268636 0.64656619 0.42331099 0.71820798]

[::::::::  ]  80.0% completed  (Sat May 10 15:43:38 2025)
Out-of-bound Trials:
[ 6945 33509 28854  4911 34881 34651]
Best Parameters: (chisq=0.0072)
[0.90379302 0.35819341 0.48268636 0.64656619 0.42331099 0.71820798]

[::::::::: ]  90.0% completed  (Sat May 10 15:43:39 2025)
Out-of-bound Trials:
[ 7668 37671 32557  5477 39319 39093]
Best Parameters: (chisq=0.0072)
[0.90379302 0.35819341 0.48268636 0.64656619 0.42331099 0.71820798]

[::::::::::] 100.0% completed  (Sat May 10 15:43:39 2025)
Out-of-bound Trials:
[ 8401 41960 36213  6032 43701 43655]
Best Parameters: (chisq=0.0072)
[0.90379302 0.35819341 0.48268636 0.64656619 0.42331099 0.71820798]

MCMC Summary:
-------------
  Number of evaluated samples:        200000
  Number of parallel chains:               5
  Average iterations per chain:        40000
  Burned-in iterations per chain:       2000
  Thinning factor:                         1
  MCMC sample size (thinned, burned): 190000
  Acceptance rate:   14.38%

Parameter name     best fit   median      1sigma_low   1sigma_hi        S/N
--------------- -----------  -----------------------------------  ---------
w                9.0379e-01   9.1877e-01 -4.1517e-02  3.3871e-02       25.3
b                3.5819e-01   3.0648e-01 -2.2057e-01  3.6692e-01        1.4
c                4.8269e-01   4.9283e-01 -2.9870e-01  3.0054e-01        1.8
dzeta            6.4657e-01   6.6668e-01 -1.4174e-01  1.3156e-01        5.1
B0               4.2331e-01   5.1098e-01 -3.3506e-01  3.3511e-01        1.5
h                7.1821e-01   5.1520e-01 -3.4246e-01  3.3236e-01        2.5

  Best-parameter's chi-squared:        0.0072
  Best-parameter's -2*log(posterior):  0.0072
  Bayesian Information Criterion:     13.8227
  Reduced chi-squared:                 0.0018
  Standard deviation of residuals:  0.000884056

For a detailed summary with all parameter posterior statistics see
/home/tenet/Documents/thesis/scripts/photometry/esa/data/inversion/inv-A3_A5-0.9_0.3_0.5_30_statistics.txt

Output sampler files:
  /home/tenet/Documents/thesis/scripts/photometry/esa/data/inversion/inv-A3_A5-0.9_0.3_0.5_30_statistics.txt
  /home/tenet/Documents/thesis/scripts/photometry/esa/data/inversion/inv-A3_A5-0.9_0.3_0.5_30.npz
  /home/tenet/Documents/thesis/scripts/photometry/esa/data/inversion/inv-A3_A5-0.9_0.3_0.5_30.log
