
::::::::::::::::::::::::::::::::::::::::::::::::::::::::::::::::::::::
  Multi-core Markov-chain Monte Carlo (mc3).
  Version 3.2.1.
  Copyright (c) 2015-2025 Patricio Cubillos and collaborators.
  mc3 is open-source software under the MIT license (see LICENSE).
::::::::::::::::::::::::::::::::::::::::::::::::::::::::::::::::::::::

Start MCMC chains  (Sat May 10 15:58:46 2025)

[:         ]  10.0% completed  (Sat May 10 15:58:46 2025)
Out-of-bound Trials:
[ 417 5599 2947  398 4039 4402]
Best Parameters: (chisq=0.0353)
[0.90061076 0.9043262  0.12171769 0.66800265 0.36600548 0.54999178]

[::        ]  20.0% completed  (Sat May 10 15:58:47 2025)
Out-of-bound Trials:
[  973 11643  6289   767  8389  9030]
Best Parameters: (chisq=0.0353)
[0.90061076 0.9043262  0.12171769 0.66800265 0.36600548 0.54999178]

[:::       ]  30.0% completed  (Sat May 10 15:58:47 2025)
Out-of-bound Trials:
[ 1790 17866 10058  1145 12702 13995]
Best Parameters: (chisq=0.0151)
[0.90132415 0.88371107 0.09184767 0.67831794 0.36491716 0.42394744]

[::::      ]  40.0% completed  (Sat May 10 15:58:48 2025)
Out-of-bound Trials:
[ 2576 24409 13932  1514 17498 18702]
Best Parameters: (chisq=0.0151)
[0.90132415 0.88371107 0.09184767 0.67831794 0.36491716 0.42394744]

[:::::     ]  50.0% completed  (Sat May 10 15:58:48 2025)
Out-of-bound Trials:
[ 3208 30237 17777  1983 22274 23524]
Best Parameters: (chisq=0.0151)
[0.90132415 0.88371107 0.09184767 0.67831794 0.36491716 0.42394744]

[::::::    ]  60.0% completed  (Sat May 10 15:58:48 2025)
Out-of-bound Trials:
[ 3854 36262 21566  2388 26996 28384]
Best Parameters: (chisq=0.0151)
[0.90132415 0.88371107 0.09184767 0.67831794 0.36491716 0.42394744]

[:::::::   ]  70.0% completed  (Sat May 10 15:58:49 2025)
Out-of-bound Trials:
[ 4523 42183 25363  2765 31150 32995]
Best Parameters: (chisq=0.0151)
[0.90132415 0.88371107 0.09184767 0.67831794 0.36491716 0.42394744]

[::::::::  ]  80.0% completed  (Sat May 10 15:58:49 2025)
Out-of-bound Trials:
[ 5290 48863 29494  3032 35879 37506]
Best Parameters: (chisq=0.0151)
[0.90132415 0.88371107 0.09184767 0.67831794 0.36491716 0.42394744]

[::::::::: ]  90.0% completed  (Sat May 10 15:58:50 2025)
Out-of-bound Trials:
[ 5980 54882 33571  3477 40369 42112]
Best Parameters: (chisq=0.0151)
[0.90132415 0.88371107 0.09184767 0.67831794 0.36491716 0.42394744]

[::::::::::] 100.0% completed  (Sat May 10 15:58:50 2025)
Out-of-bound Trials:
[ 6632 60892 37716  3902 44952 47032]
Best Parameters: (chisq=0.0151)
[0.90132415 0.88371107 0.09184767 0.67831794 0.36491716 0.42394744]

MCMC Summary:
-------------
  Number of evaluated samples:        200000
  Number of parallel chains:               5
  Average iterations per chain:        40000
  Burned-in iterations per chain:       2000
  Thinning factor:                         1
  MCMC sample size (thinned, burned): 190000
  Acceptance rate:   7.67%

Parameter name     best fit   median      1sigma_low   1sigma_hi        S/N
--------------- -----------  -----------------------------------  ---------
w                9.0132e-01   8.7252e-01 -1.1373e-01  3.1321e-02       13.5
b                8.8371e-01   6.3262e-01 -4.5159e-01  3.3677e-01        2.6
c                9.1848e-02   2.3570e-01 -1.5374e-01  3.5175e-01        0.4
dzeta            6.7832e-01   7.1718e-01 -1.0752e-01  9.9057e-02        7.0
B0               3.6492e-01   4.2953e-01 -3.0549e-01  3.6890e-01        1.3
h                4.2395e-01   4.8075e-01 -3.4120e-01  3.5187e-01        1.4

  Best-parameter's chi-squared:        0.0151
  Best-parameter's -2*log(posterior):  0.0151
  Bayesian Information Criterion:     16.2634
  Reduced chi-squared:                 0.0017
  Standard deviation of residuals:  0.000600117

For a detailed summary with all parameter posterior statistics see
/home/tenet/Documents/thesis/scripts/photometry/esa/data/inversion/inv-A3_A4_A5-0.9_0.9_0.1_30_statistics.txt

Output sampler files:
  /home/tenet/Documents/thesis/scripts/photometry/esa/data/inversion/inv-A3_A4_A5-0.9_0.9_0.1_30_statistics.txt
  /home/tenet/Documents/thesis/scripts/photometry/esa/data/inversion/inv-A3_A4_A5-0.9_0.9_0.1_30.npz
  /home/tenet/Documents/thesis/scripts/photometry/esa/data/inversion/inv-A3_A4_A5-0.9_0.9_0.1_30.log
