
::::::::::::::::::::::::::::::::::::::::::::::::::::::::::::::::::::::
  Multi-core Markov-chain Monte Carlo (mc3).
  Version 3.2.1.
  Copyright (c) 2015-2025 Patricio Cubillos and collaborators.
  mc3 is open-source software under the MIT license (see LICENSE).
::::::::::::::::::::::::::::::::::::::::::::::::::::::::::::::::::::::

Start MCMC chains  (Sat May 10 15:32:54 2025)

[:         ]  10.0% completed  (Sat May 10 15:32:54 2025)
Out-of-bound Trials:
[  10  202   31 2476 4013 4067]
Best Parameters: (chisq=0.0580)
[0.30035355 0.89957543 0.10514095 0.06283248 0.41469979 0.43941249]

[::        ]  20.0% completed  (Sat May 10 15:32:55 2025)
Out-of-bound Trials:
[  25  308   61 4960 8627 8873]
Best Parameters: (chisq=0.0540)
[0.29925535 0.89396966 0.09902358 0.10399968 0.64378881 0.18314374]

[:::       ]  30.0% completed  (Sat May 10 15:32:55 2025)
Out-of-bound Trials:
[   40   385    87  7643 13259 13742]
Best Parameters: (chisq=0.0540)
[0.29925535 0.89396966 0.09902358 0.10399968 0.64378881 0.18314374]

[::::      ]  40.0% completed  (Sat May 10 15:32:56 2025)
Out-of-bound Trials:
[   56   470   120 10216 17686 18531]
Best Parameters: (chisq=0.0460)
[0.30523945 0.90171975 0.10382451 0.08590594 0.41014909 0.67760886]

[:::::     ]  50.0% completed  (Sat May 10 15:32:56 2025)
Out-of-bound Trials:
[   74   554   143 12866 22197 23178]
Best Parameters: (chisq=0.0172)
[0.30109938 0.90199078 0.10246427 0.05740284 0.41910713 0.80345155]

[::::::    ]  60.0% completed  (Sat May 10 15:32:57 2025)
Out-of-bound Trials:
[   88   615   165 15487 26630 28018]
Best Parameters: (chisq=0.0172)
[0.30109938 0.90199078 0.10246427 0.05740284 0.41910713 0.80345155]

[:::::::   ]  70.0% completed  (Sat May 10 15:32:57 2025)
Out-of-bound Trials:
[  107   677   200 18096 31300 33066]
Best Parameters: (chisq=0.0172)
[0.30109938 0.90199078 0.10246427 0.05740284 0.41910713 0.80345155]

[::::::::  ]  80.0% completed  (Sat May 10 15:32:58 2025)
Out-of-bound Trials:
[  121   764   228 20948 35624 38125]
Best Parameters: (chisq=0.0172)
[0.30109938 0.90199078 0.10246427 0.05740284 0.41910713 0.80345155]

[::::::::: ]  90.0% completed  (Sat May 10 15:32:58 2025)
Out-of-bound Trials:
[  138   842   262 23605 40019 43155]
Best Parameters: (chisq=0.0172)
[0.30109938 0.90199078 0.10246427 0.05740284 0.41910713 0.80345155]

[::::::::::] 100.0% completed  (Sat May 10 15:32:59 2025)
Out-of-bound Trials:
[  158   917   290 26459 44443 47927]
Best Parameters: (chisq=0.0172)
[0.30109938 0.90199078 0.10246427 0.05740284 0.41910713 0.80345155]

MCMC Summary:
-------------
  Number of evaluated samples:        200000
  Number of parallel chains:               5
  Average iterations per chain:        40000
  Burned-in iterations per chain:       2000
  Thinning factor:                         1
  MCMC sample size (thinned, burned): 190000
  Acceptance rate:   16.02%

Parameter name     best fit   median      1sigma_low   1sigma_hi        S/N
--------------- -----------  -----------------------------------  ---------
w                3.0110e-01   3.0741e-01 -4.1150e-02  4.0174e-02        7.6
b                9.0199e-01   8.9461e-01 -2.5068e-02  2.2725e-02       38.1
c                1.0246e-01   1.0434e-01 -1.8895e-02  2.0689e-02        5.3
dzeta            5.7403e-02   1.1844e-01 -7.9827e-02  9.6373e-02        0.7
B0               4.1911e-01   4.8408e-01 -3.1756e-01  3.4335e-01        1.5
h                8.0345e-01   4.8433e-01 -3.4255e-01  3.5608e-01        2.7

  Best-parameter's chi-squared:        0.0172
  Best-parameter's -2*log(posterior):  0.0172
  Bayesian Information Criterion:     13.8327
  Reduced chi-squared:                 0.0043
  Standard deviation of residuals:  0.00198567

For a detailed summary with all parameter posterior statistics see
/home/tenet/Documents/thesis/scripts/photometry/esa/data/inversion/inv-A1_A2-0.3_0.9_0.1_0_statistics.txt

Output sampler files:
  /home/tenet/Documents/thesis/scripts/photometry/esa/data/inversion/inv-A1_A2-0.3_0.9_0.1_0_statistics.txt
  /home/tenet/Documents/thesis/scripts/photometry/esa/data/inversion/inv-A1_A2-0.3_0.9_0.1_0.npz
  /home/tenet/Documents/thesis/scripts/photometry/esa/data/inversion/inv-A1_A2-0.3_0.9_0.1_0.log
