
::::::::::::::::::::::::::::::::::::::::::::::::::::::::::::::::::::::
  Multi-core Markov-chain Monte Carlo (mc3).
  Version 3.2.1.
  Copyright (c) 2015-2025 Patricio Cubillos and collaborators.
  mc3 is open-source software under the MIT license (see LICENSE).
::::::::::::::::::::::::::::::::::::::::::::::::::::::::::::::::::::::

Start MCMC chains  (Sat May 10 15:50:34 2025)

[:         ]  10.0% completed  (Sat May 10 15:50:35 2025)
Out-of-bound Trials:
[  36 2214 3660   70 3945 4050]
Best Parameters: (chisq=0.0152)
[0.90184856 0.88858928 0.1155892  0.67242134 0.30638431 0.04615654]

[::        ]  20.0% completed  (Sat May 10 15:50:35 2025)
Out-of-bound Trials:
[  46 4262 7250  129 8550 8754]
Best Parameters: (chisq=0.0152)
[0.90184856 0.88858928 0.1155892  0.67242134 0.30638431 0.04615654]

[:::       ]  30.0% completed  (Sat May 10 15:50:36 2025)
Out-of-bound Trials:
[   57  6263 11089   247 13236 13564]
Best Parameters: (chisq=0.0152)
[0.90184856 0.88858928 0.1155892  0.67242134 0.30638431 0.04615654]

[::::      ]  40.0% completed  (Sat May 10 15:50:36 2025)
Out-of-bound Trials:
[   64  8316 15219   356 17835 18278]
Best Parameters: (chisq=0.0152)
[0.90184856 0.88858928 0.1155892  0.67242134 0.30638431 0.04615654]

[:::::     ]  50.0% completed  (Sat May 10 15:50:37 2025)
Out-of-bound Trials:
[   75 10663 18863   461 22395 23049]
Best Parameters: (chisq=0.0152)
[0.90184856 0.88858928 0.1155892  0.67242134 0.30638431 0.04615654]

[::::::    ]  60.0% completed  (Sat May 10 15:50:37 2025)
Out-of-bound Trials:
[   90 13012 22544   547 27074 27729]
Best Parameters: (chisq=0.0152)
[0.90184856 0.88858928 0.1155892  0.67242134 0.30638431 0.04615654]

[:::::::   ]  70.0% completed  (Sat May 10 15:50:38 2025)
Out-of-bound Trials:
[  101 15151 26648   665 31817 32570]
Best Parameters: (chisq=0.0026)
[0.89974698 0.89750938 0.11807386 0.66095719 0.18698365 0.53124071]

[::::::::  ]  80.0% completed  (Sat May 10 15:50:38 2025)
Out-of-bound Trials:
[  111 17293 30457   773 36578 37332]
Best Parameters: (chisq=0.0026)
[0.89974698 0.89750938 0.11807386 0.66095719 0.18698365 0.53124071]

[::::::::: ]  90.0% completed  (Sat May 10 15:50:39 2025)
Out-of-bound Trials:
[  122 19459 34289   883 41160 42032]
Best Parameters: (chisq=0.0026)
[0.89974698 0.89750938 0.11807386 0.66095719 0.18698365 0.53124071]

[::::::::::] 100.0% completed  (Sat May 10 15:50:39 2025)
Out-of-bound Trials:
[  132 21833 38136   996 45709 46632]
Best Parameters: (chisq=0.0026)
[0.89974698 0.89750938 0.11807386 0.66095719 0.18698365 0.53124071]

MCMC Summary:
-------------
  Number of evaluated samples:        200000
  Number of parallel chains:               5
  Average iterations per chain:        40000
  Burned-in iterations per chain:       2000
  Thinning factor:                         1
  MCMC sample size (thinned, burned): 190000
  Acceptance rate:   15.62%

Parameter name     best fit   median      1sigma_low   1sigma_hi        S/N
--------------- -----------  -----------------------------------  ---------
w                8.9975e-01   8.9298e-01 -1.5247e-02  1.5711e-02       59.4
b                8.9751e-01   9.2059e-01 -6.4134e-02  4.4316e-02       16.2
c                1.1807e-01   1.5651e-01 -9.9650e-02  2.3621e-01        0.6
dzeta            6.6096e-01   6.2188e-01 -8.8669e-02  1.0844e-01        7.2
B0               1.8698e-01   4.5268e-01 -3.1773e-01  3.6033e-01        0.7
h                5.3124e-01   4.7181e-01 -3.3627e-01  3.5710e-01        1.8

  Best-parameter's chi-squared:        0.0026
  Best-parameter's -2*log(posterior):  0.0026
  Bayesian Information Criterion:     16.2509
  Reduced chi-squared:                 0.0003
  Standard deviation of residuals:  0.00022396

For a detailed summary with all parameter posterior statistics see
/home/tenet/Documents/thesis/scripts/photometry/esa/data/inversion/inv-A1_A3_A4-0.9_0.9_0.1_30_statistics.txt

Output sampler files:
  /home/tenet/Documents/thesis/scripts/photometry/esa/data/inversion/inv-A1_A3_A4-0.9_0.9_0.1_30_statistics.txt
  /home/tenet/Documents/thesis/scripts/photometry/esa/data/inversion/inv-A1_A3_A4-0.9_0.9_0.1_30.npz
  /home/tenet/Documents/thesis/scripts/photometry/esa/data/inversion/inv-A1_A3_A4-0.9_0.9_0.1_30.log
