
::::::::::::::::::::::::::::::::::::::::::::::::::::::::::::::::::::::
  Multi-core Markov-chain Monte Carlo (mc3).
  Version 3.2.1.
  Copyright (c) 2015-2025 Patricio Cubillos and collaborators.
  mc3 is open-source software under the MIT license (see LICENSE).
::::::::::::::::::::::::::::::::::::::::::::::::::::::::::::::::::::::

Start MCMC chains  (Sat May 10 15:55:48 2025)

[:         ]  10.0% completed  (Sat May 10 15:55:49 2025)
Out-of-bound Trials:
[ 541  496 1875  345 4735 4076]
Best Parameters: (chisq=0.0500)
[0.8944717  0.2534218  0.58203335 0.66295631 0.61655278 0.25993664]

[::        ]  20.0% completed  (Sat May 10 15:55:49 2025)
Out-of-bound Trials:
[ 935 1186 4062  664 9257 8246]
Best Parameters: (chisq=0.0500)
[0.8944717  0.2534218  0.58203335 0.66295631 0.61655278 0.25993664]

[:::       ]  30.0% completed  (Sat May 10 15:55:50 2025)
Out-of-bound Trials:
[ 1301  1785  6176   915 14073 12421]
Best Parameters: (chisq=0.0423)
[0.90277447 0.2800666  0.50263688 0.6733248  0.67160005 0.2604802 ]

[::::      ]  40.0% completed  (Sat May 10 15:55:50 2025)
Out-of-bound Trials:
[ 1765  2454  8298  1299 18714 16697]
Best Parameters: (chisq=0.0423)
[0.90277447 0.2800666  0.50263688 0.6733248  0.67160005 0.2604802 ]

[:::::     ]  50.0% completed  (Sat May 10 15:55:51 2025)
Out-of-bound Trials:
[ 2218  3097 10333  1657 23271 21142]
Best Parameters: (chisq=0.0423)
[0.90277447 0.2800666  0.50263688 0.6733248  0.67160005 0.2604802 ]

[::::::    ]  60.0% completed  (Sat May 10 15:55:51 2025)
Out-of-bound Trials:
[ 2598  3720 12417  1962 27873 25479]
Best Parameters: (chisq=0.0423)
[0.90277447 0.2800666  0.50263688 0.6733248  0.67160005 0.2604802 ]

[:::::::   ]  70.0% completed  (Sat May 10 15:55:52 2025)
Out-of-bound Trials:
[ 3007  4513 14603  2303 32626 29841]
Best Parameters: (chisq=0.0423)
[0.90277447 0.2800666  0.50263688 0.6733248  0.67160005 0.2604802 ]

[::::::::  ]  80.0% completed  (Sat May 10 15:55:52 2025)
Out-of-bound Trials:
[ 3663  5236 16891  2776 37257 34284]
Best Parameters: (chisq=0.0327)
[0.90545227 0.31547265 0.51842978 0.66405814 0.30624123 0.83811693]

[::::::::: ]  90.0% completed  (Sat May 10 15:55:53 2025)
Out-of-bound Trials:
[ 4083  5955 19175  3126 41791 38675]
Best Parameters: (chisq=0.0305)
[0.88336308 0.25832664 0.49203529 0.68428783 0.84386336 0.51346272]

[::::::::::] 100.0% completed  (Sat May 10 15:55:54 2025)
Out-of-bound Trials:
[ 4604  6746 21410  3487 46487 43161]
Best Parameters: (chisq=0.0305)
[0.88336308 0.25832664 0.49203529 0.68428783 0.84386336 0.51346272]

MCMC Summary:
-------------
  Number of evaluated samples:        200000
  Number of parallel chains:               5
  Average iterations per chain:        40000
  Burned-in iterations per chain:       2000
  Thinning factor:                         1
  MCMC sample size (thinned, burned): 190000
  Acceptance rate:   16.18%

Parameter name     best fit   median      1sigma_low   1sigma_hi        S/N
--------------- -----------  -----------------------------------  ---------
w                8.8336e-01   9.0256e-01 -3.5544e-02  3.4901e-02       25.2
b                2.5833e-01   2.5709e-01 -1.0092e-01  1.1296e-01        2.4
c                4.9204e-01   5.7211e-01 -2.2163e-01  2.5434e-01        2.3
dzeta            6.8429e-01   6.9121e-01 -8.6606e-02  1.0619e-01        7.1
B0               8.4386e-01   5.6031e-01 -3.6496e-01  3.1767e-01        2.9
h                5.1346e-01   5.0365e-01 -3.2834e-01  3.3065e-01        1.8

  Best-parameter's chi-squared:        0.0305
  Best-parameter's -2*log(posterior):  0.0305
  Bayesian Information Criterion:     16.2788
  Reduced chi-squared:                 0.0034
  Standard deviation of residuals:  0.00197206

For a detailed summary with all parameter posterior statistics see
/home/tenet/Documents/thesis/scripts/photometry/esa/data/inversion/inv-A2_A3_A5-0.9_0.3_0.5_30_statistics.txt

Output sampler files:
  /home/tenet/Documents/thesis/scripts/photometry/esa/data/inversion/inv-A2_A3_A5-0.9_0.3_0.5_30_statistics.txt
  /home/tenet/Documents/thesis/scripts/photometry/esa/data/inversion/inv-A2_A3_A5-0.9_0.3_0.5_30.npz
  /home/tenet/Documents/thesis/scripts/photometry/esa/data/inversion/inv-A2_A3_A5-0.9_0.3_0.5_30.log
