
::::::::::::::::::::::::::::::::::::::::::::::::::::::::::::::::::::::
  Multi-core Markov-chain Monte Carlo (mc3).
  Version 3.2.1.
  Copyright (c) 2015-2025 Patricio Cubillos and collaborators.
  mc3 is open-source software under the MIT license (see LICENSE).
::::::::::::::::::::::::::::::::::::::::::::::::::::::::::::::::::::::

Start MCMC chains  (Sat May 10 15:44:31 2025)

[:         ]  10.0% completed  (Sat May 10 15:44:31 2025)
Out-of-bound Trials:
[2060  857 2800 1889 4362 4136]
Best Parameters: (chisq=0.0163)
[0.89014638 0.28215797 0.84887587 0.09034456 0.87452294 0.39440549]

[::        ]  20.0% completed  (Sat May 10 15:44:32 2025)
Out-of-bound Trials:
[4588 2546 6174 4022 8824 8535]
Best Parameters: (chisq=0.0163)
[0.89014638 0.28215797 0.84887587 0.09034456 0.87452294 0.39440549]

[:::       ]  30.0% completed  (Sat May 10 15:44:32 2025)
Out-of-bound Trials:
[ 6315  3931  9557  5833 13234 12973]
Best Parameters: (chisq=0.0163)
[0.89014638 0.28215797 0.84887587 0.09034456 0.87452294 0.39440549]

[::::      ]  40.0% completed  (Sat May 10 15:44:33 2025)
Out-of-bound Trials:
[ 8282  5059 12792  7843 17871 17380]
Best Parameters: (chisq=0.0163)
[0.89014638 0.28215797 0.84887587 0.09034456 0.87452294 0.39440549]

[:::::     ]  50.0% completed  (Sat May 10 15:44:33 2025)
Out-of-bound Trials:
[10471  6428 16197  9628 22297 21658]
Best Parameters: (chisq=0.0106)
[0.89844719 0.2832161  0.90814527 0.08474242 0.63145124 0.36971109]

[::::::    ]  60.0% completed  (Sat May 10 15:44:33 2025)
Out-of-bound Trials:
[12440  7569 19520 11678 26806 25979]
Best Parameters: (chisq=0.0106)
[0.89844719 0.2832161  0.90814527 0.08474242 0.63145124 0.36971109]

[:::::::   ]  70.0% completed  (Sat May 10 15:44:34 2025)
Out-of-bound Trials:
[14223  8570 22843 13759 31242 30313]
Best Parameters: (chisq=0.0106)
[0.89844719 0.2832161  0.90814527 0.08474242 0.63145124 0.36971109]

[::::::::  ]  80.0% completed  (Sat May 10 15:44:34 2025)
Out-of-bound Trials:
[16083  9756 26277 15918 35787 34787]
Best Parameters: (chisq=0.0106)
[0.89844719 0.2832161  0.90814527 0.08474242 0.63145124 0.36971109]

[::::::::: ]  90.0% completed  (Sat May 10 15:44:35 2025)
Out-of-bound Trials:
[18477 10828 29582 17940 40464 39552]
Best Parameters: (chisq=0.0106)
[0.89844719 0.2832161  0.90814527 0.08474242 0.63145124 0.36971109]

[::::::::::] 100.0% completed  (Sat May 10 15:44:35 2025)
Out-of-bound Trials:
[20108 11967 32995 19932 44892 44021]
Best Parameters: (chisq=0.0106)
[0.89844719 0.2832161  0.90814527 0.08474242 0.63145124 0.36971109]

MCMC Summary:
-------------
  Number of evaluated samples:        200000
  Number of parallel chains:               5
  Average iterations per chain:        40000
  Burned-in iterations per chain:       2000
  Thinning factor:                         1
  MCMC sample size (thinned, burned): 190000
  Acceptance rate:   13.67%

Parameter name     best fit   median      1sigma_low   1sigma_hi        S/N
--------------- -----------  -----------------------------------  ---------
w                8.9845e-01   9.4447e-01 -3.4212e-02  3.3797e-02       28.6
b                2.8322e-01   3.1912e-01 -1.1108e-01  1.2614e-01        1.8
c                9.0815e-01   6.9601e-01 -2.9836e-01  2.0449e-01        3.9
dzeta            8.4742e-02   4.4898e-01 -2.7987e-01  1.9359e-01        0.4
B0               6.3145e-01   5.3213e-01 -3.4559e-01  3.2161e-01        2.2
h                3.6971e-01   5.2056e-01 -3.4561e-01  3.2546e-01        1.3

  Best-parameter's chi-squared:        0.0106
  Best-parameter's -2*log(posterior):  0.0106
  Bayesian Information Criterion:     13.8261
  Reduced chi-squared:                 0.0026
  Standard deviation of residuals:  0.00189275

For a detailed summary with all parameter posterior statistics see
/home/tenet/Documents/thesis/scripts/photometry/esa/data/inversion/inv-A4_A5-0.9_0.3_0.9_0_statistics.txt

Output sampler files:
  /home/tenet/Documents/thesis/scripts/photometry/esa/data/inversion/inv-A4_A5-0.9_0.3_0.9_0_statistics.txt
  /home/tenet/Documents/thesis/scripts/photometry/esa/data/inversion/inv-A4_A5-0.9_0.3_0.9_0.npz
  /home/tenet/Documents/thesis/scripts/photometry/esa/data/inversion/inv-A4_A5-0.9_0.3_0.9_0.log
