
::::::::::::::::::::::::::::::::::::::::::::::::::::::::::::::::::::::
  Multi-core Markov-chain Monte Carlo (mc3).
  Version 3.2.1.
  Copyright (c) 2015-2025 Patricio Cubillos and collaborators.
  mc3 is open-source software under the MIT license (see LICENSE).
::::::::::::::::::::::::::::::::::::::::::::::::::::::::::::::::::::::

Start MCMC chains  (Sat May 10 16:05:01 2025)

[:         ]  10.0% completed  (Sat May 10 16:05:02 2025)
Out-of-bound Trials:
[   1   16  299 2489 3670 4111]
Best Parameters: (chisq=0.0372)
[0.29920373 0.30541529 0.4871163  0.01668148 0.53638719 0.49493413]

[::        ]  20.0% completed  (Sat May 10 16:05:02 2025)
Out-of-bound Trials:
[   1   45  701 5051 8152 8446]
Best Parameters: (chisq=0.0372)
[0.29920373 0.30541529 0.4871163  0.01668148 0.53638719 0.49493413]

[:::       ]  30.0% completed  (Sat May 10 16:05:03 2025)
Out-of-bound Trials:
[    1    81   971  7322 12697 12746]
Best Parameters: (chisq=0.0364)
[0.28443925 0.28744069 0.49133088 0.08893919 0.69671788 0.52665496]

[::::      ]  40.0% completed  (Sat May 10 16:05:03 2025)
Out-of-bound Trials:
[    2   119  1413  9858 17301 17222]
Best Parameters: (chisq=0.0298)
[0.3003972  0.31628034 0.48215049 0.01585997 0.43899828 0.81782936]

[:::::     ]  50.0% completed  (Sat May 10 16:05:04 2025)
Out-of-bound Trials:
[    2   147  1751 12655 21771 21660]
Best Parameters: (chisq=0.0173)
[0.2908594  0.30176349 0.49486481 0.08476866 0.54193449 0.68783952]

[::::::    ]  60.0% completed  (Sat May 10 16:05:05 2025)
Out-of-bound Trials:
[    2   177  2097 14918 26057 26079]
Best Parameters: (chisq=0.0036)
[0.29905766 0.29529368 0.50163772 0.01299501 0.53720185 0.44611504]

[:::::::   ]  70.0% completed  (Sat May 10 16:05:05 2025)
Out-of-bound Trials:
[    2   210  2421 17267 30543 30714]
Best Parameters: (chisq=0.0036)
[0.29905766 0.29529368 0.50163772 0.01299501 0.53720185 0.44611504]

[::::::::  ]  80.0% completed  (Sat May 10 16:05:06 2025)
Out-of-bound Trials:
[    3   242  2890 19819 35057 35220]
Best Parameters: (chisq=0.0036)
[0.29905766 0.29529368 0.50163772 0.01299501 0.53720185 0.44611504]

[::::::::: ]  90.0% completed  (Sat May 10 16:05:06 2025)
Out-of-bound Trials:
[    3   275  3399 22472 39902 39987]
Best Parameters: (chisq=0.0036)
[0.29905766 0.29529368 0.50163772 0.01299501 0.53720185 0.44611504]

[::::::::::] 100.0% completed  (Sat May 10 16:05:07 2025)
Out-of-bound Trials:
[    3   311  3804 24968 44429 44442]
Best Parameters: (chisq=0.0036)
[0.29905766 0.29529368 0.50163772 0.01299501 0.53720185 0.44611504]

MCMC Summary:
-------------
  Number of evaluated samples:        200000
  Number of parallel chains:               5
  Average iterations per chain:        40000
  Burned-in iterations per chain:       2000
  Thinning factor:                         1
  MCMC sample size (thinned, burned): 190000
  Acceptance rate:   15.03%

Parameter name     best fit   median      1sigma_low   1sigma_hi        S/N
--------------- -----------  -----------------------------------  ---------
w                2.9906e-01   3.0044e-01 -3.2323e-02  3.1294e-02        9.8
b                2.9529e-01   2.8039e-01 -6.0787e-02  5.2808e-02        5.3
c                5.0164e-01   5.5760e-01 -1.1037e-01  1.4287e-01        3.9
dzeta            1.2995e-02   7.7223e-02 -5.2646e-02  5.6760e-02        0.3
B0               5.3720e-01   5.2468e-01 -3.4833e-01  3.2543e-01        1.9
h                4.4612e-01   4.7568e-01 -3.2302e-01  3.5045e-01        1.6

  Best-parameter's chi-squared:        0.0036
  Best-parameter's -2*log(posterior):  0.0036
  Bayesian Information Criterion:     17.9780
  Reduced chi-squared:                 0.0003
  Standard deviation of residuals:  0.000239416

For a detailed summary with all parameter posterior statistics see
/home/tenet/Documents/thesis/scripts/photometry/esa/data/inversion/inv-A2_A3_A4_A5-0.3_0.3_0.5_0_statistics.txt

Output sampler files:
  /home/tenet/Documents/thesis/scripts/photometry/esa/data/inversion/inv-A2_A3_A4_A5-0.3_0.3_0.5_0_statistics.txt
  /home/tenet/Documents/thesis/scripts/photometry/esa/data/inversion/inv-A2_A3_A4_A5-0.3_0.3_0.5_0.npz
  /home/tenet/Documents/thesis/scripts/photometry/esa/data/inversion/inv-A2_A3_A4_A5-0.3_0.3_0.5_0.log
