
::::::::::::::::::::::::::::::::::::::::::::::::::::::::::::::::::::::
  Multi-core Markov-chain Monte Carlo (mc3).
  Version 3.2.1.
  Copyright (c) 2015-2025 Patricio Cubillos and collaborators.
  mc3 is open-source software under the MIT license (see LICENSE).
::::::::::::::::::::::::::::::::::::::::::::::::::::::::::::::::::::::

Start MCMC chains  (Sat May 10 15:43:22 2025)

[:         ]  10.0% completed  (Sat May 10 15:43:22 2025)
Out-of-bound Trials:
[1786 3013 3547 1430 3909 4205]
Best Parameters: (chisq=0.0373)
[0.89715021 0.27112871 0.82446625 0.70084248 0.57168178 0.88591539]

[::        ]  20.0% completed  (Sat May 10 15:43:23 2025)
Out-of-bound Trials:
[3487 6158 7229 3375 8322 8348]
Best Parameters: (chisq=0.0290)
[0.89939342 0.29986951 0.97611214 0.64224362 0.25495074 0.65042831]

[:::       ]  30.0% completed  (Sat May 10 15:43:23 2025)
Out-of-bound Trials:
[ 5329  9354 11223  5079 12814 12884]
Best Parameters: (chisq=0.0219)
[0.8938388  0.32437265 0.79788298 0.67321826 0.95223399 0.41854276]

[::::      ]  40.0% completed  (Sat May 10 15:43:24 2025)
Out-of-bound Trials:
[ 7128 12323 15194  6999 17364 17481]
Best Parameters: (chisq=0.0219)
[0.8938388  0.32437265 0.79788298 0.67321826 0.95223399 0.41854276]

[:::::     ]  50.0% completed  (Sat May 10 15:43:24 2025)
Out-of-bound Trials:
[ 8914 15445 19235  9106 21952 21960]
Best Parameters: (chisq=0.0219)
[0.8938388  0.32437265 0.79788298 0.67321826 0.95223399 0.41854276]

[::::::    ]  60.0% completed  (Sat May 10 15:43:25 2025)
Out-of-bound Trials:
[10735 18554 23202 10945 26416 26327]
Best Parameters: (chisq=0.0219)
[0.8938388  0.32437265 0.79788298 0.67321826 0.95223399 0.41854276]

[:::::::   ]  70.0% completed  (Sat May 10 15:43:25 2025)
Out-of-bound Trials:
[12281 21770 27111 12589 30793 30699]
Best Parameters: (chisq=0.0219)
[0.8938388  0.32437265 0.79788298 0.67321826 0.95223399 0.41854276]

[::::::::  ]  80.0% completed  (Sat May 10 15:43:26 2025)
Out-of-bound Trials:
[13923 24959 31194 14328 35356 35085]
Best Parameters: (chisq=0.0176)
[0.88992383 0.27358044 0.87506018 0.6787036  0.72679071 0.50035213]

[::::::::: ]  90.0% completed  (Sat May 10 15:43:26 2025)
Out-of-bound Trials:
[15671 28172 35136 16190 39871 39631]
Best Parameters: (chisq=0.0173)
[0.90747427 0.32602705 0.8684559  0.65637153 0.69309686 0.21123127]

[::::::::::] 100.0% completed  (Sat May 10 15:43:27 2025)
Out-of-bound Trials:
[17324 31181 39182 17875 44493 43944]
Best Parameters: (chisq=0.0173)
[0.90747427 0.32602705 0.8684559  0.65637153 0.69309686 0.21123127]

MCMC Summary:
-------------
  Number of evaluated samples:        200000
  Number of parallel chains:               5
  Average iterations per chain:        40000
  Burned-in iterations per chain:       2000
  Thinning factor:                         1
  MCMC sample size (thinned, burned): 190000
  Acceptance rate:   13.71%

Parameter name     best fit   median      1sigma_low   1sigma_hi        S/N
--------------- -----------  -----------------------------------  ---------
w                9.0747e-01   9.4342e-01 -3.6784e-02  3.0034e-02       27.7
b                3.2603e-01   3.3813e-01 -2.2340e-01  2.8271e-01        1.4
c                8.6846e-01   6.7145e-01 -3.4296e-01  2.2895e-01        3.4
dzeta            6.5637e-01   7.5913e-01 -1.6734e-01  1.3263e-01        4.8
B0               6.9310e-01   5.3974e-01 -3.5134e-01  3.2157e-01        2.4
h                2.1123e-01   5.1867e-01 -3.4087e-01  3.2688e-01        0.7

  Best-parameter's chi-squared:        0.0173
  Best-parameter's -2*log(posterior):  0.0173
  Bayesian Information Criterion:     13.8328
  Reduced chi-squared:                 0.0043
  Standard deviation of residuals:  0.00102866

For a detailed summary with all parameter posterior statistics see
/home/tenet/Documents/thesis/scripts/photometry/esa/data/inversion/inv-A3_A5-0.9_0.3_0.9_30_statistics.txt

Output sampler files:
  /home/tenet/Documents/thesis/scripts/photometry/esa/data/inversion/inv-A3_A5-0.9_0.3_0.9_30_statistics.txt
  /home/tenet/Documents/thesis/scripts/photometry/esa/data/inversion/inv-A3_A5-0.9_0.3_0.9_30.npz
  /home/tenet/Documents/thesis/scripts/photometry/esa/data/inversion/inv-A3_A5-0.9_0.3_0.9_30.log
