
::::::::::::::::::::::::::::::::::::::::::::::::::::::::::::::::::::::
  Multi-core Markov-chain Monte Carlo (mc3).
  Version 3.2.1.
  Copyright (c) 2015-2025 Patricio Cubillos and collaborators.
  mc3 is open-source software under the MIT license (see LICENSE).
::::::::::::::::::::::::::::::::::::::::::::::::::::::::::::::::::::::

Start MCMC chains  (Sat May 10 15:42:56 2025)

[:         ]  10.0% completed  (Sat May 10 15:42:57 2025)
Out-of-bound Trials:
[  71 4789 2648 1934 4359 4191]
Best Parameters: (chisq=0.0326)
[0.34330078 0.38381393 0.48966108 0.6339073  0.10584845 0.81290598]

[::        ]  20.0% completed  (Sat May 10 15:42:57 2025)
Out-of-bound Trials:
[  132 10008  5873  3812  8949  8740]
Best Parameters: (chisq=0.0326)
[0.34330078 0.38381393 0.48966108 0.6339073  0.10584845 0.81290598]

[:::       ]  30.0% completed  (Sat May 10 15:42:58 2025)
Out-of-bound Trials:
[  202 15089  8900  5599 13434 13464]
Best Parameters: (chisq=0.0326)
[0.34330078 0.38381393 0.48966108 0.6339073  0.10584845 0.81290598]

[::::      ]  40.0% completed  (Sat May 10 15:42:58 2025)
Out-of-bound Trials:
[  272 20229 11871  7569 18038 17908]
Best Parameters: (chisq=0.0326)
[0.34330078 0.38381393 0.48966108 0.6339073  0.10584845 0.81290598]

[:::::     ]  50.0% completed  (Sat May 10 15:42:59 2025)
Out-of-bound Trials:
[  349 25678 15083  9553 22750 22347]
Best Parameters: (chisq=0.0326)
[0.34330078 0.38381393 0.48966108 0.6339073  0.10584845 0.81290598]

[::::::    ]  60.0% completed  (Sat May 10 15:42:59 2025)
Out-of-bound Trials:
[  416 30873 18089 11669 27048 26837]
Best Parameters: (chisq=0.0326)
[0.34330078 0.38381393 0.48966108 0.6339073  0.10584845 0.81290598]

[:::::::   ]  70.0% completed  (Sat May 10 15:43:00 2025)
Out-of-bound Trials:
[  469 36117 20999 13752 31835 31509]
Best Parameters: (chisq=0.0326)
[0.34330078 0.38381393 0.48966108 0.6339073  0.10584845 0.81290598]

[::::::::  ]  80.0% completed  (Sat May 10 15:43:00 2025)
Out-of-bound Trials:
[  532 41316 24022 15779 36615 36017]
Best Parameters: (chisq=0.0326)
[0.34330078 0.38381393 0.48966108 0.6339073  0.10584845 0.81290598]

[::::::::: ]  90.0% completed  (Sat May 10 15:43:01 2025)
Out-of-bound Trials:
[  589 46414 26974 17841 41288 40525]
Best Parameters: (chisq=0.0326)
[0.34330078 0.38381393 0.48966108 0.6339073  0.10584845 0.81290598]

[::::::::::] 100.0% completed  (Sat May 10 15:43:01 2025)
Out-of-bound Trials:
[  644 51412 30011 19766 45962 44974]
Best Parameters: (chisq=0.0326)
[0.34330078 0.38381393 0.48966108 0.6339073  0.10584845 0.81290598]

MCMC Summary:
-------------
  Number of evaluated samples:        200000
  Number of parallel chains:               5
  Average iterations per chain:        40000
  Burned-in iterations per chain:       2000
  Thinning factor:                         1
  MCMC sample size (thinned, burned): 190000
  Acceptance rate:   11.05%

Parameter name     best fit   median      1sigma_low   1sigma_hi        S/N
--------------- -----------  -----------------------------------  ---------
w                3.4330e-01   3.9252e-01 -1.0462e-01  1.6913e-01        2.9
b                3.8381e-01   4.6378e-01 -3.3862e-01  3.9740e-01        1.2
c                4.8966e-01   4.3363e-01 -2.3909e-01  3.0142e-01        2.0
dzeta            6.3391e-01   7.0340e-01 -1.8550e-01  1.8091e-01        3.9
B0               1.0585e-01   4.6705e-01 -3.3035e-01  3.6122e-01        0.4
h                8.1291e-01   4.8857e-01 -3.3000e-01  3.4545e-01        2.8

  Best-parameter's chi-squared:        0.0326
  Best-parameter's -2*log(posterior):  0.0326
  Bayesian Information Criterion:     13.8481
  Reduced chi-squared:                 0.0082
  Standard deviation of residuals:  0.000545872

For a detailed summary with all parameter posterior statistics see
/home/tenet/Documents/thesis/scripts/photometry/esa/data/inversion/inv-A3_A5-0.3_0.3_0.5_30_statistics.txt

Output sampler files:
  /home/tenet/Documents/thesis/scripts/photometry/esa/data/inversion/inv-A3_A5-0.3_0.3_0.5_30_statistics.txt
  /home/tenet/Documents/thesis/scripts/photometry/esa/data/inversion/inv-A3_A5-0.3_0.3_0.5_30.npz
  /home/tenet/Documents/thesis/scripts/photometry/esa/data/inversion/inv-A3_A5-0.3_0.3_0.5_30.log
