
::::::::::::::::::::::::::::::::::::::::::::::::::::::::::::::::::::::
  Multi-core Markov-chain Monte Carlo (mc3).
  Version 3.2.1.
  Copyright (c) 2015-2025 Patricio Cubillos and collaborators.
  mc3 is open-source software under the MIT license (see LICENSE).
::::::::::::::::::::::::::::::::::::::::::::::::::::::::::::::::::::::

Start MCMC chains  (Sat May 10 15:45:36 2025)

[:         ]  10.0% completed  (Sat May 10 15:45:37 2025)
Out-of-bound Trials:
[   8  144   37 2561 4243 4483]
Best Parameters: (chisq=0.0747)
[0.30422533 0.89949236 0.11393985 0.0383987  0.25854381 0.75381912]

[::        ]  20.0% completed  (Sat May 10 15:45:37 2025)
Out-of-bound Trials:
[  16  223   68 5171 8878 9211]
Best Parameters: (chisq=0.0284)
[0.29922174 0.89285333 0.10920893 0.06696387 0.49787676 0.12665825]

[:::       ]  30.0% completed  (Sat May 10 15:45:38 2025)
Out-of-bound Trials:
[   22   291    90  8001 13419 14167]
Best Parameters: (chisq=0.0284)
[0.29922174 0.89285333 0.10920893 0.06696387 0.49787676 0.12665825]

[::::      ]  40.0% completed  (Sat May 10 15:45:38 2025)
Out-of-bound Trials:
[   31   353   117 10760 18139 18962]
Best Parameters: (chisq=0.0284)
[0.29922174 0.89285333 0.10920893 0.06696387 0.49787676 0.12665825]

[:::::     ]  50.0% completed  (Sat May 10 15:45:39 2025)
Out-of-bound Trials:
[   39   407   148 13376 22590 23588]
Best Parameters: (chisq=0.0284)
[0.29922174 0.89285333 0.10920893 0.06696387 0.49787676 0.12665825]

[::::::    ]  60.0% completed  (Sat May 10 15:45:39 2025)
Out-of-bound Trials:
[   46   465   172 16213 27106 28469]
Best Parameters: (chisq=0.0284)
[0.29922174 0.89285333 0.10920893 0.06696387 0.49787676 0.12665825]

[:::::::   ]  70.0% completed  (Sat May 10 15:45:40 2025)
Out-of-bound Trials:
[   55   522   204 18835 31648 33436]
Best Parameters: (chisq=0.0257)
[0.30135523 0.89997396 0.09867542 0.05298048 0.49864588 0.51289311]

[::::::::  ]  80.0% completed  (Sat May 10 15:45:41 2025)
Out-of-bound Trials:
[   61   566   232 21624 36448 38027]
Best Parameters: (chisq=0.0088)
[0.2993818  0.90212627 0.09796137 0.0629924  0.52867592 0.63592591]

[::::::::: ]  90.0% completed  (Sat May 10 15:45:41 2025)
Out-of-bound Trials:
[   68   631   256 24543 40821 42777]
Best Parameters: (chisq=0.0088)
[0.2993818  0.90212627 0.09796137 0.0629924  0.52867592 0.63592591]

[::::::::::] 100.0% completed  (Sat May 10 15:45:42 2025)
Out-of-bound Trials:
[   79   687   272 27414 45439 47769]
Best Parameters: (chisq=0.0088)
[0.2993818  0.90212627 0.09796137 0.0629924  0.52867592 0.63592591]

MCMC Summary:
-------------
  Number of evaluated samples:        200000
  Number of parallel chains:               5
  Average iterations per chain:        40000
  Burned-in iterations per chain:       2000
  Thinning factor:                         1
  MCMC sample size (thinned, burned): 190000
  Acceptance rate:   16.28%

Parameter name     best fit   median      1sigma_low   1sigma_hi        S/N
--------------- -----------  -----------------------------------  ---------
w                2.9938e-01   3.0497e-01 -3.2060e-02  3.0993e-02        9.6
b                9.0213e-01   8.9394e-01 -2.1443e-02  1.9943e-02       43.8
c                9.7961e-02   1.0336e-01 -1.7905e-02  2.0932e-02        5.2
dzeta            6.2992e-02   1.1444e-01 -7.9774e-02  9.4281e-02        0.8
B0               5.2868e-01   4.9083e-01 -3.2601e-01  3.4343e-01        1.9
h                6.3593e-01   5.0190e-01 -3.5237e-01  3.4391e-01        2.2

  Best-parameter's chi-squared:        0.0088
  Best-parameter's -2*log(posterior):  0.0088
  Bayesian Information Criterion:     16.2571
  Reduced chi-squared:                 0.0010
  Standard deviation of residuals:  0.000229544

For a detailed summary with all parameter posterior statistics see
/home/tenet/Documents/thesis/scripts/photometry/esa/data/inversion/inv-A1_A2_A3-0.3_0.9_0.1_0_statistics.txt

Output sampler files:
  /home/tenet/Documents/thesis/scripts/photometry/esa/data/inversion/inv-A1_A2_A3-0.3_0.9_0.1_0_statistics.txt
  /home/tenet/Documents/thesis/scripts/photometry/esa/data/inversion/inv-A1_A2_A3-0.3_0.9_0.1_0.npz
  /home/tenet/Documents/thesis/scripts/photometry/esa/data/inversion/inv-A1_A2_A3-0.3_0.9_0.1_0.log
