
::::::::::::::::::::::::::::::::::::::::::::::::::::::::::::::::::::::
  Multi-core Markov-chain Monte Carlo (mc3).
  Version 3.2.1.
  Copyright (c) 2015-2025 Patricio Cubillos and collaborators.
  mc3 is open-source software under the MIT license (see LICENSE).
::::::::::::::::::::::::::::::::::::::::::::::::::::::::::::::::::::::

Start MCMC chains  (Sat May 10 15:49:47 2025)

[:         ]  10.0% completed  (Sat May 10 15:49:47 2025)
Out-of-bound Trials:
[ 344 1591 2091 2176 4019 4503]
Best Parameters: (chisq=0.1201)
[0.3009086  0.90427063 0.0856488  0.12692693 0.86190966 0.40383305]

[::        ]  20.0% completed  (Sat May 10 15:49:48 2025)
Out-of-bound Trials:
[ 654 3341 4356 4398 8490 9410]
Best Parameters: (chisq=0.1201)
[0.3009086  0.90427063 0.0856488  0.12692693 0.86190966 0.40383305]

[:::       ]  30.0% completed  (Sat May 10 15:49:48 2025)
Out-of-bound Trials:
[ 1060  4917  6360  6613 13334 14320]
Best Parameters: (chisq=0.1201)
[0.3009086  0.90427063 0.0856488  0.12692693 0.86190966 0.40383305]

[::::      ]  40.0% completed  (Sat May 10 15:49:49 2025)
Out-of-bound Trials:
[ 1507  6364  8635  8976 17968 19050]
Best Parameters: (chisq=0.1201)
[0.3009086  0.90427063 0.0856488  0.12692693 0.86190966 0.40383305]

[:::::     ]  50.0% completed  (Sat May 10 15:49:49 2025)
Out-of-bound Trials:
[ 1893  7921 10790 11610 22641 23795]
Best Parameters: (chisq=0.1201)
[0.3009086  0.90427063 0.0856488  0.12692693 0.86190966 0.40383305]

[::::::    ]  60.0% completed  (Sat May 10 15:49:50 2025)
Out-of-bound Trials:
[ 2199  9432 12858 13892 27342 28510]
Best Parameters: (chisq=0.1201)
[0.3009086  0.90427063 0.0856488  0.12692693 0.86190966 0.40383305]

[:::::::   ]  70.0% completed  (Sat May 10 15:49:50 2025)
Out-of-bound Trials:
[ 2504 10956 14947 16250 32018 33473]
Best Parameters: (chisq=0.1201)
[0.3009086  0.90427063 0.0856488  0.12692693 0.86190966 0.40383305]

[::::::::  ]  80.0% completed  (Sat May 10 15:49:51 2025)
Out-of-bound Trials:
[ 2866 12538 17078 18785 36466 38340]
Best Parameters: (chisq=0.1201)
[0.3009086  0.90427063 0.0856488  0.12692693 0.86190966 0.40383305]

[::::::::: ]  90.0% completed  (Sat May 10 15:49:51 2025)
Out-of-bound Trials:
[ 3185 14242 19148 21423 40880 43048]
Best Parameters: (chisq=0.0932)
[0.30976655 0.90240924 0.09046762 0.12653497 0.31663608 0.72480878]

[::::::::::] 100.0% completed  (Sat May 10 15:49:52 2025)
Out-of-bound Trials:
[ 3496 15697 21126 23350 45340 47794]
Best Parameters: (chisq=0.0932)
[0.30976655 0.90240924 0.09046762 0.12653497 0.31663608 0.72480878]

MCMC Summary:
-------------
  Number of evaluated samples:        200000
  Number of parallel chains:               5
  Average iterations per chain:        40000
  Burned-in iterations per chain:       2000
  Thinning factor:                         1
  MCMC sample size (thinned, burned): 190000
  Acceptance rate:   8.07%

Parameter name     best fit   median      1sigma_low   1sigma_hi        S/N
--------------- -----------  -----------------------------------  ---------
w                3.0977e-01   1.8843e-01 -6.0470e-02  1.0908e-01        4.2
b                9.0241e-01   6.5409e-01 -1.3478e-01  2.2435e-01        5.9
c                9.0468e-02   1.3908e-01 -8.2176e-02  9.2049e-02        1.1
dzeta            1.2653e-01   1.9842e-01 -1.3025e-01  1.4132e-01        1.0
B0               3.1664e-01   4.7562e-01 -3.3648e-01  3.3911e-01        1.1
h                7.2481e-01   4.5834e-01 -3.3354e-01  3.6283e-01        2.5

  Best-parameter's chi-squared:        0.0932
  Best-parameter's -2*log(posterior):  0.0932
  Bayesian Information Criterion:     16.3415
  Reduced chi-squared:                 0.0104
  Standard deviation of residuals:  0.000768199

For a detailed summary with all parameter posterior statistics see
/home/tenet/Documents/thesis/scripts/photometry/esa/data/inversion/inv-A1_A3_A4-0.3_0.9_0.1_0_statistics.txt

Output sampler files:
  /home/tenet/Documents/thesis/scripts/photometry/esa/data/inversion/inv-A1_A3_A4-0.3_0.9_0.1_0_statistics.txt
  /home/tenet/Documents/thesis/scripts/photometry/esa/data/inversion/inv-A1_A3_A4-0.3_0.9_0.1_0.npz
  /home/tenet/Documents/thesis/scripts/photometry/esa/data/inversion/inv-A1_A3_A4-0.3_0.9_0.1_0.log
