
::::::::::::::::::::::::::::::::::::::::::::::::::::::::::::::::::::::
  Multi-core Markov-chain Monte Carlo (mc3).
  Version 3.2.1.
  Copyright (c) 2015-2025 Patricio Cubillos and collaborators.
  mc3 is open-source software under the MIT license (see LICENSE).
::::::::::::::::::::::::::::::::::::::::::::::::::::::::::::::::::::::

Start MCMC chains  (Sat May 10 15:40:46 2025)

[:         ]  10.0% completed  (Sat May 10 15:40:47 2025)
Out-of-bound Trials:
[ 720   21 2581  717 4132 4182]
Best Parameters: (chisq=0.0357)
[0.8876955  0.28812004 0.77459006 0.69833951 0.8805778  0.76018156]

[::        ]  20.0% completed  (Sat May 10 15:40:47 2025)
Out-of-bound Trials:
[1403   38 5223 1489 8602 8248]
Best Parameters: (chisq=0.0357)
[0.8876955  0.28812004 0.77459006 0.69833951 0.8805778  0.76018156]

[:::       ]  30.0% completed  (Sat May 10 15:40:48 2025)
Out-of-bound Trials:
[ 2195    55  8033  2320 13202 12755]
Best Parameters: (chisq=0.0300)
[0.91013367 0.30143953 0.95383657 0.67488284 0.41893811 0.27648657]

[::::      ]  40.0% completed  (Sat May 10 15:40:48 2025)
Out-of-bound Trials:
[ 2931    62 10952  3101 17735 17023]
Best Parameters: (chisq=0.0300)
[0.91013367 0.30143953 0.95383657 0.67488284 0.41893811 0.27648657]

[:::::     ]  50.0% completed  (Sat May 10 15:40:49 2025)
Out-of-bound Trials:
[ 3765    73 13668  4068 22415 21514]
Best Parameters: (chisq=0.0300)
[0.91013367 0.30143953 0.95383657 0.67488284 0.41893811 0.27648657]

[::::::    ]  60.0% completed  (Sat May 10 15:40:49 2025)
Out-of-bound Trials:
[ 4479    97 16651  4839 26783 25998]
Best Parameters: (chisq=0.0300)
[0.91013367 0.30143953 0.95383657 0.67488284 0.41893811 0.27648657]

[:::::::   ]  70.0% completed  (Sat May 10 15:40:50 2025)
Out-of-bound Trials:
[ 5270   121 19506  5660 31242 30286]
Best Parameters: (chisq=0.0300)
[0.91013367 0.30143953 0.95383657 0.67488284 0.41893811 0.27648657]

[::::::::  ]  80.0% completed  (Sat May 10 15:40:50 2025)
Out-of-bound Trials:
[ 5836   131 22317  6326 35762 34733]
Best Parameters: (chisq=0.0178)
[0.89763652 0.30479759 0.8459013  0.69078683 0.57216832 0.80034281]

[::::::::: ]  90.0% completed  (Sat May 10 15:40:51 2025)
Out-of-bound Trials:
[ 6566   140 25448  7120 40328 39152]
Best Parameters: (chisq=0.0178)
[0.89763652 0.30479759 0.8459013  0.69078683 0.57216832 0.80034281]

[::::::::::] 100.0% completed  (Sat May 10 15:40:51 2025)
Out-of-bound Trials:
[ 7252   146 28085  7866 44878 43606]
Best Parameters: (chisq=0.0178)
[0.89763652 0.30479759 0.8459013  0.69078683 0.57216832 0.80034281]

MCMC Summary:
-------------
  Number of evaluated samples:        200000
  Number of parallel chains:               5
  Average iterations per chain:        40000
  Burned-in iterations per chain:       2000
  Thinning factor:                         1
  MCMC sample size (thinned, burned): 190000
  Acceptance rate:   17.97%

Parameter name     best fit   median      1sigma_low   1sigma_hi        S/N
--------------- -----------  -----------------------------------  ---------
w                8.9764e-01   9.1011e-01 -3.6045e-02  3.6618e-02       25.1
b                3.0480e-01   3.3129e-01 -6.0204e-02  6.7372e-02        4.8
c                8.4590e-01   7.8406e-01 -1.8768e-01  1.4838e-01        5.4
dzeta            6.9079e-01   6.6677e-01 -1.3880e-01  1.3735e-01        5.2
B0               5.7217e-01   5.6370e-01 -3.6081e-01  3.0489e-01        2.0
h                8.0034e-01   5.4236e-01 -3.4370e-01  3.1612e-01        2.9

  Best-parameter's chi-squared:        0.0178
  Best-parameter's -2*log(posterior):  0.0178
  Bayesian Information Criterion:     13.8333
  Reduced chi-squared:                 0.0045
  Standard deviation of residuals:  0.00355689

For a detailed summary with all parameter posterior statistics see
/home/tenet/Documents/thesis/scripts/photometry/esa/data/inversion/inv-A2_A5-0.9_0.3_0.9_30_statistics.txt

Output sampler files:
  /home/tenet/Documents/thesis/scripts/photometry/esa/data/inversion/inv-A2_A5-0.9_0.3_0.9_30_statistics.txt
  /home/tenet/Documents/thesis/scripts/photometry/esa/data/inversion/inv-A2_A5-0.9_0.3_0.9_30.npz
  /home/tenet/Documents/thesis/scripts/photometry/esa/data/inversion/inv-A2_A5-0.9_0.3_0.9_30.log
