
::::::::::::::::::::::::::::::::::::::::::::::::::::::::::::::::::::::
  Multi-core Markov-chain Monte Carlo (mc3).
  Version 3.2.1.
  Copyright (c) 2015-2025 Patricio Cubillos and collaborators.
  mc3 is open-source software under the MIT license (see LICENSE).
::::::::::::::::::::::::::::::::::::::::::::::::::::::::::::::::::::::

Start MCMC chains  (Sat May 10 15:53:30 2025)

[:         ]  10.0% completed  (Sat May 10 15:53:31 2025)
Out-of-bound Trials:
[   2    4 2660  266 4062 3968]
Best Parameters: (chisq=0.0430)
[0.27510974 0.2978629  0.87773656 0.66134755 0.64132299 0.90580849]

[::        ]  20.0% completed  (Sat May 10 15:53:31 2025)
Out-of-bound Trials:
[   3    9 5365  527 8490 8247]
Best Parameters: (chisq=0.0430)
[0.27510974 0.2978629  0.87773656 0.66134755 0.64132299 0.90580849]

[:::       ]  30.0% completed  (Sat May 10 15:53:32 2025)
Out-of-bound Trials:
[    4    12  8057   839 13039 12816]
Best Parameters: (chisq=0.0430)
[0.27510974 0.2978629  0.87773656 0.66134755 0.64132299 0.90580849]

[::::      ]  40.0% completed  (Sat May 10 15:53:32 2025)
Out-of-bound Trials:
[    5    20 10967  1047 17634 17330]
Best Parameters: (chisq=0.0288)
[0.33127284 0.32632231 0.96997749 0.65270704 0.16076227 0.07844132]

[:::::     ]  50.0% completed  (Sat May 10 15:53:33 2025)
Out-of-bound Trials:
[    5    26 13644  1323 22172 21734]
Best Parameters: (chisq=0.0288)
[0.33127284 0.32632231 0.96997749 0.65270704 0.16076227 0.07844132]

[::::::    ]  60.0% completed  (Sat May 10 15:53:34 2025)
Out-of-bound Trials:
[    5    30 16343  1644 26828 26075]
Best Parameters: (chisq=0.0288)
[0.33127284 0.32632231 0.96997749 0.65270704 0.16076227 0.07844132]

[:::::::   ]  70.0% completed  (Sat May 10 15:53:34 2025)
Out-of-bound Trials:
[    7    37 18863  2050 31434 30445]
Best Parameters: (chisq=0.0288)
[0.33127284 0.32632231 0.96997749 0.65270704 0.16076227 0.07844132]

[::::::::  ]  80.0% completed  (Sat May 10 15:53:35 2025)
Out-of-bound Trials:
[    8    42 21646  2319 36000 34913]
Best Parameters: (chisq=0.0288)
[0.33127284 0.32632231 0.96997749 0.65270704 0.16076227 0.07844132]

[::::::::: ]  90.0% completed  (Sat May 10 15:53:35 2025)
Out-of-bound Trials:
[   13    47 24685  2610 40499 39313]
Best Parameters: (chisq=0.0288)
[0.33127284 0.32632231 0.96997749 0.65270704 0.16076227 0.07844132]

[::::::::::] 100.0% completed  (Sat May 10 15:53:36 2025)
Out-of-bound Trials:
[   15    52 27448  2925 44985 43642]
Best Parameters: (chisq=0.0288)
[0.33127284 0.32632231 0.96997749 0.65270704 0.16076227 0.07844132]

MCMC Summary:
-------------
  Number of evaluated samples:        200000
  Number of parallel chains:               5
  Average iterations per chain:        40000
  Burned-in iterations per chain:       2000
  Thinning factor:                         1
  MCMC sample size (thinned, burned): 190000
  Acceptance rate:   17.59%

Parameter name     best fit   median      1sigma_low   1sigma_hi        S/N
--------------- -----------  -----------------------------------  ---------
w                3.3127e-01   3.2156e-01 -4.1690e-02  4.4857e-02        7.7
b                3.2632e-01   3.2040e-01 -4.3260e-02  4.3601e-02        7.7
c                9.6998e-01   8.2828e-01 -1.5015e-01  1.1669e-01        7.9
dzeta            6.5271e-01   6.8883e-01 -9.3230e-02  1.0054e-01        6.8
B0               1.6076e-01   4.9677e-01 -3.3090e-01  3.4198e-01        0.6
h                7.8441e-02   5.2103e-01 -3.2860e-01  3.2266e-01        0.3

  Best-parameter's chi-squared:        0.0288
  Best-parameter's -2*log(posterior):  0.0288
  Bayesian Information Criterion:     16.2771
  Reduced chi-squared:                 0.0032
  Standard deviation of residuals:  0.000848092

For a detailed summary with all parameter posterior statistics see
/home/tenet/Documents/thesis/scripts/photometry/esa/data/inversion/inv-A2_A3_A4-0.3_0.3_0.9_30_statistics.txt

Output sampler files:
  /home/tenet/Documents/thesis/scripts/photometry/esa/data/inversion/inv-A2_A3_A4-0.3_0.3_0.9_30_statistics.txt
  /home/tenet/Documents/thesis/scripts/photometry/esa/data/inversion/inv-A2_A3_A4-0.3_0.3_0.9_30.npz
  /home/tenet/Documents/thesis/scripts/photometry/esa/data/inversion/inv-A2_A3_A4-0.3_0.3_0.9_30.log
