
::::::::::::::::::::::::::::::::::::::::::::::::::::::::::::::::::::::
  Multi-core Markov-chain Monte Carlo (mc3).
  Version 3.2.1.
  Copyright (c) 2015-2025 Patricio Cubillos and collaborators.
  mc3 is open-source software under the MIT license (see LICENSE).
::::::::::::::::::::::::::::::::::::::::::::::::::::::::::::::::::::::

Start MCMC chains  (Sat May 10 15:38:19 2025)

[:         ]  10.0% completed  (Sat May 10 15:38:20 2025)
Out-of-bound Trials:
[ 142  283 1796 2370 4003 3904]
Best Parameters: (chisq=0.0573)
[0.89591116 0.31069073 0.48080347 0.09648242 0.45370501 0.95949234]

[::        ]  20.0% completed  (Sat May 10 15:38:20 2025)
Out-of-bound Trials:
[ 285  700 3744 4860 8404 8015]
Best Parameters: (chisq=0.0240)
[0.89512431 0.27599534 0.52994768 0.01378027 0.56798816 0.37739224]

[:::       ]  30.0% completed  (Sat May 10 15:38:21 2025)
Out-of-bound Trials:
[  442  1139  5902  7231 12700 12446]
Best Parameters: (chisq=0.0240)
[0.89512431 0.27599534 0.52994768 0.01378027 0.56798816 0.37739224]

[::::      ]  40.0% completed  (Sat May 10 15:38:21 2025)
Out-of-bound Trials:
[  544  1563  8152  9707 16944 16507]
Best Parameters: (chisq=0.0233)
[0.89721759 0.27240233 0.55483431 0.05535799 0.55346099 0.31604884]

[:::::     ]  50.0% completed  (Sat May 10 15:38:22 2025)
Out-of-bound Trials:
[  667  2009 10127 12264 20892 20685]
Best Parameters: (chisq=0.0233)
[0.89721759 0.27240233 0.55483431 0.05535799 0.55346099 0.31604884]

[::::::    ]  60.0% completed  (Sat May 10 15:38:22 2025)
Out-of-bound Trials:
[  789  2508 12439 14654 25197 24805]
Best Parameters: (chisq=0.0233)
[0.89721759 0.27240233 0.55483431 0.05535799 0.55346099 0.31604884]

[:::::::   ]  70.0% completed  (Sat May 10 15:38:23 2025)
Out-of-bound Trials:
[  926  2956 14455 17368 29357 29098]
Best Parameters: (chisq=0.0233)
[0.89721759 0.27240233 0.55483431 0.05535799 0.55346099 0.31604884]

[::::::::  ]  80.0% completed  (Sat May 10 15:38:23 2025)
Out-of-bound Trials:
[ 1046  3306 16691 19841 33528 33500]
Best Parameters: (chisq=0.0233)
[0.89721759 0.27240233 0.55483431 0.05535799 0.55346099 0.31604884]

[::::::::: ]  90.0% completed  (Sat May 10 15:38:24 2025)
Out-of-bound Trials:
[ 1163  3708 18800 22446 38041 37792]
Best Parameters: (chisq=0.0233)
[0.89721759 0.27240233 0.55483431 0.05535799 0.55346099 0.31604884]

[::::::::::] 100.0% completed  (Sat May 10 15:38:24 2025)
Out-of-bound Trials:
[ 1310  4143 20730 24835 42471 42122]
Best Parameters: (chisq=0.0127)
[0.89794824 0.31481764 0.45959255 0.08545794 0.53007693 0.73297345]

MCMC Summary:
-------------
  Number of evaluated samples:        200000
  Number of parallel chains:               5
  Average iterations per chain:        40000
  Burned-in iterations per chain:       2000
  Thinning factor:                         1
  MCMC sample size (thinned, burned): 190000
  Acceptance rate:   16.61%

Parameter name     best fit   median      1sigma_low   1sigma_hi        S/N
--------------- -----------  -----------------------------------  ---------
w                8.9795e-01   8.9190e-01 -3.4017e-02  2.8770e-02       28.7
b                3.1482e-01   2.3320e-01 -8.3358e-02  8.9092e-02        3.8
c                4.5959e-01   6.4056e-01 -2.0108e-01  2.2498e-01        2.4
dzeta            8.5458e-02   1.0054e-01 -6.9129e-02  7.2402e-02        1.3
B0               5.3008e-01   5.9927e-01 -3.5623e-01  2.8080e-01        1.9
h                7.3297e-01   5.2342e-01 -3.2128e-01  3.2853e-01        2.6

  Best-parameter's chi-squared:        0.0127
  Best-parameter's -2*log(posterior):  0.0127
  Bayesian Information Criterion:     13.8282
  Reduced chi-squared:                 0.0032
  Standard deviation of residuals:  0.00287977

For a detailed summary with all parameter posterior statistics see
/home/tenet/Documents/thesis/scripts/photometry/esa/data/inversion/inv-A2_A3-0.9_0.3_0.5_0_statistics.txt

Output sampler files:
  /home/tenet/Documents/thesis/scripts/photometry/esa/data/inversion/inv-A2_A3-0.9_0.3_0.5_0_statistics.txt
  /home/tenet/Documents/thesis/scripts/photometry/esa/data/inversion/inv-A2_A3-0.9_0.3_0.5_0.npz
  /home/tenet/Documents/thesis/scripts/photometry/esa/data/inversion/inv-A2_A3-0.9_0.3_0.5_0.log
