
::::::::::::::::::::::::::::::::::::::::::::::::::::::::::::::::::::::
  Multi-core Markov-chain Monte Carlo (mc3).
  Version 3.2.1.
  Copyright (c) 2015-2025 Patricio Cubillos and collaborators.
  mc3 is open-source software under the MIT license (see LICENSE).
::::::::::::::::::::::::::::::::::::::::::::::::::::::::::::::::::::::

Start MCMC chains  (Sat May 10 15:39:36 2025)

[:         ]  10.0% completed  (Sat May 10 15:39:36 2025)
Out-of-bound Trials:
[  93  525 1517 2530 4105 4036]
Best Parameters: (chisq=0.0250)
[0.89872643 0.28157993 0.49053446 0.08429722 0.68946401 0.32288893]

[::        ]  20.0% completed  (Sat May 10 15:39:37 2025)
Out-of-bound Trials:
[ 125 1015 3188 5088 8504 8271]
Best Parameters: (chisq=0.0250)
[0.89872643 0.28157993 0.49053446 0.08429722 0.68946401 0.32288893]

[:::       ]  30.0% completed  (Sat May 10 15:39:37 2025)
Out-of-bound Trials:
[  159  1754  5307  7535 12967 12450]
Best Parameters: (chisq=0.0250)
[0.89872643 0.28157993 0.49053446 0.08429722 0.68946401 0.32288893]

[::::      ]  40.0% completed  (Sat May 10 15:39:38 2025)
Out-of-bound Trials:
[  182  2411  7146 10010 17350 16641]
Best Parameters: (chisq=0.0250)
[0.89872643 0.28157993 0.49053446 0.08429722 0.68946401 0.32288893]

[:::::     ]  50.0% completed  (Sat May 10 15:39:38 2025)
Out-of-bound Trials:
[  211  2895  8851 12394 21612 20829]
Best Parameters: (chisq=0.0250)
[0.89872643 0.28157993 0.49053446 0.08429722 0.68946401 0.32288893]

[::::::    ]  60.0% completed  (Sat May 10 15:39:39 2025)
Out-of-bound Trials:
[  230  3500 11002 14746 25933 25140]
Best Parameters: (chisq=0.0250)
[0.89872643 0.28157993 0.49053446 0.08429722 0.68946401 0.32288893]

[:::::::   ]  70.0% completed  (Sat May 10 15:39:39 2025)
Out-of-bound Trials:
[  257  4108 12842 17331 30462 29363]
Best Parameters: (chisq=0.0250)
[0.89872643 0.28157993 0.49053446 0.08429722 0.68946401 0.32288893]

[::::::::  ]  80.0% completed  (Sat May 10 15:39:40 2025)
Out-of-bound Trials:
[  276  4769 14649 19844 34869 33550]
Best Parameters: (chisq=0.0250)
[0.89872643 0.28157993 0.49053446 0.08429722 0.68946401 0.32288893]

[::::::::: ]  90.0% completed  (Sat May 10 15:39:40 2025)
Out-of-bound Trials:
[  297  5424 16518 22259 39294 37758]
Best Parameters: (chisq=0.0250)
[0.89872643 0.28157993 0.49053446 0.08429722 0.68946401 0.32288893]

[::::::::::] 100.0% completed  (Sat May 10 15:39:41 2025)
Out-of-bound Trials:
[  318  6053 18271 24850 43759 42031]
Best Parameters: (chisq=0.0250)
[0.89872643 0.28157993 0.49053446 0.08429722 0.68946401 0.32288893]

MCMC Summary:
-------------
  Number of evaluated samples:        200000
  Number of parallel chains:               5
  Average iterations per chain:        40000
  Burned-in iterations per chain:       2000
  Thinning factor:                         1
  MCMC sample size (thinned, burned): 190000
  Acceptance rate:   16.92%

Parameter name     best fit   median      1sigma_low   1sigma_hi        S/N
--------------- -----------  -----------------------------------  ---------
w                8.9873e-01   8.9693e-01 -2.1989e-02  1.9288e-02       43.1
b                2.8158e-01   2.2298e-01 -8.7526e-02  8.8628e-02        3.3
c                4.9053e-01   6.5644e-01 -1.8789e-01  2.0913e-01        2.8
dzeta            8.4297e-02   1.3660e-01 -9.0908e-02  9.2972e-02        1.0
B0               6.8946e-01   6.0930e-01 -3.6524e-01  2.7408e-01        2.5
h                3.2289e-01   5.2790e-01 -3.2873e-01  3.1682e-01        1.2

  Best-parameter's chi-squared:        0.0250
  Best-parameter's -2*log(posterior):  0.0250
  Bayesian Information Criterion:     13.8405
  Reduced chi-squared:                 0.0062
  Standard deviation of residuals:  0.00500804

For a detailed summary with all parameter posterior statistics see
/home/tenet/Documents/thesis/scripts/photometry/esa/data/inversion/inv-A2_A4-0.9_0.3_0.5_0_statistics.txt

Output sampler files:
  /home/tenet/Documents/thesis/scripts/photometry/esa/data/inversion/inv-A2_A4-0.9_0.3_0.5_0_statistics.txt
  /home/tenet/Documents/thesis/scripts/photometry/esa/data/inversion/inv-A2_A4-0.9_0.3_0.5_0.npz
  /home/tenet/Documents/thesis/scripts/photometry/esa/data/inversion/inv-A2_A4-0.9_0.3_0.5_0.log
