
::::::::::::::::::::::::::::::::::::::::::::::::::::::::::::::::::::::
  Multi-core Markov-chain Monte Carlo (mc3).
  Version 3.2.1.
  Copyright (c) 2015-2025 Patricio Cubillos and collaborators.
  mc3 is open-source software under the MIT license (see LICENSE).
::::::::::::::::::::::::::::::::::::::::::::::::::::::::::::::::::::::

Start MCMC chains  (Sat May 10 15:33:12 2025)

[:         ]  10.0% completed  (Sat May 10 15:33:13 2025)
Out-of-bound Trials:
[2496   46 2827  490 3897 4351]
Best Parameters: (chisq=0.0629)
[0.90549609 0.30270012 0.88976724 0.67465871 0.4692552  0.43278091]

[::        ]  20.0% completed  (Sat May 10 15:33:13 2025)
Out-of-bound Trials:
[5072   88 6082 1090 8278 8840]
Best Parameters: (chisq=0.0362)
[0.88799658 0.28899011 0.8896232  0.67110573 0.57984026 0.8782373 ]

[:::       ]  30.0% completed  (Sat May 10 15:33:14 2025)
Out-of-bound Trials:
[ 7791   136  9319  1754 12943 13078]
Best Parameters: (chisq=0.0362)
[0.88799658 0.28899011 0.8896232  0.67110573 0.57984026 0.8782373 ]

[::::      ]  40.0% completed  (Sat May 10 15:33:14 2025)
Out-of-bound Trials:
[10531   169 12865  2510 17635 17428]
Best Parameters: (chisq=0.0330)
[0.89280927 0.28141873 0.86654095 0.67931149 0.76806525 0.44069093]

[:::::     ]  50.0% completed  (Sat May 10 15:33:15 2025)
Out-of-bound Trials:
[13222   190 16337  3145 22275 21631]
Best Parameters: (chisq=0.0330)
[0.89280927 0.28141873 0.86654095 0.67931149 0.76806525 0.44069093]

[::::::    ]  60.0% completed  (Sat May 10 15:33:15 2025)
Out-of-bound Trials:
[16328   218 19400  4057 26941 26066]
Best Parameters: (chisq=0.0330)
[0.89280927 0.28141873 0.86654095 0.67931149 0.76806525 0.44069093]

[:::::::   ]  70.0% completed  (Sat May 10 15:33:16 2025)
Out-of-bound Trials:
[18915   271 22986  4648 31629 30649]
Best Parameters: (chisq=0.0199)
[0.91257499 0.31141536 0.95537548 0.65047389 0.40775601 0.13750055]

[::::::::  ]  80.0% completed  (Sat May 10 15:33:16 2025)
Out-of-bound Trials:
[21744   318 26126  5246 36247 34854]
Best Parameters: (chisq=0.0199)
[0.91257499 0.31141536 0.95537548 0.65047389 0.40775601 0.13750055]

[::::::::: ]  90.0% completed  (Sat May 10 15:33:17 2025)
Out-of-bound Trials:
[24682   361 29241  5942 40657 39488]
Best Parameters: (chisq=0.0199)
[0.91257499 0.31141536 0.95537548 0.65047389 0.40775601 0.13750055]

[::::::::::] 100.0% completed  (Sat May 10 15:33:17 2025)
Out-of-bound Trials:
[27410   399 32880  6547 45223 43928]
Best Parameters: (chisq=0.0199)
[0.91257499 0.31141536 0.95537548 0.65047389 0.40775601 0.13750055]

MCMC Summary:
-------------
  Number of evaluated samples:        200000
  Number of parallel chains:               5
  Average iterations per chain:        40000
  Burned-in iterations per chain:       2000
  Thinning factor:                         1
  MCMC sample size (thinned, burned): 190000
  Acceptance rate:   14.96%

Parameter name     best fit   median      1sigma_low   1sigma_hi        S/N
--------------- -----------  -----------------------------------  ---------
w                9.1257e-01   9.2880e-01 -6.8072e-02  4.2209e-02       15.0
b                3.1142e-01   3.1989e-01 -6.3255e-02  6.4370e-02        4.7
c                9.5538e-01   8.1994e-01 -2.0003e-01  1.2830e-01        6.0
dzeta            6.5047e-01   7.2630e-01 -1.0518e-01  1.0370e-01        6.1
B0               4.0776e-01   5.5986e-01 -3.7034e-01  3.0219e-01        1.4
h                1.3750e-01   5.5339e-01 -3.4982e-01  3.0594e-01        0.5

  Best-parameter's chi-squared:        0.0199
  Best-parameter's -2*log(posterior):  0.0199
  Bayesian Information Criterion:     13.8354
  Reduced chi-squared:                 0.0050
  Standard deviation of residuals:  0.00409865

For a detailed summary with all parameter posterior statistics see
/home/tenet/Documents/thesis/scripts/photometry/esa/data/inversion/inv-A1_A2-0.9_0.3_0.9_30_statistics.txt

Output sampler files:
  /home/tenet/Documents/thesis/scripts/photometry/esa/data/inversion/inv-A1_A2-0.9_0.3_0.9_30_statistics.txt
  /home/tenet/Documents/thesis/scripts/photometry/esa/data/inversion/inv-A1_A2-0.9_0.3_0.9_30.npz
  /home/tenet/Documents/thesis/scripts/photometry/esa/data/inversion/inv-A1_A2-0.9_0.3_0.9_30.log
