
::::::::::::::::::::::::::::::::::::::::::::::::::::::::::::::::::::::
  Multi-core Markov-chain Monte Carlo (mc3).
  Version 3.2.1.
  Copyright (c) 2015-2025 Patricio Cubillos and collaborators.
  mc3 is open-source software under the MIT license (see LICENSE).
::::::::::::::::::::::::::::::::::::::::::::::::::::::::::::::::::::::

Start MCMC chains  (Sat May 10 16:06:37 2025)

[:         ]  10.0% completed  (Sat May 10 16:06:38 2025)
Out-of-bound Trials:
[   0   13   78  133 4112 4017]
Best Parameters: (chisq=0.1280)
[0.29246624 0.30412458 0.52825443 0.64533303 0.40047573 0.7212933 ]

[::        ]  20.0% completed  (Sat May 10 16:06:39 2025)
Out-of-bound Trials:
[   0   43  177  300 8651 8588]
Best Parameters: (chisq=0.0300)
[0.31741831 0.30145435 0.54495724 0.66265261 0.31818395 0.25061341]

[:::       ]  30.0% completed  (Sat May 10 16:06:39 2025)
Out-of-bound Trials:
[    5    53   264   466 13253 13276]
Best Parameters: (chisq=0.0300)
[0.31741831 0.30145435 0.54495724 0.66265261 0.31818395 0.25061341]

[::::      ]  40.0% completed  (Sat May 10 16:06:40 2025)
Out-of-bound Trials:
[    6    74   398   633 17758 18009]
Best Parameters: (chisq=0.0300)
[0.31741831 0.30145435 0.54495724 0.66265261 0.31818395 0.25061341]

[:::::     ]  50.0% completed  (Sat May 10 16:06:41 2025)
Out-of-bound Trials:
[    8    91   484   790 22331 22435]
Best Parameters: (chisq=0.0300)
[0.31741831 0.30145435 0.54495724 0.66265261 0.31818395 0.25061341]

[::::::    ]  60.0% completed  (Sat May 10 16:06:41 2025)
Out-of-bound Trials:
[   11   107   573   970 26665 27085]
Best Parameters: (chisq=0.0300)
[0.31741831 0.30145435 0.54495724 0.66265261 0.31818395 0.25061341]

[:::::::   ]  70.0% completed  (Sat May 10 16:06:42 2025)
Out-of-bound Trials:
[   14   130   680  1140 31246 31621]
Best Parameters: (chisq=0.0300)
[0.31741831 0.30145435 0.54495724 0.66265261 0.31818395 0.25061341]

[::::::::  ]  80.0% completed  (Sat May 10 16:06:43 2025)
Out-of-bound Trials:
[   15   145   848  1343 35724 36261]
Best Parameters: (chisq=0.0300)
[0.31741831 0.30145435 0.54495724 0.66265261 0.31818395 0.25061341]

[::::::::: ]  90.0% completed  (Sat May 10 16:06:43 2025)
Out-of-bound Trials:
[   16   162   984  1533 40429 40872]
Best Parameters: (chisq=0.0300)
[0.31741831 0.30145435 0.54495724 0.66265261 0.31818395 0.25061341]

[::::::::::] 100.0% completed  (Sat May 10 16:06:44 2025)
Out-of-bound Trials:
[   18   176  1141  1746 45193 45663]
Best Parameters: (chisq=0.0300)
[0.31741831 0.30145435 0.54495724 0.66265261 0.31818395 0.25061341]

MCMC Summary:
-------------
  Number of evaluated samples:        200000
  Number of parallel chains:               5
  Average iterations per chain:        40000
  Burned-in iterations per chain:       2000
  Thinning factor:                         1
  MCMC sample size (thinned, burned): 190000
  Acceptance rate:   17.08%

Parameter name     best fit   median      1sigma_low   1sigma_hi        S/N
--------------- -----------  -----------------------------------  ---------
w                3.1742e-01   3.0827e-01 -3.9443e-02  4.4446e-02        7.6
b                3.0145e-01   2.9814e-01 -4.8176e-02  4.4699e-02        6.3
c                5.4496e-01   5.1604e-01 -1.0698e-01  1.1830e-01        4.8
dzeta            6.6265e-01   6.7887e-01 -8.2409e-02  9.1967e-02        7.6
B0               3.1818e-01   4.9809e-01 -3.4223e-01  3.3564e-01        1.1
h                2.5061e-01   4.7857e-01 -3.2819e-01  3.5294e-01        0.9

  Best-parameter's chi-squared:        0.0300
  Best-parameter's -2*log(posterior):  0.0300
  Bayesian Information Criterion:     19.3433
  Reduced chi-squared:                 0.0016
  Standard deviation of residuals:  0.000370335

For a detailed summary with all parameter posterior statistics see
/home/tenet/Documents/thesis/scripts/photometry/esa/data/inversion/inv-A1_A2_A3_A4_A5-0.3_0.3_0.5_30_statistics.txt

Output sampler files:
  /home/tenet/Documents/thesis/scripts/photometry/esa/data/inversion/inv-A1_A2_A3_A4_A5-0.3_0.3_0.5_30_statistics.txt
  /home/tenet/Documents/thesis/scripts/photometry/esa/data/inversion/inv-A1_A2_A3_A4_A5-0.3_0.3_0.5_30.npz
  /home/tenet/Documents/thesis/scripts/photometry/esa/data/inversion/inv-A1_A2_A3_A4_A5-0.3_0.3_0.5_30.log
