
::::::::::::::::::::::::::::::::::::::::::::::::::::::::::::::::::::::
  Multi-core Markov-chain Monte Carlo (mc3).
  Version 3.2.1.
  Copyright (c) 2015-2025 Patricio Cubillos and collaborators.
  mc3 is open-source software under the MIT license (see LICENSE).
::::::::::::::::::::::::::::::::::::::::::::::::::::::::::::::::::::::

Start MCMC chains  (Sat May 10 16:01:42 2025)

[:         ]  10.0% completed  (Sat May 10 16:01:43 2025)
Out-of-bound Trials:
[  38  543  147   27 3826 4188]
Best Parameters: (chisq=0.0518)
[0.89886538 0.90445832 0.08381697 0.66694165 0.86911657 0.47582821]

[::        ]  20.0% completed  (Sat May 10 16:01:44 2025)
Out-of-bound Trials:
[  49 1646  577   62 8279 8837]
Best Parameters: (chisq=0.0147)
[0.89953572 0.90171072 0.10418745 0.65886879 0.49335116 0.25871149]

[:::       ]  30.0% completed  (Sat May 10 16:01:44 2025)
Out-of-bound Trials:
[   57  2550  1189   108 13030 13533]
Best Parameters: (chisq=0.0147)
[0.89953572 0.90171072 0.10418745 0.65886879 0.49335116 0.25871149]

[::::      ]  40.0% completed  (Sat May 10 16:01:45 2025)
Out-of-bound Trials:
[   65  5096  2415   139 17768 18490]
Best Parameters: (chisq=0.0147)
[0.89953572 0.90171072 0.10418745 0.65886879 0.49335116 0.25871149]

[:::::     ]  50.0% completed  (Sat May 10 16:01:45 2025)
Out-of-bound Trials:
[   70  6554  3924   183 22508 23076]
Best Parameters: (chisq=0.0147)
[0.89953572 0.90171072 0.10418745 0.65886879 0.49335116 0.25871149]

[::::::    ]  60.0% completed  (Sat May 10 16:01:46 2025)
Out-of-bound Trials:
[   75  7826  5393   220 27306 27621]
Best Parameters: (chisq=0.0147)
[0.89953572 0.90171072 0.10418745 0.65886879 0.49335116 0.25871149]

[:::::::   ]  70.0% completed  (Sat May 10 16:01:46 2025)
Out-of-bound Trials:
[   80  8898  6714   274 32181 32317]
Best Parameters: (chisq=0.0147)
[0.89953572 0.90171072 0.10418745 0.65886879 0.49335116 0.25871149]

[::::::::  ]  80.0% completed  (Sat May 10 16:01:47 2025)
Out-of-bound Trials:
[   85  9901  8028   318 36885 37005]
Best Parameters: (chisq=0.0147)
[0.89953572 0.90171072 0.10418745 0.65886879 0.49335116 0.25871149]

[::::::::: ]  90.0% completed  (Sat May 10 16:01:48 2025)
Out-of-bound Trials:
[   89 10968  9237   369 41666 41653]
Best Parameters: (chisq=0.0147)
[0.89953572 0.90171072 0.10418745 0.65886879 0.49335116 0.25871149]

[::::::::::] 100.0% completed  (Sat May 10 16:01:48 2025)
Out-of-bound Trials:
[   97 12354 10413   426 46381 46428]
Best Parameters: (chisq=0.0147)
[0.89953572 0.90171072 0.10418745 0.65886879 0.49335116 0.25871149]

MCMC Summary:
-------------
  Number of evaluated samples:        200000
  Number of parallel chains:               5
  Average iterations per chain:        40000
  Burned-in iterations per chain:       2000
  Thinning factor:                         1
  MCMC sample size (thinned, burned): 190000
  Acceptance rate:   13.80%

Parameter name     best fit   median      1sigma_low   1sigma_hi        S/N
--------------- -----------  -----------------------------------  ---------
w                8.9954e-01   8.9844e-01 -9.6635e-03  8.8493e-03       96.7
b                9.0171e-01   9.0775e-01 -4.5129e-02  4.6220e-02       20.7
c                1.0419e-01   1.2117e-01 -3.1228e-02  5.6177e-02        1.0
dzeta            6.5887e-01   6.5204e-01 -7.4791e-02  7.0225e-02        9.4
B0               4.9335e-01   4.4229e-01 -3.1552e-01  3.6776e-01        1.7
h                2.5871e-01   4.8513e-01 -3.4333e-01  3.4551e-01        0.9

  Best-parameter's chi-squared:        0.0147
  Best-parameter's -2*log(posterior):  0.0147
  Bayesian Information Criterion:     17.9891
  Reduced chi-squared:                 0.0010
  Standard deviation of residuals:  0.00129965

For a detailed summary with all parameter posterior statistics see
/home/tenet/Documents/thesis/scripts/photometry/esa/data/inversion/inv-A1_A2_A3_A5-0.9_0.9_0.1_30_statistics.txt

Output sampler files:
  /home/tenet/Documents/thesis/scripts/photometry/esa/data/inversion/inv-A1_A2_A3_A5-0.9_0.9_0.1_30_statistics.txt
  /home/tenet/Documents/thesis/scripts/photometry/esa/data/inversion/inv-A1_A2_A3_A5-0.9_0.9_0.1_30.npz
  /home/tenet/Documents/thesis/scripts/photometry/esa/data/inversion/inv-A1_A2_A3_A5-0.9_0.9_0.1_30.log
