
::::::::::::::::::::::::::::::::::::::::::::::::::::::::::::::::::::::
  Multi-core Markov-chain Monte Carlo (mc3).
  Version 3.2.1.
  Copyright (c) 2015-2025 Patricio Cubillos and collaborators.
  mc3 is open-source software under the MIT license (see LICENSE).
::::::::::::::::::::::::::::::::::::::::::::::::::::::::::::::::::::::

Start MCMC chains  (Sat May 10 15:29:37 2025)

[:         ]  10.0% completed  (Sat May 10 15:29:37 2025)
Out-of-bound Trials:
[ 361 2493 3738 2400 4067 4248]
Best Parameters: (chisq=0.0162)
[0.90774508 0.26647221 0.96747298 0.07479487 0.34114147 0.31705714]

[::        ]  20.0% completed  (Sat May 10 15:29:38 2025)
Out-of-bound Trials:
[ 801 4721 7660 4966 8479 8673]
Best Parameters: (chisq=0.0100)
[0.90598901 0.27245122 0.95026533 0.05292437 0.32379641 0.43385479]

[:::       ]  30.0% completed  (Sat May 10 15:29:38 2025)
Out-of-bound Trials:
[ 1229  7246 11734  7509 12951 13084]
Best Parameters: (chisq=0.0100)
[0.90598901 0.27245122 0.95026533 0.05292437 0.32379641 0.43385479]

[::::      ]  40.0% completed  (Sat May 10 15:29:39 2025)
Out-of-bound Trials:
[ 1635  9700 15684  9993 17449 17669]
Best Parameters: (chisq=0.0100)
[0.90598901 0.27245122 0.95026533 0.05292437 0.32379641 0.43385479]

[:::::     ]  50.0% completed  (Sat May 10 15:29:39 2025)
Out-of-bound Trials:
[ 2125 12089 19776 12578 21825 22097]
Best Parameters: (chisq=0.0100)
[0.90598901 0.27245122 0.95026533 0.05292437 0.32379641 0.43385479]

[::::::    ]  60.0% completed  (Sat May 10 15:29:39 2025)
Out-of-bound Trials:
[ 2620 14501 23769 15406 26161 26673]
Best Parameters: (chisq=0.0100)
[0.90598901 0.27245122 0.95026533 0.05292437 0.32379641 0.43385479]

[:::::::   ]  70.0% completed  (Sat May 10 15:29:40 2025)
Out-of-bound Trials:
[ 3010 17047 27890 18081 30492 31090]
Best Parameters: (chisq=0.0003)
[0.90027672 0.30143654 0.90187307 0.02064193 0.51288153 0.48459885]

[::::::::  ]  80.0% completed  (Sat May 10 15:29:40 2025)
Out-of-bound Trials:
[ 3355 19690 31891 20588 34988 35586]
Best Parameters: (chisq=0.0003)
[0.90027672 0.30143654 0.90187307 0.02064193 0.51288153 0.48459885]

[::::::::: ]  90.0% completed  (Sat May 10 15:29:41 2025)
Out-of-bound Trials:
[ 3778 22124 35778 23006 39402 39948]
Best Parameters: (chisq=0.0003)
[0.90027672 0.30143654 0.90187307 0.02064193 0.51288153 0.48459885]

[::::::::::] 100.0% completed  (Sat May 10 15:29:41 2025)
Out-of-bound Trials:
[ 4244 24612 39760 25228 43882 44398]
Best Parameters: (chisq=0.0003)
[0.90027672 0.30143654 0.90187307 0.02064193 0.51288153 0.48459885]

MCMC Summary:
-------------
  Number of evaluated samples:        200000
  Number of parallel chains:               5
  Average iterations per chain:        40000
  Burned-in iterations per chain:       2000
  Thinning factor:                         1
  MCMC sample size (thinned, burned): 190000
  Acceptance rate:   17.41%

Parameter name     best fit   median      1sigma_low   1sigma_hi        S/N
--------------- -----------  -----------------------------------  ---------
w                9.0028e-01   9.1185e-01 -3.4218e-02  3.0982e-02       27.7
b                3.0144e-01   2.2849e-01 -1.4989e-01  1.7927e-01        2.0
c                9.0187e-01   6.4478e-01 -3.4395e-01  2.4794e-01        3.4
dzeta            2.0642e-02   1.1385e-01 -7.8081e-02  8.3160e-02        0.3
B0               5.1288e-01   5.6046e-01 -3.5601e-01  3.1158e-01        1.8
h                4.8460e-01   5.3664e-01 -3.4932e-01  3.1787e-01        1.7

  Best-parameter's chi-squared:       0.0003
  Best-parameter's -2*log(posterior): 0.0003
  Bayesian Information Criterion:     9.6569
  Reduced chi-squared:                   nan
  Standard deviation of residuals:  0.000419197

For a detailed summary with all parameter posterior statistics see
/home/tenet/Documents/thesis/scripts/photometry/esa/data/inversion/inv-A3-0.9_0.3_0.9_0_statistics.txt

Output sampler files:
  /home/tenet/Documents/thesis/scripts/photometry/esa/data/inversion/inv-A3-0.9_0.3_0.9_0_statistics.txt
  /home/tenet/Documents/thesis/scripts/photometry/esa/data/inversion/inv-A3-0.9_0.3_0.9_0.npz
  /home/tenet/Documents/thesis/scripts/photometry/esa/data/inversion/inv-A3-0.9_0.3_0.9_0.log
