
::::::::::::::::::::::::::::::::::::::::::::::::::::::::::::::::::::::
  Multi-core Markov-chain Monte Carlo (mc3).
  Version 3.2.1.
  Copyright (c) 2015-2025 Patricio Cubillos and collaborators.
  mc3 is open-source software under the MIT license (see LICENSE).
::::::::::::::::::::::::::::::::::::::::::::::::::::::::::::::::::::::

Start MCMC chains  (Sat May 10 16:03:13 2025)

[:         ]  10.0% completed  (Sat May 10 16:03:13 2025)
Out-of-bound Trials:
[  51 1049  767   25 3743 4025]
Best Parameters: (chisq=0.0306)
[0.89862422 0.90513569 0.1261331  0.65020859 0.1735377  0.76278453]

[::        ]  20.0% completed  (Sat May 10 16:03:14 2025)
Out-of-bound Trials:
[  61 2072 1432   50 8138 8684]
Best Parameters: (chisq=0.0306)
[0.89862422 0.90513569 0.1261331  0.65020859 0.1735377  0.76278453]

[:::       ]  30.0% completed  (Sat May 10 16:03:14 2025)
Out-of-bound Trials:
[   71  2846  2100    82 12564 13452]
Best Parameters: (chisq=0.0306)
[0.89862422 0.90513569 0.1261331  0.65020859 0.1735377  0.76278453]

[::::      ]  40.0% completed  (Sat May 10 16:03:15 2025)
Out-of-bound Trials:
[   80  3773  2711   104 16956 18334]
Best Parameters: (chisq=0.0306)
[0.89862422 0.90513569 0.1261331  0.65020859 0.1735377  0.76278453]

[:::::     ]  50.0% completed  (Sat May 10 16:03:16 2025)
Out-of-bound Trials:
[   88  4859  3424   138 21501 23016]
Best Parameters: (chisq=0.0297)
[0.89972804 0.90303587 0.10659267 0.65612906 0.46423794 0.28801573]

[::::::    ]  60.0% completed  (Sat May 10 16:03:16 2025)
Out-of-bound Trials:
[   95  6113  4199   165 26197 27996]
Best Parameters: (chisq=0.0297)
[0.89972804 0.90303587 0.10659267 0.65612906 0.46423794 0.28801573]

[:::::::   ]  70.0% completed  (Sat May 10 16:03:17 2025)
Out-of-bound Trials:
[  103  7287  5016   212 30969 32812]
Best Parameters: (chisq=0.0297)
[0.89972804 0.90303587 0.10659267 0.65612906 0.46423794 0.28801573]

[::::::::  ]  80.0% completed  (Sat May 10 16:03:17 2025)
Out-of-bound Trials:
[  111  8099  5974   249 35687 37703]
Best Parameters: (chisq=0.0297)
[0.89972804 0.90303587 0.10659267 0.65612906 0.46423794 0.28801573]

[::::::::: ]  90.0% completed  (Sat May 10 16:03:18 2025)
Out-of-bound Trials:
[  123  9097  6763   279 40310 42781]
Best Parameters: (chisq=0.0297)
[0.89972804 0.90303587 0.10659267 0.65612906 0.46423794 0.28801573]

[::::::::::] 100.0% completed  (Sat May 10 16:03:18 2025)
Out-of-bound Trials:
[  131 10195  7491   308 45063 47691]
Best Parameters: (chisq=0.0297)
[0.89972804 0.90303587 0.10659267 0.65612906 0.46423794 0.28801573]

MCMC Summary:
-------------
  Number of evaluated samples:        200000
  Number of parallel chains:               5
  Average iterations per chain:        40000
  Burned-in iterations per chain:       2000
  Thinning factor:                         1
  MCMC sample size (thinned, burned): 190000
  Acceptance rate:   14.34%

Parameter name     best fit   median      1sigma_low   1sigma_hi        S/N
--------------- -----------  -----------------------------------  ---------
w                8.9973e-01   8.9809e-01 -7.8525e-03  8.2743e-03      112.2
b                9.0304e-01   9.0861e-01 -4.0390e-02  4.3100e-02       23.1
c                1.0659e-01   1.2041e-01 -3.0458e-02  5.4231e-02        1.7
dzeta            6.5613e-01   6.5095e-01 -6.9484e-02  6.0172e-02       10.8
B0               4.6424e-01   4.4323e-01 -3.1012e-01  3.6542e-01        1.6
h                2.8802e-01   4.8666e-01 -3.4821e-01  3.4318e-01        1.0

  Best-parameter's chi-squared:        0.0297
  Best-parameter's -2*log(posterior):  0.0297
  Bayesian Information Criterion:     18.0040
  Reduced chi-squared:                 0.0021
  Standard deviation of residuals:  0.00341665

For a detailed summary with all parameter posterior statistics see
/home/tenet/Documents/thesis/scripts/photometry/esa/data/inversion/inv-A1_A2_A4_A5-0.9_0.9_0.1_30_statistics.txt

Output sampler files:
  /home/tenet/Documents/thesis/scripts/photometry/esa/data/inversion/inv-A1_A2_A4_A5-0.9_0.9_0.1_30_statistics.txt
  /home/tenet/Documents/thesis/scripts/photometry/esa/data/inversion/inv-A1_A2_A4_A5-0.9_0.9_0.1_30.npz
  /home/tenet/Documents/thesis/scripts/photometry/esa/data/inversion/inv-A1_A2_A4_A5-0.9_0.9_0.1_30.log
