
::::::::::::::::::::::::::::::::::::::::::::::::::::::::::::::::::::::
  Multi-core Markov-chain Monte Carlo (mc3).
  Version 3.2.1.
  Copyright (c) 2015-2025 Patricio Cubillos and collaborators.
  mc3 is open-source software under the MIT license (see LICENSE).
::::::::::::::::::::::::::::::::::::::::::::::::::::::::::::::::::::::

Start MCMC chains  (Sat May 10 15:30:17 2025)

[:         ]  10.0% completed  (Sat May 10 15:30:17 2025)
Out-of-bound Trials:
[   9   89 2639 4651 4298 4164]
Best Parameters: (chisq=0.0211)
[0.29702632 0.33771789 0.89750616 0.57048827 0.3136134  0.74482136]

[::        ]  20.0% completed  (Sat May 10 15:30:18 2025)
Out-of-bound Trials:
[  19  210 5303 9725 9036 8552]
Best Parameters: (chisq=0.0211)
[0.29702632 0.33771789 0.89750616 0.57048827 0.3136134  0.74482136]

[:::       ]  30.0% completed  (Sat May 10 15:30:18 2025)
Out-of-bound Trials:
[   24   301  8225 14542 13583 13092]
Best Parameters: (chisq=0.0211)
[0.29702632 0.33771789 0.89750616 0.57048827 0.3136134  0.74482136]

[::::      ]  40.0% completed  (Sat May 10 15:30:18 2025)
Out-of-bound Trials:
[   37   411 10946 19460 17909 17748]
Best Parameters: (chisq=0.0011)
[0.31103725 0.31396546 0.87204214 0.69740591 0.34260455 0.9924219 ]

[:::::     ]  50.0% completed  (Sat May 10 15:30:19 2025)
Out-of-bound Trials:
[   42   525 13678 24528 22485 22225]
Best Parameters: (chisq=0.0011)
[0.31103725 0.31396546 0.87204214 0.69740591 0.34260455 0.9924219 ]

[::::::    ]  60.0% completed  (Sat May 10 15:30:19 2025)
Out-of-bound Trials:
[   52   656 16525 29588 27234 26889]
Best Parameters: (chisq=0.0011)
[0.31103725 0.31396546 0.87204214 0.69740591 0.34260455 0.9924219 ]

[:::::::   ]  70.0% completed  (Sat May 10 15:30:20 2025)
Out-of-bound Trials:
[   62   777 19525 34575 31714 31514]
Best Parameters: (chisq=0.0011)
[0.31103725 0.31396546 0.87204214 0.69740591 0.34260455 0.9924219 ]

[::::::::  ]  80.0% completed  (Sat May 10 15:30:20 2025)
Out-of-bound Trials:
[   69   889 22259 39416 36100 35998]
Best Parameters: (chisq=0.0011)
[0.31103725 0.31396546 0.87204214 0.69740591 0.34260455 0.9924219 ]

[::::::::: ]  90.0% completed  (Sat May 10 15:30:21 2025)
Out-of-bound Trials:
[   73   946 24971 44490 40258 40570]
Best Parameters: (chisq=0.0011)
[0.31103725 0.31396546 0.87204214 0.69740591 0.34260455 0.9924219 ]

[::::::::::] 100.0% completed  (Sat May 10 15:30:21 2025)
Out-of-bound Trials:
[   79  1052 27872 49672 44789 45239]
Best Parameters: (chisq=0.0011)
[0.31103725 0.31396546 0.87204214 0.69740591 0.34260455 0.9924219 ]

MCMC Summary:
-------------
  Number of evaluated samples:        200000
  Number of parallel chains:               5
  Average iterations per chain:        40000
  Burned-in iterations per chain:       2000
  Thinning factor:                         1
  MCMC sample size (thinned, burned): 190000
  Acceptance rate:   14.77%

Parameter name     best fit   median      1sigma_low   1sigma_hi        S/N
--------------- -----------  -----------------------------------  ---------
w                3.1104e-01   3.2672e-01 -6.1739e-02  7.9580e-02        4.5
b                3.1397e-01   3.5161e-01 -9.4130e-02  8.8055e-02        3.4
c                8.7204e-01   7.6467e-01 -2.1093e-01  1.6100e-01        4.9
dzeta            6.9741e-01   6.9240e-01 -4.2790e-01  2.3867e-01        2.4
B0               3.4260e-01   5.1273e-01 -3.4585e-01  3.3210e-01        1.2
h                9.9242e-01   5.0534e-01 -3.4848e-01  3.3573e-01        3.4

  Best-parameter's chi-squared:       0.0011
  Best-parameter's -2*log(posterior): 0.0011
  Bayesian Information Criterion:     9.6577
  Reduced chi-squared:                   nan
  Standard deviation of residuals:  0.000137421

For a detailed summary with all parameter posterior statistics see
/home/tenet/Documents/thesis/scripts/photometry/esa/data/inversion/inv-A4-0.3_0.3_0.9_30_statistics.txt

Output sampler files:
  /home/tenet/Documents/thesis/scripts/photometry/esa/data/inversion/inv-A4-0.3_0.3_0.9_30_statistics.txt
  /home/tenet/Documents/thesis/scripts/photometry/esa/data/inversion/inv-A4-0.3_0.3_0.9_30.npz
  /home/tenet/Documents/thesis/scripts/photometry/esa/data/inversion/inv-A4-0.3_0.3_0.9_30.log
