
::::::::::::::::::::::::::::::::::::::::::::::::::::::::::::::::::::::
  Multi-core Markov-chain Monte Carlo (mc3).
  Version 3.2.1.
  Copyright (c) 2015-2025 Patricio Cubillos and collaborators.
  mc3 is open-source software under the MIT license (see LICENSE).
::::::::::::::::::::::::::::::::::::::::::::::::::::::::::::::::::::::

Start MCMC chains  (Sat May 10 15:54:19 2025)

[:         ]  10.0% completed  (Sat May 10 15:54:19 2025)
Out-of-bound Trials:
[ 104  181 1337 2186 3512 3809]
Best Parameters: (chisq=0.0363)
[0.90156201 0.29807265 0.48920673 0.03912927 0.54461588 0.39560259]

[::        ]  20.0% completed  (Sat May 10 15:54:20 2025)
Out-of-bound Trials:
[ 140  445 2716 4552 7804 8065]
Best Parameters: (chisq=0.0363)
[0.90156201 0.29807265 0.48920673 0.03912927 0.54461588 0.39560259]

[:::       ]  30.0% completed  (Sat May 10 15:54:20 2025)
Out-of-bound Trials:
[  174   707  4135  6973 11715 12216]
Best Parameters: (chisq=0.0363)
[0.90156201 0.29807265 0.48920673 0.03912927 0.54461588 0.39560259]

[::::      ]  40.0% completed  (Sat May 10 15:54:21 2025)
Out-of-bound Trials:
[  198   958  5598  9234 15807 16494]
Best Parameters: (chisq=0.0363)
[0.90156201 0.29807265 0.48920673 0.03912927 0.54461588 0.39560259]

[:::::     ]  50.0% completed  (Sat May 10 15:54:21 2025)
Out-of-bound Trials:
[  224  1209  7176 11859 19879 20872]
Best Parameters: (chisq=0.0162)
[0.89870157 0.30836476 0.49980487 0.08824273 0.42798142 0.86306764]

[::::::    ]  60.0% completed  (Sat May 10 15:54:22 2025)
Out-of-bound Trials:
[  248  1465  8626 14302 24030 25184]
Best Parameters: (chisq=0.0162)
[0.89870157 0.30836476 0.49980487 0.08824273 0.42798142 0.86306764]

[:::::::   ]  70.0% completed  (Sat May 10 15:54:23 2025)
Out-of-bound Trials:
[  268  1713 10362 16804 28155 29480]
Best Parameters: (chisq=0.0162)
[0.89870157 0.30836476 0.49980487 0.08824273 0.42798142 0.86306764]

[::::::::  ]  80.0% completed  (Sat May 10 15:54:23 2025)
Out-of-bound Trials:
[  295  1956 11788 19167 32336 33780]
Best Parameters: (chisq=0.0162)
[0.89870157 0.30836476 0.49980487 0.08824273 0.42798142 0.86306764]

[::::::::: ]  90.0% completed  (Sat May 10 15:54:24 2025)
Out-of-bound Trials:
[  329  2221 13200 21507 36621 38173]
Best Parameters: (chisq=0.0162)
[0.89870157 0.30836476 0.49980487 0.08824273 0.42798142 0.86306764]

[::::::::::] 100.0% completed  (Sat May 10 15:54:24 2025)
Out-of-bound Trials:
[  348  2506 14504 23989 40776 42301]
Best Parameters: (chisq=0.0162)
[0.89870157 0.30836476 0.49980487 0.08824273 0.42798142 0.86306764]

MCMC Summary:
-------------
  Number of evaluated samples:        200000
  Number of parallel chains:               5
  Average iterations per chain:        40000
  Burned-in iterations per chain:       2000
  Thinning factor:                         1
  MCMC sample size (thinned, burned): 190000
  Acceptance rate:   16.80%

Parameter name     best fit   median      1sigma_low   1sigma_hi        S/N
--------------- -----------  -----------------------------------  ---------
w                8.9870e-01   8.9604e-01 -2.1692e-02  1.8107e-02       45.3
b                3.0836e-01   2.4388e-01 -7.8641e-02  7.5972e-02        4.1
c                4.9980e-01   6.2010e-01 -1.7330e-01  2.0834e-01        2.9
dzeta            8.8243e-02   9.9886e-02 -6.7467e-02  7.0213e-02        1.4
B0               4.2798e-01   5.6618e-01 -3.3632e-01  2.9452e-01        1.6
h                8.6307e-01   5.0457e-01 -3.2103e-01  3.3475e-01        3.1

  Best-parameter's chi-squared:        0.0162
  Best-parameter's -2*log(posterior):  0.0162
  Bayesian Information Criterion:     16.2645
  Reduced chi-squared:                 0.0018
  Standard deviation of residuals:  0.00330695

For a detailed summary with all parameter posterior statistics see
/home/tenet/Documents/thesis/scripts/photometry/esa/data/inversion/inv-A2_A3_A4-0.9_0.3_0.5_0_statistics.txt

Output sampler files:
  /home/tenet/Documents/thesis/scripts/photometry/esa/data/inversion/inv-A2_A3_A4-0.9_0.3_0.5_0_statistics.txt
  /home/tenet/Documents/thesis/scripts/photometry/esa/data/inversion/inv-A2_A3_A4-0.9_0.3_0.5_0.npz
  /home/tenet/Documents/thesis/scripts/photometry/esa/data/inversion/inv-A2_A3_A4-0.9_0.3_0.5_0.log
