
::::::::::::::::::::::::::::::::::::::::::::::::::::::::::::::::::::::
  Multi-core Markov-chain Monte Carlo (mc3).
  Version 3.2.1.
  Copyright (c) 2015-2025 Patricio Cubillos and collaborators.
  mc3 is open-source software under the MIT license (see LICENSE).
::::::::::::::::::::::::::::::::::::::::::::::::::::::::::::::::::::::

Start MCMC chains  (Sat May 10 15:58:24 2025)

[:         ]  10.0% completed  (Sat May 10 15:58:25 2025)
Out-of-bound Trials:
[  72 1266 1429 2321 4179 3979]
Best Parameters: (chisq=0.0715)
[0.90247731 0.32098938 0.48016562 0.07362609 0.43093279 0.68488503]

[::        ]  20.0% completed  (Sat May 10 15:58:26 2025)
Out-of-bound Trials:
[  96 2581 3041 4792 8749 8274]
Best Parameters: (chisq=0.0349)
[0.9004316  0.28570741 0.52164204 0.09558506 0.49207763 0.42122702]

[:::       ]  30.0% completed  (Sat May 10 15:58:26 2025)
Out-of-bound Trials:
[  117  3684  4710  7302 13292 12567]
Best Parameters: (chisq=0.0313)
[0.90210302 0.29630404 0.49867821 0.01664709 0.70255744 0.26017358]

[::::      ]  40.0% completed  (Sat May 10 15:58:27 2025)
Out-of-bound Trials:
[  142  5064  6399  9895 17905 16976]
Best Parameters: (chisq=0.0313)
[0.90210302 0.29630404 0.49867821 0.01664709 0.70255744 0.26017358]

[:::::     ]  50.0% completed  (Sat May 10 15:58:27 2025)
Out-of-bound Trials:
[  161  6268  8205 12413 22493 21437]
Best Parameters: (chisq=0.0313)
[0.90210302 0.29630404 0.49867821 0.01664709 0.70255744 0.26017358]

[::::::    ]  60.0% completed  (Sat May 10 15:58:28 2025)
Out-of-bound Trials:
[  180  7563 10072 14748 26889 25854]
Best Parameters: (chisq=0.0313)
[0.90210302 0.29630404 0.49867821 0.01664709 0.70255744 0.26017358]

[:::::::   ]  70.0% completed  (Sat May 10 15:58:28 2025)
Out-of-bound Trials:
[  194  8867 11806 17219 31405 30238]
Best Parameters: (chisq=0.0313)
[0.90210302 0.29630404 0.49867821 0.01664709 0.70255744 0.26017358]

[::::::::  ]  80.0% completed  (Sat May 10 15:58:29 2025)
Out-of-bound Trials:
[  212 10040 13665 19804 36060 34606]
Best Parameters: (chisq=0.0297)
[0.90151287 0.27935223 0.5259342  0.03073976 0.48636263 0.33705312]

[::::::::: ]  90.0% completed  (Sat May 10 15:58:29 2025)
Out-of-bound Trials:
[  243 11298 15628 22336 40466 39108]
Best Parameters: (chisq=0.0297)
[0.90151287 0.27935223 0.5259342  0.03073976 0.48636263 0.33705312]

[::::::::::] 100.0% completed  (Sat May 10 15:58:30 2025)
Out-of-bound Trials:
[  256 12462 17348 24804 44936 43693]
Best Parameters: (chisq=0.0297)
[0.90151287 0.27935223 0.5259342  0.03073976 0.48636263 0.33705312]

MCMC Summary:
-------------
  Number of evaluated samples:        200000
  Number of parallel chains:               5
  Average iterations per chain:        40000
  Burned-in iterations per chain:       2000
  Thinning factor:                         1
  MCMC sample size (thinned, burned): 190000
  Acceptance rate:   16.73%

Parameter name     best fit   median      1sigma_low   1sigma_hi        S/N
--------------- -----------  -----------------------------------  ---------
w                9.0151e-01   8.9850e-01 -2.2040e-02  1.7780e-02       44.3
b                2.7935e-01   2.2713e-01 -1.1239e-01  1.0518e-01        2.7
c                5.2593e-01   5.7396e-01 -1.8928e-01  2.3750e-01        2.6
dzeta            3.0740e-02   1.0183e-01 -7.0184e-02  7.2552e-02        0.5
B0               4.8636e-01   5.1816e-01 -3.4288e-01  3.3157e-01        1.7
h                3.3705e-01   4.8575e-01 -3.2403e-01  3.4688e-01        1.2

  Best-parameter's chi-squared:        0.0297
  Best-parameter's -2*log(posterior):  0.0297
  Bayesian Information Criterion:     16.2780
  Reduced chi-squared:                 0.0033
  Standard deviation of residuals:  0.00206853

For a detailed summary with all parameter posterior statistics see
/home/tenet/Documents/thesis/scripts/photometry/esa/data/inversion/inv-A3_A4_A5-0.9_0.3_0.5_0_statistics.txt

Output sampler files:
  /home/tenet/Documents/thesis/scripts/photometry/esa/data/inversion/inv-A3_A4_A5-0.9_0.3_0.5_0_statistics.txt
  /home/tenet/Documents/thesis/scripts/photometry/esa/data/inversion/inv-A3_A4_A5-0.9_0.3_0.5_0.npz
  /home/tenet/Documents/thesis/scripts/photometry/esa/data/inversion/inv-A3_A4_A5-0.9_0.3_0.5_0.log
