
::::::::::::::::::::::::::::::::::::::::::::::::::::::::::::::::::::::
  Multi-core Markov-chain Monte Carlo (mc3).
  Version 3.2.1.
  Copyright (c) 2015-2025 Patricio Cubillos and collaborators.
  mc3 is open-source software under the MIT license (see LICENSE).
::::::::::::::::::::::::::::::::::::::::::::::::::::::::::::::::::::::

Start MCMC chains  (Sat May 10 15:28:17 2025)

[:         ]  10.0% completed  (Sat May 10 15:28:18 2025)
Out-of-bound Trials:
[  25  630   85 4350 4349 4544]
Best Parameters: (chisq=0.0905)
[0.3200101  0.89724181 0.09986121 0.23692804 0.40002272 0.94362431]

[::        ]  20.0% completed  (Sat May 10 15:28:18 2025)
Out-of-bound Trials:
[  38 2172  628 9107 8967 9317]
Best Parameters: (chisq=0.0577)
[0.30889179 0.9006956  0.09368651 0.1779939  0.65399915 0.36062022]

[:::       ]  30.0% completed  (Sat May 10 15:28:18 2025)
Out-of-bound Trials:
[   59  4161  1937 13707 13456 13638]
Best Parameters: (chisq=0.0577)
[0.30889179 0.9006956  0.09368651 0.1779939  0.65399915 0.36062022]

[::::      ]  40.0% completed  (Sat May 10 15:28:19 2025)
Out-of-bound Trials:
[   74  6198  3621 18274 18136 18251]
Best Parameters: (chisq=0.0386)
[0.30540164 0.89231311 0.10665117 0.00839321 0.58944662 0.08970966]

[:::::     ]  50.0% completed  (Sat May 10 15:28:19 2025)
Out-of-bound Trials:
[  100  8025  5223 22905 22645 23016]
Best Parameters: (chisq=0.0386)
[0.30540164 0.89231311 0.10665117 0.00839321 0.58944662 0.08970966]

[::::::    ]  60.0% completed  (Sat May 10 15:28:20 2025)
Out-of-bound Trials:
[  115  9315  6900 27836 27287 27590]
Best Parameters: (chisq=0.0208)
[0.30520936 0.90218975 0.13396746 0.08913877 0.05070589 0.33338309]

[:::::::   ]  70.0% completed  (Sat May 10 15:28:20 2025)
Out-of-bound Trials:
[  141 10749  8430 32690 31592 32133]
Best Parameters: (chisq=0.0208)
[0.30520936 0.90218975 0.13396746 0.08913877 0.05070589 0.33338309]

[::::::::  ]  80.0% completed  (Sat May 10 15:28:21 2025)
Out-of-bound Trials:
[  160 12008  9953 37353 36025 36881]
Best Parameters: (chisq=0.0208)
[0.30520936 0.90218975 0.13396746 0.08913877 0.05070589 0.33338309]

[::::::::: ]  90.0% completed  (Sat May 10 15:28:21 2025)
Out-of-bound Trials:
[  203 13597 11329 41832 40873 41584]
Best Parameters: (chisq=0.0208)
[0.30520936 0.90218975 0.13396746 0.08913877 0.05070589 0.33338309]

[::::::::::] 100.0% completed  (Sat May 10 15:28:21 2025)
Out-of-bound Trials:
[  236 15930 12531 46199 45395 46368]
Best Parameters: (chisq=0.0208)
[0.30520936 0.90218975 0.13396746 0.08913877 0.05070589 0.33338309]

MCMC Summary:
-------------
  Number of evaluated samples:        200000
  Number of parallel chains:               5
  Average iterations per chain:        40000
  Burned-in iterations per chain:       2000
  Thinning factor:                         1
  MCMC sample size (thinned, burned): 190000
  Acceptance rate:   9.99%

Parameter name     best fit   median      1sigma_low   1sigma_hi        S/N
--------------- -----------  -----------------------------------  ---------
w                3.0521e-01   3.7582e-01 -7.2569e-02  6.8616e-02        4.4
b                9.0219e-01   9.1250e-01 -4.1689e-02  5.5601e-02       21.0
c                1.3397e-01   1.2250e-01 -3.2511e-02  9.2594e-02        1.3
dzeta            8.9139e-02   5.2811e-01 -3.5410e-01  3.2300e-01        0.3
B0               5.0706e-02   4.2420e-01 -2.9700e-01  3.7449e-01        0.2
h                3.3338e-01   4.8932e-01 -3.3990e-01  3.5316e-01        1.1

  Best-parameter's chi-squared:       0.0208
  Best-parameter's -2*log(posterior): 0.0208
  Bayesian Information Criterion:     9.6774
  Reduced chi-squared:                   nan
  Standard deviation of residuals:  0.00320347

For a detailed summary with all parameter posterior statistics see
/home/tenet/Documents/thesis/scripts/photometry/esa/data/inversion/inv-A2-0.3_0.9_0.1_0_statistics.txt

Output sampler files:
  /home/tenet/Documents/thesis/scripts/photometry/esa/data/inversion/inv-A2-0.3_0.9_0.1_0_statistics.txt
  /home/tenet/Documents/thesis/scripts/photometry/esa/data/inversion/inv-A2-0.3_0.9_0.1_0.npz
  /home/tenet/Documents/thesis/scripts/photometry/esa/data/inversion/inv-A2-0.3_0.9_0.1_0.log
