
::::::::::::::::::::::::::::::::::::::::::::::::::::::::::::::::::::::
  Multi-core Markov-chain Monte Carlo (mc3).
  Version 3.2.1.
  Copyright (c) 2015-2025 Patricio Cubillos and collaborators.
  mc3 is open-source software under the MIT license (see LICENSE).
::::::::::::::::::::::::::::::::::::::::::::::::::::::::::::::::::::::

Start MCMC chains  (Sat May 10 16:00:37 2025)

[:         ]  10.0% completed  (Sat May 10 16:00:38 2025)
Out-of-bound Trials:
[   0   11    8 2605 4130 4189]
Best Parameters: (chisq=0.0254)
[0.29947695 0.30594875 0.50301401 0.07595711 0.46037623 0.6251762 ]

[::        ]  20.0% completed  (Sat May 10 16:00:38 2025)
Out-of-bound Trials:
[   0   17   20 5094 8725 8610]
Best Parameters: (chisq=0.0254)
[0.29947695 0.30594875 0.50301401 0.07595711 0.46037623 0.6251762 ]

[:::       ]  30.0% completed  (Sat May 10 16:00:39 2025)
Out-of-bound Trials:
[    0    25    27  7781 13346 13250]
Best Parameters: (chisq=0.0254)
[0.29947695 0.30594875 0.50301401 0.07595711 0.46037623 0.6251762 ]

[::::      ]  40.0% completed  (Sat May 10 16:00:39 2025)
Out-of-bound Trials:
[    0    34    34 10470 17912 17864]
Best Parameters: (chisq=0.0254)
[0.29947695 0.30594875 0.50301401 0.07595711 0.46037623 0.6251762 ]

[:::::     ]  50.0% completed  (Sat May 10 16:00:40 2025)
Out-of-bound Trials:
[    0    43    44 13228 22473 22442]
Best Parameters: (chisq=0.0156)
[0.29676656 0.2984026  0.49590268 0.06928843 0.52079436 0.53598536]

[::::::    ]  60.0% completed  (Sat May 10 16:00:41 2025)
Out-of-bound Trials:
[    0    49    52 15713 26937 27016]
Best Parameters: (chisq=0.0156)
[0.29676656 0.2984026  0.49590268 0.06928843 0.52079436 0.53598536]

[:::::::   ]  70.0% completed  (Sat May 10 16:00:41 2025)
Out-of-bound Trials:
[    0    64    63 18507 31522 31546]
Best Parameters: (chisq=0.0156)
[0.29676656 0.2984026  0.49590268 0.06928843 0.52079436 0.53598536]

[::::::::  ]  80.0% completed  (Sat May 10 16:00:42 2025)
Out-of-bound Trials:
[    1    70    72 21098 36034 36219]
Best Parameters: (chisq=0.0156)
[0.29676656 0.2984026  0.49590268 0.06928843 0.52079436 0.53598536]

[::::::::: ]  90.0% completed  (Sat May 10 16:00:42 2025)
Out-of-bound Trials:
[    1    83    77 23842 40720 41025]
Best Parameters: (chisq=0.0156)
[0.29676656 0.2984026  0.49590268 0.06928843 0.52079436 0.53598536]

[::::::::::] 100.0% completed  (Sat May 10 16:00:43 2025)
Out-of-bound Trials:
[    1    89    90 26614 45361 45742]
Best Parameters: (chisq=0.0156)
[0.29676656 0.2984026  0.49590268 0.06928843 0.52079436 0.53598536]

MCMC Summary:
-------------
  Number of evaluated samples:        200000
  Number of parallel chains:               5
  Average iterations per chain:        40000
  Burned-in iterations per chain:       2000
  Thinning factor:                         1
  MCMC sample size (thinned, burned): 190000
  Acceptance rate:   16.36%

Parameter name     best fit   median      1sigma_low   1sigma_hi        S/N
--------------- -----------  -----------------------------------  ---------
w                2.9677e-01   3.0801e-01 -2.9333e-02  2.4279e-02       12.1
b                2.9840e-01   2.9817e-01 -2.8781e-02  2.8276e-02       10.4
c                4.9590e-01   5.1050e-01 -5.4157e-02  5.3681e-02        9.5
dzeta            6.9288e-02   7.3315e-02 -5.1024e-02  5.6801e-02        1.4
B0               5.2079e-01   4.9721e-01 -3.3169e-01  3.3009e-01        1.8
h                5.3599e-01   5.2955e-01 -3.4432e-01  3.2708e-01        1.9

  Best-parameter's chi-squared:        0.0156
  Best-parameter's -2*log(posterior):  0.0156
  Bayesian Information Criterion:     17.9900
  Reduced chi-squared:                 0.0011
  Standard deviation of residuals:  0.000551515

For a detailed summary with all parameter posterior statistics see
/home/tenet/Documents/thesis/scripts/photometry/esa/data/inversion/inv-A1_A2_A3_A5-0.3_0.3_0.5_0_statistics.txt

Output sampler files:
  /home/tenet/Documents/thesis/scripts/photometry/esa/data/inversion/inv-A1_A2_A3_A5-0.3_0.3_0.5_0_statistics.txt
  /home/tenet/Documents/thesis/scripts/photometry/esa/data/inversion/inv-A1_A2_A3_A5-0.3_0.3_0.5_0.npz
  /home/tenet/Documents/thesis/scripts/photometry/esa/data/inversion/inv-A1_A2_A3_A5-0.3_0.3_0.5_0.log
