
::::::::::::::::::::::::::::::::::::::::::::::::::::::::::::::::::::::
  Multi-core Markov-chain Monte Carlo (mc3).
  Version 3.2.1.
  Copyright (c) 2015-2025 Patricio Cubillos and collaborators.
  mc3 is open-source software under the MIT license (see LICENSE).
::::::::::::::::::::::::::::::::::::::::::::::::::::::::::::::::::::::

Start MCMC chains  (Sat May 10 15:48:37 2025)

[:         ]  10.0% completed  (Sat May 10 15:48:37 2025)
Out-of-bound Trials:
[  81   11 2194 2221 3877 3335]
Best Parameters: (chisq=0.0413)
[0.89372006 0.29695381 0.89240232 0.06702604 0.51853522 0.66543698]

[::        ]  20.0% completed  (Sat May 10 15:48:38 2025)
Out-of-bound Trials:
[ 122   26 4486 5095 8070 7412]
Best Parameters: (chisq=0.0413)
[0.89372006 0.29695381 0.89240232 0.06702604 0.51853522 0.66543698]

[:::       ]  30.0% completed  (Sat May 10 15:48:38 2025)
Out-of-bound Trials:
[  172    37  6654  7720 12464 11511]
Best Parameters: (chisq=0.0314)
[0.89898295 0.28403262 0.91581334 0.00192931 0.60953315 0.36523378]

[::::      ]  40.0% completed  (Sat May 10 15:48:39 2025)
Out-of-bound Trials:
[  209    53  9103 10223 16865 15603]
Best Parameters: (chisq=0.0314)
[0.89898295 0.28403262 0.91581334 0.00192931 0.60953315 0.36523378]

[:::::     ]  50.0% completed  (Sat May 10 15:48:39 2025)
Out-of-bound Trials:
[  251    74 11477 12714 21077 19556]
Best Parameters: (chisq=0.0314)
[0.89898295 0.28403262 0.91581334 0.00192931 0.60953315 0.36523378]

[::::::    ]  60.0% completed  (Sat May 10 15:48:40 2025)
Out-of-bound Trials:
[  301    96 13549 15104 25480 23676]
Best Parameters: (chisq=0.0314)
[0.89898295 0.28403262 0.91581334 0.00192931 0.60953315 0.36523378]

[:::::::   ]  70.0% completed  (Sat May 10 15:48:40 2025)
Out-of-bound Trials:
[  337   117 15625 17530 29642 27624]
Best Parameters: (chisq=0.0314)
[0.89898295 0.28403262 0.91581334 0.00192931 0.60953315 0.36523378]

[::::::::  ]  80.0% completed  (Sat May 10 15:48:41 2025)
Out-of-bound Trials:
[  378   136 17792 20213 34042 31731]
Best Parameters: (chisq=0.0314)
[0.89898295 0.28403262 0.91581334 0.00192931 0.60953315 0.36523378]

[::::::::: ]  90.0% completed  (Sat May 10 15:48:41 2025)
Out-of-bound Trials:
[  421   150 20051 22837 38225 35874]
Best Parameters: (chisq=0.0314)
[0.89898295 0.28403262 0.91581334 0.00192931 0.60953315 0.36523378]

[::::::::::] 100.0% completed  (Sat May 10 15:48:42 2025)
Out-of-bound Trials:
[  461   165 22308 25349 42398 39882]
Best Parameters: (chisq=0.0314)
[0.89898295 0.28403262 0.91581334 0.00192931 0.60953315 0.36523378]

MCMC Summary:
-------------
  Number of evaluated samples:        200000
  Number of parallel chains:               5
  Average iterations per chain:        40000
  Burned-in iterations per chain:       2000
  Thinning factor:                         1
  MCMC sample size (thinned, burned): 190000
  Acceptance rate:   18.25%

Parameter name     best fit   median      1sigma_low   1sigma_hi        S/N
--------------- -----------  -----------------------------------  ---------
w                8.9898e-01   8.9914e-01 -2.5567e-02  2.1965e-02       39.9
b                2.8403e-01   2.9421e-01 -4.7137e-02  4.9790e-02        6.0
c                9.1581e-01   8.9187e-01 -7.4200e-02  6.5194e-02       13.8
dzeta            1.9293e-03   8.5973e-02 -5.8825e-02  6.1648e-02        0.0
B0               6.0953e-01   6.2711e-01 -3.4471e-01  2.6601e-01        2.3
h                3.6523e-01   5.6180e-01 -3.1896e-01  3.0737e-01        1.4

  Best-parameter's chi-squared:        0.0314
  Best-parameter's -2*log(posterior):  0.0314
  Bayesian Information Criterion:     16.2797
  Reduced chi-squared:                 0.0035
  Standard deviation of residuals:  0.00381526

For a detailed summary with all parameter posterior statistics see
/home/tenet/Documents/thesis/scripts/photometry/esa/data/inversion/inv-A1_A2_A5-0.9_0.3_0.9_0_statistics.txt

Output sampler files:
  /home/tenet/Documents/thesis/scripts/photometry/esa/data/inversion/inv-A1_A2_A5-0.9_0.3_0.9_0_statistics.txt
  /home/tenet/Documents/thesis/scripts/photometry/esa/data/inversion/inv-A1_A2_A5-0.9_0.3_0.9_0.npz
  /home/tenet/Documents/thesis/scripts/photometry/esa/data/inversion/inv-A1_A2_A5-0.9_0.3_0.9_0.log
