
::::::::::::::::::::::::::::::::::::::::::::::::::::::::::::::::::::::
  Multi-core Markov-chain Monte Carlo (mc3).
  Version 3.2.1.
  Copyright (c) 2015-2025 Patricio Cubillos and collaborators.
  mc3 is open-source software under the MIT license (see LICENSE).
::::::::::::::::::::::::::::::::::::::::::::::::::::::::::::::::::::::

Start MCMC chains  (Sat May 10 16:05:38 2025)

[:         ]  10.0% completed  (Sat May 10 16:05:38 2025)
Out-of-bound Trials:
[ 431   21 2987  130 3984 3882]
Best Parameters: (chisq=0.0383)
[0.90015451 0.30321178 0.906102   0.66322122 0.46155957 0.58243736]

[::        ]  20.0% completed  (Sat May 10 16:05:39 2025)
Out-of-bound Trials:
[ 815   33 5857  264 8395 8165]
Best Parameters: (chisq=0.0307)
[0.89664169 0.29721035 0.83205055 0.6807794  0.63082307 0.62906917]

[:::       ]  30.0% completed  (Sat May 10 16:05:40 2025)
Out-of-bound Trials:
[ 1180    38  8804   394 12891 12617]
Best Parameters: (chisq=0.0307)
[0.89664169 0.29721035 0.83205055 0.6807794  0.63082307 0.62906917]

[::::      ]  40.0% completed  (Sat May 10 16:05:40 2025)
Out-of-bound Trials:
[ 1570    52 11704   518 17398 16967]
Best Parameters: (chisq=0.0307)
[0.89664169 0.29721035 0.83205055 0.6807794  0.63082307 0.62906917]

[:::::     ]  50.0% completed  (Sat May 10 16:05:41 2025)
Out-of-bound Trials:
[ 1980    62 14513   622 21900 21332]
Best Parameters: (chisq=0.0307)
[0.89664169 0.29721035 0.83205055 0.6807794  0.63082307 0.62906917]

[::::::    ]  60.0% completed  (Sat May 10 16:05:41 2025)
Out-of-bound Trials:
[ 2342    75 17265   745 26360 25765]
Best Parameters: (chisq=0.0307)
[0.89664169 0.29721035 0.83205055 0.6807794  0.63082307 0.62906917]

[:::::::   ]  70.0% completed  (Sat May 10 16:05:42 2025)
Out-of-bound Trials:
[ 2672    90 20094   864 30644 30232]
Best Parameters: (chisq=0.0307)
[0.89664169 0.29721035 0.83205055 0.6807794  0.63082307 0.62906917]

[::::::::  ]  80.0% completed  (Sat May 10 16:05:43 2025)
Out-of-bound Trials:
[ 2965    99 23135   940 35274 34853]
Best Parameters: (chisq=0.0307)
[0.89664169 0.29721035 0.83205055 0.6807794  0.63082307 0.62906917]

[::::::::: ]  90.0% completed  (Sat May 10 16:05:43 2025)
Out-of-bound Trials:
[ 3292   112 26265  1066 39706 39244]
Best Parameters: (chisq=0.0307)
[0.89664169 0.29721035 0.83205055 0.6807794  0.63082307 0.62906917]

[::::::::::] 100.0% completed  (Sat May 10 16:05:44 2025)
Out-of-bound Trials:
[ 3573   123 29180  1148 44258 43429]
Best Parameters: (chisq=0.0307)
[0.89664169 0.29721035 0.83205055 0.6807794  0.63082307 0.62906917]

MCMC Summary:
-------------
  Number of evaluated samples:        200000
  Number of parallel chains:               5
  Average iterations per chain:        40000
  Burned-in iterations per chain:       2000
  Thinning factor:                         1
  MCMC sample size (thinned, burned): 190000
  Acceptance rate:   17.52%

Parameter name     best fit   median      1sigma_low   1sigma_hi        S/N
--------------- -----------  -----------------------------------  ---------
w                8.9664e-01   9.1268e-01 -2.9928e-02  2.8488e-02       30.6
b                2.9721e-01   3.2492e-01 -5.5706e-02  5.8535e-02        5.2
c                8.3205e-01   8.1711e-01 -1.6841e-01  1.2208e-01        5.9
dzeta            6.8078e-01   6.9048e-01 -7.9772e-02  8.3472e-02        8.5
B0               6.3082e-01   5.6836e-01 -3.5789e-01  3.0221e-01        2.2
h                6.2907e-01   5.3299e-01 -3.3666e-01  3.2042e-01        2.2

  Best-parameter's chi-squared:        0.0307
  Best-parameter's -2*log(posterior):  0.0307
  Bayesian Information Criterion:     18.0051
  Reduced chi-squared:                 0.0022
  Standard deviation of residuals:  0.00266478

For a detailed summary with all parameter posterior statistics see
/home/tenet/Documents/thesis/scripts/photometry/esa/data/inversion/inv-A2_A3_A4_A5-0.9_0.3_0.9_30_statistics.txt

Output sampler files:
  /home/tenet/Documents/thesis/scripts/photometry/esa/data/inversion/inv-A2_A3_A4_A5-0.9_0.3_0.9_30_statistics.txt
  /home/tenet/Documents/thesis/scripts/photometry/esa/data/inversion/inv-A2_A3_A4_A5-0.9_0.3_0.9_30.npz
  /home/tenet/Documents/thesis/scripts/photometry/esa/data/inversion/inv-A2_A3_A4_A5-0.9_0.3_0.9_30.log
