
::::::::::::::::::::::::::::::::::::::::::::::::::::::::::::::::::::::
  Multi-core Markov-chain Monte Carlo (mc3).
  Version 3.2.1.
  Copyright (c) 2015-2025 Patricio Cubillos and collaborators.
  mc3 is open-source software under the MIT license (see LICENSE).
::::::::::::::::::::::::::::::::::::::::::::::::::::::::::::::::::::::

Start MCMC chains  (Sat May 10 15:36:21 2025)

[:         ]  10.0% completed  (Sat May 10 15:36:22 2025)
Out-of-bound Trials:
[  41 3202 2236 3152 4284 4217]
Best Parameters: (chisq=0.0520)
[0.34985527 0.29468502 0.70866395 0.85978676 0.53125223 0.49342199]

[::        ]  20.0% completed  (Sat May 10 15:36:22 2025)
Out-of-bound Trials:
[ 101 6988 4558 6662 8651 8750]
Best Parameters: (chisq=0.0520)
[0.34985527 0.29468502 0.70866395 0.85978676 0.53125223 0.49342199]

[:::       ]  30.0% completed  (Sat May 10 15:36:22 2025)
Out-of-bound Trials:
[  159 11560  7272  9943 13285 13209]
Best Parameters: (chisq=0.0110)
[0.28258248 0.28810858 0.81752107 0.72552635 0.93925507 0.53688012]

[::::      ]  40.0% completed  (Sat May 10 15:36:23 2025)
Out-of-bound Trials:
[  234 15794  9985 13265 17748 17801]
Best Parameters: (chisq=0.0110)
[0.28258248 0.28810858 0.81752107 0.72552635 0.93925507 0.53688012]

[:::::     ]  50.0% completed  (Sat May 10 15:36:23 2025)
Out-of-bound Trials:
[  297 19964 12820 16478 22209 22408]
Best Parameters: (chisq=0.0110)
[0.28258248 0.28810858 0.81752107 0.72552635 0.93925507 0.53688012]

[::::::    ]  60.0% completed  (Sat May 10 15:36:24 2025)
Out-of-bound Trials:
[  366 24315 15643 20116 26949 26882]
Best Parameters: (chisq=0.0110)
[0.28258248 0.28810858 0.81752107 0.72552635 0.93925507 0.53688012]

[:::::::   ]  70.0% completed  (Sat May 10 15:36:24 2025)
Out-of-bound Trials:
[  431 28644 18555 23530 31357 31221]
Best Parameters: (chisq=0.0110)
[0.28258248 0.28810858 0.81752107 0.72552635 0.93925507 0.53688012]

[::::::::  ]  80.0% completed  (Sat May 10 15:36:25 2025)
Out-of-bound Trials:
[  495 32983 21557 26904 35725 35861]
Best Parameters: (chisq=0.0110)
[0.28258248 0.28810858 0.81752107 0.72552635 0.93925507 0.53688012]

[::::::::: ]  90.0% completed  (Sat May 10 15:36:25 2025)
Out-of-bound Trials:
[  551 37196 24425 30318 40218 40474]
Best Parameters: (chisq=0.0110)
[0.28258248 0.28810858 0.81752107 0.72552635 0.93925507 0.53688012]

[::::::::::] 100.0% completed  (Sat May 10 15:36:26 2025)
Out-of-bound Trials:
[  630 41918 27333 33677 44671 45024]
Best Parameters: (chisq=0.0110)
[0.28258248 0.28810858 0.81752107 0.72552635 0.93925507 0.53688012]

MCMC Summary:
-------------
  Number of evaluated samples:        200000
  Number of parallel chains:               5
  Average iterations per chain:        40000
  Burned-in iterations per chain:       2000
  Thinning factor:                         1
  MCMC sample size (thinned, burned): 190000
  Acceptance rate:   10.17%

Parameter name     best fit   median      1sigma_low   1sigma_hi        S/N
--------------- -----------  -----------------------------------  ---------
w                2.8258e-01   4.1220e-01 -8.8214e-02  2.0692e-01        2.2
b                2.8811e-01   4.8215e-01 -2.7411e-01  3.7841e-01        1.0
c                8.1752e-01   7.6375e-01 -1.8308e-01  1.5874e-01        4.5
dzeta            7.2553e-01   8.4858e-01 -1.7454e-01  1.0940e-01        5.4
B0               9.3926e-01   4.9681e-01 -3.3639e-01  3.4350e-01        3.3
h                5.3688e-01   4.9423e-01 -3.3115e-01  3.4062e-01        1.9

  Best-parameter's chi-squared:        0.0110
  Best-parameter's -2*log(posterior):  0.0110
  Bayesian Information Criterion:     13.8265
  Reduced chi-squared:                 0.0027
  Standard deviation of residuals:  0.000315794

For a detailed summary with all parameter posterior statistics see
/home/tenet/Documents/thesis/scripts/photometry/esa/data/inversion/inv-A1_A5-0.3_0.3_0.9_30_statistics.txt

Output sampler files:
  /home/tenet/Documents/thesis/scripts/photometry/esa/data/inversion/inv-A1_A5-0.3_0.3_0.9_30_statistics.txt
  /home/tenet/Documents/thesis/scripts/photometry/esa/data/inversion/inv-A1_A5-0.3_0.3_0.9_30.npz
  /home/tenet/Documents/thesis/scripts/photometry/esa/data/inversion/inv-A1_A5-0.3_0.3_0.9_30.log
