
::::::::::::::::::::::::::::::::::::::::::::::::::::::::::::::::::::::
  Multi-core Markov-chain Monte Carlo (mc3).
  Version 3.2.1.
  Copyright (c) 2015-2025 Patricio Cubillos and collaborators.
  mc3 is open-source software under the MIT license (see LICENSE).
::::::::::::::::::::::::::::::::::::::::::::::::::::::::::::::::::::::

Start MCMC chains  (Sat May 10 15:59:14 2025)

[:         ]  10.0% completed  (Sat May 10 15:59:15 2025)
Out-of-bound Trials:
[   2   24   95  352 4283 4306]
Best Parameters: (chisq=0.0829)
[0.32146424 0.32486622 0.52090821 0.67190265 0.20056055 0.90536261]

[::        ]  20.0% completed  (Sat May 10 15:59:16 2025)
Out-of-bound Trials:
[   4   37  209  628 8922 8855]
Best Parameters: (chisq=0.0129)
[0.29202966 0.30332068 0.48082536 0.66797172 0.58091569 0.6069418 ]

[:::       ]  30.0% completed  (Sat May 10 15:59:16 2025)
Out-of-bound Trials:
[   10    64   407   915 13517 13429]
Best Parameters: (chisq=0.0129)
[0.29202966 0.30332068 0.48082536 0.66797172 0.58091569 0.6069418 ]

[::::      ]  40.0% completed  (Sat May 10 15:59:17 2025)
Out-of-bound Trials:
[   17    86   565  1343 18316 18123]
Best Parameters: (chisq=0.0129)
[0.29202966 0.30332068 0.48082536 0.66797172 0.58091569 0.6069418 ]

[:::::     ]  50.0% completed  (Sat May 10 15:59:18 2025)
Out-of-bound Trials:
[   19   109   669  1675 22909 22687]
Best Parameters: (chisq=0.0129)
[0.29202966 0.30332068 0.48082536 0.66797172 0.58091569 0.6069418 ]

[::::::    ]  60.0% completed  (Sat May 10 15:59:18 2025)
Out-of-bound Trials:
[   22   140   826  1951 27428 27308]
Best Parameters: (chisq=0.0129)
[0.29202966 0.30332068 0.48082536 0.66797172 0.58091569 0.6069418 ]

[:::::::   ]  70.0% completed  (Sat May 10 15:59:19 2025)
Out-of-bound Trials:
[   28   170   991  2237 32085 32014]
Best Parameters: (chisq=0.0129)
[0.29202966 0.30332068 0.48082536 0.66797172 0.58091569 0.6069418 ]

[::::::::  ]  80.0% completed  (Sat May 10 15:59:19 2025)
Out-of-bound Trials:
[   39   193  1134  2486 36635 36560]
Best Parameters: (chisq=0.0129)
[0.29202966 0.30332068 0.48082536 0.66797172 0.58091569 0.6069418 ]

[::::::::: ]  90.0% completed  (Sat May 10 15:59:20 2025)
Out-of-bound Trials:
[   44   223  1295  2757 41255 41052]
Best Parameters: (chisq=0.0129)
[0.29202966 0.30332068 0.48082536 0.66797172 0.58091569 0.6069418 ]

[::::::::::] 100.0% completed  (Sat May 10 15:59:21 2025)
Out-of-bound Trials:
[   50   258  1474  3032 45751 45742]
Best Parameters: (chisq=0.0129)
[0.29202966 0.30332068 0.48082536 0.66797172 0.58091569 0.6069418 ]

MCMC Summary:
-------------
  Number of evaluated samples:        200000
  Number of parallel chains:               5
  Average iterations per chain:        40000
  Burned-in iterations per chain:       2000
  Thinning factor:                         1
  MCMC sample size (thinned, burned): 190000
  Acceptance rate:   16.94%

Parameter name     best fit   median      1sigma_low   1sigma_hi        S/N
--------------- -----------  -----------------------------------  ---------
w                2.9203e-01   3.1013e-01 -4.3833e-02  4.8034e-02        6.2
b                3.0332e-01   2.9500e-01 -4.9950e-02  4.5775e-02        6.1
c                4.8083e-01   5.1738e-01 -1.1260e-01  1.2491e-01        4.0
dzeta            6.6797e-01   6.8486e-01 -9.3542e-02  1.0234e-01        6.9
B0               5.8092e-01   4.9118e-01 -3.3354e-01  3.4627e-01        2.0
h                6.0694e-01   4.7837e-01 -3.2544e-01  3.5440e-01        2.1

  Best-parameter's chi-squared:        0.0129
  Best-parameter's -2*log(posterior):  0.0129
  Bayesian Information Criterion:     17.9873
  Reduced chi-squared:                 0.0009
  Standard deviation of residuals:  0.000309701

For a detailed summary with all parameter posterior statistics see
/home/tenet/Documents/thesis/scripts/photometry/esa/data/inversion/inv-A1_A2_A3_A4-0.3_0.3_0.5_30_statistics.txt

Output sampler files:
  /home/tenet/Documents/thesis/scripts/photometry/esa/data/inversion/inv-A1_A2_A3_A4-0.3_0.3_0.5_30_statistics.txt
  /home/tenet/Documents/thesis/scripts/photometry/esa/data/inversion/inv-A1_A2_A3_A4-0.3_0.3_0.5_30.npz
  /home/tenet/Documents/thesis/scripts/photometry/esa/data/inversion/inv-A1_A2_A3_A4-0.3_0.3_0.5_30.log
