
::::::::::::::::::::::::::::::::::::::::::::::::::::::::::::::::::::::
  Multi-core Markov-chain Monte Carlo (mc3).
  Version 3.2.1.
  Copyright (c) 2015-2025 Patricio Cubillos and collaborators.
  mc3 is open-source software under the MIT license (see LICENSE).
::::::::::::::::::::::::::::::::::::::::::::::::::::::::::::::::::::::

Start MCMC chains  (Sat May 10 15:56:08 2025)

[:         ]  10.0% completed  (Sat May 10 15:56:09 2025)
Out-of-bound Trials:
[   0    1 2594 2622 4422 4250]
Best Parameters: (chisq=0.0209)
[0.31909226 0.31330227 0.9205581  0.07124626 0.31013321 0.38713631]

[::        ]  20.0% completed  (Sat May 10 15:56:09 2025)
Out-of-bound Trials:
[   0    2 5457 5716 8902 8776]
Best Parameters: (chisq=0.0209)
[0.31909226 0.31330227 0.9205581  0.07124626 0.31013321 0.38713631]

[:::       ]  30.0% completed  (Sat May 10 15:56:10 2025)
Out-of-bound Trials:
[    1     4  8112  8372 13413 13246]
Best Parameters: (chisq=0.0209)
[0.31909226 0.31330227 0.9205581  0.07124626 0.31013321 0.38713631]

[::::      ]  40.0% completed  (Sat May 10 15:56:10 2025)
Out-of-bound Trials:
[    1     9 10752 10916 17930 17427]
Best Parameters: (chisq=0.0173)
[0.28257357 0.29854167 0.85312738 0.04964639 0.67987444 0.65881578]

[:::::     ]  50.0% completed  (Sat May 10 15:56:11 2025)
Out-of-bound Trials:
[    1    15 13440 13710 22605 21765]
Best Parameters: (chisq=0.0173)
[0.28257357 0.29854167 0.85312738 0.04964639 0.67987444 0.65881578]

[::::::    ]  60.0% completed  (Sat May 10 15:56:12 2025)
Out-of-bound Trials:
[    1    20 16093 16549 27107 26220]
Best Parameters: (chisq=0.0173)
[0.28257357 0.29854167 0.85312738 0.04964639 0.67987444 0.65881578]

[:::::::   ]  70.0% completed  (Sat May 10 15:56:12 2025)
Out-of-bound Trials:
[    3    23 19125 19247 31595 30582]
Best Parameters: (chisq=0.0173)
[0.28257357 0.29854167 0.85312738 0.04964639 0.67987444 0.65881578]

[::::::::  ]  80.0% completed  (Sat May 10 15:56:13 2025)
Out-of-bound Trials:
[    3    26 21875 22109 36233 34908]
Best Parameters: (chisq=0.0143)
[0.28730521 0.29931508 0.87908493 0.0599849  0.5762052  0.71334445]

[::::::::: ]  90.0% completed  (Sat May 10 15:56:13 2025)
Out-of-bound Trials:
[    3    32 24877 24720 40454 39239]
Best Parameters: (chisq=0.0143)
[0.28730521 0.29931508 0.87908493 0.0599849  0.5762052  0.71334445]

[::::::::::] 100.0% completed  (Sat May 10 15:56:14 2025)
Out-of-bound Trials:
[    4    33 27843 27082 44931 43584]
Best Parameters: (chisq=0.0143)
[0.28730521 0.29931508 0.87908493 0.0599849  0.5762052  0.71334445]

MCMC Summary:
-------------
  Number of evaluated samples:        200000
  Number of parallel chains:               5
  Average iterations per chain:        40000
  Burned-in iterations per chain:       2000
  Thinning factor:                         1
  MCMC sample size (thinned, burned): 190000
  Acceptance rate:   16.71%

Parameter name     best fit   median      1sigma_low   1sigma_hi        S/N
--------------- -----------  -----------------------------------  ---------
w                2.8731e-01   3.1125e-01 -3.3721e-02  3.0505e-02        9.6
b                2.9932e-01   3.1345e-01 -3.5128e-02  3.5159e-02        8.6
c                8.7908e-01   8.7414e-01 -1.1042e-01  8.4896e-02        9.5
dzeta            5.9985e-02   7.9904e-02 -5.4769e-02  6.3196e-02        1.1
B0               5.7621e-01   5.1174e-01 -3.3830e-01  3.2763e-01        2.0
h                7.1334e-01   5.4906e-01 -3.3940e-01  3.0574e-01        2.6

  Best-parameter's chi-squared:        0.0143
  Best-parameter's -2*log(posterior):  0.0143
  Bayesian Information Criterion:     16.2626
  Reduced chi-squared:                 0.0016
  Standard deviation of residuals:  0.00125989

For a detailed summary with all parameter posterior statistics see
/home/tenet/Documents/thesis/scripts/photometry/esa/data/inversion/inv-A2_A4_A5-0.3_0.3_0.9_0_statistics.txt

Output sampler files:
  /home/tenet/Documents/thesis/scripts/photometry/esa/data/inversion/inv-A2_A4_A5-0.3_0.3_0.9_0_statistics.txt
  /home/tenet/Documents/thesis/scripts/photometry/esa/data/inversion/inv-A2_A4_A5-0.3_0.3_0.9_0.npz
  /home/tenet/Documents/thesis/scripts/photometry/esa/data/inversion/inv-A2_A4_A5-0.3_0.3_0.9_0.log
