
::::::::::::::::::::::::::::::::::::::::::::::::::::::::::::::::::::::
  Multi-core Markov-chain Monte Carlo (mc3).
  Version 3.2.1.
  Copyright (c) 2015-2025 Patricio Cubillos and collaborators.
  mc3 is open-source software under the MIT license (see LICENSE).
::::::::::::::::::::::::::::::::::::::::::::::::::::::::::::::::::::::

Start MCMC chains  (Sat May 10 15:56:23 2025)

[:         ]  10.0% completed  (Sat May 10 15:56:23 2025)
Out-of-bound Trials:
[   1   55  687 2255 4357 4160]
Best Parameters: (chisq=0.0787)
[0.30010604 0.30459734 0.52798666 0.0562767  0.36869741 0.75102111]

[::        ]  20.0% completed  (Sat May 10 15:56:24 2025)
Out-of-bound Trials:
[   1  122 1330 4867 8827 8373]
Best Parameters: (chisq=0.0352)
[0.29206295 0.30836678 0.4711825  0.00428283 0.54748387 0.75166251]

[:::       ]  30.0% completed  (Sat May 10 15:56:24 2025)
Out-of-bound Trials:
[    1   164  2166  7621 13345 12794]
Best Parameters: (chisq=0.0352)
[0.29206295 0.30836678 0.4711825  0.00428283 0.54748387 0.75166251]

[::::      ]  40.0% completed  (Sat May 10 15:56:25 2025)
Out-of-bound Trials:
[    3   206  2785  9983 17902 17340]
Best Parameters: (chisq=0.0260)
[0.29141092 0.28737016 0.48788787 0.04562629 0.64786145 0.45807791]

[:::::     ]  50.0% completed  (Sat May 10 15:56:25 2025)
Out-of-bound Trials:
[    3   260  3448 12530 22546 21721]
Best Parameters: (chisq=0.0260)
[0.29141092 0.28737016 0.48788787 0.04562629 0.64786145 0.45807791]

[::::::    ]  60.0% completed  (Sat May 10 15:56:26 2025)
Out-of-bound Trials:
[    4   294  4225 14996 26898 26219]
Best Parameters: (chisq=0.0260)
[0.29141092 0.28737016 0.48788787 0.04562629 0.64786145 0.45807791]

[:::::::   ]  70.0% completed  (Sat May 10 15:56:26 2025)
Out-of-bound Trials:
[    4   333  4858 17401 31457 30777]
Best Parameters: (chisq=0.0260)
[0.29141092 0.28737016 0.48788787 0.04562629 0.64786145 0.45807791]

[::::::::  ]  80.0% completed  (Sat May 10 15:56:27 2025)
Out-of-bound Trials:
[    5   399  5754 20105 35994 35324]
Best Parameters: (chisq=0.0260)
[0.29141092 0.28737016 0.48788787 0.04562629 0.64786145 0.45807791]

[::::::::: ]  90.0% completed  (Sat May 10 15:56:28 2025)
Out-of-bound Trials:
[    5   442  6392 22731 40694 40057]
Best Parameters: (chisq=0.0260)
[0.29141092 0.28737016 0.48788787 0.04562629 0.64786145 0.45807791]

[::::::::::] 100.0% completed  (Sat May 10 15:56:28 2025)
Out-of-bound Trials:
[    6   487  7099 25327 45241 44444]
Best Parameters: (chisq=0.0260)
[0.29141092 0.28737016 0.48788787 0.04562629 0.64786145 0.45807791]

MCMC Summary:
-------------
  Number of evaluated samples:        200000
  Number of parallel chains:               5
  Average iterations per chain:        40000
  Burned-in iterations per chain:       2000
  Thinning factor:                         1
  MCMC sample size (thinned, burned): 190000
  Acceptance rate:   15.05%

Parameter name     best fit   median      1sigma_low   1sigma_hi        S/N
--------------- -----------  -----------------------------------  ---------
w                2.9141e-01   2.9839e-01 -3.2342e-02  3.3094e-02        9.3
b                2.8737e-01   2.7468e-01 -6.5793e-02  5.7108e-02        4.7
c                4.8789e-01   5.7260e-01 -1.2411e-01  1.7676e-01        3.3
dzeta            4.5626e-02   9.1197e-02 -6.1015e-02  6.8715e-02        0.8
B0               6.4786e-01   5.3134e-01 -3.4734e-01  3.2047e-01        2.3
h                4.5808e-01   4.8134e-01 -3.2306e-01  3.5320e-01        1.6

  Best-parameter's chi-squared:        0.0260
  Best-parameter's -2*log(posterior):  0.0260
  Bayesian Information Criterion:     16.2743
  Reduced chi-squared:                 0.0029
  Standard deviation of residuals:  0.000750887

For a detailed summary with all parameter posterior statistics see
/home/tenet/Documents/thesis/scripts/photometry/esa/data/inversion/inv-A2_A4_A5-0.3_0.3_0.5_0_statistics.txt

Output sampler files:
  /home/tenet/Documents/thesis/scripts/photometry/esa/data/inversion/inv-A2_A4_A5-0.3_0.3_0.5_0_statistics.txt
  /home/tenet/Documents/thesis/scripts/photometry/esa/data/inversion/inv-A2_A4_A5-0.3_0.3_0.5_0.npz
  /home/tenet/Documents/thesis/scripts/photometry/esa/data/inversion/inv-A2_A4_A5-0.3_0.3_0.5_0.log
