
::::::::::::::::::::::::::::::::::::::::::::::::::::::::::::::::::::::
  Multi-core Markov-chain Monte Carlo (mc3).
  Version 3.2.1.
  Copyright (c) 2015-2025 Patricio Cubillos and collaborators.
  mc3 is open-source software under the MIT license (see LICENSE).
::::::::::::::::::::::::::::::::::::::::::::::::::::::::::::::::::::::

Start MCMC chains  (Sat May 10 15:42:50 2025)

[:         ]  10.0% completed  (Sat May 10 15:42:50 2025)
Out-of-bound Trials:
[   1 2385 1502 2419 4204 3831]
Best Parameters: (chisq=0.0264)
[0.28387261 0.33809105 0.43634098 0.08771627 0.894435   0.6026813 ]

[::        ]  20.0% completed  (Sat May 10 15:42:51 2025)
Out-of-bound Trials:
[  11 5475 3259 5032 8958 8181]
Best Parameters: (chisq=0.0264)
[0.28387261 0.33809105 0.43634098 0.08771627 0.894435   0.6026813 ]

[:::       ]  30.0% completed  (Sat May 10 15:42:51 2025)
Out-of-bound Trials:
[   18  8189  4841  7664 13282 12515]
Best Parameters: (chisq=0.0264)
[0.28387261 0.33809105 0.43634098 0.08771627 0.894435   0.6026813 ]

[::::      ]  40.0% completed  (Sat May 10 15:42:52 2025)
Out-of-bound Trials:
[   23 11502  6622 10234 17758 17135]
Best Parameters: (chisq=0.0264)
[0.28387261 0.33809105 0.43634098 0.08771627 0.894435   0.6026813 ]

[:::::     ]  50.0% completed  (Sat May 10 15:42:52 2025)
Out-of-bound Trials:
[   28 14538  8491 12836 22653 21480]
Best Parameters: (chisq=0.0264)
[0.28387261 0.33809105 0.43634098 0.08771627 0.894435   0.6026813 ]

[::::::    ]  60.0% completed  (Sat May 10 15:42:53 2025)
Out-of-bound Trials:
[   32 17993 10332 15433 27275 25935]
Best Parameters: (chisq=0.0177)
[0.30187592 0.29676996 0.5367263  0.00126962 0.32785619 0.8270725 ]

[:::::::   ]  70.0% completed  (Sat May 10 15:42:53 2025)
Out-of-bound Trials:
[   44 20859 11954 18090 31913 30559]
Best Parameters: (chisq=0.0177)
[0.30187592 0.29676996 0.5367263  0.00126962 0.32785619 0.8270725 ]

[::::::::  ]  80.0% completed  (Sat May 10 15:42:54 2025)
Out-of-bound Trials:
[   49 24104 13971 20926 36489 35213]
Best Parameters: (chisq=0.0177)
[0.30187592 0.29676996 0.5367263  0.00126962 0.32785619 0.8270725 ]

[::::::::: ]  90.0% completed  (Sat May 10 15:42:54 2025)
Out-of-bound Trials:
[   61 27075 15703 23459 41265 39693]
Best Parameters: (chisq=0.0177)
[0.30187592 0.29676996 0.5367263  0.00126962 0.32785619 0.8270725 ]

[::::::::::] 100.0% completed  (Sat May 10 15:42:55 2025)
Out-of-bound Trials:
[   73 30032 17428 26096 45776 44060]
Best Parameters: (chisq=0.0177)
[0.30187592 0.29676996 0.5367263  0.00126962 0.32785619 0.8270725 ]

MCMC Summary:
-------------
  Number of evaluated samples:        200000
  Number of parallel chains:               5
  Average iterations per chain:        40000
  Burned-in iterations per chain:       2000
  Thinning factor:                         1
  MCMC sample size (thinned, burned): 190000
  Acceptance rate:   11.29%

Parameter name     best fit   median      1sigma_low   1sigma_hi        S/N
--------------- -----------  -----------------------------------  ---------
w                3.0188e-01   3.0106e-01 -4.0245e-02  8.6242e-02        4.2
b                2.9677e-01   2.3722e-01 -1.6027e-01  2.4130e-01        1.5
c                5.3673e-01   5.0270e-01 -1.7407e-01  2.5464e-01        2.6
dzeta            1.2696e-03   9.0650e-02 -6.1622e-02  6.5965e-02        0.0
B0               3.2786e-01   4.9259e-01 -3.2867e-01  3.5584e-01        1.1
h                8.2707e-01   4.8917e-01 -3.3400e-01  3.4669e-01        2.9

  Best-parameter's chi-squared:        0.0177
  Best-parameter's -2*log(posterior):  0.0177
  Bayesian Information Criterion:     13.8332
  Reduced chi-squared:                 0.0044
  Standard deviation of residuals:  0.000488143

For a detailed summary with all parameter posterior statistics see
/home/tenet/Documents/thesis/scripts/photometry/esa/data/inversion/inv-A3_A5-0.3_0.3_0.5_0_statistics.txt

Output sampler files:
  /home/tenet/Documents/thesis/scripts/photometry/esa/data/inversion/inv-A3_A5-0.3_0.3_0.5_0_statistics.txt
  /home/tenet/Documents/thesis/scripts/photometry/esa/data/inversion/inv-A3_A5-0.3_0.3_0.5_0.npz
  /home/tenet/Documents/thesis/scripts/photometry/esa/data/inversion/inv-A3_A5-0.3_0.3_0.5_0.log
