
::::::::::::::::::::::::::::::::::::::::::::::::::::::::::::::::::::::
  Multi-core Markov-chain Monte Carlo (mc3).
  Version 3.2.1.
  Copyright (c) 2015-2025 Patricio Cubillos and collaborators.
  mc3 is open-source software under the MIT license (see LICENSE).
::::::::::::::::::::::::::::::::::::::::::::::::::::::::::::::::::::::

Start MCMC chains  (Sat May 10 16:00:00 2025)

[:         ]  10.0% completed  (Sat May 10 16:00:01 2025)
Out-of-bound Trials:
[ 655   43  714   52 3860 4162]
Best Parameters: (chisq=0.0841)
[0.89852911 0.28526311 0.51259298 0.65520323 0.64968862 0.27063017]

[::        ]  20.0% completed  (Sat May 10 16:00:01 2025)
Out-of-bound Trials:
[1216  146 1746  108 8067 8868]
Best Parameters: (chisq=0.0687)
[0.90188564 0.2919     0.5024183  0.65823917 0.61248748 0.24573406]

[:::       ]  30.0% completed  (Sat May 10 16:00:02 2025)
Out-of-bound Trials:
[ 1736   233  2755   162 12760 13552]
Best Parameters: (chisq=0.0687)
[0.90188564 0.2919     0.5024183  0.65823917 0.61248748 0.24573406]

[::::      ]  40.0% completed  (Sat May 10 16:00:02 2025)
Out-of-bound Trials:
[ 2180   320  3670   205 17289 18039]
Best Parameters: (chisq=0.0653)
[0.90344405 0.30287834 0.46383011 0.6754383  0.61537134 0.37573693]

[:::::     ]  50.0% completed  (Sat May 10 16:00:03 2025)
Out-of-bound Trials:
[ 2869   384  4590   281 21896 22580]
Best Parameters: (chisq=0.0653)
[0.90344405 0.30287834 0.46383011 0.6754383  0.61537134 0.37573693]

[::::::    ]  60.0% completed  (Sat May 10 16:00:03 2025)
Out-of-bound Trials:
[ 3474   470  5652   331 26413 27271]
Best Parameters: (chisq=0.0653)
[0.90344405 0.30287834 0.46383011 0.6754383  0.61537134 0.37573693]

[:::::::   ]  70.0% completed  (Sat May 10 16:00:04 2025)
Out-of-bound Trials:
[ 4025   533  6504   379 30930 31990]
Best Parameters: (chisq=0.0653)
[0.90344405 0.30287834 0.46383011 0.6754383  0.61537134 0.37573693]

[::::::::  ]  80.0% completed  (Sat May 10 16:00:05 2025)
Out-of-bound Trials:
[ 4628   608  7473   444 35516 36572]
Best Parameters: (chisq=0.0653)
[0.90344405 0.30287834 0.46383011 0.6754383  0.61537134 0.37573693]

[::::::::: ]  90.0% completed  (Sat May 10 16:00:05 2025)
Out-of-bound Trials:
[ 5280   663  8388   512 39995 41276]
Best Parameters: (chisq=0.0653)
[0.90344405 0.30287834 0.46383011 0.6754383  0.61537134 0.37573693]

[::::::::::] 100.0% completed  (Sat May 10 16:00:06 2025)
Out-of-bound Trials:
[ 5898   767  9499   570 44450 45884]
Best Parameters: (chisq=0.0653)
[0.90344405 0.30287834 0.46383011 0.6754383  0.61537134 0.37573693]

MCMC Summary:
-------------
  Number of evaluated samples:        200000
  Number of parallel chains:               5
  Average iterations per chain:        40000
  Burned-in iterations per chain:       2000
  Thinning factor:                         1
  MCMC sample size (thinned, burned): 190000
  Acceptance rate:   16.97%

Parameter name     best fit   median      1sigma_low   1sigma_hi        S/N
--------------- -----------  -----------------------------------  ---------
w                9.0344e-01   9.0150e-01 -3.6797e-02  3.7888e-02       24.8
b                3.0288e-01   2.9802e-01 -6.5420e-02  7.1325e-02        4.1
c                4.6383e-01   5.1186e-01 -1.7792e-01  1.8078e-01        2.6
dzeta            6.7544e-01   6.6560e-01 -7.2978e-02  8.6064e-02        8.8
B0               6.1537e-01   5.3195e-01 -3.5323e-01  3.1925e-01        2.2
h                3.7574e-01   4.9172e-01 -3.3862e-01  3.4265e-01        1.3

  Best-parameter's chi-squared:        0.0653
  Best-parameter's -2*log(posterior):  0.0653
  Bayesian Information Criterion:     18.0397
  Reduced chi-squared:                 0.0047
  Standard deviation of residuals:  0.00356834

For a detailed summary with all parameter posterior statistics see
/home/tenet/Documents/thesis/scripts/photometry/esa/data/inversion/inv-A1_A2_A3_A4-0.9_0.3_0.5_30_statistics.txt

Output sampler files:
  /home/tenet/Documents/thesis/scripts/photometry/esa/data/inversion/inv-A1_A2_A3_A4-0.9_0.3_0.5_30_statistics.txt
  /home/tenet/Documents/thesis/scripts/photometry/esa/data/inversion/inv-A1_A2_A3_A4-0.9_0.3_0.5_30.npz
  /home/tenet/Documents/thesis/scripts/photometry/esa/data/inversion/inv-A1_A2_A3_A4-0.9_0.3_0.5_30.log
