
::::::::::::::::::::::::::::::::::::::::::::::::::::::::::::::::::::::
  Multi-core Markov-chain Monte Carlo (mc3).
  Version 3.2.1.
  Copyright (c) 2015-2025 Patricio Cubillos and collaborators.
  mc3 is open-source software under the MIT license (see LICENSE).
::::::::::::::::::::::::::::::::::::::::::::::::::::::::::::::::::::::

Start MCMC chains  (Sat May 10 15:43:53 2025)

[:         ]  10.0% completed  (Sat May 10 15:43:54 2025)
Out-of-bound Trials:
[  15  448 2950 5598 4137 4000]
Best Parameters: (chisq=0.0602)
[0.29846644 0.29790808 0.87375131 0.09075519 0.65208128 0.4026774 ]

[::        ]  20.0% completed  (Sat May 10 15:43:54 2025)
Out-of-bound Trials:
[   21   899  6229 11152  8559  8520]
Best Parameters: (chisq=0.0302)
[0.30360235 0.30791999 0.91233011 0.10040536 0.38118494 0.68013383]

[:::       ]  30.0% completed  (Sat May 10 15:43:54 2025)
Out-of-bound Trials:
[   34  1441  9612 16831 13063 12952]
Best Parameters: (chisq=0.0255)
[0.32087178 0.30018464 0.93235096 0.00883183 0.59420978 0.11864372]

[::::      ]  40.0% completed  (Sat May 10 15:43:55 2025)
Out-of-bound Trials:
[   45  1918 12642 22649 17457 17312]
Best Parameters: (chisq=0.0255)
[0.32087178 0.30018464 0.93235096 0.00883183 0.59420978 0.11864372]

[:::::     ]  50.0% completed  (Sat May 10 15:43:55 2025)
Out-of-bound Trials:
[   48  2789 15989 28253 21838 21775]
Best Parameters: (chisq=0.0255)
[0.32087178 0.30018464 0.93235096 0.00883183 0.59420978 0.11864372]

[::::::    ]  60.0% completed  (Sat May 10 15:43:56 2025)
Out-of-bound Trials:
[   55  3103 19159 33715 26001 26322]
Best Parameters: (chisq=0.0255)
[0.32087178 0.30018464 0.93235096 0.00883183 0.59420978 0.11864372]

[:::::::   ]  70.0% completed  (Sat May 10 15:43:56 2025)
Out-of-bound Trials:
[   60  3727 22466 39378 30408 30690]
Best Parameters: (chisq=0.0255)
[0.32087178 0.30018464 0.93235096 0.00883183 0.59420978 0.11864372]

[::::::::  ]  80.0% completed  (Sat May 10 15:43:57 2025)
Out-of-bound Trials:
[   68  4317 25545 44999 35083 35019]
Best Parameters: (chisq=0.0255)
[0.32087178 0.30018464 0.93235096 0.00883183 0.59420978 0.11864372]

[::::::::: ]  90.0% completed  (Sat May 10 15:43:57 2025)
Out-of-bound Trials:
[   79  5008 28803 50540 39522 39423]
Best Parameters: (chisq=0.0255)
[0.32087178 0.30018464 0.93235096 0.00883183 0.59420978 0.11864372]

[::::::::::] 100.0% completed  (Sat May 10 15:43:58 2025)
Out-of-bound Trials:
[   95  5501 32275 55991 44265 43791]
Best Parameters: (chisq=0.0255)
[0.32087178 0.30018464 0.93235096 0.00883183 0.59420978 0.11864372]

MCMC Summary:
-------------
  Number of evaluated samples:        200000
  Number of parallel chains:               5
  Average iterations per chain:        40000
  Burned-in iterations per chain:       2000
  Thinning factor:                         1
  MCMC sample size (thinned, burned): 190000
  Acceptance rate:   10.86%

Parameter name     best fit   median      1sigma_low   1sigma_hi        S/N
--------------- -----------  -----------------------------------  ---------
w                3.2087e-01   3.9763e-01 -7.8839e-02  9.2219e-02        4.0
b                3.0018e-01   2.6077e-01 -1.0192e-01  7.5872e-02        3.3
c                9.3235e-01   7.6089e-01 -2.5367e-01  1.6326e-01        4.7
dzeta            8.8318e-03   7.0019e-01 -4.9831e-01  2.3936e-01        0.0
B0               5.9421e-01   5.1782e-01 -3.4220e-01  3.2846e-01        2.1
h                1.1864e-01   5.0734e-01 -3.3424e-01  3.3075e-01        0.4

  Best-parameter's chi-squared:        0.0255
  Best-parameter's -2*log(posterior):  0.0255
  Bayesian Information Criterion:     13.8410
  Reduced chi-squared:                 0.0064
  Standard deviation of residuals:  0.000587334

For a detailed summary with all parameter posterior statistics see
/home/tenet/Documents/thesis/scripts/photometry/esa/data/inversion/inv-A4_A5-0.3_0.3_0.9_0_statistics.txt

Output sampler files:
  /home/tenet/Documents/thesis/scripts/photometry/esa/data/inversion/inv-A4_A5-0.3_0.3_0.9_0_statistics.txt
  /home/tenet/Documents/thesis/scripts/photometry/esa/data/inversion/inv-A4_A5-0.3_0.3_0.9_0.npz
  /home/tenet/Documents/thesis/scripts/photometry/esa/data/inversion/inv-A4_A5-0.3_0.3_0.9_0.log
