
::::::::::::::::::::::::::::::::::::::::::::::::::::::::::::::::::::::
  Multi-core Markov-chain Monte Carlo (mc3).
  Version 3.2.1.
  Copyright (c) 2015-2025 Patricio Cubillos and collaborators.
  mc3 is open-source software under the MIT license (see LICENSE).
::::::::::::::::::::::::::::::::::::::::::::::::::::::::::::::::::::::

Start MCMC chains  (Sat May 10 16:03:05 2025)

[:         ]  10.0% completed  (Sat May 10 16:03:06 2025)
Out-of-bound Trials:
[  61  527   76 2760 3551 4163]
Best Parameters: (chisq=0.0323)
[0.90002831 0.90091084 0.09817154 0.08742034 0.48597748 0.86267896]

[::        ]  20.0% completed  (Sat May 10 16:03:06 2025)
Out-of-bound Trials:
[  80  689  107 5394 7721 8890]
Best Parameters: (chisq=0.0323)
[0.90002831 0.90091084 0.09817154 0.08742034 0.48597748 0.86267896]

[:::       ]  30.0% completed  (Sat May 10 16:03:07 2025)
Out-of-bound Trials:
[  100   820   153  8018 12306 13678]
Best Parameters: (chisq=0.0323)
[0.90002831 0.90091084 0.09817154 0.08742034 0.48597748 0.86267896]

[::::      ]  40.0% completed  (Sat May 10 16:03:08 2025)
Out-of-bound Trials:
[  120   903   193 10547 16816 18549]
Best Parameters: (chisq=0.0323)
[0.90002831 0.90091084 0.09817154 0.08742034 0.48597748 0.86267896]

[:::::     ]  50.0% completed  (Sat May 10 16:03:08 2025)
Out-of-bound Trials:
[  129  1001   234 13422 21487 23317]
Best Parameters: (chisq=0.0079)
[0.90012462 0.89357046 0.10422859 0.02209359 0.61244528 0.11978574]

[::::::    ]  60.0% completed  (Sat May 10 16:03:09 2025)
Out-of-bound Trials:
[  135  1077   281 15986 26247 28266]
Best Parameters: (chisq=0.0079)
[0.90012462 0.89357046 0.10422859 0.02209359 0.61244528 0.11978574]

[:::::::   ]  70.0% completed  (Sat May 10 16:03:09 2025)
Out-of-bound Trials:
[  140  1127   326 18638 30995 33185]
Best Parameters: (chisq=0.0079)
[0.90012462 0.89357046 0.10422859 0.02209359 0.61244528 0.11978574]

[::::::::  ]  80.0% completed  (Sat May 10 16:03:10 2025)
Out-of-bound Trials:
[  148  1202   367 21088 35582 38090]
Best Parameters: (chisq=0.0079)
[0.90012462 0.89357046 0.10422859 0.02209359 0.61244528 0.11978574]

[::::::::: ]  90.0% completed  (Sat May 10 16:03:10 2025)
Out-of-bound Trials:
[  156  1289   404 23610 40243 42915]
Best Parameters: (chisq=0.0079)
[0.90012462 0.89357046 0.10422859 0.02209359 0.61244528 0.11978574]

[::::::::::] 100.0% completed  (Sat May 10 16:03:11 2025)
Out-of-bound Trials:
[  166  1364   450 26197 44983 47951]
Best Parameters: (chisq=0.0079)
[0.90012462 0.89357046 0.10422859 0.02209359 0.61244528 0.11978574]

MCMC Summary:
-------------
  Number of evaluated samples:        200000
  Number of parallel chains:               5
  Average iterations per chain:        40000
  Burned-in iterations per chain:       2000
  Thinning factor:                         1
  MCMC sample size (thinned, burned): 190000
  Acceptance rate:   18.23%

Parameter name     best fit   median      1sigma_low   1sigma_hi        S/N
--------------- -----------  -----------------------------------  ---------
w                9.0012e-01   9.0017e-01 -7.4853e-03  6.8026e-03      124.1
b                8.9357e-01   8.9474e-01 -2.0063e-02  1.8037e-02       45.8
c                1.0423e-01   1.0651e-01 -2.0551e-02  2.4316e-02        4.9
dzeta            2.2094e-02   8.3252e-02 -5.5945e-02  6.3676e-02        0.4
B0               6.1245e-01   4.5850e-01 -3.1404e-01  3.6268e-01        2.1
h                1.1979e-01   4.7831e-01 -3.4138e-01  3.5075e-01        0.4

  Best-parameter's chi-squared:        0.0079
  Best-parameter's -2*log(posterior):  0.0079
  Bayesian Information Criterion:     17.9823
  Reduced chi-squared:                 0.0006
  Standard deviation of residuals:  0.00164614

For a detailed summary with all parameter posterior statistics see
/home/tenet/Documents/thesis/scripts/photometry/esa/data/inversion/inv-A1_A2_A4_A5-0.9_0.9_0.1_0_statistics.txt

Output sampler files:
  /home/tenet/Documents/thesis/scripts/photometry/esa/data/inversion/inv-A1_A2_A4_A5-0.9_0.9_0.1_0_statistics.txt
  /home/tenet/Documents/thesis/scripts/photometry/esa/data/inversion/inv-A1_A2_A4_A5-0.9_0.9_0.1_0.npz
  /home/tenet/Documents/thesis/scripts/photometry/esa/data/inversion/inv-A1_A2_A4_A5-0.9_0.9_0.1_0.log
