
::::::::::::::::::::::::::::::::::::::::::::::::::::::::::::::::::::::
  Multi-core Markov-chain Monte Carlo (mc3).
  Version 3.2.1.
  Copyright (c) 2015-2025 Patricio Cubillos and collaborators.
  mc3 is open-source software under the MIT license (see LICENSE).
::::::::::::::::::::::::::::::::::::::::::::::::::::::::::::::::::::::

Start MCMC chains  (Sat May 10 15:26:50 2025)

[:         ]  10.0% completed  (Sat May 10 15:26:51 2025)
Out-of-bound Trials:
[1243 3483 4391 3684 3906 4202]
Best Parameters: (chisq=0.0001)
[0.26288264 0.28036358 0.87492384 0.65850033 0.71270252 0.844471  ]

[::        ]  20.0% completed  (Sat May 10 15:26:51 2025)
Out-of-bound Trials:
[2767 7876 8909 7590 8313 8687]
Best Parameters: (chisq=0.0001)
[0.26288264 0.28036358 0.87492384 0.65850033 0.71270252 0.844471  ]

[:::       ]  30.0% completed  (Sat May 10 15:26:51 2025)
Out-of-bound Trials:
[ 4228 12641 13429 11947 12532 13095]
Best Parameters: (chisq=0.0001)
[0.26288264 0.28036358 0.87492384 0.65850033 0.71270252 0.844471  ]

[::::      ]  40.0% completed  (Sat May 10 15:26:52 2025)
Out-of-bound Trials:
[ 5794 17162 18125 16096 16990 17406]
Best Parameters: (chisq=0.0001)
[0.26288264 0.28036358 0.87492384 0.65850033 0.71270252 0.844471  ]

[:::::     ]  50.0% completed  (Sat May 10 15:26:52 2025)
Out-of-bound Trials:
[ 7203 22005 22746 20080 21391 21748]
Best Parameters: (chisq=0.0001)
[0.26288264 0.28036358 0.87492384 0.65850033 0.71270252 0.844471  ]

[::::::    ]  60.0% completed  (Sat May 10 15:26:53 2025)
Out-of-bound Trials:
[ 8792 27313 27133 24395 25886 26208]
Best Parameters: (chisq=0.0001)
[0.26288264 0.28036358 0.87492384 0.65850033 0.71270252 0.844471  ]

[:::::::   ]  70.0% completed  (Sat May 10 15:26:53 2025)
Out-of-bound Trials:
[10626 32281 31851 28271 30483 30546]
Best Parameters: (chisq=0.0001)
[0.26288264 0.28036358 0.87492384 0.65850033 0.71270252 0.844471  ]

[::::::::  ]  80.0% completed  (Sat May 10 15:26:53 2025)
Out-of-bound Trials:
[12337 37153 36302 32482 34854 34916]
Best Parameters: (chisq=0.0001)
[0.26288264 0.28036358 0.87492384 0.65850033 0.71270252 0.844471  ]

[::::::::: ]  90.0% completed  (Sat May 10 15:26:54 2025)
Out-of-bound Trials:
[13716 42079 40608 36704 39402 39458]
Best Parameters: (chisq=0.0001)
[0.26288264 0.28036358 0.87492384 0.65850033 0.71270252 0.844471  ]

[::::::::::] 100.0% completed  (Sat May 10 15:26:54 2025)
Out-of-bound Trials:
[15325 46932 45153 40761 43881 43968]
Best Parameters: (chisq=0.0001)
[0.26288264 0.28036358 0.87492384 0.65850033 0.71270252 0.844471  ]

MCMC Summary:
-------------
  Number of evaluated samples:        200000
  Number of parallel chains:               5
  Average iterations per chain:        40000
  Burned-in iterations per chain:       2000
  Thinning factor:                         1
  MCMC sample size (thinned, burned): 190000
  Acceptance rate:   11.57%

Parameter name     best fit   median      1sigma_low   1sigma_hi        S/N
--------------- -----------  -----------------------------------  ---------
w                2.6288e-01   3.0972e-01 -1.5507e-01  2.2045e-01        1.5
b                2.8036e-01   4.3833e-01 -3.0393e-01  4.2421e-01        0.9
c                8.7492e-01   6.3806e-01 -3.9595e-01  2.5640e-01        3.1
dzeta            6.5850e-01   7.4472e-01 -3.3424e-01  1.8115e-01        2.7
B0               7.1270e-01   4.9934e-01 -3.3120e-01  3.4276e-01        2.5
h                8.4447e-01   4.7928e-01 -3.2299e-01  3.5443e-01        2.9

  Best-parameter's chi-squared:       0.0001
  Best-parameter's -2*log(posterior): 0.0001
  Bayesian Information Criterion:     9.6567
  Reduced chi-squared:                   nan
  Standard deviation of residuals:  3.75466e-05

For a detailed summary with all parameter posterior statistics see
/home/tenet/Documents/thesis/scripts/photometry/esa/data/inversion/inv-A1-0.3_0.3_0.9_30_statistics.txt

Output sampler files:
  /home/tenet/Documents/thesis/scripts/photometry/esa/data/inversion/inv-A1-0.3_0.3_0.9_30_statistics.txt
  /home/tenet/Documents/thesis/scripts/photometry/esa/data/inversion/inv-A1-0.3_0.3_0.9_30.npz
  /home/tenet/Documents/thesis/scripts/photometry/esa/data/inversion/inv-A1-0.3_0.3_0.9_30.log
