
::::::::::::::::::::::::::::::::::::::::::::::::::::::::::::::::::::::
  Multi-core Markov-chain Monte Carlo (mc3).
  Version 3.2.1.
  Copyright (c) 2015-2025 Patricio Cubillos and collaborators.
  mc3 is open-source software under the MIT license (see LICENSE).
::::::::::::::::::::::::::::::::::::::::::::::::::::::::::::::::::::::

Start MCMC chains  (Sat May 10 15:33:25 2025)

[:         ]  10.0% completed  (Sat May 10 15:33:26 2025)
Out-of-bound Trials:
[2050  323 2763  285 4079 3978]
Best Parameters: (chisq=0.0583)
[0.88193122 0.26708844 0.59510768 0.61784936 0.55479488 0.24412842]

[::        ]  20.0% completed  (Sat May 10 15:33:26 2025)
Out-of-bound Trials:
[4692  639 5822  790 8487 8226]
Best Parameters: (chisq=0.0583)
[0.88193122 0.26708844 0.59510768 0.61784936 0.55479488 0.24412842]

[:::       ]  30.0% completed  (Sat May 10 15:33:27 2025)
Out-of-bound Trials:
[ 7348  1235  9147  1289 12791 12707]
Best Parameters: (chisq=0.0135)
[0.86936666 0.28227491 0.4936589  0.65559894 0.7796701  0.66667858]

[::::      ]  40.0% completed  (Sat May 10 15:33:27 2025)
Out-of-bound Trials:
[ 9586  1592 12731  2493 17354 17262]
Best Parameters: (chisq=0.0135)
[0.86936666 0.28227491 0.4936589  0.65559894 0.7796701  0.66667858]

[:::::     ]  50.0% completed  (Sat May 10 15:33:27 2025)
Out-of-bound Trials:
[12324  2331 16290  3198 21787 21778]
Best Parameters: (chisq=0.0135)
[0.86936666 0.28227491 0.4936589  0.65559894 0.7796701  0.66667858]

[::::::    ]  60.0% completed  (Sat May 10 15:33:28 2025)
Out-of-bound Trials:
[15174  3114 19834  4103 26314 26154]
Best Parameters: (chisq=0.0135)
[0.86936666 0.28227491 0.4936589  0.65559894 0.7796701  0.66667858]

[:::::::   ]  70.0% completed  (Sat May 10 15:33:28 2025)
Out-of-bound Trials:
[18060  3705 23386  4902 30919 30457]
Best Parameters: (chisq=0.0135)
[0.86936666 0.28227491 0.4936589  0.65559894 0.7796701  0.66667858]

[::::::::  ]  80.0% completed  (Sat May 10 15:33:29 2025)
Out-of-bound Trials:
[20687  4233 27126  6210 35312 34764]
Best Parameters: (chisq=0.0135)
[0.86936666 0.28227491 0.4936589  0.65559894 0.7796701  0.66667858]

[::::::::: ]  90.0% completed  (Sat May 10 15:33:29 2025)
Out-of-bound Trials:
[23399  4768 30563  6941 39949 39187]
Best Parameters: (chisq=0.0135)
[0.86936666 0.28227491 0.4936589  0.65559894 0.7796701  0.66667858]

[::::::::::] 100.0% completed  (Sat May 10 15:33:30 2025)
Out-of-bound Trials:
[26330  5254 34112  7766 44209 43689]
Best Parameters: (chisq=0.0100)
[0.90316736 0.29629795 0.53128112 0.65498579 0.42524624 0.35962908]

MCMC Summary:
-------------
  Number of evaluated samples:        200000
  Number of parallel chains:               5
  Average iterations per chain:        40000
  Burned-in iterations per chain:       2000
  Thinning factor:                         1
  MCMC sample size (thinned, burned): 190000
  Acceptance rate:   12.39%

Parameter name     best fit   median      1sigma_low   1sigma_hi        S/N
--------------- -----------  -----------------------------------  ---------
w                9.0317e-01   8.8045e-01 -1.2879e-01  7.0846e-02        8.2
b                2.9630e-01   2.7983e-01 -9.6708e-02  8.6791e-02        3.0
c                5.3128e-01   6.1357e-01 -2.9585e-01  2.6713e-01        2.1
dzeta            6.5499e-01   6.2670e-01 -1.6703e-01  1.3176e-01        4.0
B0               4.2525e-01   5.7746e-01 -3.7403e-01  2.9066e-01        1.5
h                3.5963e-01   5.1901e-01 -3.3438e-01  3.2915e-01        1.3

  Best-parameter's chi-squared:        0.0100
  Best-parameter's -2*log(posterior):  0.0100
  Bayesian Information Criterion:     13.8255
  Reduced chi-squared:                 0.0025
  Standard deviation of residuals:  0.00224083

For a detailed summary with all parameter posterior statistics see
/home/tenet/Documents/thesis/scripts/photometry/esa/data/inversion/inv-A1_A2-0.9_0.3_0.5_30_statistics.txt

Output sampler files:
  /home/tenet/Documents/thesis/scripts/photometry/esa/data/inversion/inv-A1_A2-0.9_0.3_0.5_30_statistics.txt
  /home/tenet/Documents/thesis/scripts/photometry/esa/data/inversion/inv-A1_A2-0.9_0.3_0.5_30.npz
  /home/tenet/Documents/thesis/scripts/photometry/esa/data/inversion/inv-A1_A2-0.9_0.3_0.5_30.log
