
::::::::::::::::::::::::::::::::::::::::::::::::::::::::::::::::::::::
  Multi-core Markov-chain Monte Carlo (mc3).
  Version 3.2.1.
  Copyright (c) 2015-2025 Patricio Cubillos and collaborators.
  mc3 is open-source software under the MIT license (see LICENSE).
::::::::::::::::::::::::::::::::::::::::::::::::::::::::::::::::::::::

Start MCMC chains  (Sat May 10 15:33:44 2025)

[:         ]  10.0% completed  (Sat May 10 15:33:45 2025)
Out-of-bound Trials:
[   7  823 2332 2755 4194 4499]
Best Parameters: (chisq=0.0268)
[0.29575928 0.28421735 0.90389749 0.08537956 0.60274874 0.41944381]

[::        ]  20.0% completed  (Sat May 10 15:33:45 2025)
Out-of-bound Trials:
[  15 1783 4504 5688 8729 9284]
Best Parameters: (chisq=0.0115)
[0.2795698  0.28007181 0.88009236 0.06880991 0.75153768 0.49358023]

[:::       ]  30.0% completed  (Sat May 10 15:33:46 2025)
Out-of-bound Trials:
[   22  2786  6991  8584 13233 13803]
Best Parameters: (chisq=0.0051)
[0.30059569 0.29542886 0.8986228  0.0573844  0.66418563 0.31346179]

[::::      ]  40.0% completed  (Sat May 10 15:33:46 2025)
Out-of-bound Trials:
[   34  3781  8959 11505 18040 18512]
Best Parameters: (chisq=0.0051)
[0.30059569 0.29542886 0.8986228  0.0573844  0.66418563 0.31346179]

[:::::     ]  50.0% completed  (Sat May 10 15:33:47 2025)
Out-of-bound Trials:
[   40  4867 11154 14194 22776 23023]
Best Parameters: (chisq=0.0051)
[0.30059569 0.29542886 0.8986228  0.0573844  0.66418563 0.31346179]

[::::::    ]  60.0% completed  (Sat May 10 15:33:47 2025)
Out-of-bound Trials:
[   49  5923 13254 16897 27574 27529]
Best Parameters: (chisq=0.0051)
[0.30059569 0.29542886 0.8986228  0.0573844  0.66418563 0.31346179]

[:::::::   ]  70.0% completed  (Sat May 10 15:33:48 2025)
Out-of-bound Trials:
[   64  6886 15519 19834 32085 32132]
Best Parameters: (chisq=0.0051)
[0.30059569 0.29542886 0.8986228  0.0573844  0.66418563 0.31346179]

[::::::::  ]  80.0% completed  (Sat May 10 15:33:48 2025)
Out-of-bound Trials:
[   72  7940 17800 22529 36379 36728]
Best Parameters: (chisq=0.0051)
[0.30059569 0.29542886 0.8986228  0.0573844  0.66418563 0.31346179]

[::::::::: ]  90.0% completed  (Sat May 10 15:33:49 2025)
Out-of-bound Trials:
[   79  8913 20050 25289 40820 41191]
Best Parameters: (chisq=0.0051)
[0.30059569 0.29542886 0.8986228  0.0573844  0.66418563 0.31346179]

[::::::::::] 100.0% completed  (Sat May 10 15:33:49 2025)
Out-of-bound Trials:
[   85  9870 22594 28172 45277 45702]
Best Parameters: (chisq=0.0051)
[0.30059569 0.29542886 0.8986228  0.0573844  0.66418563 0.31346179]

MCMC Summary:
-------------
  Number of evaluated samples:        200000
  Number of parallel chains:               5
  Average iterations per chain:        40000
  Burned-in iterations per chain:       2000
  Thinning factor:                         1
  MCMC sample size (thinned, burned): 190000
  Acceptance rate:   13.51%

Parameter name     best fit   median      1sigma_low   1sigma_hi        S/N
--------------- -----------  -----------------------------------  ---------
w                3.0060e-01   3.0946e-01 -4.0624e-02  5.6198e-02        4.9
b                2.9543e-01   2.8314e-01 -9.8794e-02  1.5063e-01        2.1
c                8.9862e-01   9.1714e-01 -5.7569e-02  5.0072e-02       16.5
dzeta            5.7384e-02   8.8497e-02 -6.0077e-02  7.6078e-02        0.9
B0               6.6419e-01   5.2305e-01 -3.4583e-01  3.2817e-01        2.3
h                3.1346e-01   5.2506e-01 -3.4599e-01  3.2437e-01        1.1

  Best-parameter's chi-squared:        0.0051
  Best-parameter's -2*log(posterior):  0.0051
  Bayesian Information Criterion:     13.8206
  Reduced chi-squared:                 0.0013
  Standard deviation of residuals:  4.23898e-05

For a detailed summary with all parameter posterior statistics see
/home/tenet/Documents/thesis/scripts/photometry/esa/data/inversion/inv-A1_A3-0.3_0.3_0.9_0_statistics.txt

Output sampler files:
  /home/tenet/Documents/thesis/scripts/photometry/esa/data/inversion/inv-A1_A3-0.3_0.3_0.9_0_statistics.txt
  /home/tenet/Documents/thesis/scripts/photometry/esa/data/inversion/inv-A1_A3-0.3_0.3_0.9_0.npz
  /home/tenet/Documents/thesis/scripts/photometry/esa/data/inversion/inv-A1_A3-0.3_0.3_0.9_0.log
