
::::::::::::::::::::::::::::::::::::::::::::::::::::::::::::::::::::::
  Multi-core Markov-chain Monte Carlo (mc3).
  Version 3.2.1.
  Copyright (c) 2015-2025 Patricio Cubillos and collaborators.
  mc3 is open-source software under the MIT license (see LICENSE).
::::::::::::::::::::::::::::::::::::::::::::::::::::::::::::::::::::::

Start MCMC chains  (Sat May 10 15:34:21 2025)

[:         ]  10.0% completed  (Sat May 10 15:34:22 2025)
Out-of-bound Trials:
[ 229 1691 2619 2420 4329 4111]
Best Parameters: (chisq=0.0299)
[0.90065546 0.26806235 0.91149    0.0692211  0.8962584  0.17556282]

[::        ]  20.0% completed  (Sat May 10 15:34:22 2025)
Out-of-bound Trials:
[ 436 3588 5425 4842 8452 8144]
Best Parameters: (chisq=0.0061)
[0.90152647 0.28634186 0.90647417 0.04946853 0.46691174 0.42555999]

[:::       ]  30.0% completed  (Sat May 10 15:34:23 2025)
Out-of-bound Trials:
[  649  5941  8475  6989 12672 12292]
Best Parameters: (chisq=0.0061)
[0.90152647 0.28634186 0.90647417 0.04946853 0.46691174 0.42555999]

[::::      ]  40.0% completed  (Sat May 10 15:34:23 2025)
Out-of-bound Trials:
[  874  8405 11890  9547 17032 16498]
Best Parameters: (chisq=0.0061)
[0.90152647 0.28634186 0.90647417 0.04946853 0.46691174 0.42555999]

[:::::     ]  50.0% completed  (Sat May 10 15:34:24 2025)
Out-of-bound Trials:
[ 1061 10434 15151 11772 21301 20782]
Best Parameters: (chisq=0.0061)
[0.90152647 0.28634186 0.90647417 0.04946853 0.46691174 0.42555999]

[::::::    ]  60.0% completed  (Sat May 10 15:34:24 2025)
Out-of-bound Trials:
[ 1239 12488 18593 14502 25592 25063]
Best Parameters: (chisq=0.0061)
[0.90152647 0.28634186 0.90647417 0.04946853 0.46691174 0.42555999]

[:::::::   ]  70.0% completed  (Sat May 10 15:34:25 2025)
Out-of-bound Trials:
[ 1451 14524 22002 16994 29761 29393]
Best Parameters: (chisq=0.0061)
[0.90152647 0.28634186 0.90647417 0.04946853 0.46691174 0.42555999]

[::::::::  ]  80.0% completed  (Sat May 10 15:34:25 2025)
Out-of-bound Trials:
[ 1623 16903 25203 19048 34182 33558]
Best Parameters: (chisq=0.0061)
[0.90152647 0.28634186 0.90647417 0.04946853 0.46691174 0.42555999]

[::::::::: ]  90.0% completed  (Sat May 10 15:34:26 2025)
Out-of-bound Trials:
[ 1819 18930 28368 21579 38510 38005]
Best Parameters: (chisq=0.0061)
[0.90152647 0.28634186 0.90647417 0.04946853 0.46691174 0.42555999]

[::::::::::] 100.0% completed  (Sat May 10 15:34:26 2025)
Out-of-bound Trials:
[ 2029 21214 31694 23896 42980 42436]
Best Parameters: (chisq=0.0061)
[0.90152647 0.28634186 0.90647417 0.04946853 0.46691174 0.42555999]

MCMC Summary:
-------------
  Number of evaluated samples:        200000
  Number of parallel chains:               5
  Average iterations per chain:        40000
  Burned-in iterations per chain:       2000
  Thinning factor:                         1
  MCMC sample size (thinned, burned): 190000
  Acceptance rate:   14.25%

Parameter name     best fit   median      1sigma_low   1sigma_hi        S/N
--------------- -----------  -----------------------------------  ---------
w                9.0153e-01   8.9681e-01 -3.5491e-02  3.0596e-02       28.0
b                2.8634e-01   2.1051e-01 -1.2683e-01  1.4662e-01        2.2
c                9.0647e-01   8.6298e-01 -1.6073e-01  8.7069e-02        5.6
dzeta            4.9469e-02   1.2294e-01 -8.2857e-02  9.0178e-02        0.7
B0               4.6691e-01   6.1252e-01 -3.6262e-01  2.7053e-01        1.7
h                4.2556e-01   5.6432e-01 -3.4452e-01  2.9500e-01        1.5

  Best-parameter's chi-squared:        0.0061
  Best-parameter's -2*log(posterior):  0.0061
  Bayesian Information Criterion:     13.8216
  Reduced chi-squared:                 0.0015
  Standard deviation of residuals:  0.00161872

For a detailed summary with all parameter posterior statistics see
/home/tenet/Documents/thesis/scripts/photometry/esa/data/inversion/inv-A1_A3-0.9_0.3_0.9_0_statistics.txt

Output sampler files:
  /home/tenet/Documents/thesis/scripts/photometry/esa/data/inversion/inv-A1_A3-0.9_0.3_0.9_0_statistics.txt
  /home/tenet/Documents/thesis/scripts/photometry/esa/data/inversion/inv-A1_A3-0.9_0.3_0.9_0.npz
  /home/tenet/Documents/thesis/scripts/photometry/esa/data/inversion/inv-A1_A3-0.9_0.3_0.9_0.log
