
::::::::::::::::::::::::::::::::::::::::::::::::::::::::::::::::::::::
  Multi-core Markov-chain Monte Carlo (mc3).
  Version 3.2.1.
  Copyright (c) 2015-2025 Patricio Cubillos and collaborators.
  mc3 is open-source software under the MIT license (see LICENSE).
::::::::::::::::::::::::::::::::::::::::::::::::::::::::::::::::::::::

Start MCMC chains  (Sat May 10 15:53:37 2025)

[:         ]  10.0% completed  (Sat May 10 15:53:37 2025)
Out-of-bound Trials:
[   1   33  551 2392 4045 4156]
Best Parameters: (chisq=0.0211)
[0.29689948 0.28951411 0.50349982 0.00203568 0.60481771 0.36937818]

[::        ]  20.0% completed  (Sat May 10 15:53:38 2025)
Out-of-bound Trials:
[   2   88 1363 4731 8653 8694]
Best Parameters: (chisq=0.0211)
[0.29689948 0.28951411 0.50349982 0.00203568 0.60481771 0.36937818]

[:::       ]  30.0% completed  (Sat May 10 15:53:39 2025)
Out-of-bound Trials:
[    4   137  1953  7096 13222 13182]
Best Parameters: (chisq=0.0203)
[0.28515445 0.29807554 0.47256074 0.00795049 0.66739874 0.61091595]

[::::      ]  40.0% completed  (Sat May 10 15:53:39 2025)
Out-of-bound Trials:
[    4   168  2479  9811 17722 18022]
Best Parameters: (chisq=0.0203)
[0.28515445 0.29807554 0.47256074 0.00795049 0.66739874 0.61091595]

[:::::     ]  50.0% completed  (Sat May 10 15:53:40 2025)
Out-of-bound Trials:
[    6   203  3013 12370 22256 22763]
Best Parameters: (chisq=0.0203)
[0.28515445 0.29807554 0.47256074 0.00795049 0.66739874 0.61091595]

[::::::    ]  60.0% completed  (Sat May 10 15:53:40 2025)
Out-of-bound Trials:
[    8   245  3671 14861 26748 27174]
Best Parameters: (chisq=0.0203)
[0.28515445 0.29807554 0.47256074 0.00795049 0.66739874 0.61091595]

[:::::::   ]  70.0% completed  (Sat May 10 15:53:41 2025)
Out-of-bound Trials:
[    8   289  4351 17620 31138 31876]
Best Parameters: (chisq=0.0203)
[0.28515445 0.29807554 0.47256074 0.00795049 0.66739874 0.61091595]

[::::::::  ]  80.0% completed  (Sat May 10 15:53:41 2025)
Out-of-bound Trials:
[    8   322  4884 19941 35796 36741]
Best Parameters: (chisq=0.0203)
[0.28515445 0.29807554 0.47256074 0.00795049 0.66739874 0.61091595]

[::::::::: ]  90.0% completed  (Sat May 10 15:53:42 2025)
Out-of-bound Trials:
[    8   363  5627 22341 40315 41201]
Best Parameters: (chisq=0.0203)
[0.28515445 0.29807554 0.47256074 0.00795049 0.66739874 0.61091595]

[::::::::::] 100.0% completed  (Sat May 10 15:53:42 2025)
Out-of-bound Trials:
[   10   409  6214 24750 44759 45888]
Best Parameters: (chisq=0.0203)
[0.28515445 0.29807554 0.47256074 0.00795049 0.66739874 0.61091595]

MCMC Summary:
-------------
  Number of evaluated samples:        200000
  Number of parallel chains:               5
  Average iterations per chain:        40000
  Burned-in iterations per chain:       2000
  Thinning factor:                         1
  MCMC sample size (thinned, burned): 190000
  Acceptance rate:   14.77%

Parameter name     best fit   median      1sigma_low   1sigma_hi        S/N
--------------- -----------  -----------------------------------  ---------
w                2.8515e-01   3.0050e-01 -3.2669e-02  3.2262e-02        9.0
b                2.9808e-01   2.7746e-01 -6.5853e-02  5.7841e-02        5.0
c                4.7256e-01   5.6334e-01 -1.2591e-01  1.6730e-01        3.3
dzeta            7.9505e-03   8.1292e-02 -5.5212e-02  5.7764e-02        0.2
B0               6.6740e-01   5.3752e-01 -3.5079e-01  3.1883e-01        2.3
h                6.1092e-01   4.6857e-01 -3.1793e-01  3.5279e-01        2.1

  Best-parameter's chi-squared:        0.0203
  Best-parameter's -2*log(posterior):  0.0203
  Bayesian Information Criterion:     16.2686
  Reduced chi-squared:                 0.0023
  Standard deviation of residuals:  0.000506995

For a detailed summary with all parameter posterior statistics see
/home/tenet/Documents/thesis/scripts/photometry/esa/data/inversion/inv-A2_A3_A4-0.3_0.3_0.5_0_statistics.txt

Output sampler files:
  /home/tenet/Documents/thesis/scripts/photometry/esa/data/inversion/inv-A2_A3_A4-0.3_0.3_0.5_0_statistics.txt
  /home/tenet/Documents/thesis/scripts/photometry/esa/data/inversion/inv-A2_A3_A4-0.3_0.3_0.5_0.npz
  /home/tenet/Documents/thesis/scripts/photometry/esa/data/inversion/inv-A2_A3_A4-0.3_0.3_0.5_0.log
