
::::::::::::::::::::::::::::::::::::::::::::::::::::::::::::::::::::::
  Multi-core Markov-chain Monte Carlo (mc3).
  Version 3.2.1.
  Copyright (c) 2015-2025 Patricio Cubillos and collaborators.
  mc3 is open-source software under the MIT license (see LICENSE).
::::::::::::::::::::::::::::::::::::::::::::::::::::::::::::::::::::::

Start MCMC chains  (Sat May 10 15:32:11 2025)

[:         ]  10.0% completed  (Sat May 10 15:32:11 2025)
Out-of-bound Trials:
[1479 3431 3656 2787 4173 4515]
Best Parameters: (chisq=0.0055)
[0.83649616 0.34952351 0.81562126 0.23738344 0.21314856 0.43447933]

[::        ]  20.0% completed  (Sat May 10 15:32:12 2025)
Out-of-bound Trials:
[2908 7187 7600 5836 8857 8994]
Best Parameters: (chisq=0.0055)
[0.83649616 0.34952351 0.81562126 0.23738344 0.21314856 0.43447933]

[:::       ]  30.0% completed  (Sat May 10 15:32:12 2025)
Out-of-bound Trials:
[ 4383 10897 11349  8823 13063 13499]
Best Parameters: (chisq=0.0055)
[0.83649616 0.34952351 0.81562126 0.23738344 0.21314856 0.43447933]

[::::      ]  40.0% completed  (Sat May 10 15:32:13 2025)
Out-of-bound Trials:
[ 5921 14632 15073 11883 17793 18005]
Best Parameters: (chisq=0.0043)
[0.92860864 0.75309805 0.87867538 0.39220114 0.29141018 0.25831623]

[:::::     ]  50.0% completed  (Sat May 10 15:32:13 2025)
Out-of-bound Trials:
[ 7501 18374 18905 14963 22232 22628]
Best Parameters: (chisq=0.0043)
[0.92860864 0.75309805 0.87867538 0.39220114 0.29141018 0.25831623]

[::::::    ]  60.0% completed  (Sat May 10 15:32:13 2025)
Out-of-bound Trials:
[ 9084 22231 22673 18072 26928 27297]
Best Parameters: (chisq=0.0017)
[0.82634493 0.33246958 0.93373992 0.06960868 0.01950436 0.2654497 ]

[:::::::   ]  70.0% completed  (Sat May 10 15:32:14 2025)
Out-of-bound Trials:
[10556 25856 26308 21326 31498 31865]
Best Parameters: (chisq=0.0017)
[0.82634493 0.33246958 0.93373992 0.06960868 0.01950436 0.2654497 ]

[::::::::  ]  80.0% completed  (Sat May 10 15:32:14 2025)
Out-of-bound Trials:
[12111 29909 30094 24289 36202 36354]
Best Parameters: (chisq=0.0009)
[0.92751593 0.33585287 0.44784388 0.70394343 0.07868293 0.46755155]

[::::::::: ]  90.0% completed  (Sat May 10 15:32:15 2025)
Out-of-bound Trials:
[13633 33729 33899 27348 40627 40756]
Best Parameters: (chisq=0.0009)
[0.92751593 0.33585287 0.44784388 0.70394343 0.07868293 0.46755155]

[::::::::::] 100.0% completed  (Sat May 10 15:32:15 2025)
Out-of-bound Trials:
[15066 37742 37505 30255 45257 45425]
Best Parameters: (chisq=0.0009)
[0.92751593 0.33585287 0.44784388 0.70394343 0.07868293 0.46755155]

MCMC Summary:
-------------
  Number of evaluated samples:        200000
  Number of parallel chains:               5
  Average iterations per chain:        40000
  Burned-in iterations per chain:       2000
  Thinning factor:                         1
  MCMC sample size (thinned, burned): 190000
  Acceptance rate:   13.49%

Parameter name     best fit   median      1sigma_low   1sigma_hi        S/N
--------------- -----------  -----------------------------------  ---------
w                9.2752e-01   8.9818e-01 -6.5929e-02  5.1956e-02       16.6
b                3.3585e-01   3.9201e-01 -2.5443e-01  3.4829e-01        1.3
c                4.4784e-01   6.1847e-01 -3.3005e-01  2.4809e-01        1.7
dzeta            7.0394e-01   5.0551e-01 -3.1519e-01  2.4528e-01        2.9
B0               7.8683e-02   5.2880e-01 -3.5485e-01  3.2924e-01        0.3
h                4.6755e-01   5.1929e-01 -3.5558e-01  3.3323e-01        1.6

  Best-parameter's chi-squared:       0.0009
  Best-parameter's -2*log(posterior): 0.0009
  Bayesian Information Criterion:     9.6575
  Reduced chi-squared:                   nan
  Standard deviation of residuals:  0.00049766

For a detailed summary with all parameter posterior statistics see
/home/tenet/Documents/thesis/scripts/photometry/esa/data/inversion/inv-A5-0.9_0.3_0.5_30_statistics.txt

Output sampler files:
  /home/tenet/Documents/thesis/scripts/photometry/esa/data/inversion/inv-A5-0.9_0.3_0.5_30_statistics.txt
  /home/tenet/Documents/thesis/scripts/photometry/esa/data/inversion/inv-A5-0.9_0.3_0.5_30.npz
  /home/tenet/Documents/thesis/scripts/photometry/esa/data/inversion/inv-A5-0.9_0.3_0.5_30.log
