
::::::::::::::::::::::::::::::::::::::::::::::::::::::::::::::::::::::
  Multi-core Markov-chain Monte Carlo (mc3).
  Version 3.2.1.
  Copyright (c) 2015-2025 Patricio Cubillos and collaborators.
  mc3 is open-source software under the MIT license (see LICENSE).
::::::::::::::::::::::::::::::::::::::::::::::::::::::::::::::::::::::

Start MCMC chains  (Sat May 10 15:32:22 2025)

[:         ]  10.0% completed  (Sat May 10 15:32:22 2025)
Out-of-bound Trials:
[ 363 5025 2850 2736 4065 4143]
Best Parameters: (chisq=0.0021)
[0.70690811 0.03082393 0.12382843 0.7407366  0.65650946 0.94095054]

[::        ]  20.0% completed  (Sat May 10 15:32:23 2025)
Out-of-bound Trials:
[  812 10078  6018  5883  8541  8782]
Best Parameters: (chisq=0.0021)
[0.70690811 0.03082393 0.12382843 0.7407366  0.65650946 0.94095054]

[:::       ]  30.0% completed  (Sat May 10 15:32:23 2025)
Out-of-bound Trials:
[ 1307 14716  9340  8767 13107 13417]
Best Parameters: (chisq=0.0021)
[0.70690811 0.03082393 0.12382843 0.7407366  0.65650946 0.94095054]

[::::      ]  40.0% completed  (Sat May 10 15:32:24 2025)
Out-of-bound Trials:
[ 1867 19670 12621 11593 17480 17989]
Best Parameters: (chisq=0.0021)
[0.70690811 0.03082393 0.12382843 0.7407366  0.65650946 0.94095054]

[:::::     ]  50.0% completed  (Sat May 10 15:32:24 2025)
Out-of-bound Trials:
[ 2355 24658 16096 14650 22059 22496]
Best Parameters: (chisq=0.0021)
[0.70690811 0.03082393 0.12382843 0.7407366  0.65650946 0.94095054]

[::::::    ]  60.0% completed  (Sat May 10 15:32:25 2025)
Out-of-bound Trials:
[ 2825 29471 19434 17888 26662 26905]
Best Parameters: (chisq=0.0009)
[0.70046199 0.13803462 0.8859713  0.50736628 0.19110566 0.12081181]

[:::::::   ]  70.0% completed  (Sat May 10 15:32:25 2025)
Out-of-bound Trials:
[ 3371 34500 22995 21245 31472 31640]
Best Parameters: (chisq=0.0009)
[0.70046199 0.13803462 0.8859713  0.50736628 0.19110566 0.12081181]

[::::::::  ]  80.0% completed  (Sat May 10 15:32:25 2025)
Out-of-bound Trials:
[ 3868 39404 26339 24171 35901 36210]
Best Parameters: (chisq=0.0009)
[0.70046199 0.13803462 0.8859713  0.50736628 0.19110566 0.12081181]

[::::::::: ]  90.0% completed  (Sat May 10 15:32:26 2025)
Out-of-bound Trials:
[ 4322 44395 29484 27387 40600 40818]
Best Parameters: (chisq=0.0009)
[0.70046199 0.13803462 0.8859713  0.50736628 0.19110566 0.12081181]

[::::::::::] 100.0% completed  (Sat May 10 15:32:26 2025)
Out-of-bound Trials:
[ 4842 49351 32747 30464 45124 45397]
Best Parameters: (chisq=0.0003)
[0.70847778 0.10393697 0.24996338 0.75572687 0.84562544 0.80851279]

MCMC Summary:
-------------
  Number of evaluated samples:        200000
  Number of parallel chains:               5
  Average iterations per chain:        40000
  Burned-in iterations per chain:       2000
  Thinning factor:                         1
  MCMC sample size (thinned, burned): 190000
  Acceptance rate:   12.44%

Parameter name     best fit   median      1sigma_low   1sigma_hi        S/N
--------------- -----------  -----------------------------------  ---------
w                7.0848e-01   7.6029e-01 -1.0304e-01  9.9292e-02        7.8
b                1.0394e-01   3.7361e-01 -2.6630e-01  4.3431e-01        0.4
c                2.4996e-01   5.1631e-01 -3.0195e-01  2.7455e-01        1.0
dzeta            7.5573e-01   4.9291e-01 -3.1210e-01  2.5145e-01        3.0
B0               8.4563e-01   5.0406e-01 -3.5160e-01  3.4218e-01        2.9
h                8.0851e-01   4.9285e-01 -3.3234e-01  3.5329e-01        2.8

  Best-parameter's chi-squared:       0.0003
  Best-parameter's -2*log(posterior): 0.0003
  Bayesian Information Criterion:     9.6570
  Reduced chi-squared:                   nan
  Standard deviation of residuals:  0.000181142

For a detailed summary with all parameter posterior statistics see
/home/tenet/Documents/thesis/scripts/photometry/esa/data/inversion/inv-A5-0.9_0.9_0.1_30_statistics.txt

Output sampler files:
  /home/tenet/Documents/thesis/scripts/photometry/esa/data/inversion/inv-A5-0.9_0.9_0.1_30_statistics.txt
  /home/tenet/Documents/thesis/scripts/photometry/esa/data/inversion/inv-A5-0.9_0.9_0.1_30.npz
  /home/tenet/Documents/thesis/scripts/photometry/esa/data/inversion/inv-A5-0.9_0.9_0.1_30.log
