
::::::::::::::::::::::::::::::::::::::::::::::::::::::::::::::::::::::
  Multi-core Markov-chain Monte Carlo (mc3).
  Version 3.2.1.
  Copyright (c) 2015-2025 Patricio Cubillos and collaborators.
  mc3 is open-source software under the MIT license (see LICENSE).
::::::::::::::::::::::::::::::::::::::::::::::::::::::::::::::::::::::

Start MCMC chains  (Sat May 10 15:46:24 2025)

[:         ]  10.0% completed  (Sat May 10 15:46:25 2025)
Out-of-bound Trials:
[  51 1094  444   62 4199 4107]
Best Parameters: (chisq=0.0162)
[0.90059631 0.90316906 0.09402582 0.66641732 0.64185766 0.42495538]

[::        ]  20.0% completed  (Sat May 10 15:46:25 2025)
Out-of-bound Trials:
[  71 2132 1074  119 8981 8728]
Best Parameters: (chisq=0.0162)
[0.90059631 0.90316906 0.09402582 0.66641732 0.64185766 0.42495538]

[:::       ]  30.0% completed  (Sat May 10 15:46:26 2025)
Out-of-bound Trials:
[   91  3304  1660   177 13719 13261]
Best Parameters: (chisq=0.0162)
[0.90059631 0.90316906 0.09402582 0.66641732 0.64185766 0.42495538]

[::::      ]  40.0% completed  (Sat May 10 15:46:27 2025)
Out-of-bound Trials:
[  103  4302  2324   240 18348 17654]
Best Parameters: (chisq=0.0162)
[0.90059631 0.90316906 0.09402582 0.66641732 0.64185766 0.42495538]

[:::::     ]  50.0% completed  (Sat May 10 15:46:27 2025)
Out-of-bound Trials:
[  110  5397  2961   286 22973 22474]
Best Parameters: (chisq=0.0162)
[0.90059631 0.90316906 0.09402582 0.66641732 0.64185766 0.42495538]

[::::::    ]  60.0% completed  (Sat May 10 15:46:28 2025)
Out-of-bound Trials:
[  129  6444  3607   368 27715 27027]
Best Parameters: (chisq=0.0162)
[0.90059631 0.90316906 0.09402582 0.66641732 0.64185766 0.42495538]

[:::::::   ]  70.0% completed  (Sat May 10 15:46:28 2025)
Out-of-bound Trials:
[  139  7540  4325   404 32465 31793]
Best Parameters: (chisq=0.0162)
[0.90059631 0.90316906 0.09402582 0.66641732 0.64185766 0.42495538]

[::::::::  ]  80.0% completed  (Sat May 10 15:46:29 2025)
Out-of-bound Trials:
[  149  8426  5051   462 37242 36574]
Best Parameters: (chisq=0.0162)
[0.90059631 0.90316906 0.09402582 0.66641732 0.64185766 0.42495538]

[::::::::: ]  90.0% completed  (Sat May 10 15:46:29 2025)
Out-of-bound Trials:
[  164  9406  5735   522 42095 41342]
Best Parameters: (chisq=0.0162)
[0.90059631 0.90316906 0.09402582 0.66641732 0.64185766 0.42495538]

[::::::::::] 100.0% completed  (Sat May 10 15:46:30 2025)
Out-of-bound Trials:
[  176 10264  6438   570 46883 46059]
Best Parameters: (chisq=0.0162)
[0.90059631 0.90316906 0.09402582 0.66641732 0.64185766 0.42495538]

MCMC Summary:
-------------
  Number of evaluated samples:        200000
  Number of parallel chains:               5
  Average iterations per chain:        40000
  Burned-in iterations per chain:       2000
  Thinning factor:                         1
  MCMC sample size (thinned, burned): 190000
  Acceptance rate:   14.52%

Parameter name     best fit   median      1sigma_low   1sigma_hi        S/N
--------------- -----------  -----------------------------------  ---------
w                9.0060e-01   8.9808e-01 -1.1635e-02  1.1418e-02       78.7
b                9.0317e-01   9.0250e-01 -4.5493e-02  4.4068e-02       21.2
c                9.4026e-02   1.1765e-01 -2.9046e-02  4.6782e-02        1.7
dzeta            6.6642e-01   6.6032e-01 -7.5978e-02  7.1110e-02        9.5
B0               6.4186e-01   4.3728e-01 -3.0808e-01  3.7115e-01        2.2
h                4.2496e-01   4.8804e-01 -3.3857e-01  3.4816e-01        1.5

  Best-parameter's chi-squared:        0.0162
  Best-parameter's -2*log(posterior):  0.0162
  Bayesian Information Criterion:     16.2645
  Reduced chi-squared:                 0.0018
  Standard deviation of residuals:  0.00242625

For a detailed summary with all parameter posterior statistics see
/home/tenet/Documents/thesis/scripts/photometry/esa/data/inversion/inv-A1_A2_A3-0.9_0.9_0.1_30_statistics.txt

Output sampler files:
  /home/tenet/Documents/thesis/scripts/photometry/esa/data/inversion/inv-A1_A2_A3-0.9_0.9_0.1_30_statistics.txt
  /home/tenet/Documents/thesis/scripts/photometry/esa/data/inversion/inv-A1_A2_A3-0.9_0.9_0.1_30.npz
  /home/tenet/Documents/thesis/scripts/photometry/esa/data/inversion/inv-A1_A2_A3-0.9_0.9_0.1_30.log
