
::::::::::::::::::::::::::::::::::::::::::::::::::::::::::::::::::::::
  Multi-core Markov-chain Monte Carlo (mc3).
  Version 3.2.1.
  Copyright (c) 2015-2025 Patricio Cubillos and collaborators.
  mc3 is open-source software under the MIT license (see LICENSE).
::::::::::::::::::::::::::::::::::::::::::::::::::::::::::::::::::::::

Start MCMC chains  (Sat May 10 15:41:32 2025)

[:         ]  10.0% completed  (Sat May 10 15:41:33 2025)
Out-of-bound Trials:
[   0  283  879 2704 4180 3707]
Best Parameters: (chisq=0.0153)
[0.28875913 0.30277623 0.47644935 0.0142313  0.60410275 0.63015238]

[::        ]  20.0% completed  (Sat May 10 15:41:33 2025)
Out-of-bound Trials:
[   1  608 1850 5482 8725 8324]
Best Parameters: (chisq=0.0153)
[0.28875913 0.30277623 0.47644935 0.0142313  0.60410275 0.63015238]

[:::       ]  30.0% completed  (Sat May 10 15:41:34 2025)
Out-of-bound Trials:
[    2  1055  3027  8096 13204 12715]
Best Parameters: (chisq=0.0153)
[0.28875913 0.30277623 0.47644935 0.0142313  0.60410275 0.63015238]

[::::      ]  40.0% completed  (Sat May 10 15:41:34 2025)
Out-of-bound Trials:
[    2  1474  4107 10648 17652 17077]
Best Parameters: (chisq=0.0153)
[0.28875913 0.30277623 0.47644935 0.0142313  0.60410275 0.63015238]

[:::::     ]  50.0% completed  (Sat May 10 15:41:35 2025)
Out-of-bound Trials:
[    2  1972  5291 13136 22089 21678]
Best Parameters: (chisq=0.0153)
[0.28875913 0.30277623 0.47644935 0.0142313  0.60410275 0.63015238]

[::::::    ]  60.0% completed  (Sat May 10 15:41:35 2025)
Out-of-bound Trials:
[    2  2457  6426 15720 26808 26039]
Best Parameters: (chisq=0.0089)
[0.29864227 0.30153685 0.48230021 0.04188404 0.62108508 0.39770322]

[:::::::   ]  70.0% completed  (Sat May 10 15:41:35 2025)
Out-of-bound Trials:
[    3  2807  7549 18431 31358 30693]
Best Parameters: (chisq=0.0089)
[0.29864227 0.30153685 0.48230021 0.04188404 0.62108508 0.39770322]

[::::::::  ]  80.0% completed  (Sat May 10 15:41:36 2025)
Out-of-bound Trials:
[    3  3287  8746 20964 36108 35401]
Best Parameters: (chisq=0.0089)
[0.29864227 0.30153685 0.48230021 0.04188404 0.62108508 0.39770322]

[::::::::: ]  90.0% completed  (Sat May 10 15:41:36 2025)
Out-of-bound Trials:
[    3  3676  9955 23701 40707 39979]
Best Parameters: (chisq=0.0089)
[0.29864227 0.30153685 0.48230021 0.04188404 0.62108508 0.39770322]

[::::::::::] 100.0% completed  (Sat May 10 15:41:37 2025)
Out-of-bound Trials:
[    3  4120 10992 26530 45415 44626]
Best Parameters: (chisq=0.0089)
[0.29864227 0.30153685 0.48230021 0.04188404 0.62108508 0.39770322]

MCMC Summary:
-------------
  Number of evaluated samples:        200000
  Number of parallel chains:               5
  Average iterations per chain:        40000
  Burned-in iterations per chain:       2000
  Thinning factor:                         1
  MCMC sample size (thinned, burned): 190000
  Acceptance rate:   15.74%

Parameter name     best fit   median      1sigma_low   1sigma_hi        S/N
--------------- -----------  -----------------------------------  ---------
w                2.9864e-01   3.0203e-01 -3.4041e-02  3.4184e-02        8.7
b                3.0154e-01   2.5860e-01 -9.2760e-02  9.1270e-02        3.4
c                4.8230e-01   5.5938e-01 -1.5028e-01  2.1378e-01        2.8
dzeta            4.1884e-02   9.2033e-02 -6.3742e-02  7.2947e-02        0.7
B0               6.2109e-01   5.0341e-01 -3.3526e-01  3.4190e-01        2.2
h                3.9770e-01   4.7153e-01 -3.2084e-01  3.5597e-01        1.4

  Best-parameter's chi-squared:        0.0089
  Best-parameter's -2*log(posterior):  0.0089
  Bayesian Information Criterion:     13.8244
  Reduced chi-squared:                 0.0022
  Standard deviation of residuals:  0.000331082

For a detailed summary with all parameter posterior statistics see
/home/tenet/Documents/thesis/scripts/photometry/esa/data/inversion/inv-A3_A4-0.3_0.3_0.5_0_statistics.txt

Output sampler files:
  /home/tenet/Documents/thesis/scripts/photometry/esa/data/inversion/inv-A3_A4-0.3_0.3_0.5_0_statistics.txt
  /home/tenet/Documents/thesis/scripts/photometry/esa/data/inversion/inv-A3_A4-0.3_0.3_0.5_0.npz
  /home/tenet/Documents/thesis/scripts/photometry/esa/data/inversion/inv-A3_A4-0.3_0.3_0.5_0.log
