
::::::::::::::::::::::::::::::::::::::::::::::::::::::::::::::::::::::
  Multi-core Markov-chain Monte Carlo (mc3).
  Version 3.2.1.
  Copyright (c) 2015-2025 Patricio Cubillos and collaborators.
  mc3 is open-source software under the MIT license (see LICENSE).
::::::::::::::::::::::::::::::::::::::::::::::::::::::::::::::::::::::

Start MCMC chains  (Sat May 10 15:26:56 2025)

[:         ]  10.0% completed  (Sat May 10 15:26:56 2025)
Out-of-bound Trials:
[ 692 2170 3751 2647 4344 4158]
Best Parameters: (chisq=0.0166)
[0.2774189  0.24631504 0.30944353 0.03788167 0.6520289  0.14980801]

[::        ]  20.0% completed  (Sat May 10 15:26:57 2025)
Out-of-bound Trials:
[2062 4347 7826 5515 8899 9054]
Best Parameters: (chisq=0.0166)
[0.2774189  0.24631504 0.30944353 0.03788167 0.6520289  0.14980801]

[:::       ]  30.0% completed  (Sat May 10 15:26:57 2025)
Out-of-bound Trials:
[ 3514  7344 11844  8588 13484 13574]
Best Parameters: (chisq=0.0166)
[0.2774189  0.24631504 0.30944353 0.03788167 0.6520289  0.14980801]

[::::      ]  40.0% completed  (Sat May 10 15:26:58 2025)
Out-of-bound Trials:
[ 5155 10502 15979 11882 17854 18279]
Best Parameters: (chisq=0.0076)
[0.31364959 0.28098005 0.48002453 0.06157375 0.24762942 0.14515371]

[:::::     ]  50.0% completed  (Sat May 10 15:26:58 2025)
Out-of-bound Trials:
[ 6850 13971 19937 14862 22360 23044]
Best Parameters: (chisq=0.0076)
[0.31364959 0.28098005 0.48002453 0.06157375 0.24762942 0.14515371]

[::::::    ]  60.0% completed  (Sat May 10 15:26:58 2025)
Out-of-bound Trials:
[ 8447 17840 23944 17891 26584 27544]
Best Parameters: (chisq=0.0076)
[0.31364959 0.28098005 0.48002453 0.06157375 0.24762942 0.14515371]

[:::::::   ]  70.0% completed  (Sat May 10 15:26:59 2025)
Out-of-bound Trials:
[ 9894 21649 28293 21457 31014 31865]
Best Parameters: (chisq=0.0076)
[0.31364959 0.28098005 0.48002453 0.06157375 0.24762942 0.14515371]

[::::::::  ]  80.0% completed  (Sat May 10 15:26:59 2025)
Out-of-bound Trials:
[11316 25339 32417 24805 35679 35980]
Best Parameters: (chisq=0.0076)
[0.31364959 0.28098005 0.48002453 0.06157375 0.24762942 0.14515371]

[::::::::: ]  90.0% completed  (Sat May 10 15:27:00 2025)
Out-of-bound Trials:
[12828 28839 36706 28116 40237 40430]
Best Parameters: (chisq=0.0062)
[0.33163241 0.32774372 0.60215476 0.04230355 0.26630839 0.83716305]

[::::::::::] 100.0% completed  (Sat May 10 15:27:00 2025)
Out-of-bound Trials:
[14038 32121 40802 31331 44964 44744]
Best Parameters: (chisq=0.0062)
[0.33163241 0.32774372 0.60215476 0.04230355 0.26630839 0.83716305]

MCMC Summary:
-------------
  Number of evaluated samples:        200000
  Number of parallel chains:               5
  Average iterations per chain:        40000
  Burned-in iterations per chain:       2000
  Thinning factor:                         1
  MCMC sample size (thinned, burned): 190000
  Acceptance rate:   7.14%

Parameter name     best fit   median      1sigma_low   1sigma_hi        S/N
--------------- -----------  -----------------------------------  ---------
w                3.3163e-01   5.4806e-01 -2.1689e-01  2.3300e-01        1.7
b                3.2774e-01   3.7332e-01 -2.1133e-01  3.4339e-01        1.3
c                6.0215e-01   4.9423e-01 -3.3442e-01  3.1799e-01        2.2
dzeta            4.2304e-02   2.8701e-01 -1.9706e-01  2.8804e-01        0.2
B0               2.6631e-01   4.8341e-01 -3.3308e-01  3.5005e-01        0.9
h                8.3716e-01   4.9246e-01 -3.3308e-01  3.5064e-01        2.9

  Best-parameter's chi-squared:       0.0062
  Best-parameter's -2*log(posterior): 0.0062
  Bayesian Information Criterion:     9.6629
  Reduced chi-squared:                   nan
  Standard deviation of residuals:  0.000516959

For a detailed summary with all parameter posterior statistics see
/home/tenet/Documents/thesis/scripts/photometry/esa/data/inversion/inv-A1-0.3_0.3_0.5_0_statistics.txt

Output sampler files:
  /home/tenet/Documents/thesis/scripts/photometry/esa/data/inversion/inv-A1-0.3_0.3_0.5_0_statistics.txt
  /home/tenet/Documents/thesis/scripts/photometry/esa/data/inversion/inv-A1-0.3_0.3_0.5_0.npz
  /home/tenet/Documents/thesis/scripts/photometry/esa/data/inversion/inv-A1-0.3_0.3_0.5_0.log
