
::::::::::::::::::::::::::::::::::::::::::::::::::::::::::::::::::::::
  Multi-core Markov-chain Monte Carlo (mc3).
  Version 3.2.1.
  Copyright (c) 2015-2025 Patricio Cubillos and collaborators.
  mc3 is open-source software under the MIT license (see LICENSE).
::::::::::::::::::::::::::::::::::::::::::::::::::::::::::::::::::::::

Start MCMC chains  (Sat May 10 15:50:20 2025)

[:         ]  10.0% completed  (Sat May 10 15:50:21 2025)
Out-of-bound Trials:
[ 924  211 2118  152 4342 3982]
Best Parameters: (chisq=0.0750)
[0.89938691 0.29199762 0.56012058 0.64576055 0.33085984 0.54103922]

[::        ]  20.0% completed  (Sat May 10 15:50:21 2025)
Out-of-bound Trials:
[2559 2211 4878  271 8635 8514]
Best Parameters: (chisq=0.0750)
[0.89938691 0.29199762 0.56012058 0.64576055 0.33085984 0.54103922]

[:::       ]  30.0% completed  (Sat May 10 15:50:22 2025)
Out-of-bound Trials:
[ 3663  3794  7539   416 12970 12983]
Best Parameters: (chisq=0.0750)
[0.89938691 0.29199762 0.56012058 0.64576055 0.33085984 0.54103922]

[::::      ]  40.0% completed  (Sat May 10 15:50:22 2025)
Out-of-bound Trials:
[ 4802  4833  9858   584 17462 17417]
Best Parameters: (chisq=0.0750)
[0.89938691 0.29199762 0.56012058 0.64576055 0.33085984 0.54103922]

[:::::     ]  50.0% completed  (Sat May 10 15:50:23 2025)
Out-of-bound Trials:
[ 5945  5808 12498   731 22034 22025]
Best Parameters: (chisq=0.0481)
[0.90346161 0.30418964 0.51880458 0.66293693 0.48704074 0.37464335]

[::::::    ]  60.0% completed  (Sat May 10 15:50:23 2025)
Out-of-bound Trials:
[ 6905  6804 14954   854 26767 26591]
Best Parameters: (chisq=0.0481)
[0.90346161 0.30418964 0.51880458 0.66293693 0.48704074 0.37464335]

[:::::::   ]  70.0% completed  (Sat May 10 15:50:24 2025)
Out-of-bound Trials:
[ 8021  7651 17556   998 31487 31137]
Best Parameters: (chisq=0.0481)
[0.90346161 0.30418964 0.51880458 0.66293693 0.48704074 0.37464335]

[::::::::  ]  80.0% completed  (Sat May 10 15:50:24 2025)
Out-of-bound Trials:
[ 8955  8362 20053  1105 35990 35752]
Best Parameters: (chisq=0.0481)
[0.90346161 0.30418964 0.51880458 0.66293693 0.48704074 0.37464335]

[::::::::: ]  90.0% completed  (Sat May 10 15:50:25 2025)
Out-of-bound Trials:
[ 9951  9205 22678  1223 40732 40273]
Best Parameters: (chisq=0.0481)
[0.90346161 0.30418964 0.51880458 0.66293693 0.48704074 0.37464335]

[::::::::::] 100.0% completed  (Sat May 10 15:50:25 2025)
Out-of-bound Trials:
[11017 10016 25120  1349 45198 45042]
Best Parameters: (chisq=0.0481)
[0.90346161 0.30418964 0.51880458 0.66293693 0.48704074 0.37464335]

MCMC Summary:
-------------
  Number of evaluated samples:        200000
  Number of parallel chains:               5
  Average iterations per chain:        40000
  Burned-in iterations per chain:       2000
  Thinning factor:                         1
  MCMC sample size (thinned, burned): 190000
  Acceptance rate:   15.68%

Parameter name     best fit   median      1sigma_low   1sigma_hi        S/N
--------------- -----------  -----------------------------------  ---------
w                9.0346e-01   9.0628e-01 -4.4947e-02  4.6543e-02       21.4
b                3.0419e-01   2.9916e-01 -8.9101e-02  9.7855e-02        2.2
c                5.1880e-01   4.7535e-01 -2.5230e-01  2.5425e-01        2.3
dzeta            6.6294e-01   6.7368e-01 -9.6600e-02  1.0471e-01        7.2
B0               4.8704e-01   4.9463e-01 -3.2897e-01  3.4058e-01        1.7
h                3.7464e-01   4.8796e-01 -3.3146e-01  3.4718e-01        1.3

  Best-parameter's chi-squared:        0.0481
  Best-parameter's -2*log(posterior):  0.0481
  Bayesian Information Criterion:     16.2964
  Reduced chi-squared:                 0.0053
  Standard deviation of residuals:  0.00196374

For a detailed summary with all parameter posterior statistics see
/home/tenet/Documents/thesis/scripts/photometry/esa/data/inversion/inv-A1_A3_A4-0.9_0.3_0.5_30_statistics.txt

Output sampler files:
  /home/tenet/Documents/thesis/scripts/photometry/esa/data/inversion/inv-A1_A3_A4-0.9_0.3_0.5_30_statistics.txt
  /home/tenet/Documents/thesis/scripts/photometry/esa/data/inversion/inv-A1_A3_A4-0.9_0.3_0.5_30.npz
  /home/tenet/Documents/thesis/scripts/photometry/esa/data/inversion/inv-A1_A3_A4-0.9_0.3_0.5_30.log
