
::::::::::::::::::::::::::::::::::::::::::::::::::::::::::::::::::::::
  Multi-core Markov-chain Monte Carlo (mc3).
  Version 3.2.1.
  Copyright (c) 2015-2025 Patricio Cubillos and collaborators.
  mc3 is open-source software under the MIT license (see LICENSE).
::::::::::::::::::::::::::::::::::::::::::::::::::::::::::::::::::::::

Start MCMC chains  (Sat May 10 15:31:59 2025)

[:         ]  10.0% completed  (Sat May 10 15:31:59 2025)
Out-of-bound Trials:
[2523 2445 4028 3586 3891 3844]
Best Parameters: (chisq=0.0093)
[0.92231192 0.31140225 0.54873008 0.80586159 0.90597114 0.94463231]

[::        ]  20.0% completed  (Sat May 10 15:32:00 2025)
Out-of-bound Trials:
[5005 5360 8282 7365 8256 8253]
Best Parameters: (chisq=0.0057)
[0.93387471 0.31086422 0.87168417 0.73810445 0.06634321 0.19138364]

[:::       ]  30.0% completed  (Sat May 10 15:32:00 2025)
Out-of-bound Trials:
[ 7539  8374 12319 11009 12602 12841]
Best Parameters: (chisq=0.0057)
[0.93387471 0.31086422 0.87168417 0.73810445 0.06634321 0.19138364]

[::::      ]  40.0% completed  (Sat May 10 15:32:01 2025)
Out-of-bound Trials:
[10138 11331 16571 14666 17004 17444]
Best Parameters: (chisq=0.0030)
[0.8572991  0.26221117 0.91921227 0.61704619 0.96169347 0.60062293]

[:::::     ]  50.0% completed  (Sat May 10 15:32:01 2025)
Out-of-bound Trials:
[12521 14314 20785 18374 21524 22020]
Best Parameters: (chisq=0.0030)
[0.8572991  0.26221117 0.91921227 0.61704619 0.96169347 0.60062293]

[::::::    ]  60.0% completed  (Sat May 10 15:32:01 2025)
Out-of-bound Trials:
[15009 17055 25071 22159 25888 26375]
Best Parameters: (chisq=0.0030)
[0.8572991  0.26221117 0.91921227 0.61704619 0.96169347 0.60062293]

[:::::::   ]  70.0% completed  (Sat May 10 15:32:02 2025)
Out-of-bound Trials:
[17434 19943 29634 25902 30256 31102]
Best Parameters: (chisq=0.0030)
[0.8572991  0.26221117 0.91921227 0.61704619 0.96169347 0.60062293]

[::::::::  ]  80.0% completed  (Sat May 10 15:32:02 2025)
Out-of-bound Trials:
[19883 22961 33922 29356 34986 35486]
Best Parameters: (chisq=0.0030)
[0.8572991  0.26221117 0.91921227 0.61704619 0.96169347 0.60062293]

[::::::::: ]  90.0% completed  (Sat May 10 15:32:03 2025)
Out-of-bound Trials:
[22183 25681 38461 32985 39503 39993]
Best Parameters: (chisq=0.0026)
[0.8646016  0.2766077  0.90647816 0.61554902 0.81333676 0.70652834]

[::::::::::] 100.0% completed  (Sat May 10 15:32:03 2025)
Out-of-bound Trials:
[24760 28519 42630 36607 44060 44326]
Best Parameters: (chisq=0.0026)
[0.8646016  0.2766077  0.90647816 0.61554902 0.81333676 0.70652834]

MCMC Summary:
-------------
  Number of evaluated samples:        200000
  Number of parallel chains:               5
  Average iterations per chain:        40000
  Burned-in iterations per chain:       2000
  Thinning factor:                         1
  MCMC sample size (thinned, burned): 190000
  Acceptance rate:   12.19%

Parameter name     best fit   median      1sigma_low   1sigma_hi        S/N
--------------- -----------  -----------------------------------  ---------
w                8.6460e-01   9.3158e-01 -6.3085e-02  4.1362e-02       17.2
b                2.7661e-01   4.1624e-01 -2.5353e-01  2.6248e-01        1.2
c                9.0648e-01   7.2941e-01 -3.7120e-01  1.9320e-01        3.5
dzeta            6.1555e-01   6.8369e-01 -3.6133e-01  1.8543e-01        2.4
B0               8.1334e-01   5.5378e-01 -3.5767e-01  3.1255e-01        2.9
h                7.0653e-01   5.4281e-01 -3.5178e-01  3.2009e-01        2.5

  Best-parameter's chi-squared:       0.0026
  Best-parameter's -2*log(posterior): 0.0026
  Bayesian Information Criterion:     9.6592
  Reduced chi-squared:                   nan
  Standard deviation of residuals:  0.000207253

For a detailed summary with all parameter posterior statistics see
/home/tenet/Documents/thesis/scripts/photometry/esa/data/inversion/inv-A5-0.9_0.3_0.9_30_statistics.txt

Output sampler files:
  /home/tenet/Documents/thesis/scripts/photometry/esa/data/inversion/inv-A5-0.9_0.3_0.9_30_statistics.txt
  /home/tenet/Documents/thesis/scripts/photometry/esa/data/inversion/inv-A5-0.9_0.3_0.9_30.npz
  /home/tenet/Documents/thesis/scripts/photometry/esa/data/inversion/inv-A5-0.9_0.3_0.9_30.log
