
::::::::::::::::::::::::::::::::::::::::::::::::::::::::::::::::::::::
  Multi-core Markov-chain Monte Carlo (mc3).
  Version 3.2.1.
  Copyright (c) 2015-2025 Patricio Cubillos and collaborators.
  mc3 is open-source software under the MIT license (see LICENSE).
::::::::::::::::::::::::::::::::::::::::::::::::::::::::::::::::::::::

Start MCMC chains  (Sat May 10 15:56:56 2025)

[:         ]  10.0% completed  (Sat May 10 15:56:56 2025)
Out-of-bound Trials:
[ 478    8 2928  196 4131 3787]
Best Parameters: (chisq=0.0682)
[0.89958956 0.29865791 0.97023712 0.65844022 0.39311619 0.52553652]

[::        ]  20.0% completed  (Sat May 10 15:56:57 2025)
Out-of-bound Trials:
[ 887   19 6051  370 8655 8121]
Best Parameters: (chisq=0.0343)
[0.90481963 0.3062002  0.92462079 0.66675727 0.39802006 0.52757406]

[:::       ]  30.0% completed  (Sat May 10 15:56:57 2025)
Out-of-bound Trials:
[ 1326    34  9175   516 13266 12532]
Best Parameters: (chisq=0.0343)
[0.90481963 0.3062002  0.92462079 0.66675727 0.39802006 0.52757406]

[::::      ]  40.0% completed  (Sat May 10 15:56:58 2025)
Out-of-bound Trials:
[ 1764    49 12169   717 17883 17141]
Best Parameters: (chisq=0.0176)
[0.89432179 0.29897997 0.87034896 0.67724404 0.56150494 0.75679422]

[:::::     ]  50.0% completed  (Sat May 10 15:56:58 2025)
Out-of-bound Trials:
[ 2246    66 15133   941 22512 21430]
Best Parameters: (chisq=0.0176)
[0.89432179 0.29897997 0.87034896 0.67724404 0.56150494 0.75679422]

[::::::    ]  60.0% completed  (Sat May 10 15:56:59 2025)
Out-of-bound Trials:
[ 2696    82 18226  1154 26898 25958]
Best Parameters: (chisq=0.0176)
[0.89432179 0.29897997 0.87034896 0.67724404 0.56150494 0.75679422]

[:::::::   ]  70.0% completed  (Sat May 10 15:56:59 2025)
Out-of-bound Trials:
[ 3040    95 21152  1339 31406 30304]
Best Parameters: (chisq=0.0176)
[0.89432179 0.29897997 0.87034896 0.67724404 0.56150494 0.75679422]

[::::::::  ]  80.0% completed  (Sat May 10 15:57:00 2025)
Out-of-bound Trials:
[ 3451   109 24127  1542 35826 34726]
Best Parameters: (chisq=0.0176)
[0.89432179 0.29897997 0.87034896 0.67724404 0.56150494 0.75679422]

[::::::::: ]  90.0% completed  (Sat May 10 15:57:00 2025)
Out-of-bound Trials:
[ 3915   119 27281  1756 40361 38991]
Best Parameters: (chisq=0.0176)
[0.89432179 0.29897997 0.87034896 0.67724404 0.56150494 0.75679422]

[::::::::::] 100.0% completed  (Sat May 10 15:57:01 2025)
Out-of-bound Trials:
[ 4375   139 30162  1977 44966 43210]
Best Parameters: (chisq=0.0126)
[0.90707278 0.31583681 0.89213039 0.67243015 0.389716   0.54017692]

MCMC Summary:
-------------
  Number of evaluated samples:        200000
  Number of parallel chains:               5
  Average iterations per chain:        40000
  Burned-in iterations per chain:       2000
  Thinning factor:                         1
  MCMC sample size (thinned, burned): 190000
  Acceptance rate:   17.85%

Parameter name     best fit   median      1sigma_low   1sigma_hi        S/N
--------------- -----------  -----------------------------------  ---------
w                9.0707e-01   9.1061e-01 -3.3880e-02  3.1193e-02       28.4
b                3.1584e-01   3.2611e-01 -5.9138e-02  5.9536e-02        5.3
c                8.9213e-01   8.1975e-01 -1.7899e-01  1.2566e-01        6.2
dzeta            6.7243e-01   6.8513e-01 -1.0431e-01  9.4605e-02        6.9
B0               3.8972e-01   5.5799e-01 -3.5131e-01  3.1140e-01        1.4
h                5.4018e-01   5.5070e-01 -3.4259e-01  3.1042e-01        1.9

  Best-parameter's chi-squared:        0.0126
  Best-parameter's -2*log(posterior):  0.0126
  Bayesian Information Criterion:     16.2609
  Reduced chi-squared:                 0.0014
  Standard deviation of residuals:  0.00191845

For a detailed summary with all parameter posterior statistics see
/home/tenet/Documents/thesis/scripts/photometry/esa/data/inversion/inv-A2_A4_A5-0.9_0.3_0.9_30_statistics.txt

Output sampler files:
  /home/tenet/Documents/thesis/scripts/photometry/esa/data/inversion/inv-A2_A4_A5-0.9_0.3_0.9_30_statistics.txt
  /home/tenet/Documents/thesis/scripts/photometry/esa/data/inversion/inv-A2_A4_A5-0.9_0.3_0.9_30.npz
  /home/tenet/Documents/thesis/scripts/photometry/esa/data/inversion/inv-A2_A4_A5-0.9_0.3_0.9_30.log
