
::::::::::::::::::::::::::::::::::::::::::::::::::::::::::::::::::::::
  Multi-core Markov-chain Monte Carlo (mc3).
  Version 3.2.1.
  Copyright (c) 2015-2025 Patricio Cubillos and collaborators.
  mc3 is open-source software under the MIT license (see LICENSE).
::::::::::::::::::::::::::::::::::::::::::::::::::::::::::::::::::::::

Start MCMC chains  (Sat May 10 15:38:07 2025)

[:         ]  10.0% completed  (Sat May 10 15:38:08 2025)
Out-of-bound Trials:
[ 218   11 2904 2582 3540 3230]
Best Parameters: (chisq=0.0320)
[0.89839868 0.29875885 0.89564499 0.05990042 0.49787979 0.52094055]

[::        ]  20.0% completed  (Sat May 10 15:38:08 2025)
Out-of-bound Trials:
[ 392   20 6066 5318 7604 7259]
Best Parameters: (chisq=0.0320)
[0.89839868 0.29875885 0.89564499 0.05990042 0.49787979 0.52094055]

[:::       ]  30.0% completed  (Sat May 10 15:38:08 2025)
Out-of-bound Trials:
[  545    26  9100  8082 11556 11001]
Best Parameters: (chisq=0.0320)
[0.89839868 0.29875885 0.89564499 0.05990042 0.49787979 0.52094055]

[::::      ]  40.0% completed  (Sat May 10 15:38:09 2025)
Out-of-bound Trials:
[  699    39 12062 10908 15501 14811]
Best Parameters: (chisq=0.0255)
[0.90074977 0.30639369 0.92119727 0.04526019 0.38584151 0.76965423]

[:::::     ]  50.0% completed  (Sat May 10 15:38:09 2025)
Out-of-bound Trials:
[  892    46 14920 13626 19575 18813]
Best Parameters: (chisq=0.0255)
[0.90074977 0.30639369 0.92119727 0.04526019 0.38584151 0.76965423]

[::::::    ]  60.0% completed  (Sat May 10 15:38:10 2025)
Out-of-bound Trials:
[ 1025    53 17924 16311 23664 22671]
Best Parameters: (chisq=0.0205)
[0.89321463 0.28254628 0.90889064 0.09601551 0.61190674 0.49731445]

[:::::::   ]  70.0% completed  (Sat May 10 15:38:10 2025)
Out-of-bound Trials:
[ 1198    68 21064 18869 27694 26732]
Best Parameters: (chisq=0.0205)
[0.89321463 0.28254628 0.90889064 0.09601551 0.61190674 0.49731445]

[::::::::  ]  80.0% completed  (Sat May 10 15:38:11 2025)
Out-of-bound Trials:
[ 1330    78 23852 21539 31744 30719]
Best Parameters: (chisq=0.0205)
[0.89321463 0.28254628 0.90889064 0.09601551 0.61190674 0.49731445]

[::::::::: ]  90.0% completed  (Sat May 10 15:38:11 2025)
Out-of-bound Trials:
[ 1474    88 26657 24104 35976 34807]
Best Parameters: (chisq=0.0205)
[0.89321463 0.28254628 0.90889064 0.09601551 0.61190674 0.49731445]

[::::::::::] 100.0% completed  (Sat May 10 15:38:12 2025)
Out-of-bound Trials:
[ 1640    98 29631 26978 39938 38658]
Best Parameters: (chisq=0.0196)
[0.89592184 0.30697537 0.85480192 0.01170296 0.5241421  0.64035866]

MCMC Summary:
-------------
  Number of evaluated samples:        200000
  Number of parallel chains:               5
  Average iterations per chain:        40000
  Burned-in iterations per chain:       2000
  Thinning factor:                         1
  MCMC sample size (thinned, burned): 190000
  Acceptance rate:   18.70%

Parameter name     best fit   median      1sigma_low   1sigma_hi        S/N
--------------- -----------  -----------------------------------  ---------
w                8.9592e-01   9.0652e-01 -3.1935e-02  2.6544e-02       31.5
b                3.0698e-01   3.1254e-01 -5.1326e-02  5.2268e-02        6.0
c                8.5480e-01   8.3472e-01 -1.5464e-01  1.1306e-01        6.8
dzeta            1.1703e-02   8.6517e-02 -5.9153e-02  6.6108e-02        0.2
B0               5.2414e-01   6.4678e-01 -3.4053e-01  2.4486e-01        2.0
h                6.4036e-01   6.0508e-01 -3.2698e-01  2.7450e-01        2.4

  Best-parameter's chi-squared:        0.0196
  Best-parameter's -2*log(posterior):  0.0196
  Bayesian Information Criterion:     13.8351
  Reduced chi-squared:                 0.0049
  Standard deviation of residuals:  0.00244249

For a detailed summary with all parameter posterior statistics see
/home/tenet/Documents/thesis/scripts/photometry/esa/data/inversion/inv-A2_A3-0.9_0.3_0.9_0_statistics.txt

Output sampler files:
  /home/tenet/Documents/thesis/scripts/photometry/esa/data/inversion/inv-A2_A3-0.9_0.3_0.9_0_statistics.txt
  /home/tenet/Documents/thesis/scripts/photometry/esa/data/inversion/inv-A2_A3-0.9_0.3_0.9_0.npz
  /home/tenet/Documents/thesis/scripts/photometry/esa/data/inversion/inv-A2_A3-0.9_0.3_0.9_0.log
