
::::::::::::::::::::::::::::::::::::::::::::::::::::::::::::::::::::::
  Multi-core Markov-chain Monte Carlo (mc3).
  Version 3.2.1.
  Copyright (c) 2015-2025 Patricio Cubillos and collaborators.
  mc3 is open-source software under the MIT license (see LICENSE).
::::::::::::::::::::::::::::::::::::::::::::::::::::::::::::::::::::::

Start MCMC chains  (Sat May 10 15:38:57 2025)

[:         ]  10.0% completed  (Sat May 10 15:38:58 2025)
Out-of-bound Trials:
[   1  131  914 2318 3758 4178]
Best Parameters: (chisq=0.0292)
[0.28132486 0.27783169 0.4974983  0.1022507  0.74450472 0.48802283]

[::        ]  20.0% completed  (Sat May 10 15:38:58 2025)
Out-of-bound Trials:
[   2  248 2098 4812 7939 8695]
Best Parameters: (chisq=0.0286)
[0.28884695 0.30448219 0.50246488 0.07870315 0.50348633 0.81608946]

[:::       ]  30.0% completed  (Sat May 10 15:38:59 2025)
Out-of-bound Trials:
[    2   394  3220  7462 12232 13154]
Best Parameters: (chisq=0.0286)
[0.28884695 0.30448219 0.50246488 0.07870315 0.50348633 0.81608946]

[::::      ]  40.0% completed  (Sat May 10 15:38:59 2025)
Out-of-bound Trials:
[    3   574  4463  9926 16651 17734]
Best Parameters: (chisq=0.0286)
[0.28884695 0.30448219 0.50246488 0.07870315 0.50348633 0.81608946]

[:::::     ]  50.0% completed  (Sat May 10 15:39:00 2025)
Out-of-bound Trials:
[    3   683  5646 12237 21077 22090]
Best Parameters: (chisq=0.0286)
[0.28884695 0.30448219 0.50246488 0.07870315 0.50348633 0.81608946]

[::::::    ]  60.0% completed  (Sat May 10 15:39:00 2025)
Out-of-bound Trials:
[    4   867  6914 14884 25711 26443]
Best Parameters: (chisq=0.0286)
[0.28884695 0.30448219 0.50246488 0.07870315 0.50348633 0.81608946]

[:::::::   ]  70.0% completed  (Sat May 10 15:39:01 2025)
Out-of-bound Trials:
[    4   999  8101 17452 30035 30861]
Best Parameters: (chisq=0.0286)
[0.28884695 0.30448219 0.50246488 0.07870315 0.50348633 0.81608946]

[::::::::  ]  80.0% completed  (Sat May 10 15:39:01 2025)
Out-of-bound Trials:
[    4  1122  9287 20149 34496 35416]
Best Parameters: (chisq=0.0249)
[0.31967988 0.30327099 0.5251458  0.03275937 0.36518089 0.26360309]

[::::::::: ]  90.0% completed  (Sat May 10 15:39:02 2025)
Out-of-bound Trials:
[    4  1249 10381 22635 38992 40155]
Best Parameters: (chisq=0.0249)
[0.31967988 0.30327099 0.5251458  0.03275937 0.36518089 0.26360309]

[::::::::::] 100.0% completed  (Sat May 10 15:39:02 2025)
Out-of-bound Trials:
[    4  1357 11379 25403 43578 44644]
Best Parameters: (chisq=0.0220)
[0.28892034 0.29563547 0.48658205 0.07268537 0.62653223 0.57948573]

MCMC Summary:
-------------
  Number of evaluated samples:        200000
  Number of parallel chains:               5
  Average iterations per chain:        40000
  Burned-in iterations per chain:       2000
  Thinning factor:                         1
  MCMC sample size (thinned, burned): 190000
  Acceptance rate:   15.22%

Parameter name     best fit   median      1sigma_low   1sigma_hi        S/N
--------------- -----------  -----------------------------------  ---------
w                2.8892e-01   2.9983e-01 -3.2341e-02  3.3014e-02        9.1
b                2.9564e-01   2.6119e-01 -7.5070e-02  6.9554e-02        4.2
c                4.8658e-01   5.9952e-01 -1.4967e-01  2.0041e-01        3.0
dzeta            7.2685e-02   1.0296e-01 -7.0086e-02  7.0839e-02        1.1
B0               6.2653e-01   5.3299e-01 -3.4655e-01  3.1475e-01        2.2
h                5.7949e-01   4.7154e-01 -3.1059e-01  3.5410e-01        2.0

  Best-parameter's chi-squared:        0.0220
  Best-parameter's -2*log(posterior):  0.0220
  Bayesian Information Criterion:     13.8375
  Reduced chi-squared:                 0.0055
  Standard deviation of residuals:  0.000810154

For a detailed summary with all parameter posterior statistics see
/home/tenet/Documents/thesis/scripts/photometry/esa/data/inversion/inv-A2_A4-0.3_0.3_0.5_0_statistics.txt

Output sampler files:
  /home/tenet/Documents/thesis/scripts/photometry/esa/data/inversion/inv-A2_A4-0.3_0.3_0.5_0_statistics.txt
  /home/tenet/Documents/thesis/scripts/photometry/esa/data/inversion/inv-A2_A4-0.3_0.3_0.5_0.npz
  /home/tenet/Documents/thesis/scripts/photometry/esa/data/inversion/inv-A2_A4-0.3_0.3_0.5_0.log
