
::::::::::::::::::::::::::::::::::::::::::::::::::::::::::::::::::::::
  Multi-core Markov-chain Monte Carlo (mc3).
  Version 3.2.1.
  Copyright (c) 2015-2025 Patricio Cubillos and collaborators.
  mc3 is open-source software under the MIT license (see LICENSE).
::::::::::::::::::::::::::::::::::::::::::::::::::::::::::::::::::::::

Start MCMC chains  (Sat May 10 16:04:40 2025)

[:         ]  10.0% completed  (Sat May 10 16:04:41 2025)
Out-of-bound Trials:
[  37 1587 2510   60 4299 4699]
Best Parameters: (chisq=0.0371)
[0.90150715 0.89448919 0.10858964 0.6679182  0.51267863 0.13792199]

[::        ]  20.0% completed  (Sat May 10 16:04:41 2025)
Out-of-bound Trials:
[  44 3586 5734  116 8891 9498]
Best Parameters: (chisq=0.0371)
[0.90150715 0.89448919 0.10858964 0.6679182  0.51267863 0.13792199]

[:::       ]  30.0% completed  (Sat May 10 16:04:42 2025)
Out-of-bound Trials:
[   46  5217  9017   172 13503 14214]
Best Parameters: (chisq=0.0371)
[0.90150715 0.89448919 0.10858964 0.6679182  0.51267863 0.13792199]

[::::      ]  40.0% completed  (Sat May 10 16:04:42 2025)
Out-of-bound Trials:
[   51  7093 12499   246 17984 19019]
Best Parameters: (chisq=0.0371)
[0.90150715 0.89448919 0.10858964 0.6679182  0.51267863 0.13792199]

[:::::     ]  50.0% completed  (Sat May 10 16:04:43 2025)
Out-of-bound Trials:
[   59  8858 16022   319 22736 23760]
Best Parameters: (chisq=0.0234)
[0.90145273 0.89631919 0.0955129  0.67033702 0.36343006 0.33902992]

[::::::    ]  60.0% completed  (Sat May 10 16:04:43 2025)
Out-of-bound Trials:
[   63 10917 19455   381 27351 28555]
Best Parameters: (chisq=0.0234)
[0.90145273 0.89631919 0.0955129  0.67033702 0.36343006 0.33902992]

[:::::::   ]  70.0% completed  (Sat May 10 16:04:44 2025)
Out-of-bound Trials:
[   67 12842 22960   445 32158 33507]
Best Parameters: (chisq=0.0234)
[0.90145273 0.89631919 0.0955129  0.67033702 0.36343006 0.33902992]

[::::::::  ]  80.0% completed  (Sat May 10 16:04:45 2025)
Out-of-bound Trials:
[   74 14621 26419   519 36747 38115]
Best Parameters: (chisq=0.0234)
[0.90145273 0.89631919 0.0955129  0.67033702 0.36343006 0.33902992]

[::::::::: ]  90.0% completed  (Sat May 10 16:04:45 2025)
Out-of-bound Trials:
[   79 16376 30070   605 41220 43113]
Best Parameters: (chisq=0.0234)
[0.90145273 0.89631919 0.0955129  0.67033702 0.36343006 0.33902992]

[::::::::::] 100.0% completed  (Sat May 10 16:04:46 2025)
Out-of-bound Trials:
[   83 18206 33498   677 45799 47869]
Best Parameters: (chisq=0.0234)
[0.90145273 0.89631919 0.0955129  0.67033702 0.36343006 0.33902992]

MCMC Summary:
-------------
  Number of evaluated samples:        200000
  Number of parallel chains:               5
  Average iterations per chain:        40000
  Burned-in iterations per chain:       2000
  Thinning factor:                         1
  MCMC sample size (thinned, burned): 190000
  Acceptance rate:   16.87%

Parameter name     best fit   median      1sigma_low   1sigma_hi        S/N
--------------- -----------  -----------------------------------  ---------
w                9.0145e-01   8.9632e-01 -1.1552e-02  1.1969e-02       77.9
b                8.9632e-01   9.1406e-01 -5.7258e-02  4.4572e-02       17.1
c                9.5513e-02   1.3977e-01 -8.8313e-02  1.8031e-01        0.5
dzeta            6.7034e-01   6.3677e-01 -8.1096e-02  9.1819e-02        8.1
B0               3.6343e-01   4.3611e-01 -3.0179e-01  3.6603e-01        1.3
h                3.3903e-01   4.7815e-01 -3.4016e-01  3.5710e-01        1.2

  Best-parameter's chi-squared:        0.0234
  Best-parameter's -2*log(posterior):  0.0234
  Bayesian Information Criterion:     17.9978
  Reduced chi-squared:                 0.0017
  Standard deviation of residuals:  0.000740174

For a detailed summary with all parameter posterior statistics see
/home/tenet/Documents/thesis/scripts/photometry/esa/data/inversion/inv-A1_A3_A4_A5-0.9_0.9_0.1_30_statistics.txt

Output sampler files:
  /home/tenet/Documents/thesis/scripts/photometry/esa/data/inversion/inv-A1_A3_A4_A5-0.9_0.9_0.1_30_statistics.txt
  /home/tenet/Documents/thesis/scripts/photometry/esa/data/inversion/inv-A1_A3_A4_A5-0.9_0.9_0.1_30.npz
  /home/tenet/Documents/thesis/scripts/photometry/esa/data/inversion/inv-A1_A3_A4_A5-0.9_0.9_0.1_30.log
