
::::::::::::::::::::::::::::::::::::::::::::::::::::::::::::::::::::::
  Multi-core Markov-chain Monte Carlo (mc3).
  Version 3.2.1.
  Copyright (c) 2015-2025 Patricio Cubillos and collaborators.
  mc3 is open-source software under the MIT license (see LICENSE).
::::::::::::::::::::::::::::::::::::::::::::::::::::::::::::::::::::::

Start MCMC chains  (Sat May 10 16:02:20 2025)

[:         ]  10.0% completed  (Sat May 10 16:02:21 2025)
Out-of-bound Trials:
[   8  112   33 2283 4106 4428]
Best Parameters: (chisq=0.0713)
[0.30194297 0.89682582 0.10773805 0.02376644 0.32899832 0.50987432]

[::        ]  20.0% completed  (Sat May 10 16:02:21 2025)
Out-of-bound Trials:
[  18  151   53 4778 8665 9277]
Best Parameters: (chisq=0.0564)
[0.29425494 0.89597502 0.094515   0.04245317 0.6925634  0.29381473]

[:::       ]  30.0% completed  (Sat May 10 16:02:22 2025)
Out-of-bound Trials:
[   28   206    82  7474 13143 14117]
Best Parameters: (chisq=0.0564)
[0.29425494 0.89597502 0.094515   0.04245317 0.6925634  0.29381473]

[::::      ]  40.0% completed  (Sat May 10 16:02:23 2025)
Out-of-bound Trials:
[   33   267   117 10107 17536 18991]
Best Parameters: (chisq=0.0564)
[0.29425494 0.89597502 0.094515   0.04245317 0.6925634  0.29381473]

[:::::     ]  50.0% completed  (Sat May 10 16:02:23 2025)
Out-of-bound Trials:
[   41   339   146 12959 21958 23768]
Best Parameters: (chisq=0.0363)
[0.3034732  0.90403025 0.09470362 0.08837847 0.58270216 0.55285194]

[::::::    ]  60.0% completed  (Sat May 10 16:02:24 2025)
Out-of-bound Trials:
[   44   385   168 15905 26516 28762]
Best Parameters: (chisq=0.0363)
[0.3034732  0.90403025 0.09470362 0.08837847 0.58270216 0.55285194]

[:::::::   ]  70.0% completed  (Sat May 10 16:02:24 2025)
Out-of-bound Trials:
[   49   433   193 18606 31089 33598]
Best Parameters: (chisq=0.0272)
[0.30206461 0.89352982 0.11243858 0.09204297 0.44567528 0.1024054 ]

[::::::::  ]  80.0% completed  (Sat May 10 16:02:25 2025)
Out-of-bound Trials:
[   62   489   216 21097 35565 38419]
Best Parameters: (chisq=0.0173)
[0.30249698 0.90018464 0.09793846 0.01719632 0.53086603 0.41815115]

[::::::::: ]  90.0% completed  (Sat May 10 16:02:25 2025)
Out-of-bound Trials:
[   72   550   238 24152 40051 43258]
Best Parameters: (chisq=0.0036)
[0.30148447 0.89753986 0.10302093 0.04314402 0.49594677 0.26788862]

[::::::::::] 100.0% completed  (Sat May 10 16:02:26 2025)
Out-of-bound Trials:
[   83   609   260 26703 44572 48046]
Best Parameters: (chisq=0.0036)
[0.30148447 0.89753986 0.10302093 0.04314402 0.49594677 0.26788862]

MCMC Summary:
-------------
  Number of evaluated samples:        200000
  Number of parallel chains:               5
  Average iterations per chain:        40000
  Burned-in iterations per chain:       2000
  Thinning factor:                         1
  MCMC sample size (thinned, burned): 190000
  Acceptance rate:   16.89%

Parameter name     best fit   median      1sigma_low   1sigma_hi        S/N
--------------- -----------  -----------------------------------  ---------
w                3.0148e-01   2.9902e-01 -3.0268e-02  2.9397e-02       10.2
b                8.9754e-01   8.9215e-01 -2.1799e-02  2.0215e-02       42.3
c                1.0302e-01   1.0518e-01 -1.8326e-02  2.1273e-02        5.5
dzeta            4.3144e-02   1.0949e-01 -7.4814e-02  8.9134e-02        0.6
B0               4.9595e-01   4.9544e-01 -3.2393e-01  3.3602e-01        1.8
h                2.6789e-01   4.8656e-01 -3.4513e-01  3.5161e-01        0.9

  Best-parameter's chi-squared:        0.0036
  Best-parameter's -2*log(posterior):  0.0036
  Bayesian Information Criterion:     17.9780
  Reduced chi-squared:                 0.0003
  Standard deviation of residuals:  0.000495296

For a detailed summary with all parameter posterior statistics see
/home/tenet/Documents/thesis/scripts/photometry/esa/data/inversion/inv-A1_A2_A4_A5-0.3_0.9_0.1_0_statistics.txt

Output sampler files:
  /home/tenet/Documents/thesis/scripts/photometry/esa/data/inversion/inv-A1_A2_A4_A5-0.3_0.9_0.1_0_statistics.txt
  /home/tenet/Documents/thesis/scripts/photometry/esa/data/inversion/inv-A1_A2_A4_A5-0.3_0.9_0.1_0.npz
  /home/tenet/Documents/thesis/scripts/photometry/esa/data/inversion/inv-A1_A2_A4_A5-0.3_0.9_0.1_0.log
