
::::::::::::::::::::::::::::::::::::::::::::::::::::::::::::::::::::::
  Multi-core Markov-chain Monte Carlo (mc3).
  Version 3.2.1.
  Copyright (c) 2015-2025 Patricio Cubillos and collaborators.
  mc3 is open-source software under the MIT license (see LICENSE).
::::::::::::::::::::::::::::::::::::::::::::::::::::::::::::::::::::::

Start MCMC chains  (Sat May 10 15:47:35 2025)

[:         ]  10.0% completed  (Sat May 10 15:47:35 2025)
Out-of-bound Trials:
[ 994  372 1771   98 3989 4146]
Best Parameters: (chisq=0.0929)
[0.89458604 0.29240165 0.57034458 0.64027716 0.36613327 0.44167374]

[::        ]  20.0% completed  (Sat May 10 15:47:36 2025)
Out-of-bound Trials:
[1823  735 3429  174 8337 8773]
Best Parameters: (chisq=0.0314)
[0.90232045 0.30480063 0.48621772 0.67582334 0.4470703  0.72555856]

[:::       ]  30.0% completed  (Sat May 10 15:47:37 2025)
Out-of-bound Trials:
[ 2564  1157  5002   241 12792 13309]
Best Parameters: (chisq=0.0314)
[0.90232045 0.30480063 0.48621772 0.67582334 0.4470703  0.72555856]

[::::      ]  40.0% completed  (Sat May 10 15:47:37 2025)
Out-of-bound Trials:
[ 3349  1548  6535   309 17248 17848]
Best Parameters: (chisq=0.0314)
[0.90232045 0.30480063 0.48621772 0.67582334 0.4470703  0.72555856]

[:::::     ]  50.0% completed  (Sat May 10 15:47:38 2025)
Out-of-bound Trials:
[ 4101  1849  8146   371 21682 22378]
Best Parameters: (chisq=0.0314)
[0.90232045 0.30480063 0.48621772 0.67582334 0.4470703  0.72555856]

[::::::    ]  60.0% completed  (Sat May 10 15:47:38 2025)
Out-of-bound Trials:
[ 4931  2103  9637   450 26071 27065]
Best Parameters: (chisq=0.0314)
[0.90232045 0.30480063 0.48621772 0.67582334 0.4470703  0.72555856]

[:::::::   ]  70.0% completed  (Sat May 10 15:47:39 2025)
Out-of-bound Trials:
[ 5640  2591 11297   511 30587 31463]
Best Parameters: (chisq=0.0314)
[0.90232045 0.30480063 0.48621772 0.67582334 0.4470703  0.72555856]

[::::::::  ]  80.0% completed  (Sat May 10 15:47:39 2025)
Out-of-bound Trials:
[ 6235  2905 12995   574 35010 36129]
Best Parameters: (chisq=0.0314)
[0.90232045 0.30480063 0.48621772 0.67582334 0.4470703  0.72555856]

[::::::::: ]  90.0% completed  (Sat May 10 15:47:40 2025)
Out-of-bound Trials:
[ 6873  3217 14617   626 39466 40809]
Best Parameters: (chisq=0.0314)
[0.90232045 0.30480063 0.48621772 0.67582334 0.4470703  0.72555856]

[::::::::::] 100.0% completed  (Sat May 10 15:47:40 2025)
Out-of-bound Trials:
[ 7513  3545 16298   685 43679 45053]
Best Parameters: (chisq=0.0314)
[0.90232045 0.30480063 0.48621772 0.67582334 0.4470703  0.72555856]

MCMC Summary:
-------------
  Number of evaluated samples:        200000
  Number of parallel chains:               5
  Average iterations per chain:        40000
  Burned-in iterations per chain:       2000
  Thinning factor:                         1
  MCMC sample size (thinned, burned): 190000
  Acceptance rate:   16.46%

Parameter name     best fit   median      1sigma_low   1sigma_hi        S/N
--------------- -----------  -----------------------------------  ---------
w                9.0232e-01   8.9856e-01 -3.9366e-02  4.1658e-02       22.9
b                3.0480e-01   2.8083e-01 -8.7841e-02  8.8439e-02        3.4
c                4.8622e-01   5.3776e-01 -2.0419e-01  2.1460e-01        2.4
dzeta            6.7582e-01   6.5583e-01 -7.4169e-02  9.4777e-02        8.3
B0               4.4707e-01   5.3038e-01 -3.3868e-01  3.1862e-01        1.6
h                7.2556e-01   4.9416e-01 -3.3425e-01  3.4591e-01        2.5

  Best-parameter's chi-squared:        0.0314
  Best-parameter's -2*log(posterior):  0.0314
  Bayesian Information Criterion:     16.2797
  Reduced chi-squared:                 0.0035
  Standard deviation of residuals:  0.00420197

For a detailed summary with all parameter posterior statistics see
/home/tenet/Documents/thesis/scripts/photometry/esa/data/inversion/inv-A1_A2_A4-0.9_0.3_0.5_30_statistics.txt

Output sampler files:
  /home/tenet/Documents/thesis/scripts/photometry/esa/data/inversion/inv-A1_A2_A4-0.9_0.3_0.5_30_statistics.txt
  /home/tenet/Documents/thesis/scripts/photometry/esa/data/inversion/inv-A1_A2_A4-0.9_0.3_0.5_30.npz
  /home/tenet/Documents/thesis/scripts/photometry/esa/data/inversion/inv-A1_A2_A4-0.9_0.3_0.5_30.log
