
::::::::::::::::::::::::::::::::::::::::::::::::::::::::::::::::::::::
  Multi-core Markov-chain Monte Carlo (mc3).
  Version 3.2.1.
  Copyright (c) 2015-2025 Patricio Cubillos and collaborators.
  mc3 is open-source software under the MIT license (see LICENSE).
::::::::::::::::::::::::::::::::::::::::::::::::::::::::::::::::::::::

Start MCMC chains  (Sat May 10 15:28:23 2025)

[:         ]  10.0% completed  (Sat May 10 15:28:24 2025)
Out-of-bound Trials:
[ 151  432  311 3763 4232 3974]
Best Parameters: (chisq=0.0070)
[0.33420575 0.89079887 0.10964189 0.8795388  0.34743223 0.22124367]

[::        ]  20.0% completed  (Sat May 10 15:28:24 2025)
Out-of-bound Trials:
[ 298 1125  629 8237 8912 8596]
Best Parameters: (chisq=0.0070)
[0.33420575 0.89079887 0.10964189 0.8795388  0.34743223 0.22124367]

[:::       ]  30.0% completed  (Sat May 10 15:28:25 2025)
Out-of-bound Trials:
[  433  1870   987 12813 13658 13218]
Best Parameters: (chisq=0.0070)
[0.33420575 0.89079887 0.10964189 0.8795388  0.34743223 0.22124367]

[::::      ]  40.0% completed  (Sat May 10 15:28:25 2025)
Out-of-bound Trials:
[  704  3296  1423 17458 18482 17926]
Best Parameters: (chisq=0.0070)
[0.33420575 0.89079887 0.10964189 0.8795388  0.34743223 0.22124367]

[:::::     ]  50.0% completed  (Sat May 10 15:28:25 2025)
Out-of-bound Trials:
[  927  5672  2195 21867 23249 22445]
Best Parameters: (chisq=0.0070)
[0.33420575 0.89079887 0.10964189 0.8795388  0.34743223 0.22124367]

[::::::    ]  60.0% completed  (Sat May 10 15:28:26 2025)
Out-of-bound Trials:
[ 1263  7698  3205 26446 27641 26996]
Best Parameters: (chisq=0.0070)
[0.33420575 0.89079887 0.10964189 0.8795388  0.34743223 0.22124367]

[:::::::   ]  70.0% completed  (Sat May 10 15:28:26 2025)
Out-of-bound Trials:
[ 1473  8980  4509 31245 32304 31829]
Best Parameters: (chisq=0.0070)
[0.33420575 0.89079887 0.10964189 0.8795388  0.34743223 0.22124367]

[::::::::  ]  80.0% completed  (Sat May 10 15:28:27 2025)
Out-of-bound Trials:
[ 1669 10452  5764 36046 36887 36692]
Best Parameters: (chisq=0.0070)
[0.33420575 0.89079887 0.10964189 0.8795388  0.34743223 0.22124367]

[::::::::: ]  90.0% completed  (Sat May 10 15:28:27 2025)
Out-of-bound Trials:
[ 2123 11768  6912 40570 41449 41320]
Best Parameters: (chisq=0.0070)
[0.33420575 0.89079887 0.10964189 0.8795388  0.34743223 0.22124367]

[::::::::::] 100.0% completed  (Sat May 10 15:28:28 2025)
Out-of-bound Trials:
[ 2356 14091  7947 45001 45825 45745]
Best Parameters: (chisq=0.0070)
[0.33420575 0.89079887 0.10964189 0.8795388  0.34743223 0.22124367]

MCMC Summary:
-------------
  Number of evaluated samples:        200000
  Number of parallel chains:               5
  Average iterations per chain:        40000
  Burned-in iterations per chain:       2000
  Thinning factor:                         1
  MCMC sample size (thinned, burned): 190000
  Acceptance rate:   9.83%

Parameter name     best fit   median      1sigma_low   1sigma_hi        S/N
--------------- -----------  -----------------------------------  ---------
w                3.3421e-01   2.7051e-01 -9.0465e-02  7.3134e-02        4.2
b                8.9080e-01   9.1184e-01 -4.3173e-02  5.3200e-02       20.8
c                1.0964e-01   1.5115e-01 -4.8945e-02  1.1470e-01        1.1
dzeta            8.7954e-01   5.0697e-01 -3.4597e-01  3.3507e-01        3.0
B0               3.4743e-01   4.1285e-01 -2.8932e-01  3.9075e-01        1.2
h                2.2124e-01   4.9133e-01 -3.4613e-01  3.4253e-01        0.8

  Best-parameter's chi-squared:       0.0070
  Best-parameter's -2*log(posterior): 0.0070
  Bayesian Information Criterion:     9.6637
  Reduced chi-squared:                   nan
  Standard deviation of residuals:  0.00111786

For a detailed summary with all parameter posterior statistics see
/home/tenet/Documents/thesis/scripts/photometry/esa/data/inversion/inv-A2-0.3_0.9_0.1_30_statistics.txt

Output sampler files:
  /home/tenet/Documents/thesis/scripts/photometry/esa/data/inversion/inv-A2-0.3_0.9_0.1_30_statistics.txt
  /home/tenet/Documents/thesis/scripts/photometry/esa/data/inversion/inv-A2-0.3_0.9_0.1_30.npz
  /home/tenet/Documents/thesis/scripts/photometry/esa/data/inversion/inv-A2-0.3_0.9_0.1_30.log
