
::::::::::::::::::::::::::::::::::::::::::::::::::::::::::::::::::::::
  Multi-core Markov-chain Monte Carlo (mc3).
  Version 3.2.1.
  Copyright (c) 2015-2025 Patricio Cubillos and collaborators.
  mc3 is open-source software under the MIT license (see LICENSE).
::::::::::::::::::::::::::::::::::::::::::::::::::::::::::::::::::::::

Start MCMC chains  (Sat May 10 15:47:21 2025)

[:         ]  10.0% completed  (Sat May 10 15:47:21 2025)
Out-of-bound Trials:
[1031   15 2885  165 4245 3879]
Best Parameters: (chisq=0.0544)
[0.89932785 0.29221421 0.90291026 0.67321554 0.52812155 0.58710851]

[::        ]  20.0% completed  (Sat May 10 15:47:22 2025)
Out-of-bound Trials:
[1819   42 5901  269 8841 7946]
Best Parameters: (chisq=0.0544)
[0.89932785 0.29221421 0.90291026 0.67321554 0.52812155 0.58710851]

[:::       ]  30.0% completed  (Sat May 10 15:47:22 2025)
Out-of-bound Trials:
[ 2600    61  8908   375 13458 12346]
Best Parameters: (chisq=0.0358)
[0.89512103 0.29481859 0.87649374 0.67952651 0.54353434 0.87372685]

[::::      ]  40.0% completed  (Sat May 10 15:47:23 2025)
Out-of-bound Trials:
[ 3447    74 11719   486 17831 16574]
Best Parameters: (chisq=0.0358)
[0.89512103 0.29481859 0.87649374 0.67952651 0.54353434 0.87372685]

[:::::     ]  50.0% completed  (Sat May 10 15:47:23 2025)
Out-of-bound Trials:
[ 4353    90 14498   619 22331 20781]
Best Parameters: (chisq=0.0358)
[0.89512103 0.29481859 0.87649374 0.67952651 0.54353434 0.87372685]

[::::::    ]  60.0% completed  (Sat May 10 15:47:24 2025)
Out-of-bound Trials:
[ 5158   110 17292   754 26886 25035]
Best Parameters: (chisq=0.0358)
[0.89512103 0.29481859 0.87649374 0.67952651 0.54353434 0.87372685]

[:::::::   ]  70.0% completed  (Sat May 10 15:47:25 2025)
Out-of-bound Trials:
[ 5942   128 20106   866 31574 29429]
Best Parameters: (chisq=0.0358)
[0.89512103 0.29481859 0.87649374 0.67952651 0.54353434 0.87372685]

[::::::::  ]  80.0% completed  (Sat May 10 15:47:25 2025)
Out-of-bound Trials:
[ 6675   153 23052   972 36208 33765]
Best Parameters: (chisq=0.0358)
[0.89512103 0.29481859 0.87649374 0.67952651 0.54353434 0.87372685]

[::::::::: ]  90.0% completed  (Sat May 10 15:47:26 2025)
Out-of-bound Trials:
[ 7512   170 26015  1128 40622 38213]
Best Parameters: (chisq=0.0358)
[0.89512103 0.29481859 0.87649374 0.67952651 0.54353434 0.87372685]

[::::::::::] 100.0% completed  (Sat May 10 15:47:26 2025)
Out-of-bound Trials:
[ 8282   188 28868  1237 45230 42487]
Best Parameters: (chisq=0.0358)
[0.89512103 0.29481859 0.87649374 0.67952651 0.54353434 0.87372685]

MCMC Summary:
-------------
  Number of evaluated samples:        200000
  Number of parallel chains:               5
  Average iterations per chain:        40000
  Burned-in iterations per chain:       2000
  Thinning factor:                         1
  MCMC sample size (thinned, burned): 190000
  Acceptance rate:   18.10%

Parameter name     best fit   median      1sigma_low   1sigma_hi        S/N
--------------- -----------  -----------------------------------  ---------
w                8.9512e-01   9.1912e-01 -3.4103e-02  3.2834e-02       27.0
b                2.9482e-01   3.1740e-01 -5.5377e-02  5.6624e-02        5.2
c                8.7649e-01   8.2201e-01 -1.5973e-01  1.1940e-01        6.5
dzeta            6.7953e-01   7.1334e-01 -6.6198e-02  7.9288e-02        9.5
B0               5.4353e-01   5.4770e-01 -3.5363e-01  3.1277e-01        1.9
h                8.7373e-01   5.4043e-01 -3.3263e-01  3.1257e-01        3.2

  Best-parameter's chi-squared:        0.0358
  Best-parameter's -2*log(posterior):  0.0358
  Bayesian Information Criterion:     16.2841
  Reduced chi-squared:                 0.0040
  Standard deviation of residuals:  0.00468921

For a detailed summary with all parameter posterior statistics see
/home/tenet/Documents/thesis/scripts/photometry/esa/data/inversion/inv-A1_A2_A4-0.9_0.3_0.9_30_statistics.txt

Output sampler files:
  /home/tenet/Documents/thesis/scripts/photometry/esa/data/inversion/inv-A1_A2_A4-0.9_0.3_0.9_30_statistics.txt
  /home/tenet/Documents/thesis/scripts/photometry/esa/data/inversion/inv-A1_A2_A4-0.9_0.3_0.9_30.npz
  /home/tenet/Documents/thesis/scripts/photometry/esa/data/inversion/inv-A1_A2_A4-0.9_0.3_0.9_30.log
