
::::::::::::::::::::::::::::::::::::::::::::::::::::::::::::::::::::::
  Multi-core Markov-chain Monte Carlo (mc3).
  Version 3.2.1.
  Copyright (c) 2015-2025 Patricio Cubillos and collaborators.
  mc3 is open-source software under the MIT license (see LICENSE).
::::::::::::::::::::::::::::::::::::::::::::::::::::::::::::::::::::::

Start MCMC chains  (Sat May 10 15:43:47 2025)

[:         ]  10.0% completed  (Sat May 10 15:43:47 2025)
Out-of-bound Trials:
[ 433 5105 3265  815 4481 4439]
Best Parameters: (chisq=0.0228)
[0.89829736 0.91521099 0.18303668 0.66639903 0.98974734 0.95943045]

[::        ]  20.0% completed  (Sat May 10 15:43:48 2025)
Out-of-bound Trials:
[  962 10543  6627  1884  9061  8847]
Best Parameters: (chisq=0.0228)
[0.89829736 0.91521099 0.18303668 0.66639903 0.98974734 0.95943045]

[:::       ]  30.0% completed  (Sat May 10 15:43:48 2025)
Out-of-bound Trials:
[ 1433 16398 10343  3167 13427 13341]
Best Parameters: (chisq=0.0228)
[0.89829736 0.91521099 0.18303668 0.66639903 0.98974734 0.95943045]

[::::      ]  40.0% completed  (Sat May 10 15:43:49 2025)
Out-of-bound Trials:
[ 1903 22176 13766  4342 17939 17806]
Best Parameters: (chisq=0.0162)
[0.8985093  0.92774945 0.19578082 0.63569931 0.4690319  0.12537203]

[:::::     ]  50.0% completed  (Sat May 10 15:43:49 2025)
Out-of-bound Trials:
[ 2350 27801 17064  5487 22503 22528]
Best Parameters: (chisq=0.0162)
[0.8985093  0.92774945 0.19578082 0.63569931 0.4690319  0.12537203]

[::::::    ]  60.0% completed  (Sat May 10 15:43:50 2025)
Out-of-bound Trials:
[ 2749 33577 20633  6472 26966 27282]
Best Parameters: (chisq=0.0162)
[0.8985093  0.92774945 0.19578082 0.63569931 0.4690319  0.12537203]

[:::::::   ]  70.0% completed  (Sat May 10 15:43:50 2025)
Out-of-bound Trials:
[ 3169 39111 24223  7554 31384 31766]
Best Parameters: (chisq=0.0162)
[0.8985093  0.92774945 0.19578082 0.63569931 0.4690319  0.12537203]

[::::::::  ]  80.0% completed  (Sat May 10 15:43:51 2025)
Out-of-bound Trials:
[ 3679 44598 27935  8701 36195 36194]
Best Parameters: (chisq=0.0162)
[0.8985093  0.92774945 0.19578082 0.63569931 0.4690319  0.12537203]

[::::::::: ]  90.0% completed  (Sat May 10 15:43:51 2025)
Out-of-bound Trials:
[ 4109 50264 31260  9778 40839 40467]
Best Parameters: (chisq=0.0162)
[0.8985093  0.92774945 0.19578082 0.63569931 0.4690319  0.12537203]

[::::::::::] 100.0% completed  (Sat May 10 15:43:51 2025)
Out-of-bound Trials:
[ 4606 55721 34937 10845 45478 45045]
Best Parameters: (chisq=0.0162)
[0.8985093  0.92774945 0.19578082 0.63569931 0.4690319  0.12537203]

MCMC Summary:
-------------
  Number of evaluated samples:        200000
  Number of parallel chains:               5
  Average iterations per chain:        40000
  Burned-in iterations per chain:       2000
  Thinning factor:                         1
  MCMC sample size (thinned, burned): 190000
  Acceptance rate:   11.93%

Parameter name     best fit   median      1sigma_low   1sigma_hi        S/N
--------------- -----------  -----------------------------------  ---------
w                8.9851e-01   8.4853e-01 -8.7203e-02  4.7649e-02       14.2
b                9.2775e-01   5.8838e-01 -4.5612e-01  3.1551e-01        2.9
c                1.9578e-01   3.7531e-01 -2.3736e-01  3.2241e-01        0.8
dzeta            6.3570e-01   7.2937e-01 -1.3190e-01  1.2769e-01        5.3
B0               4.6903e-01   4.6736e-01 -3.2649e-01  3.5537e-01        1.6
h                1.2537e-01   4.8799e-01 -3.3435e-01  3.4094e-01        0.4

  Best-parameter's chi-squared:        0.0162
  Best-parameter's -2*log(posterior):  0.0162
  Bayesian Information Criterion:     13.8317
  Reduced chi-squared:                 0.0041
  Standard deviation of residuals:  0.000788194

For a detailed summary with all parameter posterior statistics see
/home/tenet/Documents/thesis/scripts/photometry/esa/data/inversion/inv-A3_A5-0.9_0.9_0.1_30_statistics.txt

Output sampler files:
  /home/tenet/Documents/thesis/scripts/photometry/esa/data/inversion/inv-A3_A5-0.9_0.9_0.1_30_statistics.txt
  /home/tenet/Documents/thesis/scripts/photometry/esa/data/inversion/inv-A3_A5-0.9_0.9_0.1_30.npz
  /home/tenet/Documents/thesis/scripts/photometry/esa/data/inversion/inv-A3_A5-0.9_0.9_0.1_30.log
