
::::::::::::::::::::::::::::::::::::::::::::::::::::::::::::::::::::::
  Multi-core Markov-chain Monte Carlo (mc3).
  Version 3.2.1.
  Copyright (c) 2015-2025 Patricio Cubillos and collaborators.
  mc3 is open-source software under the MIT license (see LICENSE).
::::::::::::::::::::::::::::::::::::::::::::::::::::::::::::::::::::::

Start MCMC chains  (Sat May 10 16:01:35 2025)

[:         ]  10.0% completed  (Sat May 10 16:01:36 2025)
Out-of-bound Trials:
[  59  243   45 2540 4451 3863]
Best Parameters: (chisq=0.0285)
[0.89979535 0.89902478 0.09404225 0.05393742 0.6029115  0.48988451]

[::        ]  20.0% completed  (Sat May 10 16:01:37 2025)
Out-of-bound Trials:
[  71  322   92 5090 9123 8536]
Best Parameters: (chisq=0.0285)
[0.89979535 0.89902478 0.09404225 0.05393742 0.6029115  0.48988451]

[:::       ]  30.0% completed  (Sat May 10 16:01:37 2025)
Out-of-bound Trials:
[   79   387   135  7696 13799 13364]
Best Parameters: (chisq=0.0232)
[0.89923053 0.89479133 0.10442701 0.01191672 0.44968788 0.30677569]

[::::      ]  40.0% completed  (Sat May 10 16:01:38 2025)
Out-of-bound Trials:
[   89   459   174 10353 18562 18388]
Best Parameters: (chisq=0.0179)
[0.90120859 0.90019569 0.10028811 0.07307239 0.52485022 0.43119948]

[:::::     ]  50.0% completed  (Sat May 10 16:01:38 2025)
Out-of-bound Trials:
[   96   529   228 13130 23332 23451]
Best Parameters: (chisq=0.0179)
[0.90120859 0.90019569 0.10028811 0.07307239 0.52485022 0.43119948]

[::::::    ]  60.0% completed  (Sat May 10 16:01:39 2025)
Out-of-bound Trials:
[  105   589   271 15566 28210 28257]
Best Parameters: (chisq=0.0179)
[0.90120859 0.90019569 0.10028811 0.07307239 0.52485022 0.43119948]

[:::::::   ]  70.0% completed  (Sat May 10 16:01:39 2025)
Out-of-bound Trials:
[  115   658   312 18148 32953 33080]
Best Parameters: (chisq=0.0179)
[0.90120859 0.90019569 0.10028811 0.07307239 0.52485022 0.43119948]

[::::::::  ]  80.0% completed  (Sat May 10 16:01:40 2025)
Out-of-bound Trials:
[  130   733   364 20848 37795 37949]
Best Parameters: (chisq=0.0179)
[0.90120859 0.90019569 0.10028811 0.07307239 0.52485022 0.43119948]

[::::::::: ]  90.0% completed  (Sat May 10 16:01:41 2025)
Out-of-bound Trials:
[  137   789   415 23532 42455 42872]
Best Parameters: (chisq=0.0179)
[0.90120859 0.90019569 0.10028811 0.07307239 0.52485022 0.43119948]

[::::::::::] 100.0% completed  (Sat May 10 16:01:41 2025)
Out-of-bound Trials:
[  146   860   449 26188 47022 47734]
Best Parameters: (chisq=0.0179)
[0.90120859 0.90019569 0.10028811 0.07307239 0.52485022 0.43119948]

MCMC Summary:
-------------
  Number of evaluated samples:        200000
  Number of parallel chains:               5
  Average iterations per chain:        40000
  Burned-in iterations per chain:       2000
  Thinning factor:                         1
  MCMC sample size (thinned, burned): 190000
  Acceptance rate:   18.29%

Parameter name     best fit   median      1sigma_low   1sigma_hi        S/N
--------------- -----------  -----------------------------------  ---------
w                9.0121e-01   9.0069e-01 -8.4316e-03  7.3387e-03      112.8
b                9.0020e-01   8.9503e-01 -1.9501e-02  1.8891e-02       46.9
c                1.0029e-01   1.0691e-01 -2.0569e-02  2.3315e-02        4.7
dzeta            7.3072e-02   7.9487e-02 -5.4212e-02  5.9806e-02        1.4
B0               5.2485e-01   4.5111e-01 -3.1555e-01  3.5954e-01        1.8
h                4.3120e-01   4.8670e-01 -3.4332e-01  3.4988e-01        1.5

  Best-parameter's chi-squared:        0.0179
  Best-parameter's -2*log(posterior):  0.0179
  Bayesian Information Criterion:     17.9923
  Reduced chi-squared:                 0.0013
  Standard deviation of residuals:  0.00461381

For a detailed summary with all parameter posterior statistics see
/home/tenet/Documents/thesis/scripts/photometry/esa/data/inversion/inv-A1_A2_A3_A5-0.9_0.9_0.1_0_statistics.txt

Output sampler files:
  /home/tenet/Documents/thesis/scripts/photometry/esa/data/inversion/inv-A1_A2_A3_A5-0.9_0.9_0.1_0_statistics.txt
  /home/tenet/Documents/thesis/scripts/photometry/esa/data/inversion/inv-A1_A2_A3_A5-0.9_0.9_0.1_0.npz
  /home/tenet/Documents/thesis/scripts/photometry/esa/data/inversion/inv-A1_A2_A3_A5-0.9_0.9_0.1_0.log
