
::::::::::::::::::::::::::::::::::::::::::::::::::::::::::::::::::::::
  Multi-core Markov-chain Monte Carlo (mc3).
  Version 3.2.1.
  Copyright (c) 2015-2025 Patricio Cubillos and collaborators.
  mc3 is open-source software under the MIT license (see LICENSE).
::::::::::::::::::::::::::::::::::::::::::::::::::::::::::::::::::::::

Start MCMC chains  (Sat May 10 15:58:53 2025)

[:         ]  10.0% completed  (Sat May 10 15:58:53 2025)
Out-of-bound Trials:
[   0    3 1412 2804 3666 3699]
Best Parameters: (chisq=0.0199)
[0.28929063 0.30184121 0.88603557 0.0544103  0.54954165 0.71172285]

[::        ]  20.0% completed  (Sat May 10 15:58:54 2025)
Out-of-bound Trials:
[   1   12 2980 5440 7970 7872]
Best Parameters: (chisq=0.0199)
[0.28929063 0.30184121 0.88603557 0.0544103  0.54954165 0.71172285]

[:::       ]  30.0% completed  (Sat May 10 15:58:54 2025)
Out-of-bound Trials:
[    1    12  4505  7892 12398 12331]
Best Parameters: (chisq=0.0115)
[0.28765443 0.29907091 0.88621484 0.04152711 0.57742281 0.6754679 ]

[::::      ]  40.0% completed  (Sat May 10 15:58:55 2025)
Out-of-bound Trials:
[    1    12  5822 10644 16953 16504]
Best Parameters: (chisq=0.0115)
[0.28765443 0.29907091 0.88621484 0.04152711 0.57742281 0.6754679 ]

[:::::     ]  50.0% completed  (Sat May 10 15:58:55 2025)
Out-of-bound Trials:
[    1    18  7338 13025 21379 20879]
Best Parameters: (chisq=0.0115)
[0.28765443 0.29907091 0.88621484 0.04152711 0.57742281 0.6754679 ]

[::::::    ]  60.0% completed  (Sat May 10 15:58:56 2025)
Out-of-bound Trials:
[    2    24  8972 15698 25994 25346]
Best Parameters: (chisq=0.0115)
[0.28765443 0.29907091 0.88621484 0.04152711 0.57742281 0.6754679 ]

[:::::::   ]  70.0% completed  (Sat May 10 15:58:57 2025)
Out-of-bound Trials:
[    2    28 10614 18433 30494 30026]
Best Parameters: (chisq=0.0115)
[0.28765443 0.29907091 0.88621484 0.04152711 0.57742281 0.6754679 ]

[::::::::  ]  80.0% completed  (Sat May 10 15:58:57 2025)
Out-of-bound Trials:
[    2    33 12138 20814 35029 34384]
Best Parameters: (chisq=0.0098)
[0.30385805 0.29955351 0.90495634 0.04976305 0.47857473 0.45923566]

[::::::::: ]  90.0% completed  (Sat May 10 15:58:58 2025)
Out-of-bound Trials:
[    2    41 13634 23390 39664 39194]
Best Parameters: (chisq=0.0098)
[0.30385805 0.29955351 0.90495634 0.04976305 0.47857473 0.45923566]

[::::::::::] 100.0% completed  (Sat May 10 15:58:58 2025)
Out-of-bound Trials:
[    2    49 15341 25846 44200 43966]
Best Parameters: (chisq=0.0098)
[0.30385805 0.29955351 0.90495634 0.04976305 0.47857473 0.45923566]

MCMC Summary:
-------------
  Number of evaluated samples:        200000
  Number of parallel chains:               5
  Average iterations per chain:        40000
  Burned-in iterations per chain:       2000
  Thinning factor:                         1
  MCMC sample size (thinned, burned): 190000
  Acceptance rate:   16.46%

Parameter name     best fit   median      1sigma_low   1sigma_hi        S/N
--------------- -----------  -----------------------------------  ---------
w                3.0386e-01   3.0688e-01 -3.1419e-02  2.9327e-02       11.1
b                2.9955e-01   3.0012e-01 -2.9767e-02  2.9390e-02       10.3
c                9.0496e-01   9.0947e-01 -4.8438e-02  4.5425e-02       20.0
dzeta            4.9763e-02   7.5846e-02 -5.1710e-02  5.5863e-02        1.0
B0               4.7857e-01   5.3051e-01 -3.4732e-01  3.2310e-01        1.7
h                4.5924e-01   5.1169e-01 -3.3029e-01  3.3122e-01        1.6

  Best-parameter's chi-squared:        0.0098
  Best-parameter's -2*log(posterior):  0.0098
  Bayesian Information Criterion:     17.9842
  Reduced chi-squared:                 0.0007
  Standard deviation of residuals:  0.000172342

For a detailed summary with all parameter posterior statistics see
/home/tenet/Documents/thesis/scripts/photometry/esa/data/inversion/inv-A1_A2_A3_A4-0.3_0.3_0.9_0_statistics.txt

Output sampler files:
  /home/tenet/Documents/thesis/scripts/photometry/esa/data/inversion/inv-A1_A2_A3_A4-0.3_0.3_0.9_0_statistics.txt
  /home/tenet/Documents/thesis/scripts/photometry/esa/data/inversion/inv-A1_A2_A3_A4-0.3_0.3_0.9_0.npz
  /home/tenet/Documents/thesis/scripts/photometry/esa/data/inversion/inv-A1_A2_A3_A4-0.3_0.3_0.9_0.log
