
::::::::::::::::::::::::::::::::::::::::::::::::::::::::::::::::::::::
  Multi-core Markov-chain Monte Carlo (mc3).
  Version 3.2.1.
  Copyright (c) 2015-2025 Patricio Cubillos and collaborators.
  mc3 is open-source software under the MIT license (see LICENSE).
::::::::::::::::::::::::::::::::::::::::::::::::::::::::::::::::::::::

Start MCMC chains  (Sat May 10 15:37:22 2025)

[:         ]  10.0% completed  (Sat May 10 15:37:23 2025)
Out-of-bound Trials:
[ 343 3039 3244  564 4709 3958]
Best Parameters: (chisq=0.0341)
[0.89712651 0.91103153 0.13356869 0.63889937 0.64873657 0.14774217]

[::        ]  20.0% completed  (Sat May 10 15:37:23 2025)
Out-of-bound Trials:
[1051 7283 6792 1003 9244 8514]
Best Parameters: (chisq=0.0325)
[0.89209452 0.90228802 0.24182637 0.63939935 0.59854333 0.72841173]

[:::       ]  30.0% completed  (Sat May 10 15:37:24 2025)
Out-of-bound Trials:
[ 1831 11763 10132  1307 13864 13188]
Best Parameters: (chisq=0.0325)
[0.89209452 0.90228802 0.24182637 0.63939935 0.59854333 0.72841173]

[::::      ]  40.0% completed  (Sat May 10 15:37:24 2025)
Out-of-bound Trials:
[ 2532 16031 13355  1695 18519 17933]
Best Parameters: (chisq=0.0325)
[0.89209452 0.90228802 0.24182637 0.63939935 0.59854333 0.72841173]

[:::::     ]  50.0% completed  (Sat May 10 15:37:25 2025)
Out-of-bound Trials:
[ 3269 20239 16681  2132 23106 22722]
Best Parameters: (chisq=0.0325)
[0.89209452 0.90228802 0.24182637 0.63939935 0.59854333 0.72841173]

[::::::    ]  60.0% completed  (Sat May 10 15:37:25 2025)
Out-of-bound Trials:
[ 4062 24519 20197  2580 27577 27188]
Best Parameters: (chisq=0.0325)
[0.89209452 0.90228802 0.24182637 0.63939935 0.59854333 0.72841173]

[:::::::   ]  70.0% completed  (Sat May 10 15:37:26 2025)
Out-of-bound Trials:
[ 4919 28825 23435  2912 32051 31767]
Best Parameters: (chisq=0.0325)
[0.89209452 0.90228802 0.24182637 0.63939935 0.59854333 0.72841173]

[::::::::  ]  80.0% completed  (Sat May 10 15:37:26 2025)
Out-of-bound Trials:
[ 5673 33021 26594  3236 36519 36520]
Best Parameters: (chisq=0.0325)
[0.89209452 0.90228802 0.24182637 0.63939935 0.59854333 0.72841173]

[::::::::: ]  90.0% completed  (Sat May 10 15:37:27 2025)
Out-of-bound Trials:
[ 6561 37674 29826  3630 41026 41140]
Best Parameters: (chisq=0.0325)
[0.89209452 0.90228802 0.24182637 0.63939935 0.59854333 0.72841173]

[::::::::::] 100.0% completed  (Sat May 10 15:37:27 2025)
Out-of-bound Trials:
[ 7175 42041 33066  3978 45406 45875]
Best Parameters: (chisq=0.0137)
[0.90364322 0.89223579 0.02415149 0.68207054 0.01899886 0.68051764]

MCMC Summary:
-------------
  Number of evaluated samples:        200000
  Number of parallel chains:               5
  Average iterations per chain:        40000
  Burned-in iterations per chain:       2000
  Thinning factor:                         1
  MCMC sample size (thinned, burned): 190000
  Acceptance rate:   9.46%

Parameter name     best fit   median      1sigma_low   1sigma_hi        S/N
--------------- -----------  -----------------------------------  ---------
w                9.0364e-01   8.6877e-01 -1.1366e-01  2.9212e-02       13.0
b                8.9224e-01   7.7268e-01 -4.6421e-01  1.3582e-01        3.3
c                2.4151e-02   4.6074e-01 -2.8500e-01  2.7909e-01        0.1
dzeta            6.8207e-01   6.5813e-01 -1.0497e-01  1.2853e-01        6.3
B0               1.8999e-02   4.6552e-01 -3.2945e-01  3.5610e-01        0.1
h                6.8052e-01   4.7139e-01 -3.3966e-01  3.5597e-01        2.3

  Best-parameter's chi-squared:        0.0137
  Best-parameter's -2*log(posterior):  0.0137
  Bayesian Information Criterion:     13.8292
  Reduced chi-squared:                 0.0034
  Standard deviation of residuals:  0.000322984

For a detailed summary with all parameter posterior statistics see
/home/tenet/Documents/thesis/scripts/photometry/esa/data/inversion/inv-A1_A5-0.9_0.9_0.1_30_statistics.txt

Output sampler files:
  /home/tenet/Documents/thesis/scripts/photometry/esa/data/inversion/inv-A1_A5-0.9_0.9_0.1_30_statistics.txt
  /home/tenet/Documents/thesis/scripts/photometry/esa/data/inversion/inv-A1_A5-0.9_0.9_0.1_30.npz
  /home/tenet/Documents/thesis/scripts/photometry/esa/data/inversion/inv-A1_A5-0.9_0.9_0.1_30.log
