
::::::::::::::::::::::::::::::::::::::::::::::::::::::::::::::::::::::
  Multi-core Markov-chain Monte Carlo (mc3).
  Version 3.2.1.
  Copyright (c) 2015-2025 Patricio Cubillos and collaborators.
  mc3 is open-source software under the MIT license (see LICENSE).
::::::::::::::::::::::::::::::::::::::::::::::::::::::::::::::::::::::

Start MCMC chains  (Sat May 10 15:34:09 2025)

[:         ]  10.0% completed  (Sat May 10 15:34:10 2025)
Out-of-bound Trials:
[ 167  677 2116 2218 4218 4102]
Best Parameters: (chisq=0.0678)
[0.26078988 0.85173329 0.26247132 0.04054981 0.65988982 0.37815198]

[::        ]  20.0% completed  (Sat May 10 15:34:10 2025)
Out-of-bound Trials:
[ 279 1607 4587 4553 8860 8726]
Best Parameters: (chisq=0.0168)
[0.29973523 0.88472513 0.17339971 0.03735414 0.91496319 0.0087978 ]

[:::       ]  30.0% completed  (Sat May 10 15:34:11 2025)
Out-of-bound Trials:
[  426  2689  6909  7440 13313 13034]
Best Parameters: (chisq=0.0168)
[0.29973523 0.88472513 0.17339971 0.03735414 0.91496319 0.0087978 ]

[::::      ]  40.0% completed  (Sat May 10 15:34:11 2025)
Out-of-bound Trials:
[  565  3362  9154  9614 17873 17451]
Best Parameters: (chisq=0.0168)
[0.29973523 0.88472513 0.17339971 0.03735414 0.91496319 0.0087978 ]

[:::::     ]  50.0% completed  (Sat May 10 15:34:12 2025)
Out-of-bound Trials:
[  734  4041 11147 12277 22409 22007]
Best Parameters: (chisq=0.0168)
[0.29973523 0.88472513 0.17339971 0.03735414 0.91496319 0.0087978 ]

[::::::    ]  60.0% completed  (Sat May 10 15:34:12 2025)
Out-of-bound Trials:
[  888  4713 13300 14793 26865 26528]
Best Parameters: (chisq=0.0168)
[0.29973523 0.88472513 0.17339971 0.03735414 0.91496319 0.0087978 ]

[:::::::   ]  70.0% completed  (Sat May 10 15:34:13 2025)
Out-of-bound Trials:
[ 1020  5599 15601 16934 31523 31177]
Best Parameters: (chisq=0.0168)
[0.29973523 0.88472513 0.17339971 0.03735414 0.91496319 0.0087978 ]

[::::::::  ]  80.0% completed  (Sat May 10 15:34:13 2025)
Out-of-bound Trials:
[ 1162  6483 17604 19437 36179 35663]
Best Parameters: (chisq=0.0168)
[0.29973523 0.88472513 0.17339971 0.03735414 0.91496319 0.0087978 ]

[::::::::: ]  90.0% completed  (Sat May 10 15:34:14 2025)
Out-of-bound Trials:
[ 1328  7285 20031 21924 40822 40195]
Best Parameters: (chisq=0.0168)
[0.29973523 0.88472513 0.17339971 0.03735414 0.91496319 0.0087978 ]

[::::::::::] 100.0% completed  (Sat May 10 15:34:14 2025)
Out-of-bound Trials:
[ 1489  8008 22567 24379 45365 44932]
Best Parameters: (chisq=0.0168)
[0.29973523 0.88472513 0.17339971 0.03735414 0.91496319 0.0087978 ]

MCMC Summary:
-------------
  Number of evaluated samples:        200000
  Number of parallel chains:               5
  Average iterations per chain:        40000
  Burned-in iterations per chain:       2000
  Thinning factor:                         1
  MCMC sample size (thinned, burned): 190000
  Acceptance rate:   10.20%

Parameter name     best fit   median      1sigma_low   1sigma_hi        S/N
--------------- -----------  -----------------------------------  ---------
w                2.9974e-01   2.1738e-01 -7.0613e-02  7.7364e-02        4.4
b                8.8473e-01   7.0013e-01 -1.4308e-01  1.3855e-01        7.0
c                1.7340e-01   2.2399e-01 -1.4657e-01  1.5371e-01        1.3
dzeta            3.7354e-02   2.0718e-01 -1.3463e-01  1.6913e-01        0.3
B0               9.1496e-01   4.8852e-01 -3.3512e-01  3.4641e-01        3.2
h                8.7978e-03   4.8251e-01 -3.3576e-01  3.4136e-01        0.0

  Best-parameter's chi-squared:        0.0168
  Best-parameter's -2*log(posterior):  0.0168
  Bayesian Information Criterion:     13.8324
  Reduced chi-squared:                 0.0042
  Standard deviation of residuals:  0.000395272

For a detailed summary with all parameter posterior statistics see
/home/tenet/Documents/thesis/scripts/photometry/esa/data/inversion/inv-A1_A3-0.3_0.9_0.1_0_statistics.txt

Output sampler files:
  /home/tenet/Documents/thesis/scripts/photometry/esa/data/inversion/inv-A1_A3-0.3_0.9_0.1_0_statistics.txt
  /home/tenet/Documents/thesis/scripts/photometry/esa/data/inversion/inv-A1_A3-0.3_0.9_0.1_0.npz
  /home/tenet/Documents/thesis/scripts/photometry/esa/data/inversion/inv-A1_A3-0.3_0.9_0.1_0.log
