
::::::::::::::::::::::::::::::::::::::::::::::::::::::::::::::::::::::
  Multi-core Markov-chain Monte Carlo (mc3).
  Version 3.2.1.
  Copyright (c) 2015-2025 Patricio Cubillos and collaborators.
  mc3 is open-source software under the MIT license (see LICENSE).
::::::::::::::::::::::::::::::::::::::::::::::::::::::::::::::::::::::

Start MCMC chains  (Sat May 10 15:27:59 2025)

[:         ]  10.0% completed  (Sat May 10 15:28:00 2025)
Out-of-bound Trials:
[ 102   73 2446 3390 4163 4219]
Best Parameters: (chisq=0.0062)
[0.34738929 0.32801637 0.78002401 0.69720146 0.27461595 0.80062034]

[::        ]  20.0% completed  (Sat May 10 15:28:00 2025)
Out-of-bound Trials:
[ 241  161 5802 7023 8865 8793]
Best Parameters: (chisq=0.0062)
[0.34738929 0.32801637 0.78002401 0.69720146 0.27461595 0.80062034]

[:::       ]  30.0% completed  (Sat May 10 15:28:01 2025)
Out-of-bound Trials:
[  424   276  8911 10600 13420 13459]
Best Parameters: (chisq=0.0062)
[0.34738929 0.32801637 0.78002401 0.69720146 0.27461595 0.80062034]

[::::      ]  40.0% completed  (Sat May 10 15:28:01 2025)
Out-of-bound Trials:
[  633   347 12182 14362 17901 17901]
Best Parameters: (chisq=0.0035)
[0.30008633 0.32021634 0.80037887 0.63497762 0.50371221 0.62074464]

[:::::     ]  50.0% completed  (Sat May 10 15:28:02 2025)
Out-of-bound Trials:
[  801   429 15471 18153 22716 22508]
Best Parameters: (chisq=0.0035)
[0.30008633 0.32021634 0.80037887 0.63497762 0.50371221 0.62074464]

[::::::    ]  60.0% completed  (Sat May 10 15:28:02 2025)
Out-of-bound Trials:
[ 1022   587 18525 21968 27307 26853]
Best Parameters: (chisq=0.0035)
[0.30008633 0.32021634 0.80037887 0.63497762 0.50371221 0.62074464]

[:::::::   ]  70.0% completed  (Sat May 10 15:28:02 2025)
Out-of-bound Trials:
[ 1172   768 21875 25811 31796 31210]
Best Parameters: (chisq=0.0035)
[0.30008633 0.32021634 0.80037887 0.63497762 0.50371221 0.62074464]

[::::::::  ]  80.0% completed  (Sat May 10 15:28:03 2025)
Out-of-bound Trials:
[ 1374   873 24881 29645 36056 35893]
Best Parameters: (chisq=0.0035)
[0.30008633 0.32021634 0.80037887 0.63497762 0.50371221 0.62074464]

[::::::::: ]  90.0% completed  (Sat May 10 15:28:03 2025)
Out-of-bound Trials:
[ 1532   932 28285 33437 40358 40489]
Best Parameters: (chisq=0.0035)
[0.30008633 0.32021634 0.80037887 0.63497762 0.50371221 0.62074464]

[::::::::::] 100.0% completed  (Sat May 10 15:28:04 2025)
Out-of-bound Trials:
[ 1723  1047 31432 37101 44802 45034]
Best Parameters: (chisq=0.0035)
[0.30008633 0.32021634 0.80037887 0.63497762 0.50371221 0.62074464]

MCMC Summary:
-------------
  Number of evaluated samples:        200000
  Number of parallel chains:               5
  Average iterations per chain:        40000
  Burned-in iterations per chain:       2000
  Thinning factor:                         1
  MCMC sample size (thinned, burned): 190000
  Acceptance rate:   11.51%

Parameter name     best fit   median      1sigma_low   1sigma_hi        S/N
--------------- -----------  -----------------------------------  ---------
w                3.0009e-01   3.8238e-01 -1.2194e-01  1.1892e-01        2.6
b                3.2022e-01   3.6092e-01 -9.4132e-02  1.0222e-01        3.3
c                8.0038e-01   5.8474e-01 -2.7873e-01  2.7956e-01        3.3
dzeta            6.3498e-01   6.6407e-01 -3.1631e-01  2.3064e-01        2.5
B0               5.0371e-01   5.0824e-01 -3.4025e-01  3.3446e-01        1.8
h                6.2074e-01   4.8764e-01 -3.2970e-01  3.4930e-01        2.2

  Best-parameter's chi-squared:       0.0035
  Best-parameter's -2*log(posterior): 0.0035
  Bayesian Information Criterion:     9.6601
  Reduced chi-squared:                   nan
  Standard deviation of residuals:  0.000934887

For a detailed summary with all parameter posterior statistics see
/home/tenet/Documents/thesis/scripts/photometry/esa/data/inversion/inv-A2-0.3_0.3_0.9_30_statistics.txt

Output sampler files:
  /home/tenet/Documents/thesis/scripts/photometry/esa/data/inversion/inv-A2-0.3_0.3_0.9_30_statistics.txt
  /home/tenet/Documents/thesis/scripts/photometry/esa/data/inversion/inv-A2-0.3_0.3_0.9_30.npz
  /home/tenet/Documents/thesis/scripts/photometry/esa/data/inversion/inv-A2-0.3_0.3_0.9_30.log
