
::::::::::::::::::::::::::::::::::::::::::::::::::::::::::::::::::::::
  Multi-core Markov-chain Monte Carlo (mc3).
  Version 3.2.1.
  Copyright (c) 2015-2025 Patricio Cubillos and collaborators.
  mc3 is open-source software under the MIT license (see LICENSE).
::::::::::::::::::::::::::::::::::::::::::::::::::::::::::::::::::::::

Start MCMC chains  (Sat May 10 15:27:02 2025)

[:         ]  10.0% completed  (Sat May 10 15:27:02 2025)
Out-of-bound Trials:
[1100 4047 3853 3541 4034 4254]
Best Parameters: (chisq=0.0028)
[0.17572763 0.23822004 0.79853805 0.35151574 0.846001   0.37258364]

[::        ]  20.0% completed  (Sat May 10 15:27:02 2025)
Out-of-bound Trials:
[2441 8631 7840 6975 8557 8822]
Best Parameters: (chisq=0.0028)
[0.17572763 0.23822004 0.79853805 0.35151574 0.846001   0.37258364]

[:::       ]  30.0% completed  (Sat May 10 15:27:03 2025)
Out-of-bound Trials:
[ 3963 13507 11850 10662 13019 13354]
Best Parameters: (chisq=0.0028)
[0.17572763 0.23822004 0.79853805 0.35151574 0.846001   0.37258364]

[::::      ]  40.0% completed  (Sat May 10 15:27:03 2025)
Out-of-bound Trials:
[ 5078 18164 15925 14313 17806 18186]
Best Parameters: (chisq=0.0010)
[0.20739941 0.12775044 0.32186017 0.51102987 0.67410293 0.20978227]

[:::::     ]  50.0% completed  (Sat May 10 15:27:04 2025)
Out-of-bound Trials:
[ 6571 22550 20148 18262 22319 22499]
Best Parameters: (chisq=0.0010)
[0.20739941 0.12775044 0.32186017 0.51102987 0.67410293 0.20978227]

[::::::    ]  60.0% completed  (Sat May 10 15:27:04 2025)
Out-of-bound Trials:
[ 7790 27294 24483 22246 26771 27182]
Best Parameters: (chisq=0.0006)
[0.25923414 0.22104139 0.37494734 0.62138357 0.22990884 0.98604016]

[:::::::   ]  70.0% completed  (Sat May 10 15:27:05 2025)
Out-of-bound Trials:
[ 8840 31740 28750 25946 31199 31812]
Best Parameters: (chisq=0.0006)
[0.25923414 0.22104139 0.37494734 0.62138357 0.22990884 0.98604016]

[::::::::  ]  80.0% completed  (Sat May 10 15:27:05 2025)
Out-of-bound Trials:
[10345 36363 32943 29818 35593 36606]
Best Parameters: (chisq=0.0006)
[0.25923414 0.22104139 0.37494734 0.62138357 0.22990884 0.98604016]

[::::::::: ]  90.0% completed  (Sat May 10 15:27:05 2025)
Out-of-bound Trials:
[11556 41051 37248 33619 40041 41432]
Best Parameters: (chisq=0.0006)
[0.25923414 0.22104139 0.37494734 0.62138357 0.22990884 0.98604016]

[::::::::::] 100.0% completed  (Sat May 10 15:27:06 2025)
Out-of-bound Trials:
[12946 45796 41361 37282 44359 45987]
Best Parameters: (chisq=0.0006)
[0.25923414 0.22104139 0.37494734 0.62138357 0.22990884 0.98604016]

MCMC Summary:
-------------
  Number of evaluated samples:        200000
  Number of parallel chains:               5
  Average iterations per chain:        40000
  Burned-in iterations per chain:       2000
  Thinning factor:                         1
  MCMC sample size (thinned, burned): 190000
  Acceptance rate:   10.54%

Parameter name     best fit   median      1sigma_low   1sigma_hi        S/N
--------------- -----------  -----------------------------------  ---------
w                2.5923e-01   3.8807e-01 -1.9396e-01  2.0699e-01        1.4
b                2.2104e-01   4.4468e-01 -3.0361e-01  3.8933e-01        0.8
c                3.7495e-01   5.6273e-01 -3.5399e-01  2.9310e-01        1.3
dzeta            6.2138e-01   6.7514e-01 -3.3409e-01  2.1894e-01        2.5
B0               2.2991e-01   4.9250e-01 -3.3875e-01  3.4416e-01        0.8
h                9.8604e-01   4.8206e-01 -3.4002e-01  3.5491e-01        3.4

  Best-parameter's chi-squared:       0.0006
  Best-parameter's -2*log(posterior): 0.0006
  Bayesian Information Criterion:     9.6572
  Reduced chi-squared:                   nan
  Standard deviation of residuals:  9.82899e-05

For a detailed summary with all parameter posterior statistics see
/home/tenet/Documents/thesis/scripts/photometry/esa/data/inversion/inv-A1-0.3_0.3_0.5_30_statistics.txt

Output sampler files:
  /home/tenet/Documents/thesis/scripts/photometry/esa/data/inversion/inv-A1-0.3_0.3_0.5_30_statistics.txt
  /home/tenet/Documents/thesis/scripts/photometry/esa/data/inversion/inv-A1-0.3_0.3_0.5_30.npz
  /home/tenet/Documents/thesis/scripts/photometry/esa/data/inversion/inv-A1-0.3_0.3_0.5_30.log
