
::::::::::::::::::::::::::::::::::::::::::::::::::::::::::::::::::::::
  Multi-core Markov-chain Monte Carlo (mc3).
  Version 3.2.1.
  Copyright (c) 2015-2025 Patricio Cubillos and collaborators.
  mc3 is open-source software under the MIT license (see LICENSE).
::::::::::::::::::::::::::::::::::::::::::::::::::::::::::::::::::::::

Start MCMC chains  (Sat May 10 15:57:37 2025)

[:         ]  10.0% completed  (Sat May 10 15:57:37 2025)
Out-of-bound Trials:
[   1   28 2695 2264 4419 4324]
Best Parameters: (chisq=0.0745)
[0.30382013 0.2876097  0.88948958 0.71363491 0.49952471 0.64561828]

[::        ]  20.0% completed  (Sat May 10 15:57:38 2025)
Out-of-bound Trials:
[   4   60 5313 4715 8913 8701]
Best Parameters: (chisq=0.0284)
[0.2819303  0.29279266 0.90265698 0.68020836 0.56167125 0.96133137]

[:::       ]  30.0% completed  (Sat May 10 15:57:38 2025)
Out-of-bound Trials:
[    7    94  7913  7338 13591 13307]
Best Parameters: (chisq=0.0219)
[0.30727689 0.30006731 0.93425206 0.66585899 0.36549855 0.53972693]

[::::      ]  40.0% completed  (Sat May 10 15:57:39 2025)
Out-of-bound Trials:
[    8   135 10553 10202 18202 18046]
Best Parameters: (chisq=0.0219)
[0.30727689 0.30006731 0.93425206 0.66585899 0.36549855 0.53972693]

[:::::     ]  50.0% completed  (Sat May 10 15:57:40 2025)
Out-of-bound Trials:
[   10   166 12863 12911 22857 22568]
Best Parameters: (chisq=0.0219)
[0.30727689 0.30006731 0.93425206 0.66585899 0.36549855 0.53972693]

[::::::    ]  60.0% completed  (Sat May 10 15:57:40 2025)
Out-of-bound Trials:
[   14   216 15644 15619 27575 27021]
Best Parameters: (chisq=0.0219)
[0.30727689 0.30006731 0.93425206 0.66585899 0.36549855 0.53972693]

[:::::::   ]  70.0% completed  (Sat May 10 15:57:41 2025)
Out-of-bound Trials:
[   17   266 18281 18543 32450 31526]
Best Parameters: (chisq=0.0219)
[0.30727689 0.30006731 0.93425206 0.66585899 0.36549855 0.53972693]

[::::::::  ]  80.0% completed  (Sat May 10 15:57:41 2025)
Out-of-bound Trials:
[   21   308 20915 21382 36982 36089]
Best Parameters: (chisq=0.0219)
[0.30727689 0.30006731 0.93425206 0.66585899 0.36549855 0.53972693]

[::::::::: ]  90.0% completed  (Sat May 10 15:57:42 2025)
Out-of-bound Trials:
[   26   344 23627 23995 41640 40416]
Best Parameters: (chisq=0.0219)
[0.30727689 0.30006731 0.93425206 0.66585899 0.36549855 0.53972693]

[::::::::::] 100.0% completed  (Sat May 10 15:57:42 2025)
Out-of-bound Trials:
[   28   389 26228 26885 46474 45089]
Best Parameters: (chisq=0.0219)
[0.30727689 0.30006731 0.93425206 0.66585899 0.36549855 0.53972693]

MCMC Summary:
-------------
  Number of evaluated samples:        200000
  Number of parallel chains:               5
  Average iterations per chain:        40000
  Burned-in iterations per chain:       2000
  Thinning factor:                         1
  MCMC sample size (thinned, burned): 190000
  Acceptance rate:   16.17%

Parameter name     best fit   median      1sigma_low   1sigma_hi        S/N
--------------- -----------  -----------------------------------  ---------
w                3.0728e-01   3.4796e-01 -4.9497e-02  5.7021e-02        5.8
b                3.0007e-01   3.1154e-01 -6.9622e-02  6.5612e-02        4.4
c                9.3425e-01   7.7017e-01 -1.9343e-01  1.5005e-01        5.8
dzeta            6.6586e-01   7.9821e-01 -1.6693e-01  1.3844e-01        4.8
B0               3.6550e-01   5.1255e-01 -3.5049e-01  3.3338e-01        1.3
h                5.3973e-01   4.9620e-01 -3.4002e-01  3.3700e-01        1.9

  Best-parameter's chi-squared:        0.0219
  Best-parameter's -2*log(posterior):  0.0219
  Bayesian Information Criterion:     16.2702
  Reduced chi-squared:                 0.0024
  Standard deviation of residuals:  0.000356364

For a detailed summary with all parameter posterior statistics see
/home/tenet/Documents/thesis/scripts/photometry/esa/data/inversion/inv-A3_A4_A5-0.3_0.3_0.9_30_statistics.txt

Output sampler files:
  /home/tenet/Documents/thesis/scripts/photometry/esa/data/inversion/inv-A3_A4_A5-0.3_0.3_0.9_30_statistics.txt
  /home/tenet/Documents/thesis/scripts/photometry/esa/data/inversion/inv-A3_A4_A5-0.3_0.3_0.9_30.npz
  /home/tenet/Documents/thesis/scripts/photometry/esa/data/inversion/inv-A3_A4_A5-0.3_0.3_0.9_30.log
