
::::::::::::::::::::::::::::::::::::::::::::::::::::::::::::::::::::::
  Multi-core Markov-chain Monte Carlo (mc3).
  Version 3.2.1.
  Copyright (c) 2015-2025 Patricio Cubillos and collaborators.
  mc3 is open-source software under the MIT license (see LICENSE).
::::::::::::::::::::::::::::::::::::::::::::::::::::::::::::::::::::::

Start MCMC chains  (Sat May 10 15:43:28 2025)

[:         ]  10.0% completed  (Sat May 10 15:43:29 2025)
Out-of-bound Trials:
[ 113 2762 2689 2444 4239 4299]
Best Parameters: (chisq=0.0118)
[0.90371306 0.31861773 0.46684041 0.05478955 0.7463022  0.30908255]

[::        ]  20.0% completed  (Sat May 10 15:43:29 2025)
Out-of-bound Trials:
[ 194 5559 5618 4975 8937 8903]
Best Parameters: (chisq=0.0118)
[0.90371306 0.31861773 0.46684041 0.05478955 0.7463022  0.30908255]

[:::       ]  30.0% completed  (Sat May 10 15:43:30 2025)
Out-of-bound Trials:
[  260  8343  8634  7575 13354 13346]
Best Parameters: (chisq=0.0118)
[0.90371306 0.31861773 0.46684041 0.05478955 0.7463022  0.30908255]

[::::      ]  40.0% completed  (Sat May 10 15:43:30 2025)
Out-of-bound Trials:
[  320 11350 11511 10058 17648 17954]
Best Parameters: (chisq=0.0118)
[0.90371306 0.31861773 0.46684041 0.05478955 0.7463022  0.30908255]

[:::::     ]  50.0% completed  (Sat May 10 15:43:31 2025)
Out-of-bound Trials:
[  389 14226 14354 12506 22330 22515]
Best Parameters: (chisq=0.0118)
[0.90371306 0.31861773 0.46684041 0.05478955 0.7463022  0.30908255]

[::::::    ]  60.0% completed  (Sat May 10 15:43:31 2025)
Out-of-bound Trials:
[  468 17396 17505 15168 26833 26869]
Best Parameters: (chisq=0.0118)
[0.90371306 0.31861773 0.46684041 0.05478955 0.7463022  0.30908255]

[:::::::   ]  70.0% completed  (Sat May 10 15:43:32 2025)
Out-of-bound Trials:
[  524 20343 20511 17568 31277 31399]
Best Parameters: (chisq=0.0118)
[0.90371306 0.31861773 0.46684041 0.05478955 0.7463022  0.30908255]

[::::::::  ]  80.0% completed  (Sat May 10 15:43:32 2025)
Out-of-bound Trials:
[  567 23340 23557 20059 35827 35870]
Best Parameters: (chisq=0.0118)
[0.90371306 0.31861773 0.46684041 0.05478955 0.7463022  0.30908255]

[::::::::: ]  90.0% completed  (Sat May 10 15:43:33 2025)
Out-of-bound Trials:
[  634 26390 26651 22427 40132 40515]
Best Parameters: (chisq=0.0118)
[0.90371306 0.31861773 0.46684041 0.05478955 0.7463022  0.30908255]

[::::::::::] 100.0% completed  (Sat May 10 15:43:33 2025)
Out-of-bound Trials:
[  685 29423 29702 24864 44503 44999]
Best Parameters: (chisq=0.0118)
[0.90371306 0.31861773 0.46684041 0.05478955 0.7463022  0.30908255]

MCMC Summary:
-------------
  Number of evaluated samples:        200000
  Number of parallel chains:               5
  Average iterations per chain:        40000
  Burned-in iterations per chain:       2000
  Thinning factor:                         1
  MCMC sample size (thinned, burned): 190000
  Acceptance rate:   16.81%

Parameter name     best fit   median      1sigma_low   1sigma_hi        S/N
--------------- -----------  -----------------------------------  ---------
w                9.0371e-01   8.9377e-01 -2.7846e-02  2.4065e-02       34.3
b                3.1862e-01   1.7058e-01 -1.1650e-01  1.6367e-01        2.4
c                4.6684e-01   5.2274e-01 -2.5888e-01  2.8611e-01        1.9
dzeta            5.4790e-02   1.0153e-01 -6.9805e-02  7.1841e-02        0.9
B0               7.4630e-01   5.1897e-01 -3.4268e-01  3.2358e-01        2.6
h                3.0908e-01   5.1834e-01 -3.4596e-01  3.3646e-01        1.1

  Best-parameter's chi-squared:        0.0118
  Best-parameter's -2*log(posterior):  0.0118
  Bayesian Information Criterion:     13.8273
  Reduced chi-squared:                 0.0029
  Standard deviation of residuals:  0.00203017

For a detailed summary with all parameter posterior statistics see
/home/tenet/Documents/thesis/scripts/photometry/esa/data/inversion/inv-A3_A5-0.9_0.3_0.5_0_statistics.txt

Output sampler files:
  /home/tenet/Documents/thesis/scripts/photometry/esa/data/inversion/inv-A3_A5-0.9_0.3_0.5_0_statistics.txt
  /home/tenet/Documents/thesis/scripts/photometry/esa/data/inversion/inv-A3_A5-0.9_0.3_0.5_0.npz
  /home/tenet/Documents/thesis/scripts/photometry/esa/data/inversion/inv-A3_A5-0.9_0.3_0.5_0.log
