
::::::::::::::::::::::::::::::::::::::::::::::::::::::::::::::::::::::
  Multi-core Markov-chain Monte Carlo (mc3).
  Version 3.2.1.
  Copyright (c) 2015-2025 Patricio Cubillos and collaborators.
  mc3 is open-source software under the MIT license (see LICENSE).
::::::::::::::::::::::::::::::::::::::::::::::::::::::::::::::::::::::

Start MCMC chains  (Sat May 10 15:34:59 2025)

[:         ]  10.0% completed  (Sat May 10 15:34:59 2025)
Out-of-bound Trials:
[   2   22 2122 2523 4087 3991]
Best Parameters: (chisq=0.0158)
[0.28503458 0.29146487 0.88729016 0.05834609 0.68720946 0.54785206]

[::        ]  20.0% completed  (Sat May 10 15:35:00 2025)
Out-of-bound Trials:
[   2   46 4355 4963 8856 8698]
Best Parameters: (chisq=0.0158)
[0.28503458 0.29146487 0.88729016 0.05834609 0.68720946 0.54785206]

[:::       ]  30.0% completed  (Sat May 10 15:35:00 2025)
Out-of-bound Trials:
[    2    59  6355  7428 13582 13135]
Best Parameters: (chisq=0.0158)
[0.28503458 0.29146487 0.88729016 0.05834609 0.68720946 0.54785206]

[::::      ]  40.0% completed  (Sat May 10 15:35:01 2025)
Out-of-bound Trials:
[    2    83  8613 10222 18356 17631]
Best Parameters: (chisq=0.0158)
[0.28503458 0.29146487 0.88729016 0.05834609 0.68720946 0.54785206]

[:::::     ]  50.0% completed  (Sat May 10 15:35:01 2025)
Out-of-bound Trials:
[    4   113 10812 13013 22779 22105]
Best Parameters: (chisq=0.0158)
[0.28503458 0.29146487 0.88729016 0.05834609 0.68720946 0.54785206]

[::::::    ]  60.0% completed  (Sat May 10 15:35:02 2025)
Out-of-bound Trials:
[    5   131 13077 15933 27399 26591]
Best Parameters: (chisq=0.0158)
[0.28503458 0.29146487 0.88729016 0.05834609 0.68720946 0.54785206]

[:::::::   ]  70.0% completed  (Sat May 10 15:35:02 2025)
Out-of-bound Trials:
[    6   149 15325 18981 31792 31060]
Best Parameters: (chisq=0.0158)
[0.28503458 0.29146487 0.88729016 0.05834609 0.68720946 0.54785206]

[::::::::  ]  80.0% completed  (Sat May 10 15:35:03 2025)
Out-of-bound Trials:
[    6   161 17506 21680 36539 35621]
Best Parameters: (chisq=0.0158)
[0.28503458 0.29146487 0.88729016 0.05834609 0.68720946 0.54785206]

[::::::::: ]  90.0% completed  (Sat May 10 15:35:03 2025)
Out-of-bound Trials:
[    7   177 19700 24538 41013 40111]
Best Parameters: (chisq=0.0158)
[0.28503458 0.29146487 0.88729016 0.05834609 0.68720946 0.54785206]

[::::::::::] 100.0% completed  (Sat May 10 15:35:04 2025)
Out-of-bound Trials:
[    8   193 21955 27358 45824 44553]
Best Parameters: (chisq=0.0158)
[0.28503458 0.29146487 0.88729016 0.05834609 0.68720946 0.54785206]

MCMC Summary:
-------------
  Number of evaluated samples:        200000
  Number of parallel chains:               5
  Average iterations per chain:        40000
  Burned-in iterations per chain:       2000
  Thinning factor:                         1
  MCMC sample size (thinned, burned): 190000
  Acceptance rate:   15.89%

Parameter name     best fit   median      1sigma_low   1sigma_hi        S/N
--------------- -----------  -----------------------------------  ---------
w                2.8503e-01   3.1053e-01 -3.2609e-02  2.8476e-02        9.9
b                2.9146e-01   2.9639e-01 -4.7471e-02  4.6139e-02        6.3
c                8.8729e-01   8.9472e-01 -7.3901e-02  6.2635e-02       13.0
dzeta            5.8346e-02   1.0802e-01 -7.4303e-02  9.2733e-02        0.8
B0               6.8721e-01   5.3244e-01 -3.5808e-01  3.2328e-01        2.4
h                5.4785e-01   5.1260e-01 -3.3433e-01  3.2795e-01        1.9

  Best-parameter's chi-squared:        0.0158
  Best-parameter's -2*log(posterior):  0.0158
  Bayesian Information Criterion:     13.8314
  Reduced chi-squared:                 0.0040
  Standard deviation of residuals:  0.000444303

For a detailed summary with all parameter posterior statistics see
/home/tenet/Documents/thesis/scripts/photometry/esa/data/inversion/inv-A1_A4-0.3_0.3_0.9_0_statistics.txt

Output sampler files:
  /home/tenet/Documents/thesis/scripts/photometry/esa/data/inversion/inv-A1_A4-0.3_0.3_0.9_0_statistics.txt
  /home/tenet/Documents/thesis/scripts/photometry/esa/data/inversion/inv-A1_A4-0.3_0.3_0.9_0.npz
  /home/tenet/Documents/thesis/scripts/photometry/esa/data/inversion/inv-A1_A4-0.3_0.3_0.9_0.log
