
::::::::::::::::::::::::::::::::::::::::::::::::::::::::::::::::::::::
  Multi-core Markov-chain Monte Carlo (mc3).
  Version 3.2.1.
  Copyright (c) 2015-2025 Patricio Cubillos and collaborators.
  mc3 is open-source software under the MIT license (see LICENSE).
::::::::::::::::::::::::::::::::::::::::::::::::::::::::::::::::::::::

Start MCMC chains  (Sat May 10 16:02:49 2025)

[:         ]  10.0% completed  (Sat May 10 16:02:50 2025)
Out-of-bound Trials:
[ 108   84   36 2688 3681 3846]
Best Parameters: (chisq=0.0994)
[0.89690613 0.29639089 0.51394527 0.00913398 0.41917541 0.86925196]

[::        ]  20.0% completed  (Sat May 10 16:02:51 2025)
Out-of-bound Trials:
[ 129  231   65 5346 7658 7800]
Best Parameters: (chisq=0.0689)
[0.89725114 0.30404013 0.51796276 0.03291701 0.4071263  0.93812801]

[:::       ]  30.0% completed  (Sat May 10 16:02:51 2025)
Out-of-bound Trials:
[  148   312    92  7887 11471 11670]
Best Parameters: (chisq=0.0624)
[0.90048076 0.30387909 0.49003394 0.10822928 0.50160211 0.60755475]

[::::      ]  40.0% completed  (Sat May 10 16:02:52 2025)
Out-of-bound Trials:
[  165   369   115 10685 15498 15931]
Best Parameters: (chisq=0.0624)
[0.90048076 0.30387909 0.49003394 0.10822928 0.50160211 0.60755475]

[:::::     ]  50.0% completed  (Sat May 10 16:02:52 2025)
Out-of-bound Trials:
[  177   410   134 13462 19484 19906]
Best Parameters: (chisq=0.0624)
[0.90048076 0.30387909 0.49003394 0.10822928 0.50160211 0.60755475]

[::::::    ]  60.0% completed  (Sat May 10 16:02:53 2025)
Out-of-bound Trials:
[  203   484   171 15884 23539 24061]
Best Parameters: (chisq=0.0624)
[0.90048076 0.30387909 0.49003394 0.10822928 0.50160211 0.60755475]

[:::::::   ]  70.0% completed  (Sat May 10 16:02:54 2025)
Out-of-bound Trials:
[  227   538   202 18437 27545 28196]
Best Parameters: (chisq=0.0624)
[0.90048076 0.30387909 0.49003394 0.10822928 0.50160211 0.60755475]

[::::::::  ]  80.0% completed  (Sat May 10 16:02:54 2025)
Out-of-bound Trials:
[  246   599   226 20823 31487 32191]
Best Parameters: (chisq=0.0201)
[0.90001905 0.29810705 0.49444571 0.06919006 0.5080137  0.4987315 ]

[::::::::: ]  90.0% completed  (Sat May 10 16:02:55 2025)
Out-of-bound Trials:
[  257   679   254 23418 35510 36252]
Best Parameters: (chisq=0.0201)
[0.90001905 0.29810705 0.49444571 0.06919006 0.5080137  0.4987315 ]

[::::::::::] 100.0% completed  (Sat May 10 16:02:55 2025)
Out-of-bound Trials:
[  274   824   282 25845 39628 40193]
Best Parameters: (chisq=0.0201)
[0.90001905 0.29810705 0.49444571 0.06919006 0.5080137  0.4987315 ]

MCMC Summary:
-------------
  Number of evaluated samples:        200000
  Number of parallel chains:               5
  Average iterations per chain:        40000
  Burned-in iterations per chain:       2000
  Thinning factor:                         1
  MCMC sample size (thinned, burned): 190000
  Acceptance rate:   18.77%

Parameter name     best fit   median      1sigma_low   1sigma_hi        S/N
--------------- -----------  -----------------------------------  ---------
w                9.0002e-01   9.0081e-01 -1.9142e-02  1.6323e-02       52.5
b                2.9811e-01   2.8794e-01 -5.4872e-02  5.1893e-02        5.2
c                4.9445e-01   4.9872e-01 -6.5397e-02  7.3996e-02        6.7
dzeta            6.9190e-02   8.1471e-02 -5.6029e-02  5.9528e-02        1.3
B0               5.0801e-01   5.8604e-01 -3.2357e-01  2.8101e-01        1.9
h                4.9873e-01   5.3536e-01 -3.0879e-01  3.1099e-01        1.9

  Best-parameter's chi-squared:        0.0201
  Best-parameter's -2*log(posterior):  0.0201
  Bayesian Information Criterion:     17.9945
  Reduced chi-squared:                 0.0014
  Standard deviation of residuals:  0.00283841

For a detailed summary with all parameter posterior statistics see
/home/tenet/Documents/thesis/scripts/photometry/esa/data/inversion/inv-A1_A2_A4_A5-0.9_0.3_0.5_0_statistics.txt

Output sampler files:
  /home/tenet/Documents/thesis/scripts/photometry/esa/data/inversion/inv-A1_A2_A4_A5-0.9_0.3_0.5_0_statistics.txt
  /home/tenet/Documents/thesis/scripts/photometry/esa/data/inversion/inv-A1_A2_A4_A5-0.9_0.3_0.5_0.npz
  /home/tenet/Documents/thesis/scripts/photometry/esa/data/inversion/inv-A1_A2_A4_A5-0.9_0.3_0.5_0.log
