
::::::::::::::::::::::::::::::::::::::::::::::::::::::::::::::::::::::
  Multi-core Markov-chain Monte Carlo (mc3).
  Version 3.2.1.
  Copyright (c) 2015-2025 Patricio Cubillos and collaborators.
  mc3 is open-source software under the MIT license (see LICENSE).
::::::::::::::::::::::::::::::::::::::::::::::::::::::::::::::::::::::

Start MCMC chains  (Sat May 10 15:57:09 2025)

[:         ]  10.0% completed  (Sat May 10 15:57:10 2025)
Out-of-bound Trials:
[ 360  478 1675  115 4341 4182]
Best Parameters: (chisq=0.0259)
[0.90939451 0.32816667 0.56018849 0.64496582 0.21994837 0.21518605]

[::        ]  20.0% completed  (Sat May 10 15:57:10 2025)
Out-of-bound Trials:
[ 665 1256 3858  246 8879 8631]
Best Parameters: (chisq=0.0259)
[0.90939451 0.32816667 0.56018849 0.64496582 0.21994837 0.21518605]

[:::       ]  30.0% completed  (Sat May 10 15:57:11 2025)
Out-of-bound Trials:
[  943  1798  5932   358 13416 12854]
Best Parameters: (chisq=0.0259)
[0.90939451 0.32816667 0.56018849 0.64496582 0.21994837 0.21518605]

[::::      ]  40.0% completed  (Sat May 10 15:57:11 2025)
Out-of-bound Trials:
[ 1211  2576  7912   456 18128 17310]
Best Parameters: (chisq=0.0259)
[0.90939451 0.32816667 0.56018849 0.64496582 0.21994837 0.21518605]

[:::::     ]  50.0% completed  (Sat May 10 15:57:12 2025)
Out-of-bound Trials:
[ 1444  3160  9835   578 22711 21744]
Best Parameters: (chisq=0.0259)
[0.90939451 0.32816667 0.56018849 0.64496582 0.21994837 0.21518605]

[::::::    ]  60.0% completed  (Sat May 10 15:57:13 2025)
Out-of-bound Trials:
[ 1739  3833 11905   676 27421 26362]
Best Parameters: (chisq=0.0259)
[0.90939451 0.32816667 0.56018849 0.64496582 0.21994837 0.21518605]

[:::::::   ]  70.0% completed  (Sat May 10 15:57:13 2025)
Out-of-bound Trials:
[ 2037  4479 13806   821 32204 30811]
Best Parameters: (chisq=0.0212)
[0.89920848 0.28991756 0.47078958 0.67608686 0.68280334 0.40666944]

[::::::::  ]  80.0% completed  (Sat May 10 15:57:14 2025)
Out-of-bound Trials:
[ 2329  5184 16036   920 36896 35220]
Best Parameters: (chisq=0.0212)
[0.89920848 0.28991756 0.47078958 0.67608686 0.68280334 0.40666944]

[::::::::: ]  90.0% completed  (Sat May 10 15:57:14 2025)
Out-of-bound Trials:
[ 2582  5873 17947  1060 41572 39782]
Best Parameters: (chisq=0.0212)
[0.89920848 0.28991756 0.47078958 0.67608686 0.68280334 0.40666944]

[::::::::::] 100.0% completed  (Sat May 10 15:57:15 2025)
Out-of-bound Trials:
[ 2815  6493 19984  1168 46147 44357]
Best Parameters: (chisq=0.0212)
[0.89920848 0.28991756 0.47078958 0.67608686 0.68280334 0.40666944]

MCMC Summary:
-------------
  Number of evaluated samples:        200000
  Number of parallel chains:               5
  Average iterations per chain:        40000
  Burned-in iterations per chain:       2000
  Thinning factor:                         1
  MCMC sample size (thinned, burned): 190000
  Acceptance rate:   16.06%

Parameter name     best fit   median      1sigma_low   1sigma_hi        S/N
--------------- -----------  -----------------------------------  ---------
w                8.9921e-01   8.9612e-01 -3.3008e-02  3.2579e-02       27.4
b                2.8992e-01   2.6104e-01 -1.0032e-01  1.0682e-01        2.8
c                4.7079e-01   5.8682e-01 -2.0722e-01  2.4188e-01        2.3
dzeta            6.7609e-01   6.6557e-01 -1.0080e-01  9.2831e-02        7.2
B0               6.8280e-01   5.3655e-01 -3.5971e-01  3.2828e-01        2.4
h                4.0667e-01   5.0082e-01 -3.3507e-01  3.3507e-01        1.4

  Best-parameter's chi-squared:        0.0212
  Best-parameter's -2*log(posterior):  0.0212
  Bayesian Information Criterion:     16.2695
  Reduced chi-squared:                 0.0024
  Standard deviation of residuals:  0.00321402

For a detailed summary with all parameter posterior statistics see
/home/tenet/Documents/thesis/scripts/photometry/esa/data/inversion/inv-A2_A4_A5-0.9_0.3_0.5_30_statistics.txt

Output sampler files:
  /home/tenet/Documents/thesis/scripts/photometry/esa/data/inversion/inv-A2_A4_A5-0.9_0.3_0.5_30_statistics.txt
  /home/tenet/Documents/thesis/scripts/photometry/esa/data/inversion/inv-A2_A4_A5-0.9_0.3_0.5_30.npz
  /home/tenet/Documents/thesis/scripts/photometry/esa/data/inversion/inv-A2_A4_A5-0.9_0.3_0.5_30.log
