
::::::::::::::::::::::::::::::::::::::::::::::::::::::::::::::::::::::
  Multi-core Markov-chain Monte Carlo (mc3).
  Version 3.2.1.
  Copyright (c) 2015-2025 Patricio Cubillos and collaborators.
  mc3 is open-source software under the MIT license (see LICENSE).
::::::::::::::::::::::::::::::::::::::::::::::::::::::::::::::::::::::

Start MCMC chains  (Sat May 10 15:28:57 2025)

[:         ]  10.0% completed  (Sat May 10 15:28:57 2025)
Out-of-bound Trials:
[ 295 1185  298 3900 3953 4240]
Best Parameters: (chisq=0.0137)
[0.89257616 0.90124488 0.12473102 0.59369529 0.15091371 0.92425737]

[::        ]  20.0% completed  (Sat May 10 15:28:58 2025)
Out-of-bound Trials:
[ 709 2945  797 7947 8575 9043]
Best Parameters: (chisq=0.0137)
[0.89257616 0.90124488 0.12473102 0.59369529 0.15091371 0.92425737]

[:::       ]  30.0% completed  (Sat May 10 15:28:58 2025)
Out-of-bound Trials:
[ 1044  4668  1516 11785 13157 13637]
Best Parameters: (chisq=0.0137)
[0.89257616 0.90124488 0.12473102 0.59369529 0.15091371 0.92425737]

[::::      ]  40.0% completed  (Sat May 10 15:28:58 2025)
Out-of-bound Trials:
[ 1420  6324  2254 15571 17765 18413]
Best Parameters: (chisq=0.0137)
[0.89257616 0.90124488 0.12473102 0.59369529 0.15091371 0.92425737]

[:::::     ]  50.0% completed  (Sat May 10 15:28:59 2025)
Out-of-bound Trials:
[ 1787  8393  3060 19479 22382 22924]
Best Parameters: (chisq=0.0137)
[0.89257616 0.90124488 0.12473102 0.59369529 0.15091371 0.92425737]

[::::::    ]  60.0% completed  (Sat May 10 15:28:59 2025)
Out-of-bound Trials:
[ 2198 11213  3974 23371 26901 27497]
Best Parameters: (chisq=0.0137)
[0.89257616 0.90124488 0.12473102 0.59369529 0.15091371 0.92425737]

[:::::::   ]  70.0% completed  (Sat May 10 15:29:00 2025)
Out-of-bound Trials:
[ 2599 13638  5165 27206 31401 32353]
Best Parameters: (chisq=0.0137)
[0.89257616 0.90124488 0.12473102 0.59369529 0.15091371 0.92425737]

[::::::::  ]  80.0% completed  (Sat May 10 15:29:00 2025)
Out-of-bound Trials:
[ 3031 16062  6587 31187 36085 37064]
Best Parameters: (chisq=0.0137)
[0.89257616 0.90124488 0.12473102 0.59369529 0.15091371 0.92425737]

[::::::::: ]  90.0% completed  (Sat May 10 15:29:01 2025)
Out-of-bound Trials:
[ 3503 19100  7856 35256 41072 41692]
Best Parameters: (chisq=0.0137)
[0.89257616 0.90124488 0.12473102 0.59369529 0.15091371 0.92425737]

[::::::::::] 100.0% completed  (Sat May 10 15:29:01 2025)
Out-of-bound Trials:
[ 3900 21769  9384 39264 45537 46437]
Best Parameters: (chisq=0.0137)
[0.89257616 0.90124488 0.12473102 0.59369529 0.15091371 0.92425737]

MCMC Summary:
-------------
  Number of evaluated samples:        200000
  Number of parallel chains:               5
  Average iterations per chain:        40000
  Burned-in iterations per chain:       2000
  Thinning factor:                         1
  MCMC sample size (thinned, burned): 190000
  Acceptance rate:   10.39%

Parameter name     best fit   median      1sigma_low   1sigma_hi        S/N
--------------- -----------  -----------------------------------  ---------
w                8.9258e-01   8.9183e-01 -4.6817e-02  3.5918e-02       21.2
b                9.0124e-01   9.0641e-01 -6.5449e-02  6.3854e-02       15.7
c                1.2473e-01   1.3059e-01 -3.7075e-02  1.1779e-01        1.1
dzeta            5.9370e-01   5.9405e-01 -3.2440e-01  2.7510e-01        2.2
B0               1.5091e-01   4.4513e-01 -3.0936e-01  3.6739e-01        0.5
h                9.2426e-01   4.9057e-01 -3.3767e-01  3.5171e-01        3.2

  Best-parameter's chi-squared:       0.0137
  Best-parameter's -2*log(posterior): 0.0137
  Bayesian Information Criterion:     9.6704
  Reduced chi-squared:                   nan
  Standard deviation of residuals:  0.00120753

For a detailed summary with all parameter posterior statistics see
/home/tenet/Documents/thesis/scripts/photometry/esa/data/inversion/inv-A2-0.9_0.9_0.1_30_statistics.txt

Output sampler files:
  /home/tenet/Documents/thesis/scripts/photometry/esa/data/inversion/inv-A2-0.9_0.9_0.1_30_statistics.txt
  /home/tenet/Documents/thesis/scripts/photometry/esa/data/inversion/inv-A2-0.9_0.9_0.1_30.npz
  /home/tenet/Documents/thesis/scripts/photometry/esa/data/inversion/inv-A2-0.9_0.9_0.1_30.log
