
::::::::::::::::::::::::::::::::::::::::::::::::::::::::::::::::::::::
  Multi-core Markov-chain Monte Carlo (mc3).
  Version 3.2.1.
  Copyright (c) 2015-2025 Patricio Cubillos and collaborators.
  mc3 is open-source software under the MIT license (see LICENSE).
::::::::::::::::::::::::::::::::::::::::::::::::::::::::::::::::::::::

Start MCMC chains  (Sat May 10 15:30:51 2025)

[:         ]  10.0% completed  (Sat May 10 15:30:51 2025)
Out-of-bound Trials:
[2253  295 3171 3095 4032 4451]
Best Parameters: (chisq=0.0289)
[0.91786842 0.31808416 0.67292438 0.74029116 0.80225485 0.49529379]

[::        ]  20.0% completed  (Sat May 10 15:30:52 2025)
Out-of-bound Trials:
[5194 1229 6682 6617 8656 8863]
Best Parameters: (chisq=0.0289)
[0.91786842 0.31808416 0.67292438 0.74029116 0.80225485 0.49529379]

[:::       ]  30.0% completed  (Sat May 10 15:30:52 2025)
Out-of-bound Trials:
[ 8009  2150 10042  9953 13088 13370]
Best Parameters: (chisq=0.0289)
[0.91786842 0.31808416 0.67292438 0.74029116 0.80225485 0.49529379]

[::::      ]  40.0% completed  (Sat May 10 15:30:53 2025)
Out-of-bound Trials:
[10812  2974 13659 13558 17497 17749]
Best Parameters: (chisq=0.0289)
[0.91786842 0.31808416 0.67292438 0.74029116 0.80225485 0.49529379]

[:::::     ]  50.0% completed  (Sat May 10 15:30:53 2025)
Out-of-bound Trials:
[13688  3981 16986 17230 21952 22021]
Best Parameters: (chisq=0.0289)
[0.91786842 0.31808416 0.67292438 0.74029116 0.80225485 0.49529379]

[::::::    ]  60.0% completed  (Sat May 10 15:30:54 2025)
Out-of-bound Trials:
[16358  4852 20622 20647 26187 26370]
Best Parameters: (chisq=0.0179)
[0.92128284 0.344042   0.97876597 0.67008001 0.06781825 0.11213676]

[:::::::   ]  70.0% completed  (Sat May 10 15:30:54 2025)
Out-of-bound Trials:
[18786  5440 24286 24004 30433 31053]
Best Parameters: (chisq=0.0179)
[0.92128284 0.344042   0.97876597 0.67008001 0.06781825 0.11213676]

[::::::::  ]  80.0% completed  (Sat May 10 15:30:54 2025)
Out-of-bound Trials:
[21679  6562 27839 27443 35059 35793]
Best Parameters: (chisq=0.0115)
[0.91389762 0.31298285 0.78020674 0.71458922 0.5630598  0.58246647]

[::::::::: ]  90.0% completed  (Sat May 10 15:30:55 2025)
Out-of-bound Trials:
[24319  7349 31536 30700 39510 40280]
Best Parameters: (chisq=0.0115)
[0.91389762 0.31298285 0.78020674 0.71458922 0.5630598  0.58246647]

[::::::::::] 100.0% completed  (Sat May 10 15:30:55 2025)
Out-of-bound Trials:
[26802  8284 35165 34012 44054 44673]
Best Parameters: (chisq=0.0115)
[0.91389762 0.31298285 0.78020674 0.71458922 0.5630598  0.58246647]

MCMC Summary:
-------------
  Number of evaluated samples:        200000
  Number of parallel chains:               5
  Average iterations per chain:        40000
  Burned-in iterations per chain:       2000
  Thinning factor:                         1
  MCMC sample size (thinned, burned): 190000
  Acceptance rate:   12.33%

Parameter name     best fit   median      1sigma_low   1sigma_hi        S/N
--------------- -----------  -----------------------------------  ---------
w                9.1390e-01   9.1242e-01 -8.1469e-02  5.8610e-02       14.6
b                3.1298e-01   3.8463e-01 -1.2359e-01  1.3765e-01        1.9
c                7.8021e-01   7.3894e-01 -3.0270e-01  1.8365e-01        3.5
dzeta            7.1459e-01   6.7228e-01 -3.9120e-01  1.5834e-01        2.8
B0               5.6306e-01   5.6209e-01 -3.6112e-01  3.0609e-01        2.0
h                5.8247e-01   5.2478e-01 -3.5678e-01  3.2397e-01        2.0

  Best-parameter's chi-squared:       0.0115
  Best-parameter's -2*log(posterior): 0.0115
  Bayesian Information Criterion:     9.6681
  Reduced chi-squared:                   nan
  Standard deviation of residuals:  0.00143544

For a detailed summary with all parameter posterior statistics see
/home/tenet/Documents/thesis/scripts/photometry/esa/data/inversion/inv-A4-0.9_0.3_0.9_30_statistics.txt

Output sampler files:
  /home/tenet/Documents/thesis/scripts/photometry/esa/data/inversion/inv-A4-0.9_0.3_0.9_30_statistics.txt
  /home/tenet/Documents/thesis/scripts/photometry/esa/data/inversion/inv-A4-0.9_0.3_0.9_30.npz
  /home/tenet/Documents/thesis/scripts/photometry/esa/data/inversion/inv-A4-0.9_0.3_0.9_30.log
