
::::::::::::::::::::::::::::::::::::::::::::::::::::::::::::::::::::::
  Multi-core Markov-chain Monte Carlo (mc3).
  Version 3.2.1.
  Copyright (c) 2015-2025 Patricio Cubillos and collaborators.
  mc3 is open-source software under the MIT license (see LICENSE).
::::::::::::::::::::::::::::::::::::::::::::::::::::::::::::::::::::::

Start MCMC chains  (Sat May 10 16:05:08 2025)

[:         ]  10.0% completed  (Sat May 10 16:05:09 2025)
Out-of-bound Trials:
[   0   56  929  303 4307 3987]
Best Parameters: (chisq=0.0456)
[0.31167072 0.29479148 0.53440487 0.67121805 0.41254856 0.32553269]

[::        ]  20.0% completed  (Sat May 10 16:05:10 2025)
Out-of-bound Trials:
[   3  110 1705  581 8720 8365]
Best Parameters: (chisq=0.0311)
[0.26550543 0.29664337 0.44565455 0.68509576 0.88855032 0.90114357]

[:::       ]  30.0% completed  (Sat May 10 16:05:10 2025)
Out-of-bound Trials:
[    5   171  2726   815 12955 12855]
Best Parameters: (chisq=0.0311)
[0.26550543 0.29664337 0.44565455 0.68509576 0.88855032 0.90114357]

[::::      ]  40.0% completed  (Sat May 10 16:05:11 2025)
Out-of-bound Trials:
[    8   211  3522  1066 17575 17245]
Best Parameters: (chisq=0.0311)
[0.26550543 0.29664337 0.44565455 0.68509576 0.88855032 0.90114357]

[:::::     ]  50.0% completed  (Sat May 10 16:05:11 2025)
Out-of-bound Trials:
[    9   257  4534  1301 22257 21617]
Best Parameters: (chisq=0.0311)
[0.26550543 0.29664337 0.44565455 0.68509576 0.88855032 0.90114357]

[::::::    ]  60.0% completed  (Sat May 10 16:05:12 2025)
Out-of-bound Trials:
[   11   322  5469  1538 26725 25973]
Best Parameters: (chisq=0.0311)
[0.26550543 0.29664337 0.44565455 0.68509576 0.88855032 0.90114357]

[:::::::   ]  70.0% completed  (Sat May 10 16:05:13 2025)
Out-of-bound Trials:
[   14   377  6281  1786 31407 30577]
Best Parameters: (chisq=0.0311)
[0.26550543 0.29664337 0.44565455 0.68509576 0.88855032 0.90114357]

[::::::::  ]  80.0% completed  (Sat May 10 16:05:13 2025)
Out-of-bound Trials:
[   16   426  7227  2019 36004 35118]
Best Parameters: (chisq=0.0311)
[0.26550543 0.29664337 0.44565455 0.68509576 0.88855032 0.90114357]

[::::::::: ]  90.0% completed  (Sat May 10 16:05:14 2025)
Out-of-bound Trials:
[   20   489  8283  2229 40715 39609]
Best Parameters: (chisq=0.0311)
[0.26550543 0.29664337 0.44565455 0.68509576 0.88855032 0.90114357]

[::::::::::] 100.0% completed  (Sat May 10 16:05:14 2025)
Out-of-bound Trials:
[   22   542  9002  2426 45705 44243]
Best Parameters: (chisq=0.0311)
[0.26550543 0.29664337 0.44565455 0.68509576 0.88855032 0.90114357]

MCMC Summary:
-------------
  Number of evaluated samples:        200000
  Number of parallel chains:               5
  Average iterations per chain:        40000
  Burned-in iterations per chain:       2000
  Thinning factor:                         1
  MCMC sample size (thinned, burned): 190000
  Acceptance rate:   14.93%

Parameter name     best fit   median      1sigma_low   1sigma_hi        S/N
--------------- -----------  -----------------------------------  ---------
w                2.6551e-01   3.0286e-01 -3.9995e-02  4.5542e-02        6.1
b                2.9664e-01   2.8517e-01 -7.1558e-02  6.4604e-02        4.5
c                4.4565e-01   5.5050e-01 -1.5030e-01  2.0063e-01        2.7
dzeta            6.8510e-01   6.8292e-01 -8.6441e-02  9.8707e-02        7.5
B0               8.8855e-01   5.1648e-01 -3.5671e-01  3.3195e-01        3.1
h                9.0114e-01   4.7912e-01 -3.1856e-01  3.4388e-01        3.2

  Best-parameter's chi-squared:        0.0311
  Best-parameter's -2*log(posterior):  0.0311
  Bayesian Information Criterion:     18.0055
  Reduced chi-squared:                 0.0022
  Standard deviation of residuals:  0.00051527

For a detailed summary with all parameter posterior statistics see
/home/tenet/Documents/thesis/scripts/photometry/esa/data/inversion/inv-A2_A3_A4_A5-0.3_0.3_0.5_30_statistics.txt

Output sampler files:
  /home/tenet/Documents/thesis/scripts/photometry/esa/data/inversion/inv-A2_A3_A4_A5-0.3_0.3_0.5_30_statistics.txt
  /home/tenet/Documents/thesis/scripts/photometry/esa/data/inversion/inv-A2_A3_A4_A5-0.3_0.3_0.5_30.npz
  /home/tenet/Documents/thesis/scripts/photometry/esa/data/inversion/inv-A2_A3_A4_A5-0.3_0.3_0.5_30.log
