
::::::::::::::::::::::::::::::::::::::::::::::::::::::::::::::::::::::
  Multi-core Markov-chain Monte Carlo (mc3).
  Version 3.2.1.
  Copyright (c) 2015-2025 Patricio Cubillos and collaborators.
  mc3 is open-source software under the MIT license (see LICENSE).
::::::::::::::::::::::::::::::::::::::::::::::::::::::::::::::::::::::

Start MCMC chains  (Sat May 10 15:47:42 2025)

[:         ]  10.0% completed  (Sat May 10 15:47:42 2025)
Out-of-bound Trials:
[  63  166   60 2344 4539 4519]
Best Parameters: (chisq=0.0478)
[0.89973443 0.90055143 0.08577523 0.06554043 0.82204041 0.37104146]

[::        ]  20.0% completed  (Sat May 10 15:47:43 2025)
Out-of-bound Trials:
[  84  253   95 5161 9240 9254]
Best Parameters: (chisq=0.0175)
[0.89889595 0.89826883 0.10055577 0.0219038  0.49296269 0.45945509]

[:::       ]  30.0% completed  (Sat May 10 15:47:43 2025)
Out-of-bound Trials:
[  107   327   136  7727 13824 13993]
Best Parameters: (chisq=0.0175)
[0.89889595 0.89826883 0.10055577 0.0219038  0.49296269 0.45945509]

[::::      ]  40.0% completed  (Sat May 10 15:47:44 2025)
Out-of-bound Trials:
[  122   392   184 10168 18505 18991]
Best Parameters: (chisq=0.0175)
[0.89889595 0.89826883 0.10055577 0.0219038  0.49296269 0.45945509]

[:::::     ]  50.0% completed  (Sat May 10 15:47:44 2025)
Out-of-bound Trials:
[  139   452   230 12610 23099 23944]
Best Parameters: (chisq=0.0175)
[0.89889595 0.89826883 0.10055577 0.0219038  0.49296269 0.45945509]

[::::::    ]  60.0% completed  (Sat May 10 15:47:45 2025)
Out-of-bound Trials:
[  160   525   267 15361 27729 28760]
Best Parameters: (chisq=0.0030)
[0.90034747 0.9022208  0.10011593 0.00863592 0.49465634 0.63489279]

[:::::::   ]  70.0% completed  (Sat May 10 15:47:45 2025)
Out-of-bound Trials:
[  176   585   318 17916 32422 33763]
Best Parameters: (chisq=0.0030)
[0.90034747 0.9022208  0.10011593 0.00863592 0.49465634 0.63489279]

[::::::::  ]  80.0% completed  (Sat May 10 15:47:46 2025)
Out-of-bound Trials:
[  191   653   365 20578 37041 38704]
Best Parameters: (chisq=0.0030)
[0.90034747 0.9022208  0.10011593 0.00863592 0.49465634 0.63489279]

[::::::::: ]  90.0% completed  (Sat May 10 15:47:47 2025)
Out-of-bound Trials:
[  208   724   398 23146 41745 43410]
Best Parameters: (chisq=0.0030)
[0.90034747 0.9022208  0.10011593 0.00863592 0.49465634 0.63489279]

[::::::::::] 100.0% completed  (Sat May 10 15:47:47 2025)
Out-of-bound Trials:
[  228   795   453 25577 46378 48320]
Best Parameters: (chisq=0.0030)
[0.90034747 0.9022208  0.10011593 0.00863592 0.49465634 0.63489279]

MCMC Summary:
-------------
  Number of evaluated samples:        200000
  Number of parallel chains:               5
  Average iterations per chain:        40000
  Burned-in iterations per chain:       2000
  Thinning factor:                         1
  MCMC sample size (thinned, burned): 190000
  Acceptance rate:   18.53%

Parameter name     best fit   median      1sigma_low   1sigma_hi        S/N
--------------- -----------  -----------------------------------  ---------
w                9.0035e-01   8.9996e-01 -1.0304e-02  9.4845e-03       90.4
b                9.0222e-01   8.9411e-01 -2.1370e-02  1.9663e-02       42.6
c                1.0012e-01   1.0760e-01 -2.1167e-02  2.3979e-02        4.7
dzeta            8.6359e-03   8.3064e-02 -5.6062e-02  6.4359e-02        0.2
B0               4.9466e-01   4.3540e-01 -2.9875e-01  3.6723e-01        1.7
h                6.3489e-01   4.8281e-01 -3.4296e-01  3.5318e-01        2.2

  Best-parameter's chi-squared:        0.0030
  Best-parameter's -2*log(posterior):  0.0030
  Bayesian Information Criterion:     16.2513
  Reduced chi-squared:                 0.0003
  Standard deviation of residuals:  0.00137326

For a detailed summary with all parameter posterior statistics see
/home/tenet/Documents/thesis/scripts/photometry/esa/data/inversion/inv-A1_A2_A4-0.9_0.9_0.1_0_statistics.txt

Output sampler files:
  /home/tenet/Documents/thesis/scripts/photometry/esa/data/inversion/inv-A1_A2_A4-0.9_0.9_0.1_0_statistics.txt
  /home/tenet/Documents/thesis/scripts/photometry/esa/data/inversion/inv-A1_A2_A4-0.9_0.9_0.1_0.npz
  /home/tenet/Documents/thesis/scripts/photometry/esa/data/inversion/inv-A1_A2_A4-0.9_0.9_0.1_0.log
