
::::::::::::::::::::::::::::::::::::::::::::::::::::::::::::::::::::::
  Multi-core Markov-chain Monte Carlo (mc3).
  Version 3.2.1.
  Copyright (c) 2015-2025 Patricio Cubillos and collaborators.
  mc3 is open-source software under the MIT license (see LICENSE).
::::::::::::::::::::::::::::::::::::::::::::::::::::::::::::::::::::::

Start MCMC chains  (Sat May 10 15:42:31 2025)

[:         ]  10.0% completed  (Sat May 10 15:42:31 2025)
Out-of-bound Trials:
[ 522 5413 3367  376 4330 4143]
Best Parameters: (chisq=0.1343)
[0.90161986 0.92885409 0.12544558 0.67096783 0.76845528 0.68663564]

[::        ]  20.0% completed  (Sat May 10 15:42:32 2025)
Out-of-bound Trials:
[ 1394 11545  7200   742  9024  8756]
Best Parameters: (chisq=0.1184)
[0.90391832 0.97289208 0.3550519  0.63403265 0.51970609 0.20212268]

[:::       ]  30.0% completed  (Sat May 10 15:42:32 2025)
Out-of-bound Trials:
[ 2122 17476 11210  1199 13442 13673]
Best Parameters: (chisq=0.0742)
[0.902535   0.86481115 0.06398497 0.70757489 0.57587146 0.99169746]

[::::      ]  40.0% completed  (Sat May 10 15:42:32 2025)
Out-of-bound Trials:
[ 3007 23617 15229  1618 18180 17849]
Best Parameters: (chisq=0.0742)
[0.902535   0.86481115 0.06398497 0.70757489 0.57587146 0.99169746]

[:::::     ]  50.0% completed  (Sat May 10 15:42:33 2025)
Out-of-bound Trials:
[ 3816 29485 18845  2023 22713 22641]
Best Parameters: (chisq=0.0742)
[0.902535   0.86481115 0.06398497 0.70757489 0.57587146 0.99169746]

[::::::    ]  60.0% completed  (Sat May 10 15:42:33 2025)
Out-of-bound Trials:
[ 4763 35626 22739  2418 26972 27456]
Best Parameters: (chisq=0.0742)
[0.902535   0.86481115 0.06398497 0.70757489 0.57587146 0.99169746]

[:::::::   ]  70.0% completed  (Sat May 10 15:42:34 2025)
Out-of-bound Trials:
[ 5525 41801 26553  2868 31608 32085]
Best Parameters: (chisq=0.0742)
[0.902535   0.86481115 0.06398497 0.70757489 0.57587146 0.99169746]

[::::::::  ]  80.0% completed  (Sat May 10 15:42:34 2025)
Out-of-bound Trials:
[ 6157 47662 30666  3343 36110 36775]
Best Parameters: (chisq=0.0742)
[0.902535   0.86481115 0.06398497 0.70757489 0.57587146 0.99169746]

[::::::::: ]  90.0% completed  (Sat May 10 15:42:35 2025)
Out-of-bound Trials:
[ 6927 53621 34470  3909 40518 41029]
Best Parameters: (chisq=0.0349)
[0.89750549 0.87936479 0.13023655 0.66175599 0.32778281 0.02372457]

[::::::::::] 100.0% completed  (Sat May 10 15:42:35 2025)
Out-of-bound Trials:
[ 7804 59801 38418  4285 45087 45542]
Best Parameters: (chisq=0.0349)
[0.89750549 0.87936479 0.13023655 0.66175599 0.32778281 0.02372457]

MCMC Summary:
-------------
  Number of evaluated samples:        200000
  Number of parallel chains:               5
  Average iterations per chain:        40000
  Burned-in iterations per chain:       2000
  Thinning factor:                         1
  MCMC sample size (thinned, burned): 190000
  Acceptance rate:   7.93%

Parameter name     best fit   median      1sigma_low   1sigma_hi        S/N
--------------- -----------  -----------------------------------  ---------
w                8.9751e-01   8.5104e-01 -1.0970e-01  5.1789e-02       12.1
b                8.7936e-01   5.4303e-01 -3.7805e-01  4.1837e-01        2.6
c                1.3024e-01   2.5669e-01 -1.6354e-01  3.5322e-01        0.5
dzeta            6.6176e-01   7.1036e-01 -1.1145e-01  1.0502e-01        6.4
B0               3.2778e-01   4.6819e-01 -3.2194e-01  3.5081e-01        1.1
h                2.3725e-02   4.7090e-01 -3.2719e-01  3.5051e-01        0.1

  Best-parameter's chi-squared:        0.0349
  Best-parameter's -2*log(posterior):  0.0349
  Bayesian Information Criterion:     13.8504
  Reduced chi-squared:                 0.0087
  Standard deviation of residuals:  0.00142418

For a detailed summary with all parameter posterior statistics see
/home/tenet/Documents/thesis/scripts/photometry/esa/data/inversion/inv-A3_A4-0.9_0.9_0.1_30_statistics.txt

Output sampler files:
  /home/tenet/Documents/thesis/scripts/photometry/esa/data/inversion/inv-A3_A4-0.9_0.9_0.1_30_statistics.txt
  /home/tenet/Documents/thesis/scripts/photometry/esa/data/inversion/inv-A3_A4-0.9_0.9_0.1_30.npz
  /home/tenet/Documents/thesis/scripts/photometry/esa/data/inversion/inv-A3_A4-0.9_0.9_0.1_30.log
