
::::::::::::::::::::::::::::::::::::::::::::::::::::::::::::::::::::::
  Multi-core Markov-chain Monte Carlo (mc3).
  Version 3.2.1.
  Copyright (c) 2015-2025 Patricio Cubillos and collaborators.
  mc3 is open-source software under the MIT license (see LICENSE).
::::::::::::::::::::::::::::::::::::::::::::::::::::::::::::::::::::::

Start MCMC chains  (Sat May 10 15:34:03 2025)

[:         ]  10.0% completed  (Sat May 10 15:34:03 2025)
Out-of-bound Trials:
[ 190 3850 2919 2130 4281 4397]
Best Parameters: (chisq=0.0442)
[0.30349882 0.25009153 0.47898565 0.66392757 0.72787307 0.1443827 ]

[::        ]  20.0% completed  (Sat May 10 15:34:04 2025)
Out-of-bound Trials:
[ 427 8997 6231 4603 8572 8765]
Best Parameters: (chisq=0.0442)
[0.30349882 0.25009153 0.47898565 0.66392757 0.72787307 0.1443827 ]

[:::       ]  30.0% completed  (Sat May 10 15:34:04 2025)
Out-of-bound Trials:
[  674 13866  9551  7236 12956 13411]
Best Parameters: (chisq=0.0442)
[0.30349882 0.25009153 0.47898565 0.66392757 0.72787307 0.1443827 ]

[::::      ]  40.0% completed  (Sat May 10 15:34:05 2025)
Out-of-bound Trials:
[  981 18410 12726  9371 17534 17908]
Best Parameters: (chisq=0.0391)
[0.27504037 0.30131654 0.52315284 0.62792341 0.47522598 0.96929351]

[:::::     ]  50.0% completed  (Sat May 10 15:34:05 2025)
Out-of-bound Trials:
[ 1214 23200 15879 11446 22073 22700]
Best Parameters: (chisq=0.0391)
[0.27504037 0.30131654 0.52315284 0.62792341 0.47522598 0.96929351]

[::::::    ]  60.0% completed  (Sat May 10 15:34:06 2025)
Out-of-bound Trials:
[ 1440 27977 19173 13779 26814 27154]
Best Parameters: (chisq=0.0391)
[0.27504037 0.30131654 0.52315284 0.62792341 0.47522598 0.96929351]

[:::::::   ]  70.0% completed  (Sat May 10 15:34:06 2025)
Out-of-bound Trials:
[ 1680 32894 22242 16001 31339 31765]
Best Parameters: (chisq=0.0391)
[0.27504037 0.30131654 0.52315284 0.62792341 0.47522598 0.96929351]

[::::::::  ]  80.0% completed  (Sat May 10 15:34:07 2025)
Out-of-bound Trials:
[ 1914 37899 25122 18210 36251 36365]
Best Parameters: (chisq=0.0391)
[0.27504037 0.30131654 0.52315284 0.62792341 0.47522598 0.96929351]

[::::::::: ]  90.0% completed  (Sat May 10 15:34:07 2025)
Out-of-bound Trials:
[ 2177 42486 28317 20613 40731 40813]
Best Parameters: (chisq=0.0391)
[0.27504037 0.30131654 0.52315284 0.62792341 0.47522598 0.96929351]

[::::::::::] 100.0% completed  (Sat May 10 15:34:08 2025)
Out-of-bound Trials:
[ 2475 47204 31587 22756 45358 45679]
Best Parameters: (chisq=0.0210)
[0.32430066 0.32503103 0.56447264 0.64911263 0.11594809 0.56317845]

MCMC Summary:
-------------
  Number of evaluated samples:        200000
  Number of parallel chains:               5
  Average iterations per chain:        40000
  Burned-in iterations per chain:       2000
  Thinning factor:                         1
  MCMC sample size (thinned, burned): 190000
  Acceptance rate:   10.32%

Parameter name     best fit   median      1sigma_low   1sigma_hi        S/N
--------------- -----------  -----------------------------------  ---------
w                3.2430e-01   3.7585e-01 -1.2351e-01  1.8346e-01        2.4
b                3.2503e-01   4.0609e-01 -2.6246e-01  4.4245e-01        1.1
c                5.6447e-01   4.9090e-01 -2.7264e-01  2.9130e-01        2.3
dzeta            6.4911e-01   6.7732e-01 -2.0609e-01  2.0790e-01        3.4
B0               1.1595e-01   4.7935e-01 -3.2841e-01  3.5786e-01        0.4
h                5.6318e-01   4.8853e-01 -3.3640e-01  3.5007e-01        1.9

  Best-parameter's chi-squared:        0.0210
  Best-parameter's -2*log(posterior):  0.0210
  Bayesian Information Criterion:     13.8365
  Reduced chi-squared:                 0.0053
  Standard deviation of residuals:  0.000423395

For a detailed summary with all parameter posterior statistics see
/home/tenet/Documents/thesis/scripts/photometry/esa/data/inversion/inv-A1_A3-0.3_0.3_0.5_30_statistics.txt

Output sampler files:
  /home/tenet/Documents/thesis/scripts/photometry/esa/data/inversion/inv-A1_A3-0.3_0.3_0.5_30_statistics.txt
  /home/tenet/Documents/thesis/scripts/photometry/esa/data/inversion/inv-A1_A3-0.3_0.3_0.5_30.npz
  /home/tenet/Documents/thesis/scripts/photometry/esa/data/inversion/inv-A1_A3-0.3_0.3_0.5_30.log
