
::::::::::::::::::::::::::::::::::::::::::::::::::::::::::::::::::::::
  Multi-core Markov-chain Monte Carlo (mc3).
  Version 3.2.1.
  Copyright (c) 2015-2025 Patricio Cubillos and collaborators.
  mc3 is open-source software under the MIT license (see LICENSE).
::::::::::::::::::::::::::::::::::::::::::::::::::::::::::::::::::::::

Start MCMC chains  (Sat May 10 15:33:00 2025)

[:         ]  10.0% completed  (Sat May 10 15:33:00 2025)
Out-of-bound Trials:
[ 186 1003  456 2271 4227 4016]
Best Parameters: (chisq=0.0377)
[0.2933169  0.9012838  0.10937213 0.6469095  0.33649216 0.98765884]

[::        ]  20.0% completed  (Sat May 10 15:33:01 2025)
Out-of-bound Trials:
[ 377 2108 1049 5078 8727 8543]
Best Parameters: (chisq=0.0305)
[0.29105352 0.89550115 0.08393758 0.71325469 0.87092507 0.81984444]

[:::       ]  30.0% completed  (Sat May 10 15:33:01 2025)
Out-of-bound Trials:
[  727  3340  1827  8164 13342 13098]
Best Parameters: (chisq=0.0305)
[0.29105352 0.89550115 0.08393758 0.71325469 0.87092507 0.81984444]

[::::      ]  40.0% completed  (Sat May 10 15:33:02 2025)
Out-of-bound Trials:
[  928  4946  2517 11107 17956 17612]
Best Parameters: (chisq=0.0305)
[0.29105352 0.89550115 0.08393758 0.71325469 0.87092507 0.81984444]

[:::::     ]  50.0% completed  (Sat May 10 15:33:02 2025)
Out-of-bound Trials:
[ 1127  6239  3278 13990 22473 22185]
Best Parameters: (chisq=0.0305)
[0.29105352 0.89550115 0.08393758 0.71325469 0.87092507 0.81984444]

[::::::    ]  60.0% completed  (Sat May 10 15:33:03 2025)
Out-of-bound Trials:
[ 1377  8608  4028 17024 27331 26838]
Best Parameters: (chisq=0.0305)
[0.29105352 0.89550115 0.08393758 0.71325469 0.87092507 0.81984444]

[:::::::   ]  70.0% completed  (Sat May 10 15:33:03 2025)
Out-of-bound Trials:
[ 1580 10872  5242 19931 31905 31255]
Best Parameters: (chisq=0.0305)
[0.29105352 0.89550115 0.08393758 0.71325469 0.87092507 0.81984444]

[::::::::  ]  80.0% completed  (Sat May 10 15:33:04 2025)
Out-of-bound Trials:
[ 2009 12775  6546 23197 36406 35975]
Best Parameters: (chisq=0.0305)
[0.29105352 0.89550115 0.08393758 0.71325469 0.87092507 0.81984444]

[::::::::: ]  90.0% completed  (Sat May 10 15:33:04 2025)
Out-of-bound Trials:
[ 2220 15508  7831 26135 41029 40454]
Best Parameters: (chisq=0.0305)
[0.29105352 0.89550115 0.08393758 0.71325469 0.87092507 0.81984444]

[::::::::::] 100.0% completed  (Sat May 10 15:33:05 2025)
Out-of-bound Trials:
[ 2483 17311  9359 29095 45569 45117]
Best Parameters: (chisq=0.0305)
[0.29105352 0.89550115 0.08393758 0.71325469 0.87092507 0.81984444]

MCMC Summary:
-------------
  Number of evaluated samples:        200000
  Number of parallel chains:               5
  Average iterations per chain:        40000
  Burned-in iterations per chain:       2000
  Thinning factor:                         1
  MCMC sample size (thinned, burned): 190000
  Acceptance rate:   9.35%

Parameter name     best fit   median      1sigma_low   1sigma_hi        S/N
--------------- -----------  -----------------------------------  ---------
w                2.9105e-01   2.8468e-01 -9.6724e-02  6.8474e-02        3.6
b                8.9550e-01   9.1372e-01 -4.4278e-02  5.6989e-02       20.2
c                8.3938e-02   1.5256e-01 -5.0742e-02  1.2641e-01        0.7
dzeta            7.1325e-01   5.6198e-01 -2.7047e-01  2.5172e-01        2.9
B0               8.7093e-01   4.3283e-01 -3.0791e-01  3.6920e-01        3.0
h                8.1984e-01   5.0802e-01 -3.4724e-01  3.3134e-01        2.8

  Best-parameter's chi-squared:        0.0305
  Best-parameter's -2*log(posterior):  0.0305
  Bayesian Information Criterion:     13.8460
  Reduced chi-squared:                 0.0076
  Standard deviation of residuals:  0.00110666

For a detailed summary with all parameter posterior statistics see
/home/tenet/Documents/thesis/scripts/photometry/esa/data/inversion/inv-A1_A2-0.3_0.9_0.1_30_statistics.txt

Output sampler files:
  /home/tenet/Documents/thesis/scripts/photometry/esa/data/inversion/inv-A1_A2-0.3_0.9_0.1_30_statistics.txt
  /home/tenet/Documents/thesis/scripts/photometry/esa/data/inversion/inv-A1_A2-0.3_0.9_0.1_30.npz
  /home/tenet/Documents/thesis/scripts/photometry/esa/data/inversion/inv-A1_A2-0.3_0.9_0.1_30.log
