
::::::::::::::::::::::::::::::::::::::::::::::::::::::::::::::::::::::
  Multi-core Markov-chain Monte Carlo (mc3).
  Version 3.2.1.
  Copyright (c) 2015-2025 Patricio Cubillos and collaborators.
  mc3 is open-source software under the MIT license (see LICENSE).
::::::::::::::::::::::::::::::::::::::::::::::::::::::::::::::::::::::

Start MCMC chains  (Sat May 10 15:30:00 2025)

[:         ]  10.0% completed  (Sat May 10 15:30:00 2025)
Out-of-bound Trials:
[ 471 4420 3735 2105 4345 3969]
Best Parameters: (chisq=0.0119)
[0.89776017 0.87259289 0.23234415 0.05722548 0.07804169 0.09642531]

[::        ]  20.0% completed  (Sat May 10 15:30:01 2025)
Out-of-bound Trials:
[1145 9214 7573 4269 8847 8348]
Best Parameters: (chisq=0.0119)
[0.89776017 0.87259289 0.23234415 0.05722548 0.07804169 0.09642531]

[:::       ]  30.0% completed  (Sat May 10 15:30:01 2025)
Out-of-bound Trials:
[ 1793 13911 11768  6173 13363 12778]
Best Parameters: (chisq=0.0119)
[0.89776017 0.87259289 0.23234415 0.05722548 0.07804169 0.09642531]

[::::      ]  40.0% completed  (Sat May 10 15:30:02 2025)
Out-of-bound Trials:
[ 2414 18468 15992  8202 17989 17202]
Best Parameters: (chisq=0.0119)
[0.89776017 0.87259289 0.23234415 0.05722548 0.07804169 0.09642531]

[:::::     ]  50.0% completed  (Sat May 10 15:30:02 2025)
Out-of-bound Trials:
[ 2981 23130 20049 10077 22590 21633]
Best Parameters: (chisq=0.0119)
[0.89776017 0.87259289 0.23234415 0.05722548 0.07804169 0.09642531]

[::::::    ]  60.0% completed  (Sat May 10 15:30:03 2025)
Out-of-bound Trials:
[ 3599 27849 24273 11815 27080 26238]
Best Parameters: (chisq=0.0119)
[0.89776017 0.87259289 0.23234415 0.05722548 0.07804169 0.09642531]

[:::::::   ]  70.0% completed  (Sat May 10 15:30:03 2025)
Out-of-bound Trials:
[ 4255 32497 28523 13795 31658 30912]
Best Parameters: (chisq=0.0119)
[0.89776017 0.87259289 0.23234415 0.05722548 0.07804169 0.09642531]

[::::::::  ]  80.0% completed  (Sat May 10 15:30:03 2025)
Out-of-bound Trials:
[ 4842 37571 32645 15547 36190 35566]
Best Parameters: (chisq=0.0119)
[0.89776017 0.87259289 0.23234415 0.05722548 0.07804169 0.09642531]

[::::::::: ]  90.0% completed  (Sat May 10 15:30:04 2025)
Out-of-bound Trials:
[ 5362 42712 36902 17051 40603 40088]
Best Parameters: (chisq=0.0119)
[0.89776017 0.87259289 0.23234415 0.05722548 0.07804169 0.09642531]

[::::::::::] 100.0% completed  (Sat May 10 15:30:04 2025)
Out-of-bound Trials:
[ 5978 47393 41027 19071 45095 44791]
Best Parameters: (chisq=0.0119)
[0.89776017 0.87259289 0.23234415 0.05722548 0.07804169 0.09642531]

MCMC Summary:
-------------
  Number of evaluated samples:        200000
  Number of parallel chains:               5
  Average iterations per chain:        40000
  Burned-in iterations per chain:       2000
  Thinning factor:                         1
  MCMC sample size (thinned, burned): 190000
  Acceptance rate:   12.86%

Parameter name     best fit   median      1sigma_low   1sigma_hi        S/N
--------------- -----------  -----------------------------------  ---------
w                8.9776e-01   8.4197e-01 -8.9524e-02  5.5577e-02       13.1
b                8.7259e-01   5.7400e-01 -3.9856e-01  2.9122e-01        3.0
c                2.3234e-01   3.5349e-01 -2.5099e-01  3.5320e-01        0.9
dzeta            5.7225e-02   2.3669e-01 -1.4771e-01  1.2100e-01        0.5
B0               7.8042e-02   4.9034e-01 -3.2944e-01  3.4437e-01        0.3
h                9.6425e-02   4.9385e-01 -3.4489e-01  3.4462e-01        0.3

  Best-parameter's chi-squared:       0.0119
  Best-parameter's -2*log(posterior): 0.0119
  Bayesian Information Criterion:     9.6685
  Reduced chi-squared:                   nan
  Standard deviation of residuals:  0.00156718

For a detailed summary with all parameter posterior statistics see
/home/tenet/Documents/thesis/scripts/photometry/esa/data/inversion/inv-A3-0.9_0.9_0.1_0_statistics.txt

Output sampler files:
  /home/tenet/Documents/thesis/scripts/photometry/esa/data/inversion/inv-A3-0.9_0.9_0.1_0_statistics.txt
  /home/tenet/Documents/thesis/scripts/photometry/esa/data/inversion/inv-A3-0.9_0.9_0.1_0.npz
  /home/tenet/Documents/thesis/scripts/photometry/esa/data/inversion/inv-A3-0.9_0.9_0.1_0.log
