
::::::::::::::::::::::::::::::::::::::::::::::::::::::::::::::::::::::
  Multi-core Markov-chain Monte Carlo (mc3).
  Version 3.2.1.
  Copyright (c) 2015-2025 Patricio Cubillos and collaborators.
  mc3 is open-source software under the MIT license (see LICENSE).
::::::::::::::::::::::::::::::::::::::::::::::::::::::::::::::::::::::

Start MCMC chains  (Sat May 10 15:47:55 2025)

[:         ]  10.0% completed  (Sat May 10 15:47:56 2025)
Out-of-bound Trials:
[   0    6 1668 2614 4003 4381]
Best Parameters: (chisq=0.0383)
[0.2746344  0.28148088 0.88111541 0.07818022 0.80476936 0.55196565]

[::        ]  20.0% completed  (Sat May 10 15:47:56 2025)
Out-of-bound Trials:
[   0   12 3599 5284 8468 9077]
Best Parameters: (chisq=0.0383)
[0.2746344  0.28148088 0.88111541 0.07818022 0.80476936 0.55196565]

[:::       ]  30.0% completed  (Sat May 10 15:47:57 2025)
Out-of-bound Trials:
[    0    18  5172  8090 13033 13548]
Best Parameters: (chisq=0.0347)
[0.28650513 0.30305184 0.88778793 0.04562551 0.5387429  0.85853967]

[::::      ]  40.0% completed  (Sat May 10 15:47:57 2025)
Out-of-bound Trials:
[    0    26  6781 10791 17426 17965]
Best Parameters: (chisq=0.0195)
[0.26761191 0.29003191 0.86514225 0.07878347 0.81524576 0.71627839]

[:::::     ]  50.0% completed  (Sat May 10 15:47:58 2025)
Out-of-bound Trials:
[    0    35  8701 13501 22007 22860]
Best Parameters: (chisq=0.0195)
[0.26761191 0.29003191 0.86514225 0.07878347 0.81524576 0.71627839]

[::::::    ]  60.0% completed  (Sat May 10 15:47:58 2025)
Out-of-bound Trials:
[    0    49 10405 16413 26308 27367]
Best Parameters: (chisq=0.0133)
[0.297256   0.30264942 0.89781824 0.00849008 0.49461178 0.57639848]

[:::::::   ]  70.0% completed  (Sat May 10 15:47:59 2025)
Out-of-bound Trials:
[    0    56 11934 19053 30905 31547]
Best Parameters: (chisq=0.0133)
[0.297256   0.30264942 0.89781824 0.00849008 0.49461178 0.57639848]

[::::::::  ]  80.0% completed  (Sat May 10 15:47:59 2025)
Out-of-bound Trials:
[    0    62 13493 21573 35484 36088]
Best Parameters: (chisq=0.0133)
[0.297256   0.30264942 0.89781824 0.00849008 0.49461178 0.57639848]

[::::::::: ]  90.0% completed  (Sat May 10 15:48:00 2025)
Out-of-bound Trials:
[    0    69 15055 24519 40006 40705]
Best Parameters: (chisq=0.0133)
[0.297256   0.30264942 0.89781824 0.00849008 0.49461178 0.57639848]

[::::::::::] 100.0% completed  (Sat May 10 15:48:00 2025)
Out-of-bound Trials:
[    0    75 16806 27234 44756 45187]
Best Parameters: (chisq=0.0133)
[0.297256   0.30264942 0.89781824 0.00849008 0.49461178 0.57639848]

MCMC Summary:
-------------
  Number of evaluated samples:        200000
  Number of parallel chains:               5
  Average iterations per chain:        40000
  Burned-in iterations per chain:       2000
  Thinning factor:                         1
  MCMC sample size (thinned, burned): 190000
  Acceptance rate:   16.66%

Parameter name     best fit   median      1sigma_low   1sigma_hi        S/N
--------------- -----------  -----------------------------------  ---------
w                2.9726e-01   3.0805e-01 -3.2021e-02  2.8669e-02       10.7
b                3.0265e-01   3.0081e-01 -3.4748e-02  3.3246e-02        9.1
c                8.9782e-01   9.0773e-01 -5.1822e-02  4.9009e-02       18.8
dzeta            8.4901e-03   7.9681e-02 -5.5199e-02  6.2761e-02        0.2
B0               4.9461e-01   5.3017e-01 -3.3910e-01  3.1606e-01        1.8
h                5.7640e-01   5.0136e-01 -3.2606e-01  3.3985e-01        2.0

  Best-parameter's chi-squared:        0.0133
  Best-parameter's -2*log(posterior):  0.0133
  Bayesian Information Criterion:     16.2616
  Reduced chi-squared:                 0.0015
  Standard deviation of residuals:  0.000521432

For a detailed summary with all parameter posterior statistics see
/home/tenet/Documents/thesis/scripts/photometry/esa/data/inversion/inv-A1_A2_A5-0.3_0.3_0.9_0_statistics.txt

Output sampler files:
  /home/tenet/Documents/thesis/scripts/photometry/esa/data/inversion/inv-A1_A2_A5-0.3_0.3_0.9_0_statistics.txt
  /home/tenet/Documents/thesis/scripts/photometry/esa/data/inversion/inv-A1_A2_A5-0.3_0.3_0.9_0.npz
  /home/tenet/Documents/thesis/scripts/photometry/esa/data/inversion/inv-A1_A2_A5-0.3_0.3_0.9_0.log
