
::::::::::::::::::::::::::::::::::::::::::::::::::::::::::::::::::::::
  Multi-core Markov-chain Monte Carlo (mc3).
  Version 3.2.1.
  Copyright (c) 2015-2025 Patricio Cubillos and collaborators.
  mc3 is open-source software under the MIT license (see LICENSE).
::::::::::::::::::::::::::::::::::::::::::::::::::::::::::::::::::::::

Start MCMC chains  (Sat May 10 15:57:30 2025)

[:         ]  10.0% completed  (Sat May 10 15:57:30 2025)
Out-of-bound Trials:
[   0    7 2332 2382 3685 3626]
Best Parameters: (chisq=0.0157)
[0.28699589 0.29442348 0.8752291  0.05083691 0.72039257 0.46961589]

[::        ]  20.0% completed  (Sat May 10 15:57:31 2025)
Out-of-bound Trials:
[   0   13 5008 4891 8129 7773]
Best Parameters: (chisq=0.0157)
[0.28699589 0.29442348 0.8752291  0.05083691 0.72039257 0.46961589]

[:::       ]  30.0% completed  (Sat May 10 15:57:31 2025)
Out-of-bound Trials:
[    0    23  7744  7266 12597 12198]
Best Parameters: (chisq=0.0157)
[0.28699589 0.29442348 0.8752291  0.05083691 0.72039257 0.46961589]

[::::      ]  40.0% completed  (Sat May 10 15:57:32 2025)
Out-of-bound Trials:
[    0    36 10445  9936 17014 16547]
Best Parameters: (chisq=0.0157)
[0.28699589 0.29442348 0.8752291  0.05083691 0.72039257 0.46961589]

[:::::     ]  50.0% completed  (Sat May 10 15:57:32 2025)
Out-of-bound Trials:
[    0    48 13142 12630 21539 20795]
Best Parameters: (chisq=0.0157)
[0.28699589 0.29442348 0.8752291  0.05083691 0.72039257 0.46961589]

[::::::    ]  60.0% completed  (Sat May 10 15:57:33 2025)
Out-of-bound Trials:
[    0    57 15590 15027 26258 25287]
Best Parameters: (chisq=0.0157)
[0.28699589 0.29442348 0.8752291  0.05083691 0.72039257 0.46961589]

[:::::::   ]  70.0% completed  (Sat May 10 15:57:33 2025)
Out-of-bound Trials:
[    0    63 18197 17451 30864 29547]
Best Parameters: (chisq=0.0157)
[0.28699589 0.29442348 0.8752291  0.05083691 0.72039257 0.46961589]

[::::::::  ]  80.0% completed  (Sat May 10 15:57:34 2025)
Out-of-bound Trials:
[    1    78 20630 20194 35449 33865]
Best Parameters: (chisq=0.0157)
[0.28699589 0.29442348 0.8752291  0.05083691 0.72039257 0.46961589]

[::::::::: ]  90.0% completed  (Sat May 10 15:57:34 2025)
Out-of-bound Trials:
[    1    90 23619 23009 39901 38454]
Best Parameters: (chisq=0.0115)
[0.30703423 0.29853162 0.91379479 0.03759177 0.44262219 0.4200525 ]

[::::::::::] 100.0% completed  (Sat May 10 15:57:35 2025)
Out-of-bound Trials:
[    1   102 26243 25652 44647 43063]
Best Parameters: (chisq=0.0115)
[0.30703423 0.29853162 0.91379479 0.03759177 0.44262219 0.4200525 ]

MCMC Summary:
-------------
  Number of evaluated samples:        200000
  Number of parallel chains:               5
  Average iterations per chain:        40000
  Burned-in iterations per chain:       2000
  Thinning factor:                         1
  MCMC sample size (thinned, burned): 190000
  Acceptance rate:   17.49%

Parameter name     best fit   median      1sigma_low   1sigma_hi        S/N
--------------- -----------  -----------------------------------  ---------
w                3.0703e-01   3.1447e-01 -3.4166e-02  3.1270e-02       10.0
b                2.9853e-01   3.1548e-01 -4.3030e-02  4.5190e-02        6.8
c                9.1379e-01   8.5583e-01 -1.2419e-01  9.5155e-02        8.9
dzeta            3.7592e-02   8.8706e-02 -6.0412e-02  6.5469e-02        0.7
B0               4.4262e-01   5.1802e-01 -3.4032e-01  3.3039e-01        1.6
h                4.2005e-01   5.2312e-01 -3.4071e-01  3.2089e-01        1.5

  Best-parameter's chi-squared:        0.0115
  Best-parameter's -2*log(posterior):  0.0115
  Bayesian Information Criterion:     16.2598
  Reduced chi-squared:                 0.0013
  Standard deviation of residuals:  0.000301008

For a detailed summary with all parameter posterior statistics see
/home/tenet/Documents/thesis/scripts/photometry/esa/data/inversion/inv-A3_A4_A5-0.3_0.3_0.9_0_statistics.txt

Output sampler files:
  /home/tenet/Documents/thesis/scripts/photometry/esa/data/inversion/inv-A3_A4_A5-0.3_0.3_0.9_0_statistics.txt
  /home/tenet/Documents/thesis/scripts/photometry/esa/data/inversion/inv-A3_A4_A5-0.3_0.3_0.9_0.npz
  /home/tenet/Documents/thesis/scripts/photometry/esa/data/inversion/inv-A3_A4_A5-0.3_0.3_0.9_0.log
