
::::::::::::::::::::::::::::::::::::::::::::::::::::::::::::::::::::::
  Multi-core Markov-chain Monte Carlo (mc3).
  Version 3.2.1.
  Copyright (c) 2015-2025 Patricio Cubillos and collaborators.
  mc3 is open-source software under the MIT license (see LICENSE).
::::::::::::::::::::::::::::::::::::::::::::::::::::::::::::::::::::::

Start MCMC chains  (Sat May 10 15:58:32 2025)

[:         ]  10.0% completed  (Sat May 10 15:58:32 2025)
Out-of-bound Trials:
[ 711 1937 2429  163 4152 3894]
Best Parameters: (chisq=0.0128)
[0.89712964 0.27383887 0.49351901 0.67734362 0.73189352 0.33366903]

[::        ]  20.0% completed  (Sat May 10 15:58:33 2025)
Out-of-bound Trials:
[1538 4391 5498  376 8696 8403]
Best Parameters: (chisq=0.0128)
[0.89712964 0.27383887 0.49351901 0.67734362 0.73189352 0.33366903]

[:::       ]  30.0% completed  (Sat May 10 15:58:33 2025)
Out-of-bound Trials:
[ 2245  6896  8640   532 13199 13096]
Best Parameters: (chisq=0.0128)
[0.89712964 0.27383887 0.49351901 0.67734362 0.73189352 0.33366903]

[::::      ]  40.0% completed  (Sat May 10 15:58:34 2025)
Out-of-bound Trials:
[ 2797  9093 11569   697 17616 17766]
Best Parameters: (chisq=0.0128)
[0.89712964 0.27383887 0.49351901 0.67734362 0.73189352 0.33366903]

[:::::     ]  50.0% completed  (Sat May 10 15:58:34 2025)
Out-of-bound Trials:
[ 3620 11386 14524   862 22166 22081]
Best Parameters: (chisq=0.0128)
[0.89712964 0.27383887 0.49351901 0.67734362 0.73189352 0.33366903]

[::::::    ]  60.0% completed  (Sat May 10 15:58:35 2025)
Out-of-bound Trials:
[ 4323 13785 17500  1066 26571 26551]
Best Parameters: (chisq=0.0128)
[0.89712964 0.27383887 0.49351901 0.67734362 0.73189352 0.33366903]

[:::::::   ]  70.0% completed  (Sat May 10 15:58:35 2025)
Out-of-bound Trials:
[ 5037 16407 20652  1203 31029 31067]
Best Parameters: (chisq=0.0128)
[0.89712964 0.27383887 0.49351901 0.67734362 0.73189352 0.33366903]

[::::::::  ]  80.0% completed  (Sat May 10 15:58:36 2025)
Out-of-bound Trials:
[ 5671 18752 23612  1389 35519 35749]
Best Parameters: (chisq=0.0128)
[0.89712964 0.27383887 0.49351901 0.67734362 0.73189352 0.33366903]

[::::::::: ]  90.0% completed  (Sat May 10 15:58:36 2025)
Out-of-bound Trials:
[ 6292 21146 26692  1527 40112 40463]
Best Parameters: (chisq=0.0128)
[0.89712964 0.27383887 0.49351901 0.67734362 0.73189352 0.33366903]

[::::::::::] 100.0% completed  (Sat May 10 15:58:37 2025)
Out-of-bound Trials:
[ 6902 23289 29541  1692 44352 44965]
Best Parameters: (chisq=0.0128)
[0.89712964 0.27383887 0.49351901 0.67734362 0.73189352 0.33366903]

MCMC Summary:
-------------
  Number of evaluated samples:        200000
  Number of parallel chains:               5
  Average iterations per chain:        40000
  Burned-in iterations per chain:       2000
  Thinning factor:                         1
  MCMC sample size (thinned, burned): 190000
  Acceptance rate:   14.48%

Parameter name     best fit   median      1sigma_low   1sigma_hi        S/N
--------------- -----------  -----------------------------------  ---------
w                8.9713e-01   9.0979e-01 -3.5998e-02  3.6871e-02       25.7
b                2.7384e-01   2.6483e-01 -1.4820e-01  1.7169e-01        1.5
c                4.9352e-01   4.9598e-01 -2.6959e-01  2.7545e-01        2.0
dzeta            6.7734e-01   6.9812e-01 -1.0163e-01  9.0220e-02        7.4
B0               7.3189e-01   5.1123e-01 -3.4170e-01  3.2889e-01        2.6
h                3.3367e-01   5.0376e-01 -3.4595e-01  3.3988e-01        1.2

  Best-parameter's chi-squared:        0.0128
  Best-parameter's -2*log(posterior):  0.0128
  Bayesian Information Criterion:     16.2611
  Reduced chi-squared:                 0.0014
  Standard deviation of residuals:  0.00105328

For a detailed summary with all parameter posterior statistics see
/home/tenet/Documents/thesis/scripts/photometry/esa/data/inversion/inv-A3_A4_A5-0.9_0.3_0.5_30_statistics.txt

Output sampler files:
  /home/tenet/Documents/thesis/scripts/photometry/esa/data/inversion/inv-A3_A4_A5-0.9_0.3_0.5_30_statistics.txt
  /home/tenet/Documents/thesis/scripts/photometry/esa/data/inversion/inv-A3_A4_A5-0.9_0.3_0.5_30.npz
  /home/tenet/Documents/thesis/scripts/photometry/esa/data/inversion/inv-A3_A4_A5-0.9_0.3_0.5_30.log
