
::::::::::::::::::::::::::::::::::::::::::::::::::::::::::::::::::::::
  Multi-core Markov-chain Monte Carlo (mc3).
  Version 3.2.1.
  Copyright (c) 2015-2025 Patricio Cubillos and collaborators.
  mc3 is open-source software under the MIT license (see LICENSE).
::::::::::::::::::::::::::::::::::::::::::::::::::::::::::::::::::::::

Start MCMC chains  (Sat May 10 15:27:25 2025)

[:         ]  10.0% completed  (Sat May 10 15:27:25 2025)
Out-of-bound Trials:
[3305 3771 4381  825 4234 4400]
Best Parameters: (chisq=0.0223)
[0.89422285 0.30869781 0.97288145 0.63039925 0.67943672 0.2073412 ]

[::        ]  20.0% completed  (Sat May 10 15:27:26 2025)
Out-of-bound Trials:
[6501 7742 8906 1665 8578 8918]
Best Parameters: (chisq=0.0041)
[0.86949709 0.25367971 0.94701983 0.64555425 0.54784925 0.84351484]

[:::       ]  30.0% completed  (Sat May 10 15:27:26 2025)
Out-of-bound Trials:
[ 9749 11398 13427  2576 13091 13244]
Best Parameters: (chisq=0.0041)
[0.86949709 0.25367971 0.94701983 0.64555425 0.54784925 0.84351484]

[::::      ]  40.0% completed  (Sat May 10 15:27:26 2025)
Out-of-bound Trials:
[12848 15258 18264  3670 17447 17801]
Best Parameters: (chisq=0.0041)
[0.86949709 0.25367971 0.94701983 0.64555425 0.54784925 0.84351484]

[:::::     ]  50.0% completed  (Sat May 10 15:27:27 2025)
Out-of-bound Trials:
[15961 18791 22812  4848 21961 22204]
Best Parameters: (chisq=0.0041)
[0.86949709 0.25367971 0.94701983 0.64555425 0.54784925 0.84351484]

[::::::    ]  60.0% completed  (Sat May 10 15:27:27 2025)
Out-of-bound Trials:
[19594 22530 27348  5948 26441 26693]
Best Parameters: (chisq=0.0041)
[0.86949709 0.25367971 0.94701983 0.64555425 0.54784925 0.84351484]

[:::::::   ]  70.0% completed  (Sat May 10 15:27:28 2025)
Out-of-bound Trials:
[23026 26496 31833  7011 30857 31549]
Best Parameters: (chisq=0.0041)
[0.86949709 0.25367971 0.94701983 0.64555425 0.54784925 0.84351484]

[::::::::  ]  80.0% completed  (Sat May 10 15:27:28 2025)
Out-of-bound Trials:
[26339 30356 36282  8094 35103 36214]
Best Parameters: (chisq=0.0041)
[0.86949709 0.25367971 0.94701983 0.64555425 0.54784925 0.84351484]

[::::::::: ]  90.0% completed  (Sat May 10 15:27:29 2025)
Out-of-bound Trials:
[29507 34355 40572  9202 39613 40775]
Best Parameters: (chisq=0.0041)
[0.86949709 0.25367971 0.94701983 0.64555425 0.54784925 0.84351484]

[::::::::::] 100.0% completed  (Sat May 10 15:27:29 2025)
Out-of-bound Trials:
[32575 39073 45272 10011 44023 45665]
Best Parameters: (chisq=0.0041)
[0.86949709 0.25367971 0.94701983 0.64555425 0.54784925 0.84351484]

MCMC Summary:
-------------
  Number of evaluated samples:        200000
  Number of parallel chains:               5
  Average iterations per chain:        40000
  Burned-in iterations per chain:       2000
  Thinning factor:                         1
  MCMC sample size (thinned, burned): 190000
  Acceptance rate:   10.25%

Parameter name     best fit   median      1sigma_low   1sigma_hi        S/N
--------------- -----------  -----------------------------------  ---------
w                8.6950e-01   8.9537e-01 -1.2038e-01  6.9467e-02        7.9
b                2.5368e-01   2.4904e-01 -1.7433e-01  2.8716e-01        1.0
c                9.4702e-01   5.9423e-01 -3.7893e-01  2.9117e-01        3.3
dzeta            6.4555e-01   7.2156e-01 -1.2213e-01  1.1639e-01        4.9
B0               5.4785e-01   5.2107e-01 -3.5165e-01  3.2545e-01        1.9
h                8.4351e-01   5.3313e-01 -3.6466e-01  3.2584e-01        2.9

  Best-parameter's chi-squared:       0.0041
  Best-parameter's -2*log(posterior): 0.0041
  Bayesian Information Criterion:     9.6607
  Reduced chi-squared:                   nan
  Standard deviation of residuals:  0.000186299

For a detailed summary with all parameter posterior statistics see
/home/tenet/Documents/thesis/scripts/photometry/esa/data/inversion/inv-A1-0.9_0.3_0.9_30_statistics.txt

Output sampler files:
  /home/tenet/Documents/thesis/scripts/photometry/esa/data/inversion/inv-A1-0.9_0.3_0.9_30_statistics.txt
  /home/tenet/Documents/thesis/scripts/photometry/esa/data/inversion/inv-A1-0.9_0.3_0.9_30.npz
  /home/tenet/Documents/thesis/scripts/photometry/esa/data/inversion/inv-A1-0.9_0.3_0.9_30.log
