
::::::::::::::::::::::::::::::::::::::::::::::::::::::::::::::::::::::
  Multi-core Markov-chain Monte Carlo (mc3).
  Version 3.2.1.
  Copyright (c) 2015-2025 Patricio Cubillos and collaborators.
  mc3 is open-source software under the MIT license (see LICENSE).
::::::::::::::::::::::::::::::::::::::::::::::::::::::::::::::::::::::

Start MCMC chains  (Sat May 10 15:55:41 2025)

[:         ]  10.0% completed  (Sat May 10 15:55:42 2025)
Out-of-bound Trials:
[  89  366 1629 2380 3964 3647]
Best Parameters: (chisq=0.0193)
[0.8998699  0.28799844 0.50902626 0.075344   0.53707527 0.39899423]

[::        ]  20.0% completed  (Sat May 10 15:55:42 2025)
Out-of-bound Trials:
[ 116  771 3594 4734 8238 7895]
Best Parameters: (chisq=0.0193)
[0.8998699  0.28799844 0.50902626 0.075344   0.53707527 0.39899423]

[:::       ]  30.0% completed  (Sat May 10 15:55:43 2025)
Out-of-bound Trials:
[  147  1078  5300  7039 12489 11959]
Best Parameters: (chisq=0.0193)
[0.8998699  0.28799844 0.50902626 0.075344   0.53707527 0.39899423]

[::::      ]  40.0% completed  (Sat May 10 15:55:43 2025)
Out-of-bound Trials:
[  181  1508  7111  9611 16736 15950]
Best Parameters: (chisq=0.0193)
[0.8998699  0.28799844 0.50902626 0.075344   0.53707527 0.39899423]

[:::::     ]  50.0% completed  (Sat May 10 15:55:44 2025)
Out-of-bound Trials:
[  222  1975  8938 12107 21063 20129]
Best Parameters: (chisq=0.0193)
[0.8998699  0.28799844 0.50902626 0.075344   0.53707527 0.39899423]

[::::::    ]  60.0% completed  (Sat May 10 15:55:44 2025)
Out-of-bound Trials:
[  267  2321 10679 14373 25370 24413]
Best Parameters: (chisq=0.0193)
[0.8998699  0.28799844 0.50902626 0.075344   0.53707527 0.39899423]

[:::::::   ]  70.0% completed  (Sat May 10 15:55:45 2025)
Out-of-bound Trials:
[  294  2758 12639 16805 29501 28518]
Best Parameters: (chisq=0.0193)
[0.8998699  0.28799844 0.50902626 0.075344   0.53707527 0.39899423]

[::::::::  ]  80.0% completed  (Sat May 10 15:55:45 2025)
Out-of-bound Trials:
[  332  3108 14454 19681 33898 33038]
Best Parameters: (chisq=0.0193)
[0.8998699  0.28799844 0.50902626 0.075344   0.53707527 0.39899423]

[::::::::: ]  90.0% completed  (Sat May 10 15:55:46 2025)
Out-of-bound Trials:
[  369  3501 16179 22238 38211 37166]
Best Parameters: (chisq=0.0193)
[0.8998699  0.28799844 0.50902626 0.075344   0.53707527 0.39899423]

[::::::::::] 100.0% completed  (Sat May 10 15:55:46 2025)
Out-of-bound Trials:
[  407  3815 17925 24838 42511 41382]
Best Parameters: (chisq=0.0193)
[0.8998699  0.28799844 0.50902626 0.075344   0.53707527 0.39899423]

MCMC Summary:
-------------
  Number of evaluated samples:        200000
  Number of parallel chains:               5
  Average iterations per chain:        40000
  Burned-in iterations per chain:       2000
  Thinning factor:                         1
  MCMC sample size (thinned, burned): 190000
  Acceptance rate:   16.49%

Parameter name     best fit   median      1sigma_low   1sigma_hi        S/N
--------------- -----------  -----------------------------------  ---------
w                8.9987e-01   8.9028e-01 -2.8924e-02  2.3315e-02       35.2
b                2.8800e-01   2.3740e-01 -8.5239e-02  8.1873e-02        3.6
c                5.0903e-01   6.3238e-01 -1.8178e-01  2.1952e-01        2.8
dzeta            7.5344e-02   9.4371e-02 -6.4857e-02  6.8472e-02        1.3
B0               5.3708e-01   6.0514e-01 -3.4416e-01  2.7986e-01        2.0
h                3.9899e-01   5.0268e-01 -3.1621e-01  3.2894e-01        1.4

  Best-parameter's chi-squared:        0.0193
  Best-parameter's -2*log(posterior):  0.0193
  Bayesian Information Criterion:     16.2676
  Reduced chi-squared:                 0.0021
  Standard deviation of residuals:  0.00350368

For a detailed summary with all parameter posterior statistics see
/home/tenet/Documents/thesis/scripts/photometry/esa/data/inversion/inv-A2_A3_A5-0.9_0.3_0.5_0_statistics.txt

Output sampler files:
  /home/tenet/Documents/thesis/scripts/photometry/esa/data/inversion/inv-A2_A3_A5-0.9_0.3_0.5_0_statistics.txt
  /home/tenet/Documents/thesis/scripts/photometry/esa/data/inversion/inv-A2_A3_A5-0.9_0.3_0.5_0.npz
  /home/tenet/Documents/thesis/scripts/photometry/esa/data/inversion/inv-A2_A3_A5-0.9_0.3_0.5_0.log
