
::::::::::::::::::::::::::::::::::::::::::::::::::::::::::::::::::::::
  Multi-core Markov-chain Monte Carlo (mc3).
  Version 3.2.1.
  Copyright (c) 2015-2025 Patricio Cubillos and collaborators.
  mc3 is open-source software under the MIT license (see LICENSE).
::::::::::::::::::::::::::::::::::::::::::::::::::::::::::::::::::::::

Start MCMC chains  (Sat May 10 15:30:22 2025)

[:         ]  10.0% completed  (Sat May 10 15:30:23 2025)
Out-of-bound Trials:
[   9 2540 2779 3726 4241 4171]
Best Parameters: (chisq=0.0617)
[0.3351008  0.31962616 0.53699832 0.07751833 0.19899667 0.15649716]

[::        ]  20.0% completed  (Sat May 10 15:30:23 2025)
Out-of-bound Trials:
[  14 5005 5900 7548 8708 8874]
Best Parameters: (chisq=0.0617)
[0.3351008  0.31962616 0.53699832 0.07751833 0.19899667 0.15649716]

[:::       ]  30.0% completed  (Sat May 10 15:30:24 2025)
Out-of-bound Trials:
[   34  7962  9594 11668 13188 13478]
Best Parameters: (chisq=0.0617)
[0.3351008  0.31962616 0.53699832 0.07751833 0.19899667 0.15649716]

[::::      ]  40.0% completed  (Sat May 10 15:30:24 2025)
Out-of-bound Trials:
[   58 11312 13711 15415 17843 17941]
Best Parameters: (chisq=0.0617)
[0.3351008  0.31962616 0.53699832 0.07751833 0.19899667 0.15649716]

[:::::     ]  50.0% completed  (Sat May 10 15:30:25 2025)
Out-of-bound Trials:
[   74 14548 17177 19422 22480 22407]
Best Parameters: (chisq=0.0617)
[0.3351008  0.31962616 0.53699832 0.07751833 0.19899667 0.15649716]

[::::::    ]  60.0% completed  (Sat May 10 15:30:25 2025)
Out-of-bound Trials:
[   97 18023 20763 23340 27012 26880]
Best Parameters: (chisq=0.0408)
[0.27749127 0.26195184 0.48343481 0.0724025  0.94917175 0.39227258]

[:::::::   ]  70.0% completed  (Sat May 10 15:30:25 2025)
Out-of-bound Trials:
[  129 22378 24420 27051 31655 31164]
Best Parameters: (chisq=0.0408)
[0.27749127 0.26195184 0.48343481 0.0724025  0.94917175 0.39227258]

[::::::::  ]  80.0% completed  (Sat May 10 15:30:26 2025)
Out-of-bound Trials:
[  175 26456 28427 30860 36276 35618]
Best Parameters: (chisq=0.0408)
[0.27749127 0.26195184 0.48343481 0.0724025  0.94917175 0.39227258]

[::::::::: ]  90.0% completed  (Sat May 10 15:30:26 2025)
Out-of-bound Trials:
[  218 30379 32215 34540 40699 40305]
Best Parameters: (chisq=0.0225)
[0.31330908 0.27867379 0.55599781 0.03726767 0.77576748 0.08715576]

[::::::::::] 100.0% completed  (Sat May 10 15:30:27 2025)
Out-of-bound Trials:
[  256 34274 35736 38232 45413 44824]
Best Parameters: (chisq=0.0225)
[0.31330908 0.27867379 0.55599781 0.03726767 0.77576748 0.08715576]

MCMC Summary:
-------------
  Number of evaluated samples:        200000
  Number of parallel chains:               5
  Average iterations per chain:        40000
  Burned-in iterations per chain:       2000
  Thinning factor:                         1
  MCMC sample size (thinned, burned): 190000
  Acceptance rate:   10.61%

Parameter name     best fit   median      1sigma_low   1sigma_hi        S/N
--------------- -----------  -----------------------------------  ---------
w                3.1331e-01   3.7260e-01 -6.5656e-02  1.2457e-01        2.9
b                2.7867e-01   1.9590e-01 -1.3349e-01  2.0162e-01        1.2
c                5.5600e-01   4.3557e-01 -2.9892e-01  2.9378e-01        2.1
dzeta            3.7268e-02   5.8252e-01 -3.5328e-01  2.4236e-01        0.1
B0               7.7577e-01   4.8627e-01 -3.3262e-01  3.5238e-01        2.7
h                8.7156e-02   5.0131e-01 -3.4450e-01  3.3247e-01        0.3

  Best-parameter's chi-squared:       0.0225
  Best-parameter's -2*log(posterior): 0.0225
  Bayesian Information Criterion:     9.6791
  Reduced chi-squared:                   nan
  Standard deviation of residuals:  0.000444428

For a detailed summary with all parameter posterior statistics see
/home/tenet/Documents/thesis/scripts/photometry/esa/data/inversion/inv-A4-0.3_0.3_0.5_0_statistics.txt

Output sampler files:
  /home/tenet/Documents/thesis/scripts/photometry/esa/data/inversion/inv-A4-0.3_0.3_0.5_0_statistics.txt
  /home/tenet/Documents/thesis/scripts/photometry/esa/data/inversion/inv-A4-0.3_0.3_0.5_0.npz
  /home/tenet/Documents/thesis/scripts/photometry/esa/data/inversion/inv-A4-0.3_0.3_0.5_0.log
