
::::::::::::::::::::::::::::::::::::::::::::::::::::::::::::::::::::::
  Multi-core Markov-chain Monte Carlo (mc3).
  Version 3.2.1.
  Copyright (c) 2015-2025 Patricio Cubillos and collaborators.
  mc3 is open-source software under the MIT license (see LICENSE).
::::::::::::::::::::::::::::::::::::::::::::::::::::::::::::::::::::::

Start MCMC chains  (Sat May 10 15:48:09 2025)

[:         ]  10.0% completed  (Sat May 10 15:48:10 2025)
Out-of-bound Trials:
[   0   12    4 2424 4293 3944]
Best Parameters: (chisq=0.0135)
[0.29286526 0.29642655 0.48325305 0.07044579 0.6229391  0.47590859]

[::        ]  20.0% completed  (Sat May 10 15:48:10 2025)
Out-of-bound Trials:
[   1   28    9 4836 8898 8368]
Best Parameters: (chisq=0.0135)
[0.29286526 0.29642655 0.48325305 0.07044579 0.6229391  0.47590859]

[:::       ]  30.0% completed  (Sat May 10 15:48:11 2025)
Out-of-bound Trials:
[    2    37    17  7604 13472 12800]
Best Parameters: (chisq=0.0135)
[0.29286526 0.29642655 0.48325305 0.07044579 0.6229391  0.47590859]

[::::      ]  40.0% completed  (Sat May 10 15:48:11 2025)
Out-of-bound Trials:
[    2    44    22 10160 18115 17262]
Best Parameters: (chisq=0.0135)
[0.29286526 0.29642655 0.48325305 0.07044579 0.6229391  0.47590859]

[:::::     ]  50.0% completed  (Sat May 10 15:48:12 2025)
Out-of-bound Trials:
[    3    51    26 12575 22761 21897]
Best Parameters: (chisq=0.0135)
[0.29286526 0.29642655 0.48325305 0.07044579 0.6229391  0.47590859]

[::::::    ]  60.0% completed  (Sat May 10 15:48:12 2025)
Out-of-bound Trials:
[    3    61    32 15382 27421 26421]
Best Parameters: (chisq=0.0135)
[0.29286526 0.29642655 0.48325305 0.07044579 0.6229391  0.47590859]

[:::::::   ]  70.0% completed  (Sat May 10 15:48:13 2025)
Out-of-bound Trials:
[    3    74    39 17872 32076 30982]
Best Parameters: (chisq=0.0135)
[0.29286526 0.29642655 0.48325305 0.07044579 0.6229391  0.47590859]

[::::::::  ]  80.0% completed  (Sat May 10 15:48:13 2025)
Out-of-bound Trials:
[    3    82    44 20579 36692 35567]
Best Parameters: (chisq=0.0135)
[0.29286526 0.29642655 0.48325305 0.07044579 0.6229391  0.47590859]

[::::::::: ]  90.0% completed  (Sat May 10 15:48:14 2025)
Out-of-bound Trials:
[    3    98    52 23127 41409 39877]
Best Parameters: (chisq=0.0135)
[0.29286526 0.29642655 0.48325305 0.07044579 0.6229391  0.47590859]

[::::::::::] 100.0% completed  (Sat May 10 15:48:15 2025)
Out-of-bound Trials:
[    3   117    59 25796 45861 44486]
Best Parameters: (chisq=0.0135)
[0.29286526 0.29642655 0.48325305 0.07044579 0.6229391  0.47590859]

MCMC Summary:
-------------
  Number of evaluated samples:        200000
  Number of parallel chains:               5
  Average iterations per chain:        40000
  Burned-in iterations per chain:       2000
  Thinning factor:                         1
  MCMC sample size (thinned, burned): 190000
  Acceptance rate:   17.01%

Parameter name     best fit   median      1sigma_low   1sigma_hi        S/N
--------------- -----------  -----------------------------------  ---------
w                2.9287e-01   3.0952e-01 -2.9522e-02  2.4629e-02       11.7
b                2.9643e-01   2.9694e-01 -3.5450e-02  3.2138e-02        8.6
c                4.8325e-01   5.0960e-01 -5.5143e-02  5.4569e-02        9.1
dzeta            7.0446e-02   8.1110e-02 -5.4468e-02  6.1568e-02        1.3
B0               6.2294e-01   5.1428e-01 -3.4787e-01  3.3056e-01        2.2
h                4.7591e-01   4.9344e-01 -3.2501e-01  3.3886e-01        1.7

  Best-parameter's chi-squared:        0.0135
  Best-parameter's -2*log(posterior):  0.0135
  Bayesian Information Criterion:     16.2618
  Reduced chi-squared:                 0.0015
  Standard deviation of residuals:  0.000728549

For a detailed summary with all parameter posterior statistics see
/home/tenet/Documents/thesis/scripts/photometry/esa/data/inversion/inv-A1_A2_A5-0.3_0.3_0.5_0_statistics.txt

Output sampler files:
  /home/tenet/Documents/thesis/scripts/photometry/esa/data/inversion/inv-A1_A2_A5-0.3_0.3_0.5_0_statistics.txt
  /home/tenet/Documents/thesis/scripts/photometry/esa/data/inversion/inv-A1_A2_A5-0.3_0.3_0.5_0.npz
  /home/tenet/Documents/thesis/scripts/photometry/esa/data/inversion/inv-A1_A2_A5-0.3_0.3_0.5_0.log
