
::::::::::::::::::::::::::::::::::::::::::::::::::::::::::::::::::::::
  Multi-core Markov-chain Monte Carlo (mc3).
  Version 3.2.1.
  Copyright (c) 2015-2025 Patricio Cubillos and collaborators.
  mc3 is open-source software under the MIT license (see LICENSE).
::::::::::::::::::::::::::::::::::::::::::::::::::::::::::::::::::::::

Start MCMC chains  (Sat May 10 15:45:02 2025)

[:         ]  10.0% completed  (Sat May 10 15:45:03 2025)
Out-of-bound Trials:
[ 344 4609 3161  879 4244 3661]
Best Parameters: (chisq=0.0368)
[0.89859506 0.89345964 0.11534394 0.65263884 0.30122898 0.02554733]

[::        ]  20.0% completed  (Sat May 10 15:45:03 2025)
Out-of-bound Trials:
[ 562 8687 7082 2779 8843 7900]
Best Parameters: (chisq=0.0368)
[0.89859506 0.89345964 0.11534394 0.65263884 0.30122898 0.02554733]

[:::       ]  30.0% completed  (Sat May 10 15:45:04 2025)
Out-of-bound Trials:
[ 1186 12580 11289  4787 13475 12395]
Best Parameters: (chisq=0.0368)
[0.89859506 0.89345964 0.11534394 0.65263884 0.30122898 0.02554733]

[::::      ]  40.0% completed  (Sat May 10 15:45:04 2025)
Out-of-bound Trials:
[ 1776 17211 15496  6565 18121 16955]
Best Parameters: (chisq=0.0368)
[0.89859506 0.89345964 0.11534394 0.65263884 0.30122898 0.02554733]

[:::::     ]  50.0% completed  (Sat May 10 15:45:05 2025)
Out-of-bound Trials:
[ 2171 21487 19433  8929 22662 21157]
Best Parameters: (chisq=0.0368)
[0.89859506 0.89345964 0.11534394 0.65263884 0.30122898 0.02554733]

[::::::    ]  60.0% completed  (Sat May 10 15:45:05 2025)
Out-of-bound Trials:
[ 2801 26172 23519 10740 27091 25632]
Best Parameters: (chisq=0.0368)
[0.89859506 0.89345964 0.11534394 0.65263884 0.30122898 0.02554733]

[:::::::   ]  70.0% completed  (Sat May 10 15:45:06 2025)
Out-of-bound Trials:
[ 3173 30577 27571 12724 31795 30110]
Best Parameters: (chisq=0.0368)
[0.89859506 0.89345964 0.11534394 0.65263884 0.30122898 0.02554733]

[::::::::  ]  80.0% completed  (Sat May 10 15:45:06 2025)
Out-of-bound Trials:
[ 3851 35249 31649 14477 36515 34505]
Best Parameters: (chisq=0.0368)
[0.89859506 0.89345964 0.11534394 0.65263884 0.30122898 0.02554733]

[::::::::: ]  90.0% completed  (Sat May 10 15:45:06 2025)
Out-of-bound Trials:
[ 4348 39802 35680 16435 41282 39032]
Best Parameters: (chisq=0.0368)
[0.89859506 0.89345964 0.11534394 0.65263884 0.30122898 0.02554733]

[::::::::::] 100.0% completed  (Sat May 10 15:45:07 2025)
Out-of-bound Trials:
[ 4889 44400 39979 18405 45731 43558]
Best Parameters: (chisq=0.0368)
[0.89859506 0.89345964 0.11534394 0.65263884 0.30122898 0.02554733]

MCMC Summary:
-------------
  Number of evaluated samples:        200000
  Number of parallel chains:               5
  Average iterations per chain:        40000
  Burned-in iterations per chain:       2000
  Thinning factor:                         1
  MCMC sample size (thinned, burned): 190000
  Acceptance rate:   9.19%

Parameter name     best fit   median      1sigma_low   1sigma_hi        S/N
--------------- -----------  -----------------------------------  ---------
w                8.9860e-01   7.3315e-01 -8.4013e-02  1.3419e-01        9.8
b                8.9346e-01   2.2664e-01 -1.4434e-01  3.4633e-01        3.3
c                1.1534e-01   4.9721e-01 -3.4222e-01  3.0313e-01        0.4
dzeta            6.5264e-01   6.3181e-01 -2.7458e-01  1.4563e-01        3.1
B0               3.0123e-01   5.1366e-01 -3.4693e-01  3.3667e-01        1.0
h                2.5547e-02   4.9173e-01 -3.2988e-01  3.3594e-01        0.1

  Best-parameter's chi-squared:        0.0368
  Best-parameter's -2*log(posterior):  0.0368
  Bayesian Information Criterion:     13.8523
  Reduced chi-squared:                 0.0092
  Standard deviation of residuals:  0.00134645

For a detailed summary with all parameter posterior statistics see
/home/tenet/Documents/thesis/scripts/photometry/esa/data/inversion/inv-A4_A5-0.9_0.9_0.1_30_statistics.txt

Output sampler files:
  /home/tenet/Documents/thesis/scripts/photometry/esa/data/inversion/inv-A4_A5-0.9_0.9_0.1_30_statistics.txt
  /home/tenet/Documents/thesis/scripts/photometry/esa/data/inversion/inv-A4_A5-0.9_0.9_0.1_30.npz
  /home/tenet/Documents/thesis/scripts/photometry/esa/data/inversion/inv-A4_A5-0.9_0.9_0.1_30.log
