
::::::::::::::::::::::::::::::::::::::::::::::::::::::::::::::::::::::
  Multi-core Markov-chain Monte Carlo (mc3).
  Version 3.2.1.
  Copyright (c) 2015-2025 Patricio Cubillos and collaborators.
  mc3 is open-source software under the MIT license (see LICENSE).
::::::::::::::::::::::::::::::::::::::::::::::::::::::::::::::::::::::

Start MCMC chains  (Sat May 10 15:53:10 2025)

[:         ]  10.0% completed  (Sat May 10 15:53:10 2025)
Out-of-bound Trials:
[  31  856 2135 2337 4025 4485]
Best Parameters: (chisq=0.0024)
[0.90054359 0.89763418 0.10894626 0.06100778 0.33353202 0.60923577]

[::        ]  20.0% completed  (Sat May 10 15:53:11 2025)
Out-of-bound Trials:
[  58 2931 4075 4825 8529 9115]
Best Parameters: (chisq=0.0024)
[0.90054359 0.89763418 0.10894626 0.06100778 0.33353202 0.60923577]

[:::       ]  30.0% completed  (Sat May 10 15:53:11 2025)
Out-of-bound Trials:
[  154  5730  6258  7515 12908 13788]
Best Parameters: (chisq=0.0024)
[0.90054359 0.89763418 0.10894626 0.06100778 0.33353202 0.60923577]

[::::      ]  40.0% completed  (Sat May 10 15:53:12 2025)
Out-of-bound Trials:
[  275  8465  8273 10134 17646 18508]
Best Parameters: (chisq=0.0024)
[0.90054359 0.89763418 0.10894626 0.06100778 0.33353202 0.60923577]

[:::::     ]  50.0% completed  (Sat May 10 15:53:12 2025)
Out-of-bound Trials:
[  401 11313 10527 12765 22318 23305]
Best Parameters: (chisq=0.0024)
[0.90054359 0.89763418 0.10894626 0.06100778 0.33353202 0.60923577]

[::::::    ]  60.0% completed  (Sat May 10 15:53:13 2025)
Out-of-bound Trials:
[  526 14281 12517 15340 26944 28053]
Best Parameters: (chisq=0.0024)
[0.90054359 0.89763418 0.10894626 0.06100778 0.33353202 0.60923577]

[:::::::   ]  70.0% completed  (Sat May 10 15:53:13 2025)
Out-of-bound Trials:
[  659 17380 14616 18534 31785 32988]
Best Parameters: (chisq=0.0024)
[0.90054359 0.89763418 0.10894626 0.06100778 0.33353202 0.60923577]

[::::::::  ]  80.0% completed  (Sat May 10 15:53:14 2025)
Out-of-bound Trials:
[  770 20281 16541 20962 36467 37649]
Best Parameters: (chisq=0.0024)
[0.90054359 0.89763418 0.10894626 0.06100778 0.33353202 0.60923577]

[::::::::: ]  90.0% completed  (Sat May 10 15:53:14 2025)
Out-of-bound Trials:
[  892 23650 18984 24248 40966 42538]
Best Parameters: (chisq=0.0024)
[0.90054359 0.89763418 0.10894626 0.06100778 0.33353202 0.60923577]

[::::::::::] 100.0% completed  (Sat May 10 15:53:15 2025)
Out-of-bound Trials:
[ 1018 26819 21136 27537 45474 47252]
Best Parameters: (chisq=0.0024)
[0.90054359 0.89763418 0.10894626 0.06100778 0.33353202 0.60923577]

MCMC Summary:
-------------
  Number of evaluated samples:        200000
  Number of parallel chains:               5
  Average iterations per chain:        40000
  Burned-in iterations per chain:       2000
  Thinning factor:                         1
  MCMC sample size (thinned, burned): 190000
  Acceptance rate:   10.75%

Parameter name     best fit   median      1sigma_low   1sigma_hi        S/N
--------------- -----------  -----------------------------------  ---------
w                9.0054e-01   8.9337e-01 -5.9144e-02  1.1742e-02       23.8
b                8.9763e-01   8.6932e-01 -3.5081e-01  3.6535e-02        5.0
c                1.0895e-01   1.3551e-01 -7.6689e-02  9.1773e-02        1.3
dzeta            6.1008e-02   1.4160e-01 -9.6579e-02  1.4610e-01        0.6
B0               3.3353e-01   4.3934e-01 -3.1327e-01  3.7352e-01        1.2
h                6.0924e-01   4.8159e-01 -3.4172e-01  3.4331e-01        2.1

  Best-parameter's chi-squared:        0.0024
  Best-parameter's -2*log(posterior):  0.0024
  Bayesian Information Criterion:     16.2507
  Reduced chi-squared:                 0.0003
  Standard deviation of residuals:  0.000445206

For a detailed summary with all parameter posterior statistics see
/home/tenet/Documents/thesis/scripts/photometry/esa/data/inversion/inv-A1_A4_A5-0.9_0.9_0.1_0_statistics.txt

Output sampler files:
  /home/tenet/Documents/thesis/scripts/photometry/esa/data/inversion/inv-A1_A4_A5-0.9_0.9_0.1_0_statistics.txt
  /home/tenet/Documents/thesis/scripts/photometry/esa/data/inversion/inv-A1_A4_A5-0.9_0.9_0.1_0.npz
  /home/tenet/Documents/thesis/scripts/photometry/esa/data/inversion/inv-A1_A4_A5-0.9_0.9_0.1_0.log
