
::::::::::::::::::::::::::::::::::::::::::::::::::::::::::::::::::::::
  Multi-core Markov-chain Monte Carlo (mc3).
  Version 3.2.1.
  Copyright (c) 2015-2025 Patricio Cubillos and collaborators.
  mc3 is open-source software under the MIT license (see LICENSE).
::::::::::::::::::::::::::::::::::::::::::::::::::::::::::::::::::::::

Start MCMC chains  (Sat May 10 15:29:43 2025)

[:         ]  10.0% completed  (Sat May 10 15:29:43 2025)
Out-of-bound Trials:
[2596 3518 4146 1531 4349 4354]
Best Parameters: (chisq=0.0069)
[0.90730083 0.33854126 0.82761248 0.65815605 0.67549977 0.29317385]

[::        ]  20.0% completed  (Sat May 10 15:29:43 2025)
Out-of-bound Trials:
[5057 7123 8307 3165 8801 8788]
Best Parameters: (chisq=0.0069)
[0.90730083 0.33854126 0.82761248 0.65815605 0.67549977 0.29317385]

[:::       ]  30.0% completed  (Sat May 10 15:29:44 2025)
Out-of-bound Trials:
[ 7263 10714 12386  4629 13217 13285]
Best Parameters: (chisq=0.0063)
[0.90507278 0.23984747 0.97378873 0.68570128 0.53230924 0.24763867]

[::::      ]  40.0% completed  (Sat May 10 15:29:44 2025)
Out-of-bound Trials:
[ 9930 14461 16488  6203 17785 17748]
Best Parameters: (chisq=0.0063)
[0.90507278 0.23984747 0.97378873 0.68570128 0.53230924 0.24763867]

[:::::     ]  50.0% completed  (Sat May 10 15:29:45 2025)
Out-of-bound Trials:
[12459 17971 20529  7747 22268 22169]
Best Parameters: (chisq=0.0063)
[0.90507278 0.23984747 0.97378873 0.68570128 0.53230924 0.24763867]

[::::::    ]  60.0% completed  (Sat May 10 15:29:45 2025)
Out-of-bound Trials:
[14923 21876 24798  9375 26829 26409]
Best Parameters: (chisq=0.0042)
[0.90042437 0.40702609 0.78365757 0.64250636 0.76530372 0.63958518]

[:::::::   ]  70.0% completed  (Sat May 10 15:29:46 2025)
Out-of-bound Trials:
[17610 25633 28945 11174 31355 30844]
Best Parameters: (chisq=0.0042)
[0.90042437 0.40702609 0.78365757 0.64250636 0.76530372 0.63958518]

[::::::::  ]  80.0% completed  (Sat May 10 15:29:46 2025)
Out-of-bound Trials:
[20131 29348 33136 12742 35924 35106]
Best Parameters: (chisq=0.0042)
[0.90042437 0.40702609 0.78365757 0.64250636 0.76530372 0.63958518]

[::::::::: ]  90.0% completed  (Sat May 10 15:29:46 2025)
Out-of-bound Trials:
[22513 33127 37285 14144 40591 39602]
Best Parameters: (chisq=0.0042)
[0.90042437 0.40702609 0.78365757 0.64250636 0.76530372 0.63958518]

[::::::::::] 100.0% completed  (Sat May 10 15:29:47 2025)
Out-of-bound Trials:
[24781 36984 41615 15770 45092 43925]
Best Parameters: (chisq=0.0042)
[0.90042437 0.40702609 0.78365757 0.64250636 0.76530372 0.63958518]

MCMC Summary:
-------------
  Number of evaluated samples:        200000
  Number of parallel chains:               5
  Average iterations per chain:        40000
  Burned-in iterations per chain:       2000
  Thinning factor:                         1
  MCMC sample size (thinned, burned): 190000
  Acceptance rate:   14.92%

Parameter name     best fit   median      1sigma_low   1sigma_hi        S/N
--------------- -----------  -----------------------------------  ---------
w                9.0042e-01   9.4181e-01 -5.3271e-02  3.3861e-02       20.2
b                4.0703e-01   3.8538e-01 -2.6000e-01  3.1787e-01        1.6
c                7.8366e-01   6.1798e-01 -3.5752e-01  2.6892e-01        2.9
dzeta            6.4251e-01   6.9672e-01 -1.5656e-01  1.7164e-01        4.3
B0               7.6530e-01   5.2444e-01 -3.5004e-01  3.3044e-01        2.7
h                6.3959e-01   5.1935e-01 -3.4063e-01  3.3267e-01        2.2

  Best-parameter's chi-squared:       0.0042
  Best-parameter's -2*log(posterior): 0.0042
  Bayesian Information Criterion:     9.6608
  Reduced chi-squared:                   nan
  Standard deviation of residuals:  0.000873019

For a detailed summary with all parameter posterior statistics see
/home/tenet/Documents/thesis/scripts/photometry/esa/data/inversion/inv-A3-0.9_0.3_0.9_30_statistics.txt

Output sampler files:
  /home/tenet/Documents/thesis/scripts/photometry/esa/data/inversion/inv-A3-0.9_0.3_0.9_30_statistics.txt
  /home/tenet/Documents/thesis/scripts/photometry/esa/data/inversion/inv-A3-0.9_0.3_0.9_30.npz
  /home/tenet/Documents/thesis/scripts/photometry/esa/data/inversion/inv-A3-0.9_0.3_0.9_30.log
