
::::::::::::::::::::::::::::::::::::::::::::::::::::::::::::::::::::::
  Multi-core Markov-chain Monte Carlo (mc3).
  Version 3.2.1.
  Copyright (c) 2015-2025 Patricio Cubillos and collaborators.
  mc3 is open-source software under the MIT license (see LICENSE).
::::::::::::::::::::::::::::::::::::::::::::::::::::::::::::::::::::::

Start MCMC chains  (Sat May 10 15:56:43 2025)

[:         ]  10.0% completed  (Sat May 10 15:56:43 2025)
Out-of-bound Trials:
[  19  760  146 3753 4208 4321]
Best Parameters: (chisq=0.0467)
[0.29753587 0.91082256 0.13453612 0.6032409  0.10575201 0.65666039]

[::        ]  20.0% completed  (Sat May 10 15:56:44 2025)
Out-of-bound Trials:
[  39 1900  364 7543 9056 9103]
Best Parameters: (chisq=0.0467)
[0.29753587 0.91082256 0.13453612 0.6032409  0.10575201 0.65666039]

[:::       ]  30.0% completed  (Sat May 10 15:56:44 2025)
Out-of-bound Trials:
[   52  3641  1079 11521 13548 13740]
Best Parameters: (chisq=0.0240)
[0.30633113 0.89681744 0.10930729 0.71693898 0.36531958 0.4021    ]

[::::      ]  40.0% completed  (Sat May 10 15:56:45 2025)
Out-of-bound Trials:
[   80  5202  2065 15444 18257 18601]
Best Parameters: (chisq=0.0240)
[0.30633113 0.89681744 0.10930729 0.71693898 0.36531958 0.4021    ]

[:::::     ]  50.0% completed  (Sat May 10 15:56:45 2025)
Out-of-bound Trials:
[   94  6952  3133 19460 23156 23166]
Best Parameters: (chisq=0.0229)
[0.29631308 0.90216428 0.092793   0.62357385 0.5993633  0.704336  ]

[::::::    ]  60.0% completed  (Sat May 10 15:56:46 2025)
Out-of-bound Trials:
[  109  8403  4214 23433 27824 27810]
Best Parameters: (chisq=0.0229)
[0.29631308 0.90216428 0.092793   0.62357385 0.5993633  0.704336  ]

[:::::::   ]  70.0% completed  (Sat May 10 15:56:46 2025)
Out-of-bound Trials:
[  123 10367  5183 27254 32536 32781]
Best Parameters: (chisq=0.0229)
[0.29631308 0.90216428 0.092793   0.62357385 0.5993633  0.704336  ]

[::::::::  ]  80.0% completed  (Sat May 10 15:56:47 2025)
Out-of-bound Trials:
[  139 11930  6223 31082 37047 37663]
Best Parameters: (chisq=0.0229)
[0.29631308 0.90216428 0.092793   0.62357385 0.5993633  0.704336  ]

[::::::::: ]  90.0% completed  (Sat May 10 15:56:47 2025)
Out-of-bound Trials:
[  159 13396  7319 35208 41773 42282]
Best Parameters: (chisq=0.0229)
[0.29631308 0.90216428 0.092793   0.62357385 0.5993633  0.704336  ]

[::::::::::] 100.0% completed  (Sat May 10 15:56:48 2025)
Out-of-bound Trials:
[  172 14509  8493 38947 46124 46899]
Best Parameters: (chisq=0.0229)
[0.29631308 0.90216428 0.092793   0.62357385 0.5993633  0.704336  ]

MCMC Summary:
-------------
  Number of evaluated samples:        200000
  Number of parallel chains:               5
  Average iterations per chain:        40000
  Burned-in iterations per chain:       2000
  Thinning factor:                         1
  MCMC sample size (thinned, burned): 190000
  Acceptance rate:   10.53%

Parameter name     best fit   median      1sigma_low   1sigma_hi        S/N
--------------- -----------  -----------------------------------  ---------
w                2.9631e-01   2.9484e-01 -5.1014e-02  4.8161e-02        6.0
b                9.0216e-01   9.1766e-01 -4.2899e-02  4.8743e-02       22.2
c                9.2793e-02   1.3056e-01 -3.4912e-02  8.3525e-02        1.2
dzeta            6.2357e-01   5.7474e-01 -3.3212e-01  2.7656e-01        2.3
B0               5.9936e-01   4.3925e-01 -3.1022e-01  3.6586e-01        2.1
h                7.0434e-01   4.8860e-01 -3.4742e-01  3.4377e-01        2.4

  Best-parameter's chi-squared:        0.0229
  Best-parameter's -2*log(posterior):  0.0229
  Bayesian Information Criterion:     16.2712
  Reduced chi-squared:                 0.0025
  Standard deviation of residuals:  0.000360803

For a detailed summary with all parameter posterior statistics see
/home/tenet/Documents/thesis/scripts/photometry/esa/data/inversion/inv-A2_A4_A5-0.3_0.9_0.1_30_statistics.txt

Output sampler files:
  /home/tenet/Documents/thesis/scripts/photometry/esa/data/inversion/inv-A2_A4_A5-0.3_0.9_0.1_30_statistics.txt
  /home/tenet/Documents/thesis/scripts/photometry/esa/data/inversion/inv-A2_A4_A5-0.3_0.9_0.1_30.npz
  /home/tenet/Documents/thesis/scripts/photometry/esa/data/inversion/inv-A2_A4_A5-0.3_0.9_0.1_30.log
