
::::::::::::::::::::::::::::::::::::::::::::::::::::::::::::::::::::::
  Multi-core Markov-chain Monte Carlo (mc3).
  Version 3.2.1.
  Copyright (c) 2015-2025 Patricio Cubillos and collaborators.
  mc3 is open-source software under the MIT license (see LICENSE).
::::::::::::::::::::::::::::::::::::::::::::::::::::::::::::::::::::::

Start MCMC chains  (Sat May 10 15:29:48 2025)

[:         ]  10.0% completed  (Sat May 10 15:29:49 2025)
Out-of-bound Trials:
[ 282 3045 3795 2485 4001 4174]
Best Parameters: (chisq=0.0107)
[0.89847452 0.1956425  0.64755845 0.01339536 0.10123394 0.74921643]

[::        ]  20.0% completed  (Sat May 10 15:29:49 2025)
Out-of-bound Trials:
[ 613 5839 7638 5156 8293 8652]
Best Parameters: (chisq=0.0107)
[0.89847452 0.1956425  0.64755845 0.01339536 0.10123394 0.74921643]

[:::       ]  30.0% completed  (Sat May 10 15:29:50 2025)
Out-of-bound Trials:
[  883  8856 11647  7546 12636 12830]
Best Parameters: (chisq=0.0040)
[0.90175647 0.16623972 0.65269701 0.07436132 0.02828749 0.2850186 ]

[::::      ]  40.0% completed  (Sat May 10 15:29:50 2025)
Out-of-bound Trials:
[ 1158 11930 15611  9960 17122 17145]
Best Parameters: (chisq=0.0040)
[0.90175647 0.16623972 0.65269701 0.07436132 0.02828749 0.2850186 ]

[:::::     ]  50.0% completed  (Sat May 10 15:29:51 2025)
Out-of-bound Trials:
[ 1416 14845 19502 12322 21641 21413]
Best Parameters: (chisq=0.0040)
[0.90175647 0.16623972 0.65269701 0.07436132 0.02828749 0.2850186 ]

[::::::    ]  60.0% completed  (Sat May 10 15:29:51 2025)
Out-of-bound Trials:
[ 1721 17625 23250 15044 26051 26028]
Best Parameters: (chisq=0.0034)
[0.90042247 0.22292573 0.59646798 0.05339205 0.20010743 0.43169744]

[:::::::   ]  70.0% completed  (Sat May 10 15:29:51 2025)
Out-of-bound Trials:
[ 2047 20682 27162 17731 30600 30351]
Best Parameters: (chisq=0.0034)
[0.90042247 0.22292573 0.59646798 0.05339205 0.20010743 0.43169744]

[::::::::  ]  80.0% completed  (Sat May 10 15:29:52 2025)
Out-of-bound Trials:
[ 2271 23616 31212 20109 35130 34847]
Best Parameters: (chisq=0.0034)
[0.90042247 0.22292573 0.59646798 0.05339205 0.20010743 0.43169744]

[::::::::: ]  90.0% completed  (Sat May 10 15:29:52 2025)
Out-of-bound Trials:
[ 2571 26469 35214 22618 39656 39282]
Best Parameters: (chisq=0.0034)
[0.90042247 0.22292573 0.59646798 0.05339205 0.20010743 0.43169744]

[::::::::::] 100.0% completed  (Sat May 10 15:29:53 2025)
Out-of-bound Trials:
[ 2818 29377 39119 25253 44160 43749]
Best Parameters: (chisq=0.0034)
[0.90042247 0.22292573 0.59646798 0.05339205 0.20010743 0.43169744]

MCMC Summary:
-------------
  Number of evaluated samples:        200000
  Number of parallel chains:               5
  Average iterations per chain:        40000
  Burned-in iterations per chain:       2000
  Thinning factor:                         1
  MCMC sample size (thinned, burned): 190000
  Acceptance rate:   17.87%

Parameter name     best fit   median      1sigma_low   1sigma_hi        S/N
--------------- -----------  -----------------------------------  ---------
w                9.0042e-01   8.9471e-01 -3.5501e-02  3.4444e-02       25.8
b                2.2293e-01   1.9391e-01 -1.3519e-01  1.7926e-01        1.5
c                5.9647e-01   4.9673e-01 -3.1418e-01  3.1737e-01        2.2
dzeta            5.3392e-02   9.9586e-02 -6.8018e-02  7.3670e-02        0.8
B0               2.0011e-01   5.3295e-01 -3.5014e-01  3.2443e-01        0.7
h                4.3170e-01   5.1174e-01 -3.3202e-01  3.3651e-01        1.5

  Best-parameter's chi-squared:       0.0034
  Best-parameter's -2*log(posterior): 0.0034
  Bayesian Information Criterion:     9.6601
  Reduced chi-squared:                   nan
  Standard deviation of residuals:  0.00175841

For a detailed summary with all parameter posterior statistics see
/home/tenet/Documents/thesis/scripts/photometry/esa/data/inversion/inv-A3-0.9_0.3_0.5_0_statistics.txt

Output sampler files:
  /home/tenet/Documents/thesis/scripts/photometry/esa/data/inversion/inv-A3-0.9_0.3_0.5_0_statistics.txt
  /home/tenet/Documents/thesis/scripts/photometry/esa/data/inversion/inv-A3-0.9_0.3_0.5_0.npz
  /home/tenet/Documents/thesis/scripts/photometry/esa/data/inversion/inv-A3-0.9_0.3_0.5_0.log
