
::::::::::::::::::::::::::::::::::::::::::::::::::::::::::::::::::::::
  Multi-core Markov-chain Monte Carlo (mc3).
  Version 3.2.1.
  Copyright (c) 2015-2025 Patricio Cubillos and collaborators.
  mc3 is open-source software under the MIT license (see LICENSE).
::::::::::::::::::::::::::::::::::::::::::::::::::::::::::::::::::::::

Start MCMC chains  (Sat May 10 15:59:07 2025)

[:         ]  10.0% completed  (Sat May 10 15:59:08 2025)
Out-of-bound Trials:
[   0   24    6 2613 4033 4187]
Best Parameters: (chisq=0.0608)
[0.31195902 0.30479045 0.51458889 0.02001707 0.3702156  0.40444283]

[::        ]  20.0% completed  (Sat May 10 15:59:09 2025)
Out-of-bound Trials:
[   0   37   15 5143 8670 8883]
Best Parameters: (chisq=0.0411)
[0.28845283 0.30452431 0.49980429 0.05332997 0.51140893 0.86116428]

[:::       ]  30.0% completed  (Sat May 10 15:59:09 2025)
Out-of-bound Trials:
[    0    42    22  7831 13324 13504]
Best Parameters: (chisq=0.0411)
[0.28845283 0.30452431 0.49980429 0.05332997 0.51140893 0.86116428]

[::::      ]  40.0% completed  (Sat May 10 15:59:10 2025)
Out-of-bound Trials:
[    1    51    33 10399 17952 18171]
Best Parameters: (chisq=0.0153)
[0.30856521 0.30203655 0.5142456  0.02299281 0.42917296 0.39333063]

[:::::     ]  50.0% completed  (Sat May 10 15:59:10 2025)
Out-of-bound Trials:
[    1    55    40 12982 22540 22659]
Best Parameters: (chisq=0.0153)
[0.30856521 0.30203655 0.5142456  0.02299281 0.42917296 0.39333063]

[::::::    ]  60.0% completed  (Sat May 10 15:59:11 2025)
Out-of-bound Trials:
[    1    67    51 15476 27110 27488]
Best Parameters: (chisq=0.0153)
[0.30856521 0.30203655 0.5142456  0.02299281 0.42917296 0.39333063]

[:::::::   ]  70.0% completed  (Sat May 10 15:59:11 2025)
Out-of-bound Trials:
[    1    73    58 18043 31639 32044]
Best Parameters: (chisq=0.0153)
[0.30856521 0.30203655 0.5142456  0.02299281 0.42917296 0.39333063]

[::::::::  ]  80.0% completed  (Sat May 10 15:59:12 2025)
Out-of-bound Trials:
[    1    78    64 20564 36291 36654]
Best Parameters: (chisq=0.0153)
[0.30856521 0.30203655 0.5142456  0.02299281 0.42917296 0.39333063]

[::::::::: ]  90.0% completed  (Sat May 10 15:59:13 2025)
Out-of-bound Trials:
[    1    84    69 23245 41027 41278]
Best Parameters: (chisq=0.0153)
[0.30856521 0.30203655 0.5142456  0.02299281 0.42917296 0.39333063]

[::::::::::] 100.0% completed  (Sat May 10 15:59:13 2025)
Out-of-bound Trials:
[    1    93    76 25921 45630 46032]
Best Parameters: (chisq=0.0153)
[0.30856521 0.30203655 0.5142456  0.02299281 0.42917296 0.39333063]

MCMC Summary:
-------------
  Number of evaluated samples:        200000
  Number of parallel chains:               5
  Average iterations per chain:        40000
  Burned-in iterations per chain:       2000
  Thinning factor:                         1
  MCMC sample size (thinned, burned): 190000
  Acceptance rate:   15.85%

Parameter name     best fit   median      1sigma_low   1sigma_hi        S/N
--------------- -----------  -----------------------------------  ---------
w                3.0857e-01   3.1029e-01 -2.9133e-02  2.2808e-02       12.9
b                3.0204e-01   2.9739e-01 -2.8572e-02  2.7281e-02       10.7
c                5.1425e-01   5.1500e-01 -5.4914e-02  5.2950e-02       10.0
dzeta            2.2993e-02   7.3689e-02 -5.0659e-02  5.6141e-02        0.5
B0               4.2917e-01   4.8080e-01 -3.2586e-01  3.4381e-01        1.5
h                3.9333e-01   4.9309e-01 -3.3312e-01  3.4203e-01        1.4

  Best-parameter's chi-squared:        0.0153
  Best-parameter's -2*log(posterior):  0.0153
  Bayesian Information Criterion:     17.9897
  Reduced chi-squared:                 0.0011
  Standard deviation of residuals:  0.000507341

For a detailed summary with all parameter posterior statistics see
/home/tenet/Documents/thesis/scripts/photometry/esa/data/inversion/inv-A1_A2_A3_A4-0.3_0.3_0.5_0_statistics.txt

Output sampler files:
  /home/tenet/Documents/thesis/scripts/photometry/esa/data/inversion/inv-A1_A2_A3_A4-0.3_0.3_0.5_0_statistics.txt
  /home/tenet/Documents/thesis/scripts/photometry/esa/data/inversion/inv-A1_A2_A3_A4-0.3_0.3_0.5_0.npz
  /home/tenet/Documents/thesis/scripts/photometry/esa/data/inversion/inv-A1_A2_A3_A4-0.3_0.3_0.5_0.log
