
::::::::::::::::::::::::::::::::::::::::::::::::::::::::::::::::::::::
  Multi-core Markov-chain Monte Carlo (mc3).
  Version 3.2.1.
  Copyright (c) 2015-2025 Patricio Cubillos and collaborators.
  mc3 is open-source software under the MIT license (see LICENSE).
::::::::::::::::::::::::::::::::::::::::::::::::::::::::::::::::::::::

Start MCMC chains  (Sat May 10 16:03:20 2025)

[:         ]  10.0% completed  (Sat May 10 16:03:20 2025)
Out-of-bound Trials:
[   1   14 1485 2357 4472 4415]
Best Parameters: (chisq=0.0260)
[0.30426145 0.29799928 0.90193297 0.0752253  0.5172721  0.39787407]

[::        ]  20.0% completed  (Sat May 10 16:03:21 2025)
Out-of-bound Trials:
[   1   24 2842 4836 9149 8806]
Best Parameters: (chisq=0.0260)
[0.30426145 0.29799928 0.90193297 0.0752253  0.5172721  0.39787407]

[:::       ]  30.0% completed  (Sat May 10 16:03:22 2025)
Out-of-bound Trials:
[    1    38  4422  7489 13733 13516]
Best Parameters: (chisq=0.0052)
[0.29981748 0.30246166 0.8995476  0.02255297 0.44986051 0.63029476]

[::::      ]  40.0% completed  (Sat May 10 16:03:22 2025)
Out-of-bound Trials:
[    2    60  5784 10263 18508 18004]
Best Parameters: (chisq=0.0052)
[0.29981748 0.30246166 0.8995476  0.02255297 0.44986051 0.63029476]

[:::::     ]  50.0% completed  (Sat May 10 16:03:23 2025)
Out-of-bound Trials:
[    2    73  7389 13053 23138 22586]
Best Parameters: (chisq=0.0052)
[0.29981748 0.30246166 0.8995476  0.02255297 0.44986051 0.63029476]

[::::::    ]  60.0% completed  (Sat May 10 16:03:23 2025)
Out-of-bound Trials:
[    2    82  8710 15749 28094 27050]
Best Parameters: (chisq=0.0052)
[0.29981748 0.30246166 0.8995476  0.02255297 0.44986051 0.63029476]

[:::::::   ]  70.0% completed  (Sat May 10 16:03:24 2025)
Out-of-bound Trials:
[    2    95 10301 18408 32702 31504]
Best Parameters: (chisq=0.0052)
[0.29981748 0.30246166 0.8995476  0.02255297 0.44986051 0.63029476]

[::::::::  ]  80.0% completed  (Sat May 10 16:03:24 2025)
Out-of-bound Trials:
[    2   111 12015 21106 37342 36099]
Best Parameters: (chisq=0.0052)
[0.29981748 0.30246166 0.8995476  0.02255297 0.44986051 0.63029476]

[::::::::: ]  90.0% completed  (Sat May 10 16:03:25 2025)
Out-of-bound Trials:
[    2   116 13413 23702 42009 40455]
Best Parameters: (chisq=0.0052)
[0.29981748 0.30246166 0.8995476  0.02255297 0.44986051 0.63029476]

[::::::::::] 100.0% completed  (Sat May 10 16:03:26 2025)
Out-of-bound Trials:
[    2   126 14930 26350 46606 45071]
Best Parameters: (chisq=0.0052)
[0.29981748 0.30246166 0.8995476  0.02255297 0.44986051 0.63029476]

MCMC Summary:
-------------
  Number of evaluated samples:        200000
  Number of parallel chains:               5
  Average iterations per chain:        40000
  Burned-in iterations per chain:       2000
  Thinning factor:                         1
  MCMC sample size (thinned, burned): 190000
  Acceptance rate:   16.46%

Parameter name     best fit   median      1sigma_low   1sigma_hi        S/N
--------------- -----------  -----------------------------------  ---------
w                2.9982e-01   3.0728e-01 -3.1840e-02  2.7420e-02       11.1
b                3.0246e-01   2.9645e-01 -3.6080e-02  3.4189e-02        8.5
c                8.9955e-01   9.0700e-01 -4.9328e-02  4.6578e-02       19.2
dzeta            2.2553e-02   8.1785e-02 -5.5930e-02  6.0619e-02        0.4
B0               4.4986e-01   5.2208e-01 -3.4978e-01  3.3075e-01        1.6
h                6.3029e-01   5.0128e-01 -3.2937e-01  3.3236e-01        2.2

  Best-parameter's chi-squared:        0.0052
  Best-parameter's -2*log(posterior):  0.0052
  Bayesian Information Criterion:     17.9796
  Reduced chi-squared:                 0.0004
  Standard deviation of residuals:  0.000156837

For a detailed summary with all parameter posterior statistics see
/home/tenet/Documents/thesis/scripts/photometry/esa/data/inversion/inv-A1_A3_A4_A5-0.3_0.3_0.9_0_statistics.txt

Output sampler files:
  /home/tenet/Documents/thesis/scripts/photometry/esa/data/inversion/inv-A1_A3_A4_A5-0.3_0.3_0.9_0_statistics.txt
  /home/tenet/Documents/thesis/scripts/photometry/esa/data/inversion/inv-A1_A3_A4_A5-0.3_0.3_0.9_0.npz
  /home/tenet/Documents/thesis/scripts/photometry/esa/data/inversion/inv-A1_A3_A4_A5-0.3_0.3_0.9_0.log
