
::::::::::::::::::::::::::::::::::::::::::::::::::::::::::::::::::::::
  Multi-core Markov-chain Monte Carlo (mc3).
  Version 3.2.1.
  Copyright (c) 2015-2025 Patricio Cubillos and collaborators.
  mc3 is open-source software under the MIT license (see LICENSE).
::::::::::::::::::::::::::::::::::::::::::::::::::::::::::::::::::::::

Start MCMC chains  (Sat May 10 15:54:40 2025)

[:         ]  10.0% completed  (Sat May 10 15:54:40 2025)
Out-of-bound Trials:
[ 158 1431  287   49 4391 4205]
Best Parameters: (chisq=0.0703)
[0.90065377 0.8872823  0.09202801 0.67258966 0.65403378 0.27317617]

[::        ]  20.0% completed  (Sat May 10 15:54:41 2025)
Out-of-bound Trials:
[ 208 2734  728  122 9208 8949]
Best Parameters: (chisq=0.0703)
[0.90065377 0.8872823  0.09202801 0.67258966 0.65403378 0.27317617]

[:::       ]  30.0% completed  (Sat May 10 15:54:41 2025)
Out-of-bound Trials:
[  233  5633  1830   159 13888 13350]
Best Parameters: (chisq=0.0366)
[0.8997067  0.90718389 0.09051149 0.66186902 0.67537412 0.77408622]

[::::      ]  40.0% completed  (Sat May 10 15:54:42 2025)
Out-of-bound Trials:
[  264  8418  3469   198 18379 18064]
Best Parameters: (chisq=0.0366)
[0.8997067  0.90718389 0.09051149 0.66186902 0.67537412 0.77408622]

[:::::     ]  50.0% completed  (Sat May 10 15:54:42 2025)
Out-of-bound Trials:
[  299 11287  5238   233 23042 22642]
Best Parameters: (chisq=0.0366)
[0.8997067  0.90718389 0.09051149 0.66186902 0.67537412 0.77408622]

[::::::    ]  60.0% completed  (Sat May 10 15:54:43 2025)
Out-of-bound Trials:
[  316 14316  7023   268 27736 27346]
Best Parameters: (chisq=0.0366)
[0.8997067  0.90718389 0.09051149 0.66186902 0.67537412 0.77408622]

[:::::::   ]  70.0% completed  (Sat May 10 15:54:43 2025)
Out-of-bound Trials:
[  336 16933  9030   308 32633 32115]
Best Parameters: (chisq=0.0291)
[0.89940106 0.89656268 0.10186134 0.65996873 0.47404035 0.39262494]

[::::::::  ]  80.0% completed  (Sat May 10 15:54:44 2025)
Out-of-bound Trials:
[  352 20874 11431   340 37081 36800]
Best Parameters: (chisq=0.0291)
[0.89940106 0.89656268 0.10186134 0.65996873 0.47404035 0.39262494]

[::::::::: ]  90.0% completed  (Sat May 10 15:54:44 2025)
Out-of-bound Trials:
[  377 24189 13942   382 41686 41458]
Best Parameters: (chisq=0.0277)
[0.89818842 0.89450033 0.10282899 0.65924018 0.4414813  0.52710459]

[::::::::::] 100.0% completed  (Sat May 10 15:54:45 2025)
Out-of-bound Trials:
[  395 27657 16415   421 46113 46105]
Best Parameters: (chisq=0.0277)
[0.89818842 0.89450033 0.10282899 0.65924018 0.4414813  0.52710459]

MCMC Summary:
-------------
  Number of evaluated samples:        200000
  Number of parallel chains:               5
  Average iterations per chain:        40000
  Burned-in iterations per chain:       2000
  Thinning factor:                         1
  MCMC sample size (thinned, burned): 190000
  Acceptance rate:   10.05%

Parameter name     best fit   median      1sigma_low   1sigma_hi        S/N
--------------- -----------  -----------------------------------  ---------
w                8.9819e-01   9.0056e-01 -1.5954e-02  1.4073e-02       59.7
b                8.9450e-01   9.2883e-01 -6.3209e-02  5.1398e-02       17.5
c                1.0283e-01   1.3828e-01 -4.2049e-02  2.2678e-01        0.5
dzeta            6.5924e-01   6.5229e-01 -7.0706e-02  6.8342e-02        9.6
B0               4.4148e-01   4.4366e-01 -3.1775e-01  3.5705e-01        1.5
h                5.2710e-01   4.9053e-01 -3.4256e-01  3.3547e-01        1.8

  Best-parameter's chi-squared:        0.0277
  Best-parameter's -2*log(posterior):  0.0277
  Bayesian Information Criterion:     16.2760
  Reduced chi-squared:                 0.0031
  Standard deviation of residuals:  0.00173391

For a detailed summary with all parameter posterior statistics see
/home/tenet/Documents/thesis/scripts/photometry/esa/data/inversion/inv-A2_A3_A4-0.9_0.9_0.1_30_statistics.txt

Output sampler files:
  /home/tenet/Documents/thesis/scripts/photometry/esa/data/inversion/inv-A2_A3_A4-0.9_0.9_0.1_30_statistics.txt
  /home/tenet/Documents/thesis/scripts/photometry/esa/data/inversion/inv-A2_A3_A4-0.9_0.9_0.1_30.npz
  /home/tenet/Documents/thesis/scripts/photometry/esa/data/inversion/inv-A2_A3_A4-0.9_0.9_0.1_30.log
