
::::::::::::::::::::::::::::::::::::::::::::::::::::::::::::::::::::::
  Multi-core Markov-chain Monte Carlo (mc3).
  Version 3.2.1.
  Copyright (c) 2015-2025 Patricio Cubillos and collaborators.
  mc3 is open-source software under the MIT license (see LICENSE).
::::::::::::::::::::::::::::::::::::::::::::::::::::::::::::::::::::::

Start MCMC chains  (Sat May 10 15:52:02 2025)

[:         ]  10.0% completed  (Sat May 10 15:52:03 2025)
Out-of-bound Trials:
[   0   19 2020 2571 4327 4005]
Best Parameters: (chisq=0.0149)
[0.3196667  0.31332221 0.91833407 0.00736142 0.29312021 0.42075118]

[::        ]  20.0% completed  (Sat May 10 15:52:03 2025)
Out-of-bound Trials:
[   0   33 3946 5187 8890 8443]
Best Parameters: (chisq=0.0149)
[0.3196667  0.31332221 0.91833407 0.00736142 0.29312021 0.42075118]

[:::       ]  30.0% completed  (Sat May 10 15:52:04 2025)
Out-of-bound Trials:
[    0    48  5792  7712 13313 12895]
Best Parameters: (chisq=0.0149)
[0.3196667  0.31332221 0.91833407 0.00736142 0.29312021 0.42075118]

[::::      ]  40.0% completed  (Sat May 10 15:52:04 2025)
Out-of-bound Trials:
[    0    61  7543 10173 17801 17330]
Best Parameters: (chisq=0.0126)
[0.31663394 0.31220952 0.91529762 0.04371106 0.31318668 0.42973565]

[:::::     ]  50.0% completed  (Sat May 10 15:52:05 2025)
Out-of-bound Trials:
[    0    70  9245 12833 22487 21824]
Best Parameters: (chisq=0.0126)
[0.31663394 0.31220952 0.91529762 0.04371106 0.31318668 0.42973565]

[::::::    ]  60.0% completed  (Sat May 10 15:52:05 2025)
Out-of-bound Trials:
[    0    89 11082 15474 27054 26083]
Best Parameters: (chisq=0.0126)
[0.31663394 0.31220952 0.91529762 0.04371106 0.31318668 0.42973565]

[:::::::   ]  70.0% completed  (Sat May 10 15:52:06 2025)
Out-of-bound Trials:
[    1   101 12968 18180 31729 30748]
Best Parameters: (chisq=0.0126)
[0.31663394 0.31220952 0.91529762 0.04371106 0.31318668 0.42973565]

[::::::::  ]  80.0% completed  (Sat May 10 15:52:06 2025)
Out-of-bound Trials:
[    1   122 14805 21005 36396 35166]
Best Parameters: (chisq=0.0126)
[0.31663394 0.31220952 0.91529762 0.04371106 0.31318668 0.42973565]

[::::::::: ]  90.0% completed  (Sat May 10 15:52:07 2025)
Out-of-bound Trials:
[    2   142 16544 23554 41082 39718]
Best Parameters: (chisq=0.0126)
[0.31663394 0.31220952 0.91529762 0.04371106 0.31318668 0.42973565]

[::::::::::] 100.0% completed  (Sat May 10 15:52:07 2025)
Out-of-bound Trials:
[    2   151 18218 26107 45603 44347]
Best Parameters: (chisq=0.0126)
[0.31663394 0.31220952 0.91529762 0.04371106 0.31318668 0.42973565]

MCMC Summary:
-------------
  Number of evaluated samples:        200000
  Number of parallel chains:               5
  Average iterations per chain:        40000
  Burned-in iterations per chain:       2000
  Thinning factor:                         1
  MCMC sample size (thinned, burned): 190000
  Acceptance rate:   16.06%

Parameter name     best fit   median      1sigma_low   1sigma_hi        S/N
--------------- -----------  -----------------------------------  ---------
w                3.1663e-01   3.1046e-01 -3.2067e-02  2.7749e-02       11.4
b                3.1221e-01   2.9910e-01 -4.1155e-02  3.8313e-02        7.9
c                9.1530e-01   8.9765e-01 -5.9600e-02  5.4653e-02       15.6
dzeta            4.3711e-02   1.0350e-01 -7.0072e-02  8.1010e-02        0.6
B0               3.1319e-01   5.0951e-01 -3.4520e-01  3.2806e-01        1.1
h                4.2974e-01   5.0067e-01 -3.3801e-01  3.3734e-01        1.5

  Best-parameter's chi-squared:        0.0126
  Best-parameter's -2*log(posterior):  0.0126
  Bayesian Information Criterion:     16.2609
  Reduced chi-squared:                 0.0014
  Standard deviation of residuals:  0.000256069

For a detailed summary with all parameter posterior statistics see
/home/tenet/Documents/thesis/scripts/photometry/esa/data/inversion/inv-A1_A4_A5-0.3_0.3_0.9_0_statistics.txt

Output sampler files:
  /home/tenet/Documents/thesis/scripts/photometry/esa/data/inversion/inv-A1_A4_A5-0.3_0.3_0.9_0_statistics.txt
  /home/tenet/Documents/thesis/scripts/photometry/esa/data/inversion/inv-A1_A4_A5-0.3_0.3_0.9_0.npz
  /home/tenet/Documents/thesis/scripts/photometry/esa/data/inversion/inv-A1_A4_A5-0.3_0.3_0.9_0.log
