
::::::::::::::::::::::::::::::::::::::::::::::::::::::::::::::::::::::
  Multi-core Markov-chain Monte Carlo (mc3).
  Version 3.2.1.
  Copyright (c) 2015-2025 Patricio Cubillos and collaborators.
  mc3 is open-source software under the MIT license (see LICENSE).
::::::::::::::::::::::::::::::::::::::::::::::::::::::::::::::::::::::

Start MCMC chains  (Sat May 10 15:38:13 2025)

[:         ]  10.0% completed  (Sat May 10 15:38:14 2025)
Out-of-bound Trials:
[2110   16 2678 1560 4045 3841]
Best Parameters: (chisq=0.0159)
[0.88704176 0.27048199 0.84452504 0.70642039 0.85790238 0.66336112]

[::        ]  20.0% completed  (Sat May 10 15:38:14 2025)
Out-of-bound Trials:
[3973   28 5785 2850 8250 8049]
Best Parameters: (chisq=0.0159)
[0.88704176 0.27048199 0.84452504 0.70642039 0.85790238 0.66336112]

[:::       ]  30.0% completed  (Sat May 10 15:38:15 2025)
Out-of-bound Trials:
[ 6054    42  8816  4358 12408 12336]
Best Parameters: (chisq=0.0159)
[0.88704176 0.27048199 0.84452504 0.70642039 0.85790238 0.66336112]

[::::      ]  40.0% completed  (Sat May 10 15:38:15 2025)
Out-of-bound Trials:
[ 8030    55 11698  5727 16754 16689]
Best Parameters: (chisq=0.0159)
[0.88704176 0.27048199 0.84452504 0.70642039 0.85790238 0.66336112]

[:::::     ]  50.0% completed  (Sat May 10 15:38:16 2025)
Out-of-bound Trials:
[ 9964    65 14673  7152 21127 20975]
Best Parameters: (chisq=0.0159)
[0.88704176 0.27048199 0.84452504 0.70642039 0.85790238 0.66336112]

[::::::    ]  60.0% completed  (Sat May 10 15:38:16 2025)
Out-of-bound Trials:
[11888    87 17757  8528 25404 25350]
Best Parameters: (chisq=0.0159)
[0.88704176 0.27048199 0.84452504 0.70642039 0.85790238 0.66336112]

[:::::::   ]  70.0% completed  (Sat May 10 15:38:17 2025)
Out-of-bound Trials:
[13827   103 20863  9975 29805 29593]
Best Parameters: (chisq=0.0159)
[0.88704176 0.27048199 0.84452504 0.70642039 0.85790238 0.66336112]

[::::::::  ]  80.0% completed  (Sat May 10 15:38:17 2025)
Out-of-bound Trials:
[15720   139 23643 11318 34330 33742]
Best Parameters: (chisq=0.0159)
[0.88704176 0.27048199 0.84452504 0.70642039 0.85790238 0.66336112]

[::::::::: ]  90.0% completed  (Sat May 10 15:38:18 2025)
Out-of-bound Trials:
[17683   160 26534 12832 38798 38015]
Best Parameters: (chisq=0.0159)
[0.88704176 0.27048199 0.84452504 0.70642039 0.85790238 0.66336112]

[::::::::::] 100.0% completed  (Sat May 10 15:38:18 2025)
Out-of-bound Trials:
[19545   173 29566 14188 43156 42418]
Best Parameters: (chisq=0.0159)
[0.88704176 0.27048199 0.84452504 0.70642039 0.85790238 0.66336112]

MCMC Summary:
-------------
  Number of evaluated samples:        200000
  Number of parallel chains:               5
  Average iterations per chain:        40000
  Burned-in iterations per chain:       2000
  Thinning factor:                         1
  MCMC sample size (thinned, burned): 190000
  Acceptance rate:   16.51%

Parameter name     best fit   median      1sigma_low   1sigma_hi        S/N
--------------- -----------  -----------------------------------  ---------
w                8.8704e-01   9.2329e-01 -5.2608e-02  4.1892e-02       18.6
b                2.7048e-01   3.3362e-01 -6.5792e-02  6.9218e-02        3.9
c                8.4453e-01   7.8732e-01 -2.0181e-01  1.4903e-01        5.1
dzeta            7.0642e-01   7.0097e-01 -1.3556e-01  1.5808e-01        5.1
B0               8.5790e-01   5.3784e-01 -3.4401e-01  3.1559e-01        3.0
h                6.6336e-01   5.4681e-01 -3.3641e-01  3.1368e-01        2.4

  Best-parameter's chi-squared:        0.0159
  Best-parameter's -2*log(posterior):  0.0159
  Bayesian Information Criterion:     13.8314
  Reduced chi-squared:                 0.0040
  Standard deviation of residuals:  0.00324567

For a detailed summary with all parameter posterior statistics see
/home/tenet/Documents/thesis/scripts/photometry/esa/data/inversion/inv-A2_A3-0.9_0.3_0.9_30_statistics.txt

Output sampler files:
  /home/tenet/Documents/thesis/scripts/photometry/esa/data/inversion/inv-A2_A3-0.9_0.3_0.9_30_statistics.txt
  /home/tenet/Documents/thesis/scripts/photometry/esa/data/inversion/inv-A2_A3-0.9_0.3_0.9_30.npz
  /home/tenet/Documents/thesis/scripts/photometry/esa/data/inversion/inv-A2_A3-0.9_0.3_0.9_30.log
