
::::::::::::::::::::::::::::::::::::::::::::::::::::::::::::::::::::::
  Multi-core Markov-chain Monte Carlo (mc3).
  Version 3.2.1.
  Copyright (c) 2015-2025 Patricio Cubillos and collaborators.
  mc3 is open-source software under the MIT license (see LICENSE).
::::::::::::::::::::::::::::::::::::::::::::::::::::::::::::::::::::::

Start MCMC chains  (Sat May 10 15:29:08 2025)

[:         ]  10.0% completed  (Sat May 10 15:29:08 2025)
Out-of-bound Trials:
[  81 3929 3803 2484 4470 4180]
Best Parameters: (chisq=0.0112)
[0.3837218  0.52339208 0.77581931 0.63473381 0.37971296 0.58544961]

[::        ]  20.0% completed  (Sat May 10 15:29:09 2025)
Out-of-bound Trials:
[ 175 7956 7791 5155 8969 8529]
Best Parameters: (chisq=0.0112)
[0.3837218  0.52339208 0.77581931 0.63473381 0.37971296 0.58544961]

[:::       ]  30.0% completed  (Sat May 10 15:29:09 2025)
Out-of-bound Trials:
[  257 12173 11619  8026 13455 12968]
Best Parameters: (chisq=0.0100)
[0.35495262 0.46948392 0.79320036 0.64707007 0.43090646 0.68620107]

[::::      ]  40.0% completed  (Sat May 10 15:29:10 2025)
Out-of-bound Trials:
[  327 16361 15622 10505 18011 17407]
Best Parameters: (chisq=0.0100)
[0.35495262 0.46948392 0.79320036 0.64707007 0.43090646 0.68620107]

[:::::     ]  50.0% completed  (Sat May 10 15:29:10 2025)
Out-of-bound Trials:
[  406 20649 19664 13068 22690 21969]
Best Parameters: (chisq=0.0100)
[0.35495262 0.46948392 0.79320036 0.64707007 0.43090646 0.68620107]

[::::::    ]  60.0% completed  (Sat May 10 15:29:11 2025)
Out-of-bound Trials:
[  479 24628 23702 15713 27048 26644]
Best Parameters: (chisq=0.0061)
[0.33539484 0.42843771 0.81992391 0.62379494 0.70317421 0.25752278]

[:::::::   ]  70.0% completed  (Sat May 10 15:29:11 2025)
Out-of-bound Trials:
[  572 28755 27781 18223 31480 31079]
Best Parameters: (chisq=0.0061)
[0.33539484 0.42843771 0.81992391 0.62379494 0.70317421 0.25752278]

[::::::::  ]  80.0% completed  (Sat May 10 15:29:11 2025)
Out-of-bound Trials:
[  654 32892 31712 20874 36063 35627]
Best Parameters: (chisq=0.0019)
[0.31846741 0.29526318 0.96174425 0.65581863 0.29926418 0.17031588]

[::::::::: ]  90.0% completed  (Sat May 10 15:29:12 2025)
Out-of-bound Trials:
[  729 37063 35576 23498 40594 39883]
Best Parameters: (chisq=0.0019)
[0.31846741 0.29526318 0.96174425 0.65581863 0.29926418 0.17031588]

[::::::::::] 100.0% completed  (Sat May 10 15:29:12 2025)
Out-of-bound Trials:
[  809 41251 39435 26178 45235 44380]
Best Parameters: (chisq=0.0019)
[0.31846741 0.29526318 0.96174425 0.65581863 0.29926418 0.17031588]

MCMC Summary:
-------------
  Number of evaluated samples:        200000
  Number of parallel chains:               5
  Average iterations per chain:        40000
  Burned-in iterations per chain:       2000
  Thinning factor:                         1
  MCMC sample size (thinned, burned): 190000
  Acceptance rate:   14.82%

Parameter name     best fit   median      1sigma_low   1sigma_hi        S/N
--------------- -----------  -----------------------------------  ---------
w                3.1847e-01   4.3865e-01 -1.1931e-01  1.6202e-01        2.5
b                2.9526e-01   5.5588e-01 -3.4792e-01  2.9796e-01        1.1
c                9.6174e-01   6.2793e-01 -3.3558e-01  2.6060e-01        3.7
dzeta            6.5582e-01   7.4457e-01 -2.1602e-01  1.7457e-01        3.7
B0               2.9926e-01   4.9880e-01 -3.3930e-01  3.4510e-01        1.0
h                1.7032e-01   4.9567e-01 -3.3379e-01  3.4535e-01        0.6

  Best-parameter's chi-squared:       0.0019
  Best-parameter's -2*log(posterior): 0.0019
  Bayesian Information Criterion:     9.6585
  Reduced chi-squared:                   nan
  Standard deviation of residuals:  0.000181448

For a detailed summary with all parameter posterior statistics see
/home/tenet/Documents/thesis/scripts/photometry/esa/data/inversion/inv-A3-0.3_0.3_0.9_30_statistics.txt

Output sampler files:
  /home/tenet/Documents/thesis/scripts/photometry/esa/data/inversion/inv-A3-0.3_0.3_0.9_30_statistics.txt
  /home/tenet/Documents/thesis/scripts/photometry/esa/data/inversion/inv-A3-0.3_0.3_0.9_30.npz
  /home/tenet/Documents/thesis/scripts/photometry/esa/data/inversion/inv-A3-0.3_0.3_0.9_30.log
